Log file open, 12/05/18 23:40:51
LogWindows: Failed to load 'aqProf.dll' (GetLastError=126)
LogWindows: File 'aqProf.dll' does not exist
LogWindows: Failed to load 'VtuneApi.dll' (GetLastError=126)
LogWindows: File 'VtuneApi.dll' does not exist
LogWindows: Failed to load 'VtuneApi32e.dll' (GetLastError=126)
LogWindows: File 'VtuneApi32e.dll' does not exist
LogInit: Display: Running engine for game: UE4Playground
LogPlatformFile: Not using cached read wrapper
LogTaskGraph: Started task graph with 5 named threads and 11 total threads with 3 sets of task threads.
LogStats: Stats thread started at 0.323304
LogD3D11RHI: Loaded GFSDK_Aftermath_Lib.x64.dll
LogICUInternationalization: Display: ICU TimeZone Detection - Raw Offset: -6:00, Platform Override: ''
LogPluginManager: Mounting plugin Paper2D
LogPluginManager: Mounting plugin AISupport
LogPluginManager: Mounting plugin LightPropagationVolume
LogPluginManager: Mounting plugin CLionSourceCodeAccess
LogPluginManager: Mounting plugin CodeLiteSourceCodeAccess
LogPluginManager: Mounting plugin GitSourceControl
LogPluginManager: Mounting plugin KDevelopSourceCodeAccess
LogPluginManager: Mounting plugin NullSourceCodeAccess
LogPluginManager: Mounting plugin PerforceSourceControl
LogPluginManager: Mounting plugin SubversionSourceControl
LogPluginManager: Mounting plugin UObjectPlugin
LogPluginManager: Mounting plugin VisualStudioCodeSourceCodeAccess
LogPluginManager: Mounting plugin VisualStudioSourceCodeAccess
LogPluginManager: Mounting plugin XCodeSourceCodeAccess
LogPluginManager: Mounting plugin AssetManagerEditor
LogPluginManager: Mounting plugin CryptoKeys
LogPluginManager: Mounting plugin DataValidation
LogPluginManager: Mounting plugin FacialAnimation
LogPluginManager: Mounting plugin GameplayTagsEditor
LogPluginManager: Mounting plugin MacGraphicsSwitching
LogPluginManager: Mounting plugin MeshEditor
LogPluginManager: Mounting plugin MobileLauncherProfileWizard
LogPluginManager: Mounting plugin PluginBrowser
LogPluginManager: Mounting plugin SpeedTreeImporter
LogPluginManager: Mounting plugin DatasmithContent
LogPluginManager: Mounting plugin AlembicImporter
LogPluginManager: Mounting plugin AppleImageUtils
LogPluginManager: Mounting plugin AppleVision
LogPluginManager: Mounting plugin BackChannel
LogPluginManager: Mounting plugin CharacterAI
LogPluginManager: Mounting plugin GeometryCache
LogPluginManager: Mounting plugin HTML5Networking
LogPluginManager: Mounting plugin ProxyLODPlugin
LogPluginManager: Mounting plugin MagicLeap
LogPluginManager: Mounting plugin MagicLeapEmulator
LogPluginManager: Mounting plugin MagicLeapMedia
LogPluginManager: Mounting plugin AndroidMedia
LogPluginManager: Mounting plugin AvfMedia
LogPluginManager: Mounting plugin ImgMedia
LogPluginManager: Mounting plugin LinearTimecode
LogPluginManager: Mounting plugin MediaCompositing
LogPluginManager: Mounting plugin MediaPlayerEditor
LogPluginManager: Mounting plugin WmfMedia
LogPluginManager: Mounting plugin TcpMessaging
LogPluginManager: Mounting plugin UdpMessaging
LogPluginManager: Mounting plugin ActorSequence
LogPluginManager: Mounting plugin LevelSequenceEditor
LogPluginManager: Mounting plugin MatineeToLevelSequence
LogPluginManager: Mounting plugin NetcodeUnitTest
LogPluginManager: Mounting plugin NUTUnrealEngine4
LogPluginManager: Mounting plugin OnlineSubsystemGooglePlay
LogPluginManager: Mounting plugin OnlineSubsystemIOS
LogPluginManager: Mounting plugin OnlineSubsystem
LogPluginManager: Mounting plugin OnlineSubsystemNull
LogPluginManager: Mounting plugin OnlineSubsystemUtils
LogPluginManager: Mounting plugin LauncherChunkInstaller
LogPluginManager: Mounting plugin AndroidDeviceProfileSelector
LogPluginManager: Mounting plugin AndroidMoviePlayer
LogPluginManager: Mounting plugin AndroidPermission
LogPluginManager: Mounting plugin AppleMoviePlayer
LogPluginManager: Mounting plugin ArchVisCharacter
LogPluginManager: Mounting plugin AudioCapture
LogPluginManager: Mounting plugin CableComponent
LogPluginManager: Mounting plugin CustomMeshComponent
LogPluginManager: Mounting plugin EditableMesh
LogPluginManager: Mounting plugin ExampleDeviceProfileSelector
LogPluginManager: Mounting plugin GoogleCloudMessaging
LogPluginManager: Mounting plugin ImmediatePhysics
LogPluginManager: Mounting plugin IOSDeviceProfileSelector
LogPluginManager: Mounting plugin LinuxDeviceProfileSelector
LogPluginManager: Mounting plugin LocationServicesBPLibrary
LogPluginManager: Mounting plugin MobilePatchingUtils
LogPluginManager: Mounting plugin OculusVR
LogPluginManager: Plugin shader directory ../../../Engine/Plugins/Runtime/Oculus/OculusVR/Shaders found
LogPluginManager: Mapping shader source directory ../../../Engine/Plugins/Runtime/Oculus/OculusVR/Shaders to virtual directory /Plugin/OculusVR
LogPluginManager: Mounting plugin PhysXVehicles
LogPluginManager: Mounting plugin ProceduralMeshComponent
LogPluginManager: Mounting plugin RuntimePhysXCooking
LogPluginManager: Mounting plugin SteamVR
LogPluginManager: Mounting plugin WindowsMoviePlayer
LogStreaming: Display: Took  0.208s to configure plugins.
LogInit: Using libcurl 7.55.1-DEV
LogInit:  - built for x86_64-pc-win32
LogInit:  - supports SSL with OpenSSL/1.0.2h
LogInit:  - supports HTTP deflate (compression) using libz 1.2.8
LogInit:  - other features:
LogInit:      CURL_VERSION_SSL
LogInit:      CURL_VERSION_LIBZ
LogInit:      CURL_VERSION_IPV6
LogInit:      CURL_VERSION_ASYNCHDNS
LogInit:      CURL_VERSION_LARGEFILE
LogInit:      CURL_VERSION_IDN
LogInit:  CurlRequestOptions (configurable via config and command line):
LogInit:  - bVerifyPeer = false  - Libcurl will NOT verify peer certificate
LogInit:  - bUseHttpProxy = false  - Libcurl will NOT use HTTP proxy
LogInit:  - bDontReuseConnections = false  - Libcurl will reuse connections
LogInit:  - CertBundlePath = nullptr  - Libcurl will use whatever was configured at build time.
LogInit:  - MaxHostConnections = 16  - Libcurl will limit the number of connections to a host
LogInit:  - LocalHostAddr = Default
LogInit:  - BufferSize = 65536
LogInit: WinSock: version 1.1 (2.2), MaxSocks=32767, MaxUdp=65467
LogInit: Build: ++UE4+Release-4.20-CL-4369336
LogInit: Engine Version: 4.20.3-4369336+++UE4+Release-4.20
LogInit: Compatible Engine Version: 4.20.0-4212847+++UE4+Release-4.20
LogInit: Net CL: 4212847
LogInit: OS: Windows 8.1 (), CPU: AMD FX(tm)-4300 Quad-Core Processor            , GPU: NVIDIA GeForce GTX 970
LogInit: Compiled (64-bit): Sep 17 2018 12:26:19
LogInit: Compiled with Visual C++: 19.13.26129.00
LogInit: Build Configuration: Development
LogInit: Branch Name: ++UE4+Release-4.20
LogInit: Command Line:  -skipcompile
LogInit: Base Directory: C:/Program Files/Epic Games/UE_4.20/Engine/Binaries/Win64/
LogInit: Installed Engine Build: 1
LogDevObjectVersion: Number of dev versions registered: 20
LogDevObjectVersion:   Dev-Blueprints (B0D832E4-1F89-4F0D-ACCF-7EB736FD4AA2): 10
LogDevObjectVersion:   Dev-Build (E1C64328-A22C-4D53-A36C-8E866417BD8C): 0
LogDevObjectVersion:   Dev-Core (375EC13C-06E4-48FB-B500-84F0262A717E): 2
LogDevObjectVersion:   Dev-Editor (E4B068ED-F494-42E9-A231-DA0B2E46BB41): 24
LogDevObjectVersion:   Dev-Framework (CFFC743F-43B0-4480-9391-14DF171D2073): 34
LogDevObjectVersion:   Dev-Mobile (B02B49B5-BB20-44E9-A304-32B752E40360): 2
LogDevObjectVersion:   Dev-Networking (A4E4105C-59A1-49B5-A7C5-40C4547EDFEE): 0
LogDevObjectVersion:   Dev-Online (39C831C9-5AE6-47DC-9A44-9C173E1C8E7C): 0
LogDevObjectVersion:   Dev-Physics (78F01B33-EBEA-4F98-B9B4-84EACCB95AA2): 0
LogDevObjectVersion:   Dev-Platform (6631380F-2D4D-43E0-8009-CF276956A95A): 0
LogDevObjectVersion:   Dev-Rendering (12F88B9F-8875-4AFC-A67C-D90C383ABD29): 26
LogDevObjectVersion:   Dev-Sequencer (7B5AE74C-D270-4C10-A958-57980B212A5A): 9
LogDevObjectVersion:   Dev-VR (D7296918-1DD6-4BDD-9DE2-64A83CC13884): 2
LogDevObjectVersion:   Dev-LoadTimes (C2A15278-BFE7-4AFE-6C17-90FF531DF755): 1
LogDevObjectVersion:   Private-Geometry (6EACA3D4-40EC-4CC1-B786-8BED09428FC5): 3
LogDevObjectVersion:   Dev-AnimPhys (29E575DD-E0A3-4627-9D10-D276232CDCEA): 17
LogDevObjectVersion:   Dev-ReflectionCapture (6B266CEC-1EC7-4B8F-A30B-E4D90942FC07): 1
LogDevObjectVersion:   Dev-Automation (0DF73D61-A23F-47EA-B727-89E90C41499A): 1
LogDevObjectVersion:   FortniteMain (601D1886-AC64-4F84-AA16-D3DE0DEAC7D6): 12
LogDevObjectVersion:   Dev-Enterprise (9DFFBCD6-494F-0158-E221-12823C92A888): 1
LogStreaming: Display: Took  0.003s to delete old logs.
LogInit: Presizing for max 8388607 objects, including 0 objects not considered by GC, pre-allocating 0 bytes for permanent pool.
LogInit: Object subsystem initialized
[2018.12.06-05.40.52:712][  0]LogInit: Selected Device Profile: [Windows]
[2018.12.06-05.40.52:712][  0]LogInit: Applying CVar settings loaded from the selected device profile: [Windows]
[2018.12.06-05.40.52:737][  0]LogHAL: Display: Platform has ~ 16 GB [17160523776 / 17179869184 / 16], which maps to Larger [LargestMinGB=32, LargerMinGB=12, DefaultMinGB=8, SmallerMinGB=6, SmallestMinGB=0)
[2018.12.06-05.40.52:737][  0]LogInit: Setting Device Profile CVar: [[r.Vulkan.UseRealUBs:1]]
[2018.12.06-05.40.52:737][  0]LogInit: Going up to parent DeviceProfile []
[2018.12.06-05.40.52:738][  0]LogInit: Computer: PETEPC
[2018.12.06-05.40.52:738][  0]LogInit: User: Peter
[2018.12.06-05.40.52:738][  0]LogInit: CPU Page size=4096, Cores=2
[2018.12.06-05.40.52:738][  0]LogInit: High frequency timer resolution =3.727424 MHz
[2018.12.06-05.40.52:738][  0]LogMemory: Memory total: Physical=16.0GB (16GB approx)
[2018.12.06-05.40.52:738][  0]LogMemory: Platform Memory Stats for Windows
[2018.12.06-05.40.52:738][  0]LogMemory: Process Physical Memory: 99.23 MB used, 99.23 MB peak
[2018.12.06-05.40.52:738][  0]LogMemory: Process Virtual Memory: 84.04 MB used, 84.04 MB peak
[2018.12.06-05.40.52:738][  0]LogMemory: Physical Memory: 8111.00 MB used,  8254.55 MB free, 16365.55 MB total
[2018.12.06-05.40.52:738][  0]LogMemory: Virtual Memory: 466.43 MB used,  8254.55 MB free, 134217728.00 MB total
[2018.12.06-05.40.53:380][  0]LogInit: Using OS detected language (en-GB).
[2018.12.06-05.40.53:380][  0]LogInit: Using OS detected locale (en-US).
[2018.12.06-05.40.53:381][  0]LogTextLocalizationManager: No specific localization for 'en-GB' exists, so the 'en' localization will be used.
[2018.12.06-05.40.53:937][  0]LogStreaming: Display: Took  0.557s to InitEngineTextLocalization.
[2018.12.06-05.40.53:937][  0]LogInit: Setting process to per monitor DPI aware
[2018.12.06-05.40.54:115][  0]LogSlate: New Slate User Created.  User Index 0, Is Virtual User: 0
[2018.12.06-05.40.54:116][  0]LogSlate: Slate User Registered.  User Index 0, Is Virtual User: 0
[2018.12.06-05.40.54:405][  0]LogHMD: Failed to initialize OpenVR with code 110
[2018.12.06-05.40.54:405][  0]LogD3D11RHI: D3D11 adapters:
[2018.12.06-05.40.54:642][  0]LogD3D11RHI:    0. 'NVIDIA GeForce GTX 970' (Feature Level 11_0)
[2018.12.06-05.40.54:642][  0]LogD3D11RHI:       3992/0/8182 MB DedicatedVideo/DedicatedSystem/SharedSystem, Outputs:2, VendorId:0x10de
[2018.12.06-05.40.54:658][  0]LogD3D11RHI:    1. 'Microsoft Basic Render Driver' (Feature Level 11_0)
[2018.12.06-05.40.54:658][  0]LogD3D11RHI:       0/0/256 MB DedicatedVideo/DedicatedSystem/SharedSystem, Outputs:0, VendorId:0x1414
[2018.12.06-05.40.54:658][  0]LogD3D11RHI: Chosen D3D11 Adapter: 0
[2018.12.06-05.40.54:664][  0]LogD3D11RHI: Creating new Direct3DDevice
[2018.12.06-05.40.54:664][  0]LogD3D11RHI:     GPU DeviceId: 0x13c2 (for the marketing name, search the web for "GPU Device Id")
[2018.12.06-05.40.54:664][  0]LogWindows: EnumDisplayDevices:
[2018.12.06-05.40.54:665][  0]LogWindows:    0. 'NVIDIA GeForce GTX 970' (P:0 D:1)
[2018.12.06-05.40.54:665][  0]LogWindows:    1. 'NVIDIA GeForce GTX 970' (P:1 D:1)
[2018.12.06-05.40.54:665][  0]LogWindows:    2. 'NVIDIA GeForce GTX 970' (P:0 D:0)
[2018.12.06-05.40.54:665][  0]LogWindows:    3. 'NVIDIA GeForce GTX 970' (P:0 D:0)
[2018.12.06-05.40.54:666][  0]LogWindows: DebugString: FoundDriverCount:4 
[2018.12.06-05.40.54:666][  0]LogD3D11RHI:     Adapter Name: NVIDIA GeForce GTX 970
[2018.12.06-05.40.54:666][  0]LogD3D11RHI:   Driver Version: 391.35 (internal:23.21.13.9135, unified:391.35)
[2018.12.06-05.40.54:666][  0]LogD3D11RHI:      Driver Date: 3-23-2018
[2018.12.06-05.40.54:666][  0]LogRHI: Texture pool is 2794 MB (70% of 3992 MB)
[2018.12.06-05.40.54:723][  0]LogD3D11RHI: Async texture creation enabled
[2018.12.06-05.40.54:744][  0]LogD3D11RHI: GPU Timing Frequency: 1000.000000 (Debug: 2 2)
[2018.12.06-05.40.54:796][  0]LogShaderCompilers: Guid format shader working directory is -25 characters bigger than the processId version (../../../../../../Users/Peter/Documents/GitHub/Playground/UE4Playground/Intermediate/Shaders/WorkingDirectory/6000/).
[2018.12.06-05.40.54:797][  0]LogShaderCompilers: Cleaned the shader compiler working directory 'C:/Users/Peter/AppData/Local/Temp/UnrealShaderWorkingDir/F13E8C5E415AAEF4445B5CA0E8663621/'.
[2018.12.06-05.40.55:193][  0]LogTemp: Display: Loaded TP AllDesktopTargetPlatform
[2018.12.06-05.40.55:226][  0]LogTemp: Display: Loaded TP MacClientTargetPlatform
[2018.12.06-05.40.55:258][  0]LogTemp: Display: Loaded TP MacNoEditorTargetPlatform
[2018.12.06-05.40.55:287][  0]LogTemp: Display: Loaded TP MacServerTargetPlatform
[2018.12.06-05.40.55:321][  0]LogTemp: Display: Loaded TP MacTargetPlatform
[2018.12.06-05.40.55:355][  0]LogTemp: Display: Loaded TP WindowsClientTargetPlatform
[2018.12.06-05.40.55:386][  0]LogTemp: Display: Loaded TP WindowsNoEditorTargetPlatform
[2018.12.06-05.40.55:420][  0]LogTemp: Display: Loaded TP WindowsServerTargetPlatform
[2018.12.06-05.40.55:436][  0]LogTemp: Display: Loaded TP WindowsTargetPlatform
[2018.12.06-05.40.55:618][  0]LogTemp: Display: Loaded TP AndroidTargetPlatform
[2018.12.06-05.40.55:618][  0]LogTemp: Display: Loaded TP AndroidTargetPlatform
[2018.12.06-05.40.55:618][  0]LogTemp: Display: Loaded TP AndroidTargetPlatform
[2018.12.06-05.40.55:618][  0]LogTemp: Display: Loaded TP AndroidTargetPlatform
[2018.12.06-05.40.55:618][  0]LogTemp: Display: Loaded TP AndroidTargetPlatform
[2018.12.06-05.40.55:618][  0]LogTemp: Display: Loaded TP AndroidTargetPlatform
[2018.12.06-05.40.55:618][  0]LogTemp: Display: Loaded TP AndroidTargetPlatform
[2018.12.06-05.40.55:618][  0]LogTemp: Display: Loaded TP AndroidTargetPlatform
[2018.12.06-05.40.55:618][  0]LogTemp: Display: Loaded TP AndroidTargetPlatform
[2018.12.06-05.40.55:618][  0]LogTemp: Display: Loaded TP AndroidTargetPlatform
[2018.12.06-05.40.55:618][  0]LogTemp: Display: Loaded TP AndroidTargetPlatform
[2018.12.06-05.40.55:619][  0]LogTemp: Display: Loaded TP AndroidTargetPlatform
[2018.12.06-05.40.55:619][  0]LogTemp: Display: Loaded TP AndroidTargetPlatform
[2018.12.06-05.40.55:619][  0]LogTemp: Display: Loaded TP AndroidTargetPlatform
[2018.12.06-05.40.55:619][  0]LogTemp: Display: Loaded TP AndroidTargetPlatform
[2018.12.06-05.40.55:619][  0]LogTemp: Display: Loaded TP AndroidTargetPlatform
[2018.12.06-05.40.55:619][  0]LogTemp: Display: Loaded TP AndroidTargetPlatform
[2018.12.06-05.40.55:619][  0]LogTemp: Display: Loaded TP AndroidTargetPlatform
[2018.12.06-05.40.55:626][  0]LogTemp: Display: Loaded TP HTML5TargetPlatform
[2018.12.06-05.40.55:734][  0]LogTemp: Display: Loaded TP IOSTargetPlatform
[2018.12.06-05.40.55:734][  0]LogTemp: Display: Loaded TP IOSTargetPlatform
[2018.12.06-05.40.55:789][  0]LogTemp: Display: Loaded TP TVOSTargetPlatform
[2018.12.06-05.40.55:789][  0]LogTemp: Display: Loaded TP TVOSTargetPlatform
[2018.12.06-05.40.55:816][  0]LogTemp: Display: Loaded TP LinuxClientTargetPlatform
[2018.12.06-05.40.55:844][  0]LogTemp: Display: Loaded TP LinuxNoEditorTargetPlatform
[2018.12.06-05.40.55:871][  0]LogTemp: Display: Loaded TP LinuxServerTargetPlatform
[2018.12.06-05.40.55:899][  0]LogTemp: Display: Loaded TP LinuxTargetPlatform
[2018.12.06-05.40.55:919][  0]LogTemp: Display: Loaded TP LuminTargetPlatform
[2018.12.06-05.40.55:919][  0]LogTargetPlatformManager: Display: Building Assets For Windows
[2018.12.06-05.40.56:125][  0]LogXGEController: Cannot use XGE Controller as Incredibuild is not installed on this machine.
[2018.12.06-05.40.56:125][  0]LogShaderCompilers: Cannot use XGE Shader Compiler as Incredibuild is not installed on this machine.
[2018.12.06-05.40.56:126][  0]LogShaderCompilers: Display: Using Local Shader Compiler.
[2018.12.06-05.40.57:688][  0]LogDerivedDataCache: Display: Max Cache Size: 512 MB
[2018.12.06-05.40.57:817][  0]LogDerivedDataCache: Loaded boot cache 0.13s 74MB C:/Users/Peter/AppData/Local/UnrealEngine/4.20/DerivedDataCache/Boot.ddc.
[2018.12.06-05.40.57:817][  0]LogDerivedDataCache: Display: Loaded Boot cache: C:/Users/Peter/AppData/Local/UnrealEngine/4.20/DerivedDataCache/Boot.ddc
[2018.12.06-05.40.57:818][  0]LogDerivedDataCache: FDerivedDataBackendGraph:  Pak pak cache file ../../../../../../Users/Peter/Documents/GitHub/Playground/UE4Playground/DerivedDataCache/DDC.ddp not found, will not use a pak cache.
[2018.12.06-05.40.57:818][  0]LogDerivedDataCache: Unable to find inner node Pak for hierarchical cache Hierarchy.
[2018.12.06-05.40.57:818][  0]LogDerivedDataCache: FDerivedDataBackendGraph:  CompressedPak pak cache file ../../../../../../Users/Peter/Documents/GitHub/Playground/UE4Playground/DerivedDataCache/Compressed.ddp not found, will not use a pak cache.
[2018.12.06-05.40.57:818][  0]LogDerivedDataCache: Unable to find inner node CompressedPak for hierarchical cache Hierarchy.
[2018.12.06-05.40.57:845][  0]LogDerivedDataCache: Display: Pak cache opened for reading ../../../Engine/DerivedDataCache/Compressed.ddp.
[2018.12.06-05.40.57:860][  0]LogDerivedDataCache: Using Local data cache path C:/Users/Peter/AppData/Local/UnrealEngine/Common/DerivedDataCache: Writable
[2018.12.06-05.40.57:860][  0]LogDerivedDataCache: Shared data cache path not found in *engine.ini, will not use an Shared cache.
[2018.12.06-05.40.57:860][  0]LogDerivedDataCache: Unable to find inner node Shared for hierarchical cache Hierarchy.
[2018.12.06-05.40.57:897][  0]LogMaterial: Verifying Global Shaders for PCD3D_SM5
[2018.12.06-05.40.57:899][  0]LogSlate: Using FreeType 2.6.0
[2018.12.06-05.40.57:900][  0]LogSlate: SlateFontServices - WITH_FREETYPE: 1, WITH_HARFBUZZ: 1
[2018.12.06-05.40.58:009][  0]LogAssetRegistry: FAssetRegistry took 0.0349 seconds to start up
[2018.12.06-05.40.58:645][  0]LogInit: Selected Device Profile: [Windows]
[2018.12.06-05.40.58:867][  0]LogSimplygon: Simplygon DLL not present - disabling.
[2018.12.06-05.40.58:878][  0]LogMeshReduction: Using SimplygonSwarm for distributed automatic mesh merging
[2018.12.06-05.40.58:879][  0]LogMeshReduction: Using ProxyLODMeshReduction for automatic mesh merging
[2018.12.06-05.40.58:879][  0]LogMeshReduction: Using QuadricMeshReduction for automatic static mesh reduction
[2018.12.06-05.40.58:879][  0]LogMeshReduction: No automatic skeletal mesh reduction module available
[2018.12.06-05.40.58:916][  0]LogNetVersion: UE4Playground 1.0.0, NetCL: 4212847, EngineNetVer: 5, GameNetVer: 0 (Checksum: 3127828240)
[2018.12.06-05.40.59:699][  0]LogPackageLocalizationCache: Processed 11 localized package path(s) for 2 prioritized culture(s) in 0.152735 seconds
[2018.12.06-05.40.59:710][  0]LogUObjectArray: 38425 objects as part of root set at end of initial load.
[2018.12.06-05.40.59:711][  0]LogUObjectAllocator: 6690864 out of 0 bytes used by permanent object pool.
[2018.12.06-05.40.59:711][  0]LogUObjectArray: CloseDisregardForGC: 0/0 objects in disregard for GC pool
[2018.12.06-05.41.01:061][  0]LogTcpMessaging: Initializing TcpMessaging bridge
[2018.12.06-05.41.01:079][  0]LogUdpMessaging: Initializing bridge on interface 0.0.0.0:0 to multicast group 230.0.0.1:6666.
[2018.12.06-05.41.01:945][  0]SourceControl: Source control is disabled
[2018.12.06-05.41.01:946][  0]SourceControl: Source control is disabled
[2018.12.06-05.41.01:951][  0]SourceControl: Source control is disabled
[2018.12.06-05.41.01:954][  0]SourceControl: Source control is disabled
[2018.12.06-05.41.02:240][  0]LogAndroidPermission: UAndroidPermissionCallbackProxy::GetInstance
[2018.12.06-05.41.02:365][  0]LogOcInput: OculusInput pre-init called
[2018.12.06-05.41.02:464][  0]LogEngine: Initializing Engine...
[2018.12.06-05.41.02:465][  0]LogHMD: Failed to initialize OpenVR with code 110
[2018.12.06-05.41.02:468][  0]LogStats: UGameplayTagsManager::ConstructGameplayTagTree: ImportINI prefixes -  0.000 s
[2018.12.06-05.41.02:468][  0]LogStats: UGameplayTagsManager::ConstructGameplayTagTree: Construct from data asset -  0.000 s
[2018.12.06-05.41.02:469][  0]LogStats: UGameplayTagsManager::ConstructGameplayTagTree: ImportINI -  0.000 s
[2018.12.06-05.41.02:469][  0]LogStats: UGameplayTagsManager::ConstructGameplayTagTree: GameplayTagTreeChangedEvent.Broadcast -  0.000 s
[2018.12.06-05.41.02:809][  0]LogInit: Initializing FReadOnlyCVARCache
[2018.12.06-05.41.02:838][  0]LogAIModule: Creating AISystem for world Untitled
[2018.12.06-05.41.02:864][  0]LogInit: XAudio2 using 'Speakers (2- High Definition Audio Device)' : 2 channels at 44.1 kHz using 16 bits per sample (channel mask 0x3)
[2018.12.06-05.41.02:876][  0]LogInit: FAudioDevice initialized.
[2018.12.06-05.41.02:877][  0]LogNetVersion: Set ProjectVersion to 1.0.0.0. Version Checksum will be recalculated on next use.
[2018.12.06-05.41.03:052][  0]LogDerivedDataCache: Saved boot cache 0.18s 74MB C:/Users/Peter/AppData/Local/UnrealEngine/4.20/DerivedDataCache/Boot.ddc.
[2018.12.06-05.41.03:067][  0]LogInit: Texture streaming: Enabled
[2018.12.06-05.41.03:102][  0]LogEngineSessionManager: EngineSessionManager initialized
[2018.12.06-05.41.03:103][  0]LogEngineSessionManager: EngineSessionManager sent abnormal shutdown report. Type=Debugger, SessionId={2B2440C7-4980-2F59-A00B-6889190B30A8}
[2018.12.06-05.41.03:117][  0]LogInit: Transaction tracking system initialized
[2018.12.06-05.41.03:164][  0]BlueprintLog: New page: Editor Load
[2018.12.06-05.41.03:441][  0]LocalizationService: Localization service is disabled
[2018.12.06-05.41.03:865][  0]LogCook: Display: Max memory allowance for cook 16384mb min free memory 0mb
[2018.12.06-05.41.03:865][  0]LogCook: Display: Mobile HDR setting 1
[2018.12.06-05.41.03:865][  0]LogGameplayTags: Display: UGameplayTagsManager::DoneAddingNativeTags. DelegateIsBound: 0
[2018.12.06-05.41.03:865][  0]LogStats: UGameplayTagsManager::ConstructGameplayTagTree: ImportINI prefixes -  0.000 s
[2018.12.06-05.41.03:865][  0]LogStats: UGameplayTagsManager::ConstructGameplayTagTree: Construct from data asset -  0.000 s
[2018.12.06-05.41.03:865][  0]LogStats: UGameplayTagsManager::ConstructGameplayTagTree: ImportINI -  0.000 s
[2018.12.06-05.41.03:865][  0]LogStats: UGameplayTagsManager::ConstructGameplayTagTree: GameplayTagTreeChangedEvent.Broadcast -  0.000 s
[2018.12.06-05.41.04:138][  0]LogFileCache: Scanning file cache for directory 'C:/Users/Peter/Documents/GitHub/Playground/UE4Playground/Content/' took 0.02s
[2018.12.06-05.41.04:139][  0]SourceControl: Source control is disabled
[2018.12.06-05.41.04:244][  0]LogSlate: Took 0.000240 seconds to synchronously load lazily loaded font '../../../Engine/Content/Slate/Fonts/Roboto-Regular.ttf' (155K)
[2018.12.06-05.41.10:737][  0]LogSlate: Window 'Restore Packages' being destroyed
[2018.12.06-05.41.10:737][  0]LogWindowsTextInputMethodSystem: Display: IME system now deactivated.
[2018.12.06-05.41.10:746][  0]Cmd: MAP LOAD FILE="../../../../../../Users/Peter/Documents/GitHub/Playground/UE4Playground/Content/FirstPersonCPP/Maps/FirstPersonExampleMap.umap" TEMPLATE=0 SHOWPROGRESS=1 FEATURELEVEL=3
[2018.12.06-05.41.10:747][  0]LightingResults: New page: Lighting Build
[2018.12.06-05.41.10:752][  0]MapCheck: New page: Map Check
[2018.12.06-05.41.10:752][  0]LightingResults: New page: Lighting Build
[2018.12.06-05.41.11:295][  0]LogAIModule: Creating AISystem for world FirstPersonExampleMap
[2018.12.06-05.41.11:323][  0]LogEditorServer: Finished looking for orphan Actors (0.000 secs)
[2018.12.06-05.41.11:390][  0]Cmd: MAP CHECKDEP NOCLEARLOG
[2018.12.06-05.41.11:522][  0]MapCheck: Map check complete: 0 Error(s), 0 Warning(s), took 131.441ms to complete.
[2018.12.06-05.41.11:522][  0]LogFileHelpers: Loading map 'FirstPersonExampleMap' took 0.776
[2018.12.06-05.41.11:616][  0]LogSlate: Updating window title bar state: overlay mode, drag disabled, window buttons hidden, title bar hidden
[2018.12.06-05.41.11:630][  0]LogSlate: Updating window title bar state: overlay mode, drag disabled, window buttons hidden, title bar hidden
[2018.12.06-05.41.11:645][  0]LogSlate: Updating window title bar state: overlay mode, drag disabled, window buttons hidden, title bar hidden
[2018.12.06-05.41.11:660][  0]LogSlate: Updating window title bar state: overlay mode, drag disabled, window buttons hidden, title bar hidden
[2018.12.06-05.41.11:673][  0]LogCollectionManager: Loaded 0 collections in 0.002575 seconds
[2018.12.06-05.41.11:734][  0]LogFileCache: Scanning file cache for directory 'C:/Users/Peter/Documents/GitHub/Playground/UE4Playground/Saved/Collections/' took 0.01s
[2018.12.06-05.41.11:734][  0]LogFileCache: Scanning file cache for directory 'C:/Users/Peter/Documents/GitHub/Playground/UE4Playground/Content/Developers/Peter/Collections/' took 0.01s
[2018.12.06-05.41.11:734][  0]LogFileCache: Scanning file cache for directory 'C:/Users/Peter/Documents/GitHub/Playground/UE4Playground/Content/Collections/' took 0.01s
[2018.12.06-05.41.11:734][  0]LogCollectionManager: Rebuilt the GUID cache for 0 collections in 0.000000 seconds
[2018.12.06-05.41.11:756][  0]LogContentBrowser: Native class hierarchy populated in 0.0211 seconds. Added 2578 classes and 605 folders.
[2018.12.06-05.41.11:766][  0]LogContentBrowser: Native class hierarchy updated for 'WidgetCarousel' in 0.0005 seconds. Added 0 classes and 0 folders.
[2018.12.06-05.41.11:823][  0]LogContentBrowser: Native class hierarchy updated for 'AddContentDialog' in 0.0004 seconds. Added 0 classes and 0 folders.
[2018.12.06-05.41.11:832][  0]LogContentBrowser: Native class hierarchy updated for 'SceneOutliner' in 0.0005 seconds. Added 1 classes and 2 folders.
[2018.12.06-05.41.11:857][  0]LogSlate: Took 0.000246 seconds to synchronously load lazily loaded font '../../../Engine/Content/Slate/Fonts/Roboto-Bold.ttf' (160K)
[2018.12.06-05.41.11:864][  0]LogSlate: Took 0.000225 seconds to synchronously load lazily loaded font '../../../Engine/Content/Editor/Slate/Fonts/FontAwesome.ttf' (139K)
[2018.12.06-05.41.11:959][  0]LogRenderer: Reallocating scene render targets to support 1208x576 Format 10 NumSamples 1 (Frame:1).
[2018.12.06-05.41.12:168][  0]LogContentBrowser: Native class hierarchy updated for 'HierarchicalLODOutliner' in 0.0007 seconds. Added 0 classes and 0 folders.
[2018.12.06-05.41.12:168][  0]LogLoad: (Engine Initialization) Total time: 22.70 seconds
[2018.12.06-05.41.12:168][  0]LogLoad: (Engine Initialization) Total Blueprint compile time: 0.00 seconds
[2018.12.06-05.41.12:179][  0]LogWindowsTextInputMethodSystem: Display: IME system now deactivated.
[2018.12.06-05.41.12:202][  0]LogContentStreaming: Texture pool size now 1000 MB
[2018.12.06-05.41.12:219][  0]LogSlate: Took 0.000314 seconds to synchronously load lazily loaded font '../../../Engine/Content/Slate/Fonts/Roboto-Light.ttf' (167K)
[2018.12.06-05.41.12:373][  2]LogAssetRegistry: Asset discovery search completed in 14.3894 seconds
[2018.12.06-05.41.12:376][  2]LogCollectionManager: Rebuilt the object cache for 0 collections in 0.000000 seconds (found 0 objects)
[2018.12.06-05.41.12:376][  2]LogCollectionManager: Fixed up redirectors for 0 collections in 0.000166 seconds (updated 0 objects)
[2018.12.06-05.41.17:502][ 47]LogSlate: FSceneViewport::OnFocusLost() reason 0
[2018.12.06-05.41.21:875][383]LogSlate: FSceneViewport::OnFocusLost() reason 0
[2018.12.06-05.41.21:958][391]LogTemp: Repeating last play command: Selected Viewport
[2018.12.06-05.41.21:989][391]LogBlueprintUserMessages: Early PlayInEditor Detection: Level '/Game/FirstPersonCPP/Maps/FirstPersonExampleMap.FirstPersonExampleMap:PersistentLevel' has LevelScriptBlueprint '/Game/FirstPersonCPP/Maps/FirstPersonExampleMap.FirstPersonExampleMap:PersistentLevel.FirstPersonExampleMap' with GeneratedClass '/Game/FirstPersonCPP/Maps/FirstPersonExampleMap.FirstPersonExampleMap_C' with ClassGeneratedBy '/Game/FirstPersonCPP/Maps/FirstPersonExampleMap.FirstPersonExampleMap:PersistentLevel.FirstPersonExampleMap'
[2018.12.06-05.41.21:989][391]LogPlayLevel: PlayLevel: No blueprints needed recompiling
[2018.12.06-05.41.22:009][391]PIE: New page: PIE session: FirstPersonExampleMap (Dec 5, 2018, 5:41:22 PM)
[2018.12.06-05.41.22:009][391]LogPlayLevel: Creating play world package: /Game/FirstPersonCPP/Maps/UEDPIE_0_FirstPersonExampleMap
[2018.12.06-05.41.22:036][391]LogPlayLevel: PIE: StaticDuplicateObject took: (0.027353s)
[2018.12.06-05.41.22:038][391]LogAIModule: Creating AISystem for world FirstPersonExampleMap
[2018.12.06-05.41.22:039][391]LogPlayLevel: PIE: World Init took: (0.001863s)
[2018.12.06-05.41.22:039][391]LogPlayLevel: PIE: Created PIE world by copying editor world from /Game/FirstPersonCPP/Maps/FirstPersonExampleMap.FirstPersonExampleMap to /Game/FirstPersonCPP/Maps/UEDPIE_0_FirstPersonExampleMap.FirstPersonExampleMap (0.030024s)
[2018.12.06-05.41.22:090][391]LogInit: XAudio2 using 'Speakers (2- High Definition Audio Device)' : 2 channels at 44.1 kHz using 16 bits per sample (channel mask 0x3)
[2018.12.06-05.41.22:100][391]LogInit: FAudioDevice initialized.
[2018.12.06-05.41.22:151][391]LogLoad: Game class is 'UE4PlaygroundGameMode'
[2018.12.06-05.41.22:156][391]LogWorld: Bringing World /Game/FirstPersonCPP/Maps/UEDPIE_0_FirstPersonExampleMap.FirstPersonExampleMap up for play (max tick rate 0) at 2018.12.05-23.41.22
[2018.12.06-05.41.22:157][391]LogWorld: Bringing up level for play took: 0.003813
[2018.12.06-05.41.22:181][391]LogContentBrowser: Native class hierarchy updated for 'MovieSceneCapture' in 0.0006 seconds. Added 10 classes and 0 folders.
[2018.12.06-05.41.22:184][391]PIE: Play in editor start time for /Game/FirstPersonCPP/Maps/UEDPIE_0_FirstPersonExampleMap -0.398
[2018.12.06-05.41.22:185][391]LogBlueprintUserMessages: Late PlayInEditor Detection: Level '/Game/FirstPersonCPP/Maps/FirstPersonExampleMap.FirstPersonExampleMap:PersistentLevel' has LevelScriptBlueprint '/Game/FirstPersonCPP/Maps/FirstPersonExampleMap.FirstPersonExampleMap:PersistentLevel.FirstPersonExampleMap' with GeneratedClass '/Game/FirstPersonCPP/Maps/FirstPersonExampleMap.FirstPersonExampleMap_C' with ClassGeneratedBy '/Game/FirstPersonCPP/Maps/FirstPersonExampleMap.FirstPersonExampleMap:PersistentLevel.FirstPersonExampleMap'
[2018.12.06-05.42.00:076][ 87]LogBlueprintUserMessages: Early EndPlayMap Detection: Level '/Game/FirstPersonCPP/Maps/FirstPersonExampleMap.FirstPersonExampleMap:PersistentLevel' has LevelScriptBlueprint '/Game/FirstPersonCPP/Maps/FirstPersonExampleMap.FirstPersonExampleMap:PersistentLevel.FirstPersonExampleMap' with GeneratedClass '/Game/FirstPersonCPP/Maps/FirstPersonExampleMap.FirstPersonExampleMap_C' with ClassGeneratedBy '/Game/FirstPersonCPP/Maps/FirstPersonExampleMap.FirstPersonExampleMap:PersistentLevel.FirstPersonExampleMap'
[2018.12.06-05.42.00:077][ 87]LogSlate: Updating window title bar state: overlay mode, drag disabled, window buttons hidden, title bar hidden
[2018.12.06-05.42.00:117][ 87]LogPlayLevel: Display: Shutting down PIE online subsystems
[2018.12.06-05.42.00:118][ 87]LogBlueprintUserMessages: Late EndPlayMap Detection: Level '/Game/FirstPersonCPP/Maps/FirstPersonExampleMap.FirstPersonExampleMap:PersistentLevel' has LevelScriptBlueprint '/Game/FirstPersonCPP/Maps/FirstPersonExampleMap.FirstPersonExampleMap:PersistentLevel.FirstPersonExampleMap' with GeneratedClass '/Game/FirstPersonCPP/Maps/FirstPersonExampleMap.FirstPersonExampleMap_C' with ClassGeneratedBy '/Game/FirstPersonCPP/Maps/FirstPersonExampleMap.FirstPersonExampleMap:PersistentLevel.FirstPersonExampleMap'
[2018.12.06-05.42.00:159][ 87]LogSlate: Updating window title bar state: overlay mode, drag disabled, window buttons hidden, title bar hidden
[2018.12.06-05.42.00:182][ 88]LogPlayLevel: Display: Destroying online subsystem :Context_9
