Log file open, 10/10/18 23:05:46
LogWindows: Failed to load 'aqProf.dll' (GetLastError=126)
LogWindows: File 'aqProf.dll' does not exist
LogWindows: Failed to load 'VtuneApi.dll' (GetLastError=126)
LogWindows: File 'VtuneApi.dll' does not exist
LogWindows: Failed to load 'VtuneApi32e.dll' (GetLastError=126)
LogWindows: File 'VtuneApi32e.dll' does not exist
LogInit: Display: Running engine for game: UE4Playground
LogPlatformFile: Not using cached read wrapper
LogTaskGraph: Started task graph with 5 named threads and 11 total threads with 3 sets of task threads.
LogStats: Stats thread started at 0.282101
LogD3D11RHI: Loaded GFSDK_Aftermath_Lib.x64.dll
LogICUInternationalization: Display: ICU TimeZone Detection - Raw Offset: -6:00, Platform Override: ''
LogPluginManager: Mounting plugin Paper2D
LogPluginManager: Mounting plugin AISupport
LogPluginManager: Mounting plugin LightPropagationVolume
LogPluginManager: Mounting plugin CLionSourceCodeAccess
LogPluginManager: Mounting plugin CodeLiteSourceCodeAccess
LogPluginManager: Mounting plugin GitSourceControl
LogPluginManager: Mounting plugin KDevelopSourceCodeAccess
LogPluginManager: Mounting plugin NullSourceCodeAccess
LogPluginManager: Mounting plugin PerforceSourceControl
LogPluginManager: Mounting plugin SubversionSourceControl
LogPluginManager: Mounting plugin UObjectPlugin
LogPluginManager: Mounting plugin VisualStudioCodeSourceCodeAccess
LogPluginManager: Mounting plugin VisualStudioSourceCodeAccess
LogPluginManager: Mounting plugin XCodeSourceCodeAccess
LogPluginManager: Mounting plugin AssetManagerEditor
LogPluginManager: Mounting plugin CryptoKeys
LogPluginManager: Mounting plugin DataValidation
LogPluginManager: Mounting plugin FacialAnimation
LogPluginManager: Mounting plugin GameplayTagsEditor
LogPluginManager: Mounting plugin MacGraphicsSwitching
LogPluginManager: Mounting plugin MeshEditor
LogPluginManager: Mounting plugin MobileLauncherProfileWizard
LogPluginManager: Mounting plugin PluginBrowser
LogPluginManager: Mounting plugin SpeedTreeImporter
LogPluginManager: Mounting plugin DatasmithContent
LogPluginManager: Mounting plugin AlembicImporter
LogPluginManager: Mounting plugin AppleImageUtils
LogPluginManager: Mounting plugin AppleVision
LogPluginManager: Mounting plugin BackChannel
LogPluginManager: Mounting plugin CharacterAI
LogPluginManager: Mounting plugin GeometryCache
LogPluginManager: Mounting plugin HTML5Networking
LogPluginManager: Mounting plugin ProxyLODPlugin
LogPluginManager: Mounting plugin MagicLeap
LogPluginManager: Mounting plugin MagicLeapEmulator
LogPluginManager: Mounting plugin MagicLeapMedia
LogPluginManager: Mounting plugin AndroidMedia
LogPluginManager: Mounting plugin AvfMedia
LogPluginManager: Mounting plugin ImgMedia
LogPluginManager: Mounting plugin LinearTimecode
LogPluginManager: Mounting plugin MediaCompositing
LogPluginManager: Mounting plugin MediaPlayerEditor
LogPluginManager: Mounting plugin WmfMedia
LogPluginManager: Mounting plugin TcpMessaging
LogPluginManager: Mounting plugin UdpMessaging
LogPluginManager: Mounting plugin ActorSequence
LogPluginManager: Mounting plugin LevelSequenceEditor
LogPluginManager: Mounting plugin MatineeToLevelSequence
LogPluginManager: Mounting plugin NetcodeUnitTest
LogPluginManager: Mounting plugin NUTUnrealEngine4
LogPluginManager: Mounting plugin OnlineSubsystemGooglePlay
LogPluginManager: Mounting plugin OnlineSubsystemIOS
LogPluginManager: Mounting plugin OnlineSubsystem
LogPluginManager: Mounting plugin OnlineSubsystemNull
LogPluginManager: Mounting plugin OnlineSubsystemUtils
LogPluginManager: Mounting plugin LauncherChunkInstaller
LogPluginManager: Mounting plugin AndroidDeviceProfileSelector
LogPluginManager: Mounting plugin AndroidMoviePlayer
LogPluginManager: Mounting plugin AndroidPermission
LogPluginManager: Mounting plugin AppleMoviePlayer
LogPluginManager: Mounting plugin ArchVisCharacter
LogPluginManager: Mounting plugin AudioCapture
LogPluginManager: Mounting plugin CableComponent
LogPluginManager: Mounting plugin CustomMeshComponent
LogPluginManager: Mounting plugin EditableMesh
LogPluginManager: Mounting plugin ExampleDeviceProfileSelector
LogPluginManager: Mounting plugin GoogleCloudMessaging
LogPluginManager: Mounting plugin ImmediatePhysics
LogPluginManager: Mounting plugin IOSDeviceProfileSelector
LogPluginManager: Mounting plugin LinuxDeviceProfileSelector
LogPluginManager: Mounting plugin LocationServicesBPLibrary
LogPluginManager: Mounting plugin MobilePatchingUtils
LogPluginManager: Mounting plugin OculusVR
LogPluginManager: Plugin shader directory ../../../Engine/Plugins/Runtime/Oculus/OculusVR/Shaders found
LogPluginManager: Mapping shader source directory ../../../Engine/Plugins/Runtime/Oculus/OculusVR/Shaders to virtual directory /Plugin/OculusVR
LogPluginManager: Mounting plugin PhysXVehicles
LogPluginManager: Mounting plugin ProceduralMeshComponent
LogPluginManager: Mounting plugin RuntimePhysXCooking
LogPluginManager: Mounting plugin SteamVR
LogPluginManager: Mounting plugin WindowsMoviePlayer
LogStreaming: Display: Took  0.253s to configure plugins.
LogInit: Using libcurl 7.55.1-DEV
LogInit:  - built for x86_64-pc-win32
LogInit:  - supports SSL with OpenSSL/1.0.2h
LogInit:  - supports HTTP deflate (compression) using libz 1.2.8
LogInit:  - other features:
LogInit:      CURL_VERSION_SSL
LogInit:      CURL_VERSION_LIBZ
LogInit:      CURL_VERSION_IPV6
LogInit:      CURL_VERSION_ASYNCHDNS
LogInit:      CURL_VERSION_LARGEFILE
LogInit:      CURL_VERSION_IDN
LogInit:  CurlRequestOptions (configurable via config and command line):
LogInit:  - bVerifyPeer = false  - Libcurl will NOT verify peer certificate
LogInit:  - bUseHttpProxy = false  - Libcurl will NOT use HTTP proxy
LogInit:  - bDontReuseConnections = false  - Libcurl will reuse connections
LogInit:  - CertBundlePath = nullptr  - Libcurl will use whatever was configured at build time.
LogInit:  - MaxHostConnections = 16  - Libcurl will limit the number of connections to a host
LogInit:  - LocalHostAddr = Default
LogInit:  - BufferSize = 65536
LogInit: WinSock: version 1.1 (2.2), MaxSocks=32767, MaxUdp=65467
LogInit: Build: ++UE4+Release-4.20-CL-4369336
LogInit: Engine Version: 4.20.3-4369336+++UE4+Release-4.20
LogInit: Compatible Engine Version: 4.20.0-4212847+++UE4+Release-4.20
LogInit: Net CL: 4212847
LogInit: OS: Windows 8.1 (), CPU: AMD FX(tm)-4300 Quad-Core Processor            , GPU: NVIDIA GeForce GTX 970
LogInit: Compiled (64-bit): Sep 17 2018 12:26:19
LogInit: Compiled with Visual C++: 19.13.26129.00
LogInit: Build Configuration: Development
LogInit: Branch Name: ++UE4+Release-4.20
LogInit: Command Line:  
LogInit: Base Directory: C:/Program Files/Epic Games/UE_4.20/Engine/Binaries/Win64/
LogInit: Installed Engine Build: 1
LogDevObjectVersion: Number of dev versions registered: 20
LogDevObjectVersion:   Dev-Blueprints (B0D832E4-1F89-4F0D-ACCF-7EB736FD4AA2): 10
LogDevObjectVersion:   Dev-Build (E1C64328-A22C-4D53-A36C-8E866417BD8C): 0
LogDevObjectVersion:   Dev-Core (375EC13C-06E4-48FB-B500-84F0262A717E): 2
LogDevObjectVersion:   Dev-Editor (E4B068ED-F494-42E9-A231-DA0B2E46BB41): 24
LogDevObjectVersion:   Dev-Framework (CFFC743F-43B0-4480-9391-14DF171D2073): 34
LogDevObjectVersion:   Dev-Mobile (B02B49B5-BB20-44E9-A304-32B752E40360): 2
LogDevObjectVersion:   Dev-Networking (A4E4105C-59A1-49B5-A7C5-40C4547EDFEE): 0
LogDevObjectVersion:   Dev-Online (39C831C9-5AE6-47DC-9A44-9C173E1C8E7C): 0
LogDevObjectVersion:   Dev-Physics (78F01B33-EBEA-4F98-B9B4-84EACCB95AA2): 0
LogDevObjectVersion:   Dev-Platform (6631380F-2D4D-43E0-8009-CF276956A95A): 0
LogDevObjectVersion:   Dev-Rendering (12F88B9F-8875-4AFC-A67C-D90C383ABD29): 26
LogDevObjectVersion:   Dev-Sequencer (7B5AE74C-D270-4C10-A958-57980B212A5A): 9
LogDevObjectVersion:   Dev-VR (D7296918-1DD6-4BDD-9DE2-64A83CC13884): 2
LogDevObjectVersion:   Dev-LoadTimes (C2A15278-BFE7-4AFE-6C17-90FF531DF755): 1
LogDevObjectVersion:   Private-Geometry (6EACA3D4-40EC-4CC1-B786-8BED09428FC5): 3
LogDevObjectVersion:   Dev-AnimPhys (29E575DD-E0A3-4627-9D10-D276232CDCEA): 17
LogDevObjectVersion:   Dev-ReflectionCapture (6B266CEC-1EC7-4B8F-A30B-E4D90942FC07): 1
LogDevObjectVersion:   Dev-Automation (0DF73D61-A23F-47EA-B727-89E90C41499A): 1
LogDevObjectVersion:   FortniteMain (601D1886-AC64-4F84-AA16-D3DE0DEAC7D6): 12
LogDevObjectVersion:   Dev-Enterprise (9DFFBCD6-494F-0158-E221-12823C92A888): 1
LogStreaming: Display: Took  0.003s to delete old logs.
LogInit: Presizing for max 8388607 objects, including 0 objects not considered by GC, pre-allocating 0 bytes for permanent pool.
LogInit: Object subsystem initialized
[2018.10.11-04.05.47:533][  0]LogInit: Selected Device Profile: [Windows]
[2018.10.11-04.05.47:533][  0]LogInit: Applying CVar settings loaded from the selected device profile: [Windows]
[2018.10.11-04.05.47:555][  0]LogHAL: Display: Platform has ~ 16 GB [17160523776 / 17179869184 / 16], which maps to Larger [LargestMinGB=32, LargerMinGB=12, DefaultMinGB=8, SmallerMinGB=6, SmallestMinGB=0)
[2018.10.11-04.05.47:555][  0]LogInit: Setting Device Profile CVar: [[r.Vulkan.UseRealUBs:1]]
[2018.10.11-04.05.47:555][  0]LogInit: Going up to parent DeviceProfile []
[2018.10.11-04.05.47:556][  0]LogInit: Computer: PETEPC
[2018.10.11-04.05.47:556][  0]LogInit: User: Peter
[2018.10.11-04.05.47:556][  0]LogInit: CPU Page size=4096, Cores=2
[2018.10.11-04.05.47:556][  0]LogInit: High frequency timer resolution =3.727432 MHz
[2018.10.11-04.05.47:556][  0]LogMemory: Memory total: Physical=16.0GB (16GB approx)
[2018.10.11-04.05.47:556][  0]LogMemory: Platform Memory Stats for Windows
[2018.10.11-04.05.47:556][  0]LogMemory: Process Physical Memory: 98.40 MB used, 98.40 MB peak
[2018.10.11-04.05.47:556][  0]LogMemory: Process Virtual Memory: 84.09 MB used, 84.09 MB peak
[2018.10.11-04.05.47:556][  0]LogMemory: Physical Memory: 4873.79 MB used,  11491.76 MB free, 16365.55 MB total
[2018.10.11-04.05.47:556][  0]LogMemory: Virtual Memory: 468.17 MB used,  11491.76 MB free, 134217728.00 MB total
[2018.10.11-04.05.47:864][  0]LogInit: Using OS detected language (en-GB).
[2018.10.11-04.05.47:864][  0]LogInit: Using OS detected locale (en-US).
[2018.10.11-04.05.47:865][  0]LogTextLocalizationManager: No specific localization for 'en-GB' exists, so the 'en' localization will be used.
[2018.10.11-04.05.48:354][  0]LogStreaming: Display: Took  0.490s to InitEngineTextLocalization.
[2018.10.11-04.05.48:354][  0]LogInit: Setting process to per monitor DPI aware
[2018.10.11-04.05.48:423][  0]LogSlate: New Slate User Created.  User Index 0, Is Virtual User: 0
[2018.10.11-04.05.48:423][  0]LogSlate: Slate User Registered.  User Index 0, Is Virtual User: 0
[2018.10.11-04.05.48:678][  0]LogHMD: Failed to initialize OpenVR with code 110
[2018.10.11-04.05.48:678][  0]LogD3D11RHI: D3D11 adapters:
[2018.10.11-04.05.48:869][  0]LogD3D11RHI:    0. 'NVIDIA GeForce GTX 970' (Feature Level 11_0)
[2018.10.11-04.05.48:869][  0]LogD3D11RHI:       3992/0/8182 MB DedicatedVideo/DedicatedSystem/SharedSystem, Outputs:2, VendorId:0x10de
[2018.10.11-04.05.48:871][  0]LogD3D11RHI:    1. 'Microsoft Basic Render Driver' (Feature Level 11_0)
[2018.10.11-04.05.48:871][  0]LogD3D11RHI:       0/0/256 MB DedicatedVideo/DedicatedSystem/SharedSystem, Outputs:0, VendorId:0x1414
[2018.10.11-04.05.48:871][  0]LogD3D11RHI: Chosen D3D11 Adapter: 0
[2018.10.11-04.05.48:877][  0]LogD3D11RHI: Creating new Direct3DDevice
[2018.10.11-04.05.48:877][  0]LogD3D11RHI:     GPU DeviceId: 0x13c2 (for the marketing name, search the web for "GPU Device Id")
[2018.10.11-04.05.48:877][  0]LogWindows: EnumDisplayDevices:
[2018.10.11-04.05.48:877][  0]LogWindows:    0. 'NVIDIA GeForce GTX 970' (P:0 D:1)
[2018.10.11-04.05.48:878][  0]LogWindows:    1. 'NVIDIA GeForce GTX 970' (P:1 D:1)
[2018.10.11-04.05.48:878][  0]LogWindows:    2. 'NVIDIA GeForce GTX 970' (P:0 D:0)
[2018.10.11-04.05.48:878][  0]LogWindows:    3. 'NVIDIA GeForce GTX 970' (P:0 D:0)
[2018.10.11-04.05.48:878][  0]LogWindows: DebugString: FoundDriverCount:4 
[2018.10.11-04.05.48:878][  0]LogD3D11RHI:     Adapter Name: NVIDIA GeForce GTX 970
[2018.10.11-04.05.48:879][  0]LogD3D11RHI:   Driver Version: 391.35 (internal:23.21.13.9135, unified:391.35)
[2018.10.11-04.05.48:879][  0]LogD3D11RHI:      Driver Date: 3-23-2018
[2018.10.11-04.05.48:879][  0]LogRHI: Texture pool is 2794 MB (70% of 3992 MB)
[2018.10.11-04.05.48:906][  0]LogD3D11RHI: Async texture creation enabled
[2018.10.11-04.05.48:925][  0]LogD3D11RHI: GPU Timing Frequency: 1000.000000 (Debug: 2 2)
[2018.10.11-04.05.48:976][  0]LogShaderCompilers: Guid format shader working directory is -25 characters bigger than the processId version (../../../../../../Users/Peter/Documents/GitHub/Playground/UE4Playground/Intermediate/Shaders/WorkingDirectory/1556/).
[2018.10.11-04.05.48:976][  0]LogShaderCompilers: Cleaned the shader compiler working directory 'C:/Users/Peter/AppData/Local/Temp/UnrealShaderWorkingDir/981945F34511711FDE24FC92BCF95B59/'.
[2018.10.11-04.05.49:425][  0]LogTemp: Display: Loaded TP AllDesktopTargetPlatform
[2018.10.11-04.05.49:471][  0]LogTemp: Display: Loaded TP MacClientTargetPlatform
[2018.10.11-04.05.49:516][  0]LogTemp: Display: Loaded TP MacNoEditorTargetPlatform
[2018.10.11-04.05.49:562][  0]LogTemp: Display: Loaded TP MacServerTargetPlatform
[2018.10.11-04.05.49:613][  0]LogTemp: Display: Loaded TP MacTargetPlatform
[2018.10.11-04.05.49:657][  0]LogTemp: Display: Loaded TP WindowsClientTargetPlatform
[2018.10.11-04.05.49:701][  0]LogTemp: Display: Loaded TP WindowsNoEditorTargetPlatform
[2018.10.11-04.05.49:745][  0]LogTemp: Display: Loaded TP WindowsServerTargetPlatform
[2018.10.11-04.05.49:776][  0]LogTemp: Display: Loaded TP WindowsTargetPlatform
[2018.10.11-04.05.49:938][  0]LogTemp: Display: Loaded TP AndroidTargetPlatform
[2018.10.11-04.05.49:938][  0]LogTemp: Display: Loaded TP AndroidTargetPlatform
[2018.10.11-04.05.49:938][  0]LogTemp: Display: Loaded TP AndroidTargetPlatform
[2018.10.11-04.05.49:938][  0]LogTemp: Display: Loaded TP AndroidTargetPlatform
[2018.10.11-04.05.49:938][  0]LogTemp: Display: Loaded TP AndroidTargetPlatform
[2018.10.11-04.05.49:938][  0]LogTemp: Display: Loaded TP AndroidTargetPlatform
[2018.10.11-04.05.49:938][  0]LogTemp: Display: Loaded TP AndroidTargetPlatform
[2018.10.11-04.05.49:938][  0]LogTemp: Display: Loaded TP AndroidTargetPlatform
[2018.10.11-04.05.49:938][  0]LogTemp: Display: Loaded TP AndroidTargetPlatform
[2018.10.11-04.05.49:938][  0]LogTemp: Display: Loaded TP AndroidTargetPlatform
[2018.10.11-04.05.49:938][  0]LogTemp: Display: Loaded TP AndroidTargetPlatform
[2018.10.11-04.05.49:938][  0]LogTemp: Display: Loaded TP AndroidTargetPlatform
[2018.10.11-04.05.49:938][  0]LogTemp: Display: Loaded TP AndroidTargetPlatform
[2018.10.11-04.05.49:938][  0]LogTemp: Display: Loaded TP AndroidTargetPlatform
[2018.10.11-04.05.49:938][  0]LogTemp: Display: Loaded TP AndroidTargetPlatform
[2018.10.11-04.05.49:938][  0]LogTemp: Display: Loaded TP AndroidTargetPlatform
[2018.10.11-04.05.49:938][  0]LogTemp: Display: Loaded TP AndroidTargetPlatform
[2018.10.11-04.05.49:938][  0]LogTemp: Display: Loaded TP AndroidTargetPlatform
[2018.10.11-04.05.49:961][  0]LogTemp: Display: Loaded TP HTML5TargetPlatform
[2018.10.11-04.05.50:104][  0]LogTemp: Display: Loaded TP IOSTargetPlatform
[2018.10.11-04.05.50:104][  0]LogTemp: Display: Loaded TP IOSTargetPlatform
[2018.10.11-04.05.50:176][  0]LogTemp: Display: Loaded TP TVOSTargetPlatform
[2018.10.11-04.05.50:176][  0]LogTemp: Display: Loaded TP TVOSTargetPlatform
[2018.10.11-04.05.50:223][  0]LogTemp: Display: Loaded TP LinuxClientTargetPlatform
[2018.10.11-04.05.50:266][  0]LogTemp: Display: Loaded TP LinuxNoEditorTargetPlatform
[2018.10.11-04.05.50:310][  0]LogTemp: Display: Loaded TP LinuxServerTargetPlatform
[2018.10.11-04.05.50:354][  0]LogTemp: Display: Loaded TP LinuxTargetPlatform
[2018.10.11-04.05.50:393][  0]LogTemp: Display: Loaded TP LuminTargetPlatform
[2018.10.11-04.05.50:393][  0]LogTargetPlatformManager: Display: Building Assets For Windows
[2018.10.11-04.05.51:043][  0]LogXGEController: Cleaning working directory: C:/Users/Peter/AppData/Local/Temp/UnrealXGEWorkingDir/
[2018.10.11-04.05.51:043][  0]LogXGEController: Cannot use XGE Controller as Incredibuild is not installed on this machine.
[2018.10.11-04.05.51:043][  0]LogShaderCompilers: Cannot use XGE Shader Compiler as Incredibuild is not installed on this machine.
[2018.10.11-04.05.51:043][  0]LogShaderCompilers: Display: Using Local Shader Compiler.
[2018.10.11-04.05.52:306][  0]LogDerivedDataCache: Display: Max Cache Size: 512 MB
[2018.10.11-04.05.52:420][  0]LogDerivedDataCache: Loaded boot cache 0.11s 73MB C:/Users/Peter/AppData/Local/UnrealEngine/4.20/DerivedDataCache/Boot.ddc.
[2018.10.11-04.05.52:421][  0]LogDerivedDataCache: Display: Loaded Boot cache: C:/Users/Peter/AppData/Local/UnrealEngine/4.20/DerivedDataCache/Boot.ddc
[2018.10.11-04.05.52:421][  0]LogDerivedDataCache: FDerivedDataBackendGraph:  Pak pak cache file ../../../../../../Users/Peter/Documents/GitHub/Playground/UE4Playground/DerivedDataCache/DDC.ddp not found, will not use a pak cache.
[2018.10.11-04.05.52:421][  0]LogDerivedDataCache: Unable to find inner node Pak for hierarchical cache Hierarchy.
[2018.10.11-04.05.52:421][  0]LogDerivedDataCache: FDerivedDataBackendGraph:  CompressedPak pak cache file ../../../../../../Users/Peter/Documents/GitHub/Playground/UE4Playground/DerivedDataCache/Compressed.ddp not found, will not use a pak cache.
[2018.10.11-04.05.52:421][  0]LogDerivedDataCache: Unable to find inner node CompressedPak for hierarchical cache Hierarchy.
[2018.10.11-04.05.52:442][  0]LogDerivedDataCache: Display: Pak cache opened for reading ../../../Engine/DerivedDataCache/Compressed.ddp.
[2018.10.11-04.05.52:455][  0]LogDerivedDataCache: Using Local data cache path C:/Users/Peter/AppData/Local/UnrealEngine/Common/DerivedDataCache: Writable
[2018.10.11-04.05.52:455][  0]LogDerivedDataCache: Shared data cache path not found in *engine.ini, will not use an Shared cache.
[2018.10.11-04.05.52:455][  0]LogDerivedDataCache: Unable to find inner node Shared for hierarchical cache Hierarchy.
[2018.10.11-04.05.52:487][  0]LogMaterial: Verifying Global Shaders for PCD3D_SM5
[2018.10.11-04.05.52:488][  0]LogSlate: Using FreeType 2.6.0
[2018.10.11-04.05.52:489][  0]LogSlate: SlateFontServices - WITH_FREETYPE: 1, WITH_HARFBUZZ: 1
[2018.10.11-04.05.52:585][  0]LogAssetRegistry: FAssetRegistry took 0.0291 seconds to start up
[2018.10.11-04.05.53:126][  0]LogInit: Selected Device Profile: [Windows]
[2018.10.11-04.05.53:564][  0]LogSimplygon: Simplygon DLL not present - disabling.
[2018.10.11-04.05.53:627][  0]LogMeshReduction: Using SimplygonSwarm for distributed automatic mesh merging
[2018.10.11-04.05.53:627][  0]LogMeshReduction: Using ProxyLODMeshReduction for automatic mesh merging
[2018.10.11-04.05.53:627][  0]LogMeshReduction: Using QuadricMeshReduction for automatic static mesh reduction
[2018.10.11-04.05.53:627][  0]LogMeshReduction: No automatic skeletal mesh reduction module available
[2018.10.11-04.05.53:659][  0]LogNetVersion: UE4Playground 1.0.0, NetCL: 4212847, EngineNetVer: 5, GameNetVer: 0 (Checksum: 3127828240)
[2018.10.11-04.05.54:396][  0]LogPackageLocalizationCache: Processed 11 localized package path(s) for 2 prioritized culture(s) in 0.193258 seconds
[2018.10.11-04.05.54:405][  0]LogUObjectArray: 38425 objects as part of root set at end of initial load.
[2018.10.11-04.05.54:405][  0]LogUObjectAllocator: 6690872 out of 0 bytes used by permanent object pool.
[2018.10.11-04.05.54:405][  0]LogUObjectArray: CloseDisregardForGC: 0/0 objects in disregard for GC pool
[2018.10.11-04.05.56:372][  0]LogTcpMessaging: Initializing TcpMessaging bridge
[2018.10.11-04.05.56:407][  0]LogUdpMessaging: Initializing bridge on interface 0.0.0.0:0 to multicast group 230.0.0.1:6666.
[2018.10.11-04.05.57:200][  0]SourceControl: Source control is disabled
[2018.10.11-04.05.57:200][  0]SourceControl: Source control is disabled
[2018.10.11-04.05.57:234][  0]SourceControl: Source control is disabled
[2018.10.11-04.05.57:256][  0]SourceControl: Source control is disabled
[2018.10.11-04.05.58:206][  0]LogAndroidPermission: UAndroidPermissionCallbackProxy::GetInstance
[2018.10.11-04.05.58:406][  0]LogOcInput: OculusInput pre-init called
[2018.10.11-04.05.58:581][  0]LogEngine: Initializing Engine...
[2018.10.11-04.05.58:582][  0]LogHMD: Failed to initialize OpenVR with code 110
[2018.10.11-04.05.58:584][  0]LogStats: UGameplayTagsManager::ConstructGameplayTagTree: ImportINI prefixes -  0.000 s
[2018.10.11-04.05.58:584][  0]LogStats: UGameplayTagsManager::ConstructGameplayTagTree: Construct from data asset -  0.000 s
[2018.10.11-04.05.58:584][  0]LogStats: UGameplayTagsManager::ConstructGameplayTagTree: ImportINI -  0.000 s
[2018.10.11-04.05.58:584][  0]LogStats: UGameplayTagsManager::ConstructGameplayTagTree: GameplayTagTreeChangedEvent.Broadcast -  0.000 s
[2018.10.11-04.05.58:866][  0]LogInit: Initializing FReadOnlyCVARCache
[2018.10.11-04.05.58:907][  0]LogAIModule: Creating AISystem for world Untitled
[2018.10.11-04.05.58:942][  0]LogInit: XAudio2 using 'Speakers (2- High Definition Audio Device)' : 2 channels at 44.1 kHz using 16 bits per sample (channel mask 0x3)
[2018.10.11-04.05.58:963][  0]LogInit: FAudioDevice initialized.
[2018.10.11-04.05.58:963][  0]LogNetVersion: Set ProjectVersion to 1.0.0.0. Version Checksum will be recalculated on next use.
[2018.10.11-04.05.59:161][  0]LogDerivedDataCache: Saved boot cache 0.20s 73MB C:/Users/Peter/AppData/Local/UnrealEngine/4.20/DerivedDataCache/Boot.ddc.
[2018.10.11-04.05.59:177][  0]LogInit: Texture streaming: Enabled
[2018.10.11-04.05.59:277][  0]LogEngineSessionManager: EngineSessionManager initialized
[2018.10.11-04.05.59:277][  0]LogEngineSessionManager: EngineSessionManager sent abnormal shutdown report. Type=Debugger, SessionId={D472F80C-4639-CEC4-7911-7DB5154CBC23}
[2018.10.11-04.05.59:312][  0]LogInit: Transaction tracking system initialized
[2018.10.11-04.05.59:446][  0]BlueprintLog: New page: Editor Load
[2018.10.11-04.06.00:092][  0]LocalizationService: Localization service is disabled
[2018.10.11-04.06.00:804][  0]LogCook: Display: Max memory allowance for cook 16384mb min free memory 0mb
[2018.10.11-04.06.00:804][  0]LogCook: Display: Mobile HDR setting 1
[2018.10.11-04.06.00:804][  0]LogGameplayTags: Display: UGameplayTagsManager::DoneAddingNativeTags. DelegateIsBound: 0
[2018.10.11-04.06.00:804][  0]LogStats: UGameplayTagsManager::ConstructGameplayTagTree: ImportINI prefixes -  0.000 s
[2018.10.11-04.06.00:804][  0]LogStats: UGameplayTagsManager::ConstructGameplayTagTree: Construct from data asset -  0.000 s
[2018.10.11-04.06.00:804][  0]LogStats: UGameplayTagsManager::ConstructGameplayTagTree: ImportINI -  0.000 s
[2018.10.11-04.06.00:804][  0]LogStats: UGameplayTagsManager::ConstructGameplayTagTree: GameplayTagTreeChangedEvent.Broadcast -  0.000 s
[2018.10.11-04.06.01:559][  0]LogFileCache: Scanning file cache for directory 'C:/Users/Peter/Documents/GitHub/Playground/UE4Playground/Content/' took 0.02s
[2018.10.11-04.06.01:559][  0]SourceControl: Source control is disabled
[2018.10.11-04.06.01:559][  0]Cmd: MAP LOAD FILE="../../../../../../Users/Peter/Documents/GitHub/Playground/UE4Playground/Content/FirstPersonCPP/Maps/FirstPersonExampleMap.umap" TEMPLATE=0 SHOWPROGRESS=1 FEATURELEVEL=3
[2018.10.11-04.06.01:560][  0]LightingResults: New page: Lighting Build
[2018.10.11-04.06.01:563][  0]MapCheck: New page: Map Check
[2018.10.11-04.06.01:563][  0]LightingResults: New page: Lighting Build
[2018.10.11-04.06.01:855][  0]LogAIModule: Creating AISystem for world FirstPersonExampleMap
[2018.10.11-04.06.01:866][  0]LogEditorServer: Finished looking for orphan Actors (0.000 secs)
[2018.10.11-04.06.01:908][  0]Cmd: MAP CHECKDEP NOCLEARLOG
[2018.10.11-04.06.02:032][  0]MapCheck: Map check complete: 0 Error(s), 0 Warning(s), took 124.469ms to complete.
[2018.10.11-04.06.02:033][  0]LogFileHelpers: Loading map 'FirstPersonExampleMap' took 0.474
[2018.10.11-04.06.02:160][  0]LogSlate: Updating window title bar state: overlay mode, drag disabled, window buttons hidden, title bar hidden
[2018.10.11-04.06.02:171][  0]LogSlate: Updating window title bar state: overlay mode, drag disabled, window buttons hidden, title bar hidden
[2018.10.11-04.06.02:184][  0]LogSlate: Updating window title bar state: overlay mode, drag disabled, window buttons hidden, title bar hidden
[2018.10.11-04.06.02:194][  0]LogSlate: Updating window title bar state: overlay mode, drag disabled, window buttons hidden, title bar hidden
[2018.10.11-04.06.02:223][  0]LogCollectionManager: Loaded 0 collections in 0.002696 seconds
[2018.10.11-04.06.02:275][  0]LogFileCache: Scanning file cache for directory 'C:/Users/Peter/Documents/GitHub/Playground/UE4Playground/Saved/Collections/' took 0.01s
[2018.10.11-04.06.02:275][  0]LogFileCache: Scanning file cache for directory 'C:/Users/Peter/Documents/GitHub/Playground/UE4Playground/Content/Developers/Peter/Collections/' took 0.01s
[2018.10.11-04.06.02:275][  0]LogFileCache: Scanning file cache for directory 'C:/Users/Peter/Documents/GitHub/Playground/UE4Playground/Content/Collections/' took 0.01s
[2018.10.11-04.06.02:276][  0]LogCollectionManager: Rebuilt the GUID cache for 0 collections in 0.000000 seconds
[2018.10.11-04.06.02:295][  0]LogContentBrowser: Native class hierarchy populated in 0.0193 seconds. Added 2576 classes and 605 folders.
[2018.10.11-04.06.02:304][  0]LogContentBrowser: Native class hierarchy updated for 'WidgetCarousel' in 0.0009 seconds. Added 0 classes and 0 folders.
[2018.10.11-04.06.02:363][  0]LogContentBrowser: Native class hierarchy updated for 'AddContentDialog' in 0.0010 seconds. Added 0 classes and 0 folders.
[2018.10.11-04.06.02:397][  0]LogContentBrowser: Native class hierarchy updated for 'SceneOutliner' in 0.0009 seconds. Added 1 classes and 2 folders.
[2018.10.11-04.06.03:877][  0]LogSlate: Only BGRA pngs, bmps or icos are supported in by External Image Picker
[2018.10.11-04.06.03:931][  0]LogSlate: Took 0.000343 seconds to synchronously load lazily loaded font '../../../Engine/Content/Slate/Fonts/Roboto-Regular.ttf' (155K)
[2018.10.11-04.06.03:935][  0]LogSlate: Took 0.000342 seconds to synchronously load lazily loaded font '../../../Engine/Content/Slate/Fonts/Roboto-Bold.ttf' (160K)
[2018.10.11-04.06.03:945][  0]LogSlate: Took 0.000282 seconds to synchronously load lazily loaded font '../../../Engine/Content/Editor/Slate/Fonts/FontAwesome.ttf' (139K)
[2018.10.11-04.06.04:086][  0]LogTemp: Executing iPhonePackager certificates Engine -bundlename com.YourCompany.UE4Playground
[2018.10.11-04.06.04:086][  0]LogTemp: CWD: C:\Program Files\Epic Games\UE_4.20\Engine\Binaries\DotNET\IOS
[2018.10.11-04.06.04:086][  0]LogTemp: Initial Dir: C:\Program Files\Epic Games\UE_4.20
[2018.10.11-04.06.04:086][  0]LogTemp: Env CWD: C:\Program Files\Epic Games\UE_4.20\Engine\Binaries\DotNET\IOS
[2018.10.11-04.06.04:086][  0]LogTemp: BranchPath = PETEPC/C/Program Files/Epic Games/UE_4.20/Engine/Binaries --- GameBranchPath = PETEPC/C/Program Files/Epic Games/UE_4.20/Engine/Binaries
[2018.10.11-04.06.04:086][  0]LogTemp: IPP ERROR: Could not find provision directory 'C:\Users\Peter\AppData\Local/Apple Computer/MobileDevice/Provisioning Profiles/'.
[2018.10.11-04.06.04:086][  0]LogRenderer: Reallocating scene render targets to support 1208x576 Format 10 NumSamples 1 (Frame:1).
[2018.10.11-04.06.04:346][  0]LogContentBrowser: Native class hierarchy updated for 'HierarchicalLODOutliner' in 0.0008 seconds. Added 0 classes and 0 folders.
[2018.10.11-04.06.04:346][  0]LogLoad: (Engine Initialization) Total time: 19.74 seconds
[2018.10.11-04.06.04:346][  0]LogLoad: (Engine Initialization) Total Blueprint compile time: 0.00 seconds
[2018.10.11-04.06.04:385][  0]LogContentStreaming: Texture pool size now 1000 MB
[2018.10.11-04.06.04:399][  0]LogSlate: Took 0.000310 seconds to synchronously load lazily loaded font '../../../Engine/Content/Slate/Fonts/Roboto-Light.ttf' (167K)
[2018.10.11-04.06.04:517][  2]LogAssetRegistry: Asset discovery search completed in 11.9547 seconds
[2018.10.11-04.06.04:520][  2]LogCollectionManager: Rebuilt the object cache for 0 collections in 0.000000 seconds (found 0 objects)
[2018.10.11-04.06.04:520][  2]LogCollectionManager: Fixed up redirectors for 0 collections in 0.000070 seconds (updated 0 objects)
[2018.10.11-04.06.09:330][482]LogSlate: FSceneViewport::OnFocusLost() reason 0
[2018.10.11-04.06.17:608][293]LogTemp: Repeating last play command: Selected Viewport
[2018.10.11-04.06.17:635][293]LogBlueprintUserMessages: Early PlayInEditor Detection: Level '/Game/FirstPersonCPP/Maps/FirstPersonExampleMap.FirstPersonExampleMap:PersistentLevel' has LevelScriptBlueprint '/Game/FirstPersonCPP/Maps/FirstPersonExampleMap.FirstPersonExampleMap:PersistentLevel.FirstPersonExampleMap' with GeneratedClass '/Game/FirstPersonCPP/Maps/FirstPersonExampleMap.FirstPersonExampleMap_C' with ClassGeneratedBy '/Game/FirstPersonCPP/Maps/FirstPersonExampleMap.FirstPersonExampleMap:PersistentLevel.FirstPersonExampleMap'
[2018.10.11-04.06.17:635][293]LogPlayLevel: PlayLevel: No blueprints needed recompiling
[2018.10.11-04.06.17:648][293]PIE: New page: PIE session: FirstPersonExampleMap (Oct 10, 2018, 6:06:17 PM)
[2018.10.11-04.06.17:648][293]LogPlayLevel: Creating play world package: /Game/FirstPersonCPP/Maps/UEDPIE_0_FirstPersonExampleMap
[2018.10.11-04.06.17:686][293]LogPlayLevel: PIE: StaticDuplicateObject took: (0.037406s)
[2018.10.11-04.06.17:687][293]LogAIModule: Creating AISystem for world FirstPersonExampleMap
[2018.10.11-04.06.17:687][293]LogPlayLevel: PIE: World Init took: (0.001302s)
[2018.10.11-04.06.17:687][293]LogPlayLevel: PIE: Created PIE world by copying editor world from /Game/FirstPersonCPP/Maps/FirstPersonExampleMap.FirstPersonExampleMap to /Game/FirstPersonCPP/Maps/UEDPIE_0_FirstPersonExampleMap.FirstPersonExampleMap (0.039023s)
[2018.10.11-04.06.17:734][293]LogInit: XAudio2 using 'Speakers (2- High Definition Audio Device)' : 2 channels at 44.1 kHz using 16 bits per sample (channel mask 0x3)
[2018.10.11-04.06.17:744][293]LogInit: FAudioDevice initialized.
[2018.10.11-04.06.17:785][293]LogLoad: Game class is 'UE4PlaygroundGameMode'
[2018.10.11-04.06.17:789][293]LogWorld: Bringing World /Game/FirstPersonCPP/Maps/UEDPIE_0_FirstPersonExampleMap.FirstPersonExampleMap up for play (max tick rate 0) at 2018.10.10-23.06.17
[2018.10.11-04.06.17:789][293]LogWorld: Bringing up level for play took: 0.002792
[2018.10.11-04.06.17:809][293]LogContentBrowser: Native class hierarchy updated for 'MovieSceneCapture' in 0.0008 seconds. Added 10 classes and 0 folders.
[2018.10.11-04.06.17:810][293]PIE: Play in editor start time for /Game/FirstPersonCPP/Maps/UEDPIE_0_FirstPersonExampleMap 0.066
[2018.10.11-04.06.17:810][293]LogBlueprintUserMessages: Late PlayInEditor Detection: Level '/Game/FirstPersonCPP/Maps/FirstPersonExampleMap.FirstPersonExampleMap:PersistentLevel' has LevelScriptBlueprint '/Game/FirstPersonCPP/Maps/FirstPersonExampleMap.FirstPersonExampleMap:PersistentLevel.FirstPersonExampleMap' with GeneratedClass '/Game/FirstPersonCPP/Maps/FirstPersonExampleMap.FirstPersonExampleMap_C' with ClassGeneratedBy '/Game/FirstPersonCPP/Maps/FirstPersonExampleMap.FirstPersonExampleMap:PersistentLevel.FirstPersonExampleMap'
[2018.10.11-04.06.28:573][574]LogBlueprintUserMessages: Early EndPlayMap Detection: Level '/Game/FirstPersonCPP/Maps/FirstPersonExampleMap.FirstPersonExampleMap:PersistentLevel' has LevelScriptBlueprint '/Game/FirstPersonCPP/Maps/FirstPersonExampleMap.FirstPersonExampleMap:PersistentLevel.FirstPersonExampleMap' with GeneratedClass '/Game/FirstPersonCPP/Maps/FirstPersonExampleMap.FirstPersonExampleMap_C' with ClassGeneratedBy '/Game/FirstPersonCPP/Maps/FirstPersonExampleMap.FirstPersonExampleMap:PersistentLevel.FirstPersonExampleMap'
[2018.10.11-04.06.28:574][574]LogSlate: Updating window title bar state: overlay mode, drag disabled, window buttons hidden, title bar hidden
[2018.10.11-04.06.28:609][574]LogPlayLevel: Display: Shutting down PIE online subsystems
[2018.10.11-04.06.28:610][574]LogBlueprintUserMessages: Late EndPlayMap Detection: Level '/Game/FirstPersonCPP/Maps/FirstPersonExampleMap.FirstPersonExampleMap:PersistentLevel' has LevelScriptBlueprint '/Game/FirstPersonCPP/Maps/FirstPersonExampleMap.FirstPersonExampleMap:PersistentLevel.FirstPersonExampleMap' with GeneratedClass '/Game/FirstPersonCPP/Maps/FirstPersonExampleMap.FirstPersonExampleMap_C' with ClassGeneratedBy '/Game/FirstPersonCPP/Maps/FirstPersonExampleMap.FirstPersonExampleMap:PersistentLevel.FirstPersonExampleMap'
[2018.10.11-04.06.28:642][574]LogSlate: Updating window title bar state: overlay mode, drag disabled, window buttons hidden, title bar hidden
[2018.10.11-04.06.28:678][576]LogPlayLevel: Display: Destroying online subsystem :Context_5
[2018.10.11-04.06.31:698][933]LogSlate: FSceneViewport::OnFocusLost() reason 2
[2018.10.11-04.06.33:057][ 94]LogSlate: FSceneViewport::OnFocusLost() reason 2
[2018.10.11-04.06.53:602][146]LogSlate: Window 'Project Settings' being destroyed
[2018.10.11-04.06.53:607][146]LogSlate: Window 'Project Settings' being destroyed
[2018.10.11-04.06.54:349][230]LogSlate: FSceneViewport::OnFocusLost() reason 0
[2018.10.11-04.06.54:432][240]LogTemp: Repeating last play command: Selected Viewport
[2018.10.11-04.06.54:459][240]LogBlueprintUserMessages: Early PlayInEditor Detection: Level '/Game/FirstPersonCPP/Maps/FirstPersonExampleMap.FirstPersonExampleMap:PersistentLevel' has LevelScriptBlueprint '/Game/FirstPersonCPP/Maps/FirstPersonExampleMap.FirstPersonExampleMap:PersistentLevel.FirstPersonExampleMap' with GeneratedClass '/Game/FirstPersonCPP/Maps/FirstPersonExampleMap.FirstPersonExampleMap_C' with ClassGeneratedBy '/Game/FirstPersonCPP/Maps/FirstPersonExampleMap.FirstPersonExampleMap:PersistentLevel.FirstPersonExampleMap'
[2018.10.11-04.06.54:459][240]LogPlayLevel: PlayLevel: No blueprints needed recompiling
[2018.10.11-04.06.54:459][240]PIE: New page: PIE session: FirstPersonExampleMap (Oct 10, 2018, 6:06:54 PM)
[2018.10.11-04.06.54:459][240]LogPlayLevel: Creating play world package: /Game/FirstPersonCPP/Maps/UEDPIE_0_FirstPersonExampleMap
[2018.10.11-04.06.54:483][240]LogPlayLevel: PIE: StaticDuplicateObject took: (0.024233s)
[2018.10.11-04.06.54:484][240]LogAIModule: Creating AISystem for world FirstPersonExampleMap
[2018.10.11-04.06.54:485][240]LogPlayLevel: PIE: World Init took: (0.001263s)
[2018.10.11-04.06.54:485][240]LogPlayLevel: PIE: Created PIE world by copying editor world from /Game/FirstPersonCPP/Maps/FirstPersonExampleMap.FirstPersonExampleMap to /Game/FirstPersonCPP/Maps/UEDPIE_0_FirstPersonExampleMap.FirstPersonExampleMap (0.025749s)
[2018.10.11-04.06.54:535][240]LogInit: XAudio2 using 'Speakers (2- High Definition Audio Device)' : 2 channels at 44.1 kHz using 16 bits per sample (channel mask 0x3)
[2018.10.11-04.06.54:545][240]LogInit: FAudioDevice initialized.
[2018.10.11-04.06.54:579][240]LogLoad: Game class is 'UE4PlaygroundGameMode'
[2018.10.11-04.06.54:582][240]LogWorld: Bringing World /Game/FirstPersonCPP/Maps/UEDPIE_0_FirstPersonExampleMap.FirstPersonExampleMap up for play (max tick rate 0) at 2018.10.10-23.06.54
[2018.10.11-04.06.54:582][240]LogWorld: Bringing up level for play took: 0.002222
[2018.10.11-04.06.54:595][240]PIE: Play in editor start time for /Game/FirstPersonCPP/Maps/UEDPIE_0_FirstPersonExampleMap 0.851
[2018.10.11-04.06.54:595][240]LogBlueprintUserMessages: Late PlayInEditor Detection: Level '/Game/FirstPersonCPP/Maps/FirstPersonExampleMap.FirstPersonExampleMap:PersistentLevel' has LevelScriptBlueprint '/Game/FirstPersonCPP/Maps/FirstPersonExampleMap.FirstPersonExampleMap:PersistentLevel.FirstPersonExampleMap' with GeneratedClass '/Game/FirstPersonCPP/Maps/FirstPersonExampleMap.FirstPersonExampleMap_C' with ClassGeneratedBy '/Game/FirstPersonCPP/Maps/FirstPersonExampleMap.FirstPersonExampleMap:PersistentLevel.FirstPersonExampleMap'
[2018.10.11-04.07.00:479][941]LogBlueprintUserMessages: Early EndPlayMap Detection: Level '/Game/FirstPersonCPP/Maps/FirstPersonExampleMap.FirstPersonExampleMap:PersistentLevel' has LevelScriptBlueprint '/Game/FirstPersonCPP/Maps/FirstPersonExampleMap.FirstPersonExampleMap:PersistentLevel.FirstPersonExampleMap' with GeneratedClass '/Game/FirstPersonCPP/Maps/FirstPersonExampleMap.FirstPersonExampleMap_C' with ClassGeneratedBy '/Game/FirstPersonCPP/Maps/FirstPersonExampleMap.FirstPersonExampleMap:PersistentLevel.FirstPersonExampleMap'
[2018.10.11-04.07.00:479][941]LogSlate: Updating window title bar state: overlay mode, drag disabled, window buttons hidden, title bar hidden
[2018.10.11-04.07.00:516][941]LogPlayLevel: Display: Shutting down PIE online subsystems
[2018.10.11-04.07.00:517][941]LogBlueprintUserMessages: Late EndPlayMap Detection: Level '/Game/FirstPersonCPP/Maps/FirstPersonExampleMap.FirstPersonExampleMap:PersistentLevel' has LevelScriptBlueprint '/Game/FirstPersonCPP/Maps/FirstPersonExampleMap.FirstPersonExampleMap:PersistentLevel.FirstPersonExampleMap' with GeneratedClass '/Game/FirstPersonCPP/Maps/FirstPersonExampleMap.FirstPersonExampleMap_C' with ClassGeneratedBy '/Game/FirstPersonCPP/Maps/FirstPersonExampleMap.FirstPersonExampleMap:PersistentLevel.FirstPersonExampleMap'
[2018.10.11-04.07.00:560][941]LogSlate: Updating window title bar state: overlay mode, drag disabled, window buttons hidden, title bar hidden
[2018.10.11-04.07.00:587][942]LogPlayLevel: Display: Destroying online subsystem :Context_6
[2018.10.11-04.07.06:603][604]LogSlate: FSceneViewport::OnFocusLost() reason 2
[2018.10.11-04.08.25:754][906]LogSlate: Only BGRA pngs, bmps or icos are supported in by External Image Picker
[2018.10.11-04.08.26:205][909]LogTemp: Executing iPhonePackager certificates Engine -bundlename com.YourCompany.UE4Playground
[2018.10.11-04.08.26:205][909]LogTemp: CWD: C:\Program Files\Epic Games\UE_4.20\Engine\Binaries\DotNET\IOS
[2018.10.11-04.08.26:205][909]LogTemp: Initial Dir: C:\Program Files\Epic Games\UE_4.20
[2018.10.11-04.08.26:205][909]LogTemp: Env CWD: C:\Program Files\Epic Games\UE_4.20\Engine\Binaries\DotNET\IOS
[2018.10.11-04.08.26:205][909]LogTemp: BranchPath = PETEPC/C/Program Files/Epic Games/UE_4.20/Engine/Binaries --- GameBranchPath = PETEPC/C/Program Files/Epic Games/UE_4.20/Engine/Binaries
[2018.10.11-04.08.26:205][909]LogTemp: IPP ERROR: Could not find provision directory 'C:\Users\Peter\AppData\Local/Apple Computer/MobileDevice/Provisioning Profiles/'.
[2018.10.11-04.09.59:381][626]Candidate modules for hot reload:
[2018.10.11-04.09.59:381][626]  UE4Playground
[2018.10.11-04.09.59:381][626]Launching UnrealBuildTool... [C:/Program Files/Epic Games/UE_4.20/Engine/Binaries/DotNET/UnrealBuildTool.exe  -ModuleWithSuffix=UE4Playground,3631 Win64 Development -TargetType=Editor -Project="../../../../../../Users/Peter/Documents/GitHub/Playground/UE4Playground/UE4Playground.uproject" -canskiplink "C:/Users/Peter/Documents/GitHub/Playground/UE4Playground/UE4Playground.uproject" ]
[2018.10.11-04.09.59:393][626]Warning: Starting HotReload took  0.1s.
[2018.10.11-04.10.02:566][917]LogEditorViewport: Clicking on Actor (LMB): StaticMeshActor (Wall1)
[2018.10.11-04.10.04:983][131]LogEditorViewport: Clicking on Actor (LMB): BP_Sky_Sphere_C (SkySphereBlueprint)
[2018.10.11-04.10.05:060][132]LogEditorViewport: Clicking on Component (LMB): StaticMeshComponent (Sky Sphere mesh)
[2018.10.11-04.10.06:387][248]LogEditorViewport: Clicking on Actor (LMB): StaticMeshActor (EditorCube12)
[2018.10.11-04.10.06:487][249]LogEditorViewport: Clicking on Component (LMB): StaticMeshComponent (StaticMeshComponent0)
[2018.10.11-04.10.07:136][304]LogEditorViewport: Clicking on Actor (LMB): StaticMeshActor (Wall1)
[2018.10.11-04.10.07:231][305]LogEditorViewport: Clicking on Component (LMB): StaticMeshComponent (StaticMeshComponent0)
[2018.10.11-04.10.11:457][459]CompilerResultsLog: New page: Compilation - Oct 10, 2018, 6:10:11 PM
[2018.10.11-04.10.11:457][459]CompilerResultsLog: Using 'git status' to determine working set for adaptive non-unity build.
[2018.10.11-04.10.11:458][459]CompilerResultsLog: Creating makefile for hot reloading UE4PlaygroundEditor (ini files are newer than UBTMakefile)
[2018.10.11-04.10.11:458][459]CompilerResultsLog: Compiling game modules for hot reload
[2018.10.11-04.10.11:458][459]CompilerResultsLog: Using Visual Studio 2015 14.0 toolchain (C:\Program Files (x86)\Microsoft Visual Studio 14.0\VC) and Windows 10.0.14393.0 SDK (C:\Program Files (x86)\Windows Kits\10).
[2018.10.11-04.10.11:458][459]CompilerResultsLog: Target is up to date
[2018.10.11-04.10.11:458][459]CompilerResultsLog: Total build time: 11.40 seconds (NoActionsToExecute executor: 0.00 seconds)
[2018.10.11-04.10.11:458][459]LogMainFrame: MainFrame: Module compiling took 12.090 seconds
[2018.10.11-04.10.11:525][459]LogContentBrowser: Native class hierarchy populated in 0.0193 seconds. Added 2577 classes and 607 folders.
[2018.10.11-04.10.11:525][459]Display: HotReload took 12.2s.
[2018.10.11-04.10.14:464][467]LogEditorViewport: Clicking on Component (LMB): StaticMeshComponent (StaticMeshComponent0)
[2018.10.11-04.10.15:163][535]LogSlate: FSceneViewport::OnFocusLost() reason 0
[2018.10.11-04.10.15:212][540]LogTemp: Repeating last play command: Selected Viewport
[2018.10.11-04.10.15:242][540]LogBlueprintUserMessages: Early PlayInEditor Detection: Level '/Game/FirstPersonCPP/Maps/FirstPersonExampleMap.FirstPersonExampleMap:PersistentLevel' has LevelScriptBlueprint '/Game/FirstPersonCPP/Maps/FirstPersonExampleMap.FirstPersonExampleMap:PersistentLevel.FirstPersonExampleMap' with GeneratedClass '/Game/FirstPersonCPP/Maps/FirstPersonExampleMap.FirstPersonExampleMap_C' with ClassGeneratedBy '/Game/FirstPersonCPP/Maps/FirstPersonExampleMap.FirstPersonExampleMap:PersistentLevel.FirstPersonExampleMap'
[2018.10.11-04.10.15:242][540]LogPlayLevel: PlayLevel: No blueprints needed recompiling
[2018.10.11-04.10.15:242][540]PIE: New page: PIE session: FirstPersonExampleMap (Oct 10, 2018, 6:10:15 PM)
[2018.10.11-04.10.15:242][540]LogPlayLevel: Creating play world package: /Game/FirstPersonCPP/Maps/UEDPIE_0_FirstPersonExampleMap
[2018.10.11-04.10.15:266][540]LogPlayLevel: PIE: StaticDuplicateObject took: (0.024238s)
[2018.10.11-04.10.15:268][540]LogAIModule: Creating AISystem for world FirstPersonExampleMap
[2018.10.11-04.10.15:268][540]LogPlayLevel: PIE: World Init took: (0.001685s)
[2018.10.11-04.10.15:268][540]LogPlayLevel: PIE: Created PIE world by copying editor world from /Game/FirstPersonCPP/Maps/FirstPersonExampleMap.FirstPersonExampleMap to /Game/FirstPersonCPP/Maps/UEDPIE_0_FirstPersonExampleMap.FirstPersonExampleMap (0.026158s)
[2018.10.11-04.10.15:320][540]LogInit: XAudio2 using 'Speakers (2- High Definition Audio Device)' : 2 channels at 44.1 kHz using 16 bits per sample (channel mask 0x3)
[2018.10.11-04.10.15:333][540]LogInit: FAudioDevice initialized.
[2018.10.11-04.10.15:364][540]LogLoad: Game class is 'UE4PlaygroundGameMode'
[2018.10.11-04.10.15:367][540]LogWorld: Bringing World /Game/FirstPersonCPP/Maps/UEDPIE_0_FirstPersonExampleMap.FirstPersonExampleMap up for play (max tick rate 0) at 2018.10.10-23.10.15
[2018.10.11-04.10.15:368][540]LogWorld: Bringing up level for play took: 0.002678
[2018.10.11-04.10.15:381][540]PIE: Play in editor start time for /Game/FirstPersonCPP/Maps/UEDPIE_0_FirstPersonExampleMap -0.362
[2018.10.11-04.10.15:381][540]LogBlueprintUserMessages: Late PlayInEditor Detection: Level '/Game/FirstPersonCPP/Maps/FirstPersonExampleMap.FirstPersonExampleMap:PersistentLevel' has LevelScriptBlueprint '/Game/FirstPersonCPP/Maps/FirstPersonExampleMap.FirstPersonExampleMap:PersistentLevel.FirstPersonExampleMap' with GeneratedClass '/Game/FirstPersonCPP/Maps/FirstPersonExampleMap.FirstPersonExampleMap_C' with ClassGeneratedBy '/Game/FirstPersonCPP/Maps/FirstPersonExampleMap.FirstPersonExampleMap:PersistentLevel.FirstPersonExampleMap'
[2018.10.11-04.10.26:444][857]LogBlueprintUserMessages: Early EndPlayMap Detection: Level '/Game/FirstPersonCPP/Maps/FirstPersonExampleMap.FirstPersonExampleMap:PersistentLevel' has LevelScriptBlueprint '/Game/FirstPersonCPP/Maps/FirstPersonExampleMap.FirstPersonExampleMap:PersistentLevel.FirstPersonExampleMap' with GeneratedClass '/Game/FirstPersonCPP/Maps/FirstPersonExampleMap.FirstPersonExampleMap_C' with ClassGeneratedBy '/Game/FirstPersonCPP/Maps/FirstPersonExampleMap.FirstPersonExampleMap:PersistentLevel.FirstPersonExampleMap'
[2018.10.11-04.10.26:444][857]LogSlate: Updating window title bar state: overlay mode, drag disabled, window buttons hidden, title bar hidden
[2018.10.11-04.10.26:478][857]LogPlayLevel: Display: Shutting down PIE online subsystems
[2018.10.11-04.10.26:479][857]LogBlueprintUserMessages: Late EndPlayMap Detection: Level '/Game/FirstPersonCPP/Maps/FirstPersonExampleMap.FirstPersonExampleMap:PersistentLevel' has LevelScriptBlueprint '/Game/FirstPersonCPP/Maps/FirstPersonExampleMap.FirstPersonExampleMap:PersistentLevel.FirstPersonExampleMap' with GeneratedClass '/Game/FirstPersonCPP/Maps/FirstPersonExampleMap.FirstPersonExampleMap_C' with ClassGeneratedBy '/Game/FirstPersonCPP/Maps/FirstPersonExampleMap.FirstPersonExampleMap:PersistentLevel.FirstPersonExampleMap'
[2018.10.11-04.10.26:517][857]LogSlate: Updating window title bar state: overlay mode, drag disabled, window buttons hidden, title bar hidden
[2018.10.11-04.10.26:545][858]LogPlayLevel: Display: Destroying online subsystem :Context_8
[2018.10.11-04.10.30:067][ 49]LogSlate: FSceneViewport::OnFocusLost() reason 2
[2018.10.11-04.11.56:084][656]LogEditorViewport: Clicking on Actor (LMB): StaticMeshActor (Wall1)
[2018.10.11-04.11.56:148][656]LogEditorViewport: Clicking on Component (LMB): StaticMeshComponent (StaticMeshComponent0)
[2018.10.11-04.11.56:206][657]LogEditorViewport: Clicking on Component (LMB): StaticMeshComponent (StaticMeshComponent0)
[2018.10.11-04.11.57:178][748]LogEditorViewport: Clicking on Component (LMB): StaticMeshComponent (StaticMeshComponent0)
[2018.10.11-04.11.58:616][894]LogSlate: FSceneViewport::OnFocusLost() reason 0
[2018.10.11-04.11.58:935][902]LogSlate: Window 'Project Settings' being destroyed
[2018.10.11-04.11.58:980][902]LogSlate: Window 'UE4Playground - Unreal Editor' being destroyed
[2018.10.11-04.11.58:981][902]LogWindowsTextInputMethodSystem: Display: IME system now deactivated.
[2018.10.11-04.11.59:271][903]Cmd: QUIT_EDITOR
[2018.10.11-04.11.59:553][903]LogExit: Preparing to exit.
[2018.10.11-04.12.00:506][903]LogExit: Editor shut down
[2018.10.11-04.12.00:507][903]LogExit: Transaction tracking system shut down
[2018.10.11-04.12.01:035][903]LogExit: Object subsystem successfully closed.
[2018.10.11-04.12.01:059][903]LogShaderCompilers: Display: Shaders left to compile 0
[2018.10.11-04.12.01:064][903]LogD3D11RHI: Shutdown
[2018.10.11-04.12.01:064][903]LogD3D11RHI: CleanupD3DDevice
[2018.10.11-04.12.01:069][903]LogD3D11RHI: ~FD3D11DynamicRHI
[2018.10.11-04.12.01:111][903]LogModuleManager: Shutting down and abandoning module MovieSceneCapture (618)
[2018.10.11-04.12.01:111][903]LogModuleManager: Shutting down and abandoning module Voice (616)
[2018.10.11-04.12.01:111][903]LogModuleManager: Shutting down and abandoning module HierarchicalLODOutliner (614)
[2018.10.11-04.12.01:111][903]LogModuleManager: Shutting down and abandoning module ExternalImagePicker (612)
[2018.10.11-04.12.01:111][903]LogModuleManager: Shutting down and abandoning module SceneOutliner (610)
[2018.10.11-04.12.01:111][903]LogModuleManager: Shutting down and abandoning module AddContentDialog (608)
[2018.10.11-04.12.01:111][903]LogModuleManager: Shutting down and abandoning module WidgetCarousel (607)
[2018.10.11-04.12.01:111][903]LogModuleManager: Shutting down and abandoning module EditorWidgets (604)
[2018.10.11-04.12.01:111][903]LogModuleManager: Shutting down and abandoning module CollectionManager (602)
[2018.10.11-04.12.01:112][903]LogModuleManager: Shutting down and abandoning module StatsViewer (600)
[2018.10.11-04.12.01:112][903]LogModuleManager: Shutting down and abandoning module FoliageEdit (598)
[2018.10.11-04.12.01:112][903]LogModuleManager: Shutting down and abandoning module LandscapeEditor (596)
[2018.10.11-04.12.01:112][903]LogModuleManager: Shutting down and abandoning module MeshPaintMode (594)
[2018.10.11-04.12.01:112][903]LogModuleManager: Shutting down and abandoning module SceneDepthPickerMode (592)
[2018.10.11-04.12.01:112][903]LogModuleManager: Shutting down and abandoning module ActorPickerMode (590)
[2018.10.11-04.12.01:112][903]LogModuleManager: Shutting down and abandoning module GeometryMode (588)
[2018.10.11-04.12.01:112][903]LogModuleManager: Shutting down and abandoning module TextureAlignMode (586)
[2018.10.11-04.12.01:112][903]LogModuleManager: Shutting down and abandoning module BspMode (584)
[2018.10.11-04.12.01:112][903]LogModuleManager: Shutting down and abandoning module PIEPreviewDeviceProfileSelector (582)
[2018.10.11-04.12.01:112][903]LogModuleManager: Shutting down and abandoning module SequenceRecorderSections (580)
[2018.10.11-04.12.01:112][903]LogModuleManager: Shutting down and abandoning module AutomationWorker (578)
[2018.10.11-04.12.01:112][903]LogModuleManager: Shutting down and abandoning module AudioCaptureEditor (576)
[2018.10.11-04.12.01:112][903]LogModuleManager: Shutting down and abandoning module SequenceRecorder (575)
[2018.10.11-04.12.01:112][903]LogModuleManager: Shutting down and abandoning module MatineeToLevelSequence (572)
[2018.10.11-04.12.01:112][903]LogModuleManager: Shutting down and abandoning module LevelSequenceEditor (570)
[2018.10.11-04.12.01:112][903]LogModuleManager: Shutting down and abandoning module PlacementMode (569)
[2018.10.11-04.12.01:112][903]LogModuleManager: Shutting down and abandoning module MaterialEditor (568)
[2018.10.11-04.12.01:113][903]LogModuleManager: Shutting down and abandoning module WmfMediaFactory (564)
[2018.10.11-04.12.01:113][903]LogModuleManager: Shutting down and abandoning module WmfMediaEditor (562)
[2018.10.11-04.12.01:113][903]LogModuleManager: Shutting down and abandoning module MediaPlayerEditor (560)
[2018.10.11-04.12.01:113][903]LogModuleManager: Shutting down and abandoning module OpenExrWrapper (558)
[2018.10.11-04.12.01:113][903]LogModuleManager: Shutting down and abandoning module ImgMediaFactory (556)
[2018.10.11-04.12.01:113][903]LogModuleManager: Shutting down and abandoning module ImgMediaEditor (554)
[2018.10.11-04.12.01:113][903]LogModuleManager: Shutting down and abandoning module AvfMediaFactory (552)
[2018.10.11-04.12.01:113][903]LogModuleManager: Shutting down and abandoning module AvfMediaEditor (550)
[2018.10.11-04.12.01:113][903]LogModuleManager: Shutting down and abandoning module AndroidMediaFactory (548)
[2018.10.11-04.12.01:113][903]LogModuleManager: Shutting down and abandoning module AndroidMediaEditor (546)
[2018.10.11-04.12.01:113][903]LogModuleManager: Shutting down and abandoning module MagicLeapCameraPreviewFactory (544)
[2018.10.11-04.12.01:113][903]LogModuleManager: Shutting down and abandoning module MagicLeapMediaFactory (542)
[2018.10.11-04.12.01:113][903]LogModuleManager: Shutting down and abandoning module MagicLeapMediaEditor (540)
[2018.10.11-04.12.01:113][903]LogModuleManager: Shutting down and abandoning module CharacterAI (538)
[2018.10.11-04.12.01:113][903]LogModuleManager: Shutting down and abandoning module SmartSnapping (536)
[2018.10.11-04.12.01:113][903]LogModuleManager: Shutting down and abandoning module SessionServices (534)
[2018.10.11-04.12.01:113][903]LogModuleManager: Shutting down and abandoning module ViewportSnapping (532)
[2018.10.11-04.12.01:113][903]LogModuleManager: Shutting down and abandoning module ViewportInteraction (530)
[2018.10.11-04.12.01:113][903]LogModuleManager: Shutting down and abandoning module ClothPainter (528)
[2018.10.11-04.12.01:113][903]LogModuleManager: Shutting down and abandoning module SkeletalMeshEditor (527)
[2018.10.11-04.12.01:113][903]LogModuleManager: Shutting down and abandoning module LogVisualizer (524)
[2018.10.11-04.12.01:113][903]LogModuleManager: Shutting down and abandoning module IntroTutorials (522)
[2018.10.11-04.12.01:113][903]LogModuleManager: Shutting down and abandoning module GameProjectGeneration (521)
[2018.10.11-04.12.01:113][903]LogModuleManager: Shutting down and abandoning module LuminPlatformEditor (518)
[2018.10.11-04.12.01:113][903]LogModuleManager: Shutting down and abandoning module IOSPlatformEditor (516)
[2018.10.11-04.12.01:113][903]LogModuleManager: Shutting down and abandoning module HTML5PlatformEditor (514)
[2018.10.11-04.12.01:114][903]LogModuleManager: Shutting down and abandoning module AndroidPlatformEditor (512)
[2018.10.11-04.12.01:114][903]LogModuleManager: Shutting down and abandoning module AndroidDeviceDetection (511)
[2018.10.11-04.12.01:464][903]LogModuleManager: Shutting down and abandoning module WindowsPlatformEditor (508)
[2018.10.11-04.12.01:464][903]LogModuleManager: Shutting down and abandoning module LuminRuntimeSettings (506)
[2018.10.11-04.12.01:464][903]LogModuleManager: Shutting down and abandoning module IOSRuntimeSettings (504)
[2018.10.11-04.12.01:465][903]LogModuleManager: Shutting down and abandoning module AndroidRuntimeSettings (502)
[2018.10.11-04.12.01:465][903]LogModuleManager: Shutting down and abandoning module InputBindingEditor (500)
[2018.10.11-04.12.01:465][903]LogModuleManager: Shutting down and abandoning module MergeActors (498)
[2018.10.11-04.12.01:465][903]LogModuleManager: Shutting down and abandoning module LocalizationDashboard (496)
[2018.10.11-04.12.01:465][903]LogModuleManager: Shutting down and abandoning module LocalizationService (495)
[2018.10.11-04.12.01:465][903]LogModuleManager: Shutting down and abandoning module HardwareTargeting (492)
[2018.10.11-04.12.01:465][903]LogModuleManager: Shutting down and abandoning module DeviceProfileEditor (490)
[2018.10.11-04.12.01:465][903]LogModuleManager: Shutting down and abandoning module UndoHistory (488)
[2018.10.11-04.12.01:465][903]LogModuleManager: Shutting down and abandoning module XmlParser (486)
[2018.10.11-04.12.01:465][903]LogModuleManager: Shutting down and abandoning module Blutility (484)
[2018.10.11-04.12.01:465][903]LogModuleManager: Shutting down and abandoning module ProjectSettingsViewer (482)
[2018.10.11-04.12.01:465][903]LogModuleManager: Shutting down and abandoning module ProjectTargetPlatformEditor (481)
[2018.10.11-04.12.01:465][903]LogModuleManager: Shutting down and abandoning module EditorSettingsViewer (478)
[2018.10.11-04.12.01:465][903]LogModuleManager: Shutting down and abandoning module SettingsEditor (476)
[2018.10.11-04.12.01:465][903]LogModuleManager: Shutting down and abandoning module ProjectLauncher (474)
[2018.10.11-04.12.01:465][903]LogModuleManager: Shutting down and abandoning module SessionFrontend (472)
[2018.10.11-04.12.01:465][903]LogModuleManager: Shutting down and abandoning module ProfilerClient (470)
[2018.10.11-04.12.01:465][903]LogModuleManager: Shutting down and abandoning module DeviceManager (468)
[2018.10.11-04.12.01:465][903]LogModuleManager: Shutting down and abandoning module TargetDeviceServices (467)
[2018.10.11-04.12.01:510][903]LogModuleManager: Shutting down and abandoning module AutomationController (464)
[2018.10.11-04.12.01:510][903]LogModuleManager: Shutting down and abandoning module AutomationWindow (462)
[2018.10.11-04.12.01:510][903]LogModuleManager: Shutting down and abandoning module Layers (460)
[2018.10.11-04.12.01:510][903]LogModuleManager: Shutting down and abandoning module ComponentVisualizers (458)
[2018.10.11-04.12.01:510][903]LogModuleManager: Shutting down and abandoning module DetailCustomizations (456)
[2018.10.11-04.12.01:510][903]LogModuleManager: Shutting down and abandoning module PackagesDialog (454)
[2018.10.11-04.12.01:510][903]LogModuleManager: Shutting down and abandoning module Persona (452)
[2018.10.11-04.12.01:510][903]LogModuleManager: Shutting down and abandoning module AdvancedPreviewScene (451)
[2018.10.11-04.12.01:510][903]LogModuleManager: Shutting down and abandoning module AnimGraph (449)
[2018.10.11-04.12.01:510][903]LogModuleManager: Shutting down and abandoning module Kismet (446)
[2018.10.11-04.12.01:511][903]LogModuleManager: Shutting down and abandoning module GraphEditor (444)
[2018.10.11-04.12.01:511][903]LogModuleManager: Shutting down and abandoning module ClassViewer (442)
[2018.10.11-04.12.01:511][903]LogModuleManager: Shutting down and abandoning module Toolbox (440)
[2018.10.11-04.12.01:511][903]LogModuleManager: Shutting down and abandoning module DesktopPlatform (439)
[2018.10.11-04.12.01:511][903]LogModuleManager: Shutting down and abandoning module ModuleUI (436)
[2018.10.11-04.12.01:511][903]LogModuleManager: Shutting down and abandoning module MovieSceneTools (434)
[2018.10.11-04.12.01:511][903]LogModuleManager: Shutting down and abandoning module OutputLog (432)
[2018.10.11-04.12.01:511][903]LogModuleManager: Shutting down and abandoning module GammaUI (430)
[2018.10.11-04.12.01:511][903]LogModuleManager: Shutting down and abandoning module Documentation (428)
[2018.10.11-04.12.01:511][903]LogModuleManager: Shutting down and abandoning module MovieSceneTracks (426)
[2018.10.11-04.12.01:511][903]LogModuleManager: Shutting down and abandoning module MovieScene (424)
[2018.10.11-04.12.01:511][903]LogModuleManager: Shutting down and abandoning module StreamingPauseRendering (422)
[2018.10.11-04.12.01:511][903]LogModuleManager: Shutting down and abandoning module LauncherPlatform (420)
[2018.10.11-04.12.01:511][903]LogModuleManager: Shutting down and abandoning module AnalyticsET (418)
[2018.10.11-04.12.01:511][903]LogModuleManager: Shutting down and abandoning module PortalServices (416)
[2018.10.11-04.12.01:511][903]LogModuleManager: Shutting down and abandoning module PortalRpc (414)
[2018.10.11-04.12.01:511][903]LogModuleManager: Shutting down and abandoning module MessagingRpc (412)
[2018.10.11-04.12.01:511][903]LogModuleManager: Shutting down and abandoning module AIModule (410)
[2018.10.11-04.12.01:511][903]LogModuleManager: Shutting down and abandoning module GameplayDebugger (409)
[2018.10.11-04.12.01:511][903]LogModuleManager: Shutting down and abandoning module AITestSuite (407)
[2018.10.11-04.12.01:511][903]LogModuleManager: Shutting down and abandoning module NavigationSystem (405)
[2018.10.11-04.12.01:511][903]LogModuleManager: Shutting down and abandoning module ProfilerService (402)
[2018.10.11-04.12.01:727][903]LogModuleManager: Shutting down and abandoning module TaskGraph (400)
[2018.10.11-04.12.01:727][903]LogModuleManager: Shutting down and abandoning module SteamVRController (398)
[2018.10.11-04.12.01:728][903]LogModuleManager: Shutting down and abandoning module ProceduralMeshComponentEditor (396)
[2018.10.11-04.12.01:728][903]LogModuleManager: Shutting down and abandoning module ProceduralMeshComponent (394)
[2018.10.11-04.12.01:728][903]LogModuleManager: Shutting down and abandoning module OculusInput (392)
[2018.10.11-04.12.01:728][903]LogModuleManager: Shutting down and abandoning module MobilePatchingUtils (390)
[2018.10.11-04.12.01:728][903]LogModuleManager: Shutting down and abandoning module EditableMesh (388)
[2018.10.11-04.12.01:728][903]LogModuleManager: Shutting down and abandoning module CustomMeshComponent (386)
[2018.10.11-04.12.01:728][903]LogModuleManager: Shutting down and abandoning module CableComponent (384)
[2018.10.11-04.12.01:728][903]LogModuleManager: Shutting down and abandoning module AudioCapture (382)
[2018.10.11-04.12.01:728][903]LogModuleManager: Shutting down and abandoning module ArchVisCharacter (380)
[2018.10.11-04.12.01:728][903]LogModuleManager: Shutting down and abandoning module AndroidPermission (378)
[2018.10.11-04.12.01:728][903]LogModuleManager: Shutting down and abandoning module NUTUnrealEngine4 (376)
[2018.10.11-04.12.01:728][903]LogModuleManager: Shutting down and abandoning module NetcodeUnitTest (374)
[2018.10.11-04.12.01:728][903]LogModuleManager: Shutting down and abandoning module MediaCompositingEditor (372)
[2018.10.11-04.12.01:728][903]LogModuleManager: Shutting down and abandoning module MediaCompositing (370)
[2018.10.11-04.12.01:728][903]LogModuleManager: Shutting down and abandoning module LinearTimecode (368)
[2018.10.11-04.12.01:728][903]LogModuleManager: Shutting down and abandoning module ImgMedia (366)
[2018.10.11-04.12.01:733][903]LogModuleManager: Shutting down and abandoning module HTML5Networking (364)
[2018.10.11-04.12.01:733][903]LogModuleManager: Shutting down and abandoning module GeometryCacheTracks (362)
[2018.10.11-04.12.01:733][903]LogModuleManager: Shutting down and abandoning module GeometryCacheSequencer (360)
[2018.10.11-04.12.01:733][903]LogModuleManager: Shutting down and abandoning module BackChannel (358)
[2018.10.11-04.12.01:733][903]LogModuleManager: Shutting down and abandoning module AppleVision (356)
[2018.10.11-04.12.01:733][903]LogModuleManager: Shutting down and abandoning module AppleImageUtils (354)
[2018.10.11-04.12.01:733][903]LogModuleManager: Shutting down and abandoning module AlembicImporter (352)
[2018.10.11-04.12.01:733][903]LogModuleManager: Shutting down and abandoning module AlembicLibrary (351)
[2018.10.11-04.12.01:733][903]LogModuleManager: Shutting down and abandoning module GeometryCache (350)
[2018.10.11-04.12.01:733][903]LogModuleManager: Shutting down and abandoning module GeometryCacheEd (349)
[2018.10.11-04.12.01:733][903]LogModuleManager: Shutting down and abandoning module DatasmithContentEditor (344)
[2018.10.11-04.12.01:733][903]LogModuleManager: Shutting down and abandoning module DatasmithContent (342)
[2018.10.11-04.12.01:734][903]LogModuleManager: Shutting down and abandoning module SpeedTreeImporter (340)
[2018.10.11-04.12.01:734][903]LogModuleManager: Shutting down and abandoning module PluginBrowser (338)
[2018.10.11-04.12.01:734][903]LogModuleManager: Shutting down and abandoning module MobileLauncherProfileWizard (336)
[2018.10.11-04.12.01:734][903]LogModuleManager: Shutting down and abandoning module PolygonModeling (334)
[2018.10.11-04.12.01:734][903]LogModuleManager: Shutting down and abandoning module MeshEditor (332)
[2018.10.11-04.12.01:734][903]LogModuleManager: Shutting down and abandoning module CryptoKeysOpenSSL (330)
[2018.10.11-04.12.01:734][903]LogModuleManager: Shutting down and abandoning module CryptoKeys (328)
[2018.10.11-04.12.01:734][903]LogModuleManager: Shutting down and abandoning module VisualStudioSourceCodeAccess (326)
[2018.10.11-04.12.01:734][903]LogModuleManager: Shutting down and abandoning module VisualStudioCodeSourceCodeAccess (324)
[2018.10.11-04.12.01:734][903]LogModuleManager: Shutting down and abandoning module UObjectPlugin (322)
[2018.10.11-04.12.01:734][903]LogModuleManager: Shutting down and abandoning module SubversionSourceControl (320)
[2018.10.11-04.12.01:734][903]LogModuleManager: Shutting down and abandoning module PerforceSourceControl (318)
[2018.10.11-04.12.01:734][903]LogModuleManager: Shutting down and abandoning module GitSourceControl (316)
[2018.10.11-04.12.01:735][903]LogModuleManager: Shutting down and abandoning module SourceControl (315)
[2018.10.11-04.12.01:735][903]LogModuleManager: Shutting down and abandoning module CLionSourceCodeAccess (312)
[2018.10.11-04.12.01:735][903]LogModuleManager: Shutting down and abandoning module LightPropagationVolumeEditor (310)
[2018.10.11-04.12.01:735][903]LogModuleManager: Shutting down and abandoning module PaperTiledImporter (308)
[2018.10.11-04.12.01:735][903]LogModuleManager: Shutting down and abandoning module PaperSpriteSheetImporter (306)
[2018.10.11-04.12.01:735][903]LogModuleManager: Shutting down and abandoning module Paper2DEditor (304)
[2018.10.11-04.12.01:735][903]LogModuleManager: Shutting down and abandoning module MeshPaint (303)
[2018.10.11-04.12.01:735][903]LogModuleManager: Shutting down and abandoning module UE4Playground (300)
[2018.10.11-04.12.01:735][903]LogModuleManager: Shutting down and abandoning module RuntimePhysXCooking (298)
[2018.10.11-04.12.01:735][903]LogModuleManager: Shutting down and abandoning module PhysXVehiclesEditor (296)
[2018.10.11-04.12.01:735][903]LogModuleManager: Shutting down and abandoning module PhysXVehicles (294)
[2018.10.11-04.12.01:735][903]LogModuleManager: Shutting down and abandoning module OculusEditor (292)
[2018.10.11-04.12.01:735][903]LogModuleManager: Shutting down and abandoning module LocationServicesBPLibrary (290)
[2018.10.11-04.12.01:735][903]LogModuleManager: Shutting down and abandoning module ImmediatePhysicsEditor (288)
[2018.10.11-04.12.01:735][903]LogModuleManager: Shutting down and abandoning module ImmediatePhysics (286)
[2018.10.11-04.12.01:735][903]LogModuleManager: Shutting down and abandoning module ActorSequence (284)
[2018.10.11-04.12.01:735][903]LogModuleManager: Shutting down and abandoning module UdpMessaging (282)
[2018.10.11-04.12.01:836][903]LogModuleManager: Shutting down and abandoning module TcpMessaging (280)
[2018.10.11-04.12.01:937][903]LogModuleManager: Shutting down and abandoning module MagicLeapAudio (278)
[2018.10.11-04.12.01:937][903]LogModuleManager: Shutting down and abandoning module GameplayTagsEditor (276)
[2018.10.11-04.12.01:937][903]LogModuleManager: Shutting down and abandoning module FacialAnimationEditor (274)
[2018.10.11-04.12.01:937][903]LogModuleManager: Shutting down and abandoning module FacialAnimation (272)
[2018.10.11-04.12.01:937][903]LogModuleManager: Shutting down and abandoning module DataValidation (270)
[2018.10.11-04.12.01:937][903]LogModuleManager: Shutting down and abandoning module AssetManagerEditor (268)
[2018.10.11-04.12.01:937][903]LogModuleManager: Shutting down and abandoning module LevelEditor (267)
[2018.10.11-04.12.01:938][903]LogModuleManager: Shutting down and abandoning module PixelInspectorModule (266)
[2018.10.11-04.12.01:938][903]LogModuleManager: Shutting down and abandoning module CommonMenuExtensions (264)
[2018.10.11-04.12.01:938][903]LogModuleManager: Shutting down and abandoning module MainFrame (262)
[2018.10.11-04.12.01:938][903]LogModuleManager: Shutting down and abandoning module HotReload (261)
[2018.10.11-04.12.01:939][903]LogModuleManager: Shutting down and abandoning module ContentBrowser (257)
[2018.10.11-04.12.01:940][903]LogModuleManager: Shutting down and abandoning module TreeMap (255)
[2018.10.11-04.12.01:941][903]LogModuleManager: Shutting down and abandoning module LightPropagationVolumeRuntime (252)
[2018.10.11-04.12.01:941][903]LogModuleManager: Shutting down and abandoning module AISupportModule (250)
[2018.10.11-04.12.01:941][903]LogModuleManager: Shutting down and abandoning module Paper2D (248)
[2018.10.11-04.12.01:941][903]LogModuleManager: Shutting down and abandoning module WindowsMoviePlayer (246)
[2018.10.11-04.12.01:941][903]LogModuleManager: Shutting down and abandoning module WmfMedia (244)
[2018.10.11-04.12.01:942][903]LogModuleManager: Shutting down and abandoning module Media (243)
[2018.10.11-04.12.01:948][903]LogModuleManager: Shutting down and abandoning module PacketHandler (240)
[2018.10.11-04.12.01:948][903]LogModuleManager: Shutting down and abandoning module ClothingSystemEditor (238)
[2018.10.11-04.12.01:948][903]LogModuleManager: Shutting down and abandoning module ClothingSystemRuntime (236)
[2018.10.11-04.12.01:948][903]LogModuleManager: Shutting down and abandoning module MediaAssets (234)
[2018.10.11-04.12.01:949][903]LogModuleManager: Shutting down and abandoning module Overlay (232)
[2018.10.11-04.12.01:949][903]LogModuleManager: Shutting down and abandoning module OverlayEditor (231)
[2018.10.11-04.12.01:949][903]LogModuleManager: Shutting down and abandoning module VREditor (228)
[2018.10.11-04.12.01:949][903]LogModuleManager: Shutting down and abandoning module StringTableEditor (226)
[2018.10.11-04.12.01:949][903]LogModuleManager: Shutting down and abandoning module GameplayTasksEditor (224)
[2018.10.11-04.12.01:949][903]LogModuleManager: Shutting down and abandoning module BehaviorTreeEditor (222)
[2018.10.11-04.12.01:949][903]LogModuleManager: Shutting down and abandoning module FunctionalTesting (220)
[2018.10.11-04.12.01:949][903]LogModuleManager: Shutting down and abandoning module CollisionAnalyzer (218)
[2018.10.11-04.12.01:949][903]LogModuleManager: Shutting down and abandoning module WorkspaceMenuStructure (217)
[2018.10.11-04.12.01:949][903]LogModuleManager: Shutting down and abandoning module UMG (214)
[2018.10.11-04.12.01:949][903]LogModuleManager: Shutting down and abandoning module UMGEditor (213)
[2018.10.11-04.12.01:949][903]LogModuleManager: Shutting down and abandoning module Sequencer (212)
[2018.10.11-04.12.01:949][903]LogModuleManager: Shutting down and abandoning module MessageLog (209)
[2018.10.11-04.12.01:949][903]LogModuleManager: Shutting down and abandoning module SlateReflector (204)
[2018.10.11-04.12.01:949][903]LogModuleManager: Shutting down and abandoning module Slate (202)
[2018.10.11-04.12.01:949][903]LogModuleManager: Shutting down and abandoning module EditorStyle (200)
[2018.10.11-04.12.01:952][903]LogModuleManager: Shutting down and abandoning module MRMesh (198)
[2018.10.11-04.12.01:952][903]LogModuleManager: Shutting down and abandoning module SourceCodeAccess (196)
[2018.10.11-04.12.01:952][903]LogModuleManager: Shutting down and abandoning module HeadMountedDisplay (194)
[2018.10.11-04.12.01:952][903]LogModuleManager: Shutting down and abandoning module XAudio2 (192)
[2018.10.11-04.12.01:952][903]LogModuleManager: Shutting down and abandoning module Networking (190)
[2018.10.11-04.12.01:952][903]LogModuleManager: Shutting down and abandoning module Core (188)
[2018.10.11-04.12.01:952][903]LogModuleManager: Shutting down and abandoning module LevelSequence (186)
[2018.10.11-04.12.01:952][903]LogModuleManager: Shutting down and abandoning module KismetCompiler (184)
[2018.10.11-04.12.01:952][903]LogModuleManager: Shutting down and abandoning module MeshUtilities (182)
[2018.10.11-04.12.01:952][903]LogModuleManager: Shutting down and abandoning module MeshMergeUtilities (181)
[2018.10.11-04.12.01:952][903]LogModuleManager: Shutting down and abandoning module MeshReductionInterface (180)
[2018.10.11-04.12.01:952][903]LogModuleManager: Shutting down and abandoning module SimplygonSwarm (179)
[2018.10.11-04.12.01:952][903]LogModuleManager: Shutting down and abandoning module ProxyLODMeshReduction (177)
[2018.10.11-04.12.01:952][903]LogModuleManager: Shutting down and abandoning module SimplygonMeshReduction (175)
[2018.10.11-04.12.01:952][903]LogModuleManager: Shutting down and abandoning module QuadricMeshReduction (173)
[2018.10.11-04.12.01:952][903]LogModuleManager: Shutting down and abandoning module MaterialBaking (169)
[2018.10.11-04.12.01:952][903]LogModuleManager: Shutting down and abandoning module DirectoryWatcher (165)
[2018.10.11-04.12.01:952][903]LogModuleManager: Shutting down and abandoning module DerivedDataCache (162)
[2018.10.11-04.12.01:956][903]LogDerivedDataCache: Shutdown
[2018.10.11-04.12.01:956][903]LogModuleManager: Shutting down and abandoning module XGEController (160)
[2018.10.11-04.12.01:956][903]LogXGEController: Cleaning working directory: C:/Users/Peter/AppData/Local/Temp/UnrealXGEWorkingDir/
[2018.10.11-04.12.01:957][903]LogModuleManager: Shutting down and abandoning module TargetPlatform (158)
[2018.10.11-04.12.01:957][903]LogModuleManager: Shutting down and abandoning module VulkanShaderFormat (157)
[2018.10.11-04.12.01:957][903]LogModuleManager: Shutting down and abandoning module ShaderFormatVectorVM (155)
[2018.10.11-04.12.01:957][903]LogModuleManager: Shutting down and abandoning module ShaderFormatOpenGL (153)
[2018.10.11-04.12.01:957][903]LogModuleManager: Shutting down and abandoning module ShaderFormatD3D (151)
[2018.10.11-04.12.01:957][903]LogModuleManager: Shutting down and abandoning module MetalShaderFormat (149)
[2018.10.11-04.12.01:957][903]LogModuleManager: Shutting down and abandoning module TextureFormatUncompressed (147)
[2018.10.11-04.12.01:957][903]LogModuleManager: Shutting down and abandoning module TextureFormatPVR (145)
[2018.10.11-04.12.01:957][903]LogModuleManager: Shutting down and abandoning module TextureFormatDXT (143)
[2018.10.11-04.12.01:957][903]LogModuleManager: Shutting down and abandoning module TextureFormatIntelISPCTexComp (141)
[2018.10.11-04.12.01:957][903]LogModuleManager: Shutting down and abandoning module TextureFormatASTC (139)
[2018.10.11-04.12.01:957][903]LogModuleManager: Shutting down and abandoning module ImageWrapper (138)
[2018.10.11-04.12.01:957][903]LogModuleManager: Shutting down and abandoning module TextureFormatAndroid (135)
[2018.10.11-04.12.01:957][903]LogModuleManager: Shutting down and abandoning module AudioFormatOpus (133)
[2018.10.11-04.12.01:957][903]LogModuleManager: Shutting down and abandoning module AudioFormatOgg (131)
[2018.10.11-04.12.01:957][903]LogModuleManager: Shutting down and abandoning module AudioFormatADPCM (129)
[2018.10.11-04.12.01:957][903]LogModuleManager: Shutting down and abandoning module LuminTargetPlatform (127)
[2018.10.11-04.12.01:957][903]LogModuleManager: Shutting down and abandoning module LinuxTargetPlatform (125)
[2018.10.11-04.12.01:957][903]LogModuleManager: Shutting down and abandoning module LinuxServerTargetPlatform (123)
[2018.10.11-04.12.01:957][903]LogModuleManager: Shutting down and abandoning module LinuxNoEditorTargetPlatform (121)
[2018.10.11-04.12.01:957][903]LogModuleManager: Shutting down and abandoning module LinuxClientTargetPlatform (119)
[2018.10.11-04.12.01:957][903]LogModuleManager: Shutting down and abandoning module TVOSTargetPlatform (117)
[2018.10.11-04.12.01:960][903]LogModuleManager: Shutting down and abandoning module Messaging (115)
[2018.10.11-04.12.01:960][903]LogModuleManager: Shutting down and abandoning module IOSTargetPlatform (113)
[2018.10.11-04.12.01:961][903]LogModuleManager: Shutting down and abandoning module HTML5TargetPlatform (111)
[2018.10.11-04.12.01:961][903]LogModuleManager: Shutting down and abandoning module AndroidTargetPlatform (109)
[2018.10.11-04.12.01:970][903]LogModuleManager: Shutting down and abandoning module WindowsTargetPlatform (107)
[2018.10.11-04.12.01:970][903]LogModuleManager: Shutting down and abandoning module WindowsServerTargetPlatform (105)
[2018.10.11-04.12.01:970][903]LogModuleManager: Shutting down and abandoning module WindowsNoEditorTargetPlatform (103)
[2018.10.11-04.12.01:970][903]LogModuleManager: Shutting down and abandoning module WindowsClientTargetPlatform (101)
[2018.10.11-04.12.01:970][903]LogModuleManager: Shutting down and abandoning module MacTargetPlatform (99)
[2018.10.11-04.12.01:970][903]LogModuleManager: Shutting down and abandoning module MacServerTargetPlatform (97)
[2018.10.11-04.12.01:970][903]LogModuleManager: Shutting down and abandoning module MacNoEditorTargetPlatform (95)
[2018.10.11-04.12.01:970][903]LogModuleManager: Shutting down and abandoning module MacClientTargetPlatform (93)
[2018.10.11-04.12.01:970][903]LogModuleManager: Shutting down and abandoning module AllDesktopTargetPlatform (91)
[2018.10.11-04.12.01:970][903]LogModuleManager: Shutting down and abandoning module InputCore (88)
[2018.10.11-04.12.01:970][903]LogModuleManager: Shutting down and abandoning module Settings (86)
[2018.10.11-04.12.01:970][903]LogModuleManager: Shutting down and abandoning module PhysXCooking (84)
[2018.10.11-04.12.01:970][903]LogModuleManager: Shutting down and abandoning module SteamVR (82)
[2018.10.11-04.12.01:970][903]LogModuleManager: Shutting down and abandoning module OculusHMD (80)
[2018.10.11-04.12.01:970][903]LogModuleManager: Shutting down and abandoning module ExampleDeviceProfileSelector (78)
[2018.10.11-04.12.01:970][903]LogModuleManager: Shutting down and abandoning module LauncherChunkInstaller (76)
[2018.10.11-04.12.01:970][903]LogModuleManager: Shutting down and abandoning module OnlineBlueprintSupport (74)
[2018.10.11-04.12.01:970][903]LogModuleManager: Shutting down and abandoning module OnlineSubsystem (70)
[2018.10.11-04.12.01:971][903]LogModuleManager: Shutting down and abandoning module XMPP (65)
[2018.10.11-04.12.01:971][903]LogModuleManager: Shutting down and abandoning module WebSockets (64)
[2018.10.11-04.12.01:990][903]LogModuleManager: Shutting down and abandoning module HTTP (61)
[2018.10.11-04.12.01:990][903]LogHttp: Display: Http module shutting down, but needs to wait on 1 outstanding Http requests:
[2018.10.11-04.12.01:990][903]LogHttp: Display: 	verb=[POST] url=[https://datarouter.ol.epicgames.com/datarouter/api/v1/public/data?SessionID=%7B8A7764B3-43FD-8636-1159-E2882976DDE1%7D&AppID=UEEditor.Rocket.Release&AppVersion=4.20.3-4369336%2B%2B%2BUE4%2BRelease-4.20&UserID=15b52cc9472a2ea98d32dc90de97a0b4%7Ca6bb9a295af146eeb619cdf8ccea1563%7C1f176c5f-cff4-4457-b55a-dac67387f93b&AppEnvironment=datacollector-binary&UploadType=eteventstream] status=Processing
[2018.10.11-04.12.02:010][903]LogModuleManager: Shutting down and abandoning module SSL (60)
[2018.10.11-04.12.02:011][903]LogModuleManager: Shutting down and abandoning module MagicLeapEmulator (56)
[2018.10.11-04.12.02:012][903]LogModuleManager: Shutting down and abandoning module MagicLeapPrivileges (54)
[2018.10.11-04.12.02:012][903]LogModuleManager: Shutting down and abandoning module MagicLeapIdentity (52)
[2018.10.11-04.12.02:012][903]LogModuleManager: Shutting down and abandoning module MagicLeapHelperVulkan (50)
[2018.10.11-04.12.02:012][903]LogModuleManager: Shutting down and abandoning module MagicLeapHelperOpenGL (48)
[2018.10.11-04.12.02:012][903]LogModuleManager: Shutting down and abandoning module MagicLeapSecureStorage (46)
[2018.10.11-04.12.02:012][903]LogModuleManager: Shutting down and abandoning module MagicLeapGestures (44)
[2018.10.11-04.12.02:012][903]LogModuleManager: Shutting down and abandoning module MagicLeapEyeTracker (42)
[2018.10.11-04.12.02:012][903]LogModuleManager: Shutting down and abandoning module MagicLeapController (40)
[2018.10.11-04.12.02:012][903]LogSlate: Slate User Destroyed.  User Index 0, Is Virtual User: 0
[2018.10.11-04.12.02:012][903]LogModuleManager: Shutting down and abandoning module MagicLeap (38)
[2018.10.11-04.12.02:012][903]LogModuleManager: Shutting down and abandoning module AnimationModifiers (36)
[2018.10.11-04.12.02:012][903]LogModuleManager: Shutting down and abandoning module PropertyEditor (35)
[2018.10.11-04.12.02:012][903]LogModuleManager: Shutting down and abandoning module AudioEditor (32)
[2018.10.11-04.12.02:012][903]LogModuleManager: Shutting down and abandoning module TextureCompressor (30)
[2018.10.11-04.12.02:012][903]LogModuleManager: Shutting down and abandoning module ShaderCore (28)
[2018.10.11-04.12.02:012][903]LogModuleManager: Shutting down and abandoning module Landscape (26)
[2018.10.11-04.12.02:012][903]LogModuleManager: Shutting down and abandoning module SlateRHIRenderer (24)
[2018.10.11-04.12.02:013][903]LogModuleManager: Shutting down and abandoning module OpenGLDrv (22)
[2018.10.11-04.12.02:013][903]LogModuleManager: Shutting down and abandoning module D3D11RHI (20)
[2018.10.11-04.12.02:013][903]LogModuleManager: Shutting down and abandoning module AnimGraphRuntime (18)
[2018.10.11-04.12.02:013][903]LogModuleManager: Shutting down and abandoning module Renderer (16)
[2018.10.11-04.12.02:013][903]LogModuleManager: Shutting down and abandoning module Engine (14)
[2018.10.11-04.12.02:013][903]LogModuleManager: Shutting down and abandoning module CoreUObject (12)
[2018.10.11-04.12.02:013][903]LogModuleManager: Shutting down and abandoning module NetworkFile (10)
[2018.10.11-04.12.02:013][903]LogModuleManager: Shutting down and abandoning module CookedIterativeFile (8)
[2018.10.11-04.12.02:013][903]LogModuleManager: Shutting down and abandoning module StreamingFile (6)
[2018.10.11-04.12.02:013][903]LogModuleManager: Shutting down and abandoning module SandboxFile (4)
[2018.10.11-04.12.02:013][903]LogModuleManager: Shutting down and abandoning module PakFile (2)
[2018.10.11-04.12.02:017][903]LogExit: Exiting.
[2018.10.11-04.12.02:021][903]Log file closed, 10/10/18 23:12:02
