Log file open, 11/07/18 23:04:28
LogWindows: Failed to load 'aqProf.dll' (GetLastError=126)
LogWindows: File 'aqProf.dll' does not exist
LogWindows: Failed to load 'VtuneApi.dll' (GetLastError=126)
LogWindows: File 'VtuneApi.dll' does not exist
LogWindows: Failed to load 'VtuneApi32e.dll' (GetLastError=126)
LogWindows: File 'VtuneApi32e.dll' does not exist
LogInit: Display: Running engine for game: UE4Playground
LogPlatformFile: Not using cached read wrapper
LogTaskGraph: Started task graph with 5 named threads and 11 total threads with 3 sets of task threads.
LogStats: Stats thread started at 1.107595
LogD3D11RHI: Loaded GFSDK_Aftermath_Lib.x64.dll
LogICUInternationalization: Display: ICU TimeZone Detection - Raw Offset: -6:00, Platform Override: ''
LogPluginManager: Mounting plugin Paper2D
LogPluginManager: Mounting plugin AISupport
LogPluginManager: Mounting plugin LightPropagationVolume
LogPluginManager: Mounting plugin CLionSourceCodeAccess
LogPluginManager: Mounting plugin CodeLiteSourceCodeAccess
LogPluginManager: Mounting plugin GitSourceControl
LogPluginManager: Mounting plugin KDevelopSourceCodeAccess
LogPluginManager: Mounting plugin NullSourceCodeAccess
LogPluginManager: Mounting plugin PerforceSourceControl
LogPluginManager: Mounting plugin SubversionSourceControl
LogPluginManager: Mounting plugin UObjectPlugin
LogPluginManager: Mounting plugin VisualStudioCodeSourceCodeAccess
LogPluginManager: Mounting plugin VisualStudioSourceCodeAccess
LogPluginManager: Mounting plugin XCodeSourceCodeAccess
LogPluginManager: Mounting plugin AssetManagerEditor
LogPluginManager: Mounting plugin CryptoKeys
LogPluginManager: Mounting plugin DataValidation
LogPluginManager: Mounting plugin FacialAnimation
LogPluginManager: Mounting plugin GameplayTagsEditor
LogPluginManager: Mounting plugin MacGraphicsSwitching
LogPluginManager: Mounting plugin MeshEditor
LogPluginManager: Mounting plugin MobileLauncherProfileWizard
LogPluginManager: Mounting plugin PluginBrowser
LogPluginManager: Mounting plugin SpeedTreeImporter
LogPluginManager: Mounting plugin DatasmithContent
LogPluginManager: Mounting plugin AlembicImporter
LogPluginManager: Mounting plugin AppleImageUtils
LogPluginManager: Mounting plugin AppleVision
LogPluginManager: Mounting plugin BackChannel
LogPluginManager: Mounting plugin CharacterAI
LogPluginManager: Mounting plugin GeometryCache
LogPluginManager: Mounting plugin HTML5Networking
LogPluginManager: Mounting plugin ProxyLODPlugin
LogPluginManager: Mounting plugin MagicLeap
LogPluginManager: Mounting plugin MagicLeapEmulator
LogPluginManager: Mounting plugin MagicLeapMedia
LogPluginManager: Mounting plugin AndroidMedia
LogPluginManager: Mounting plugin AvfMedia
LogPluginManager: Mounting plugin ImgMedia
LogPluginManager: Mounting plugin LinearTimecode
LogPluginManager: Mounting plugin MediaCompositing
LogPluginManager: Mounting plugin MediaPlayerEditor
LogPluginManager: Mounting plugin WmfMedia
LogPluginManager: Mounting plugin TcpMessaging
LogPluginManager: Mounting plugin UdpMessaging
LogPluginManager: Mounting plugin ActorSequence
LogPluginManager: Mounting plugin LevelSequenceEditor
LogPluginManager: Mounting plugin MatineeToLevelSequence
LogPluginManager: Mounting plugin NetcodeUnitTest
LogPluginManager: Mounting plugin NUTUnrealEngine4
LogPluginManager: Mounting plugin OnlineSubsystemGooglePlay
LogPluginManager: Mounting plugin OnlineSubsystemIOS
LogPluginManager: Mounting plugin OnlineSubsystem
LogPluginManager: Mounting plugin OnlineSubsystemNull
LogPluginManager: Mounting plugin OnlineSubsystemUtils
LogPluginManager: Mounting plugin LauncherChunkInstaller
LogPluginManager: Mounting plugin AndroidDeviceProfileSelector
LogPluginManager: Mounting plugin AndroidMoviePlayer
LogPluginManager: Mounting plugin AndroidPermission
LogPluginManager: Mounting plugin AppleMoviePlayer
LogPluginManager: Mounting plugin ArchVisCharacter
LogPluginManager: Mounting plugin AudioCapture
LogPluginManager: Mounting plugin CableComponent
LogPluginManager: Mounting plugin CustomMeshComponent
LogPluginManager: Mounting plugin EditableMesh
LogPluginManager: Mounting plugin ExampleDeviceProfileSelector
LogPluginManager: Mounting plugin GoogleCloudMessaging
LogPluginManager: Mounting plugin ImmediatePhysics
LogPluginManager: Mounting plugin IOSDeviceProfileSelector
LogPluginManager: Mounting plugin LinuxDeviceProfileSelector
LogPluginManager: Mounting plugin LocationServicesBPLibrary
LogPluginManager: Mounting plugin MobilePatchingUtils
LogPluginManager: Mounting plugin OculusVR
LogPluginManager: Plugin shader directory ../../../Engine/Plugins/Runtime/Oculus/OculusVR/Shaders found
LogPluginManager: Mapping shader source directory ../../../Engine/Plugins/Runtime/Oculus/OculusVR/Shaders to virtual directory /Plugin/OculusVR
LogPluginManager: Mounting plugin PhysXVehicles
LogPluginManager: Mounting plugin ProceduralMeshComponent
LogPluginManager: Mounting plugin RuntimePhysXCooking
LogPluginManager: Mounting plugin SteamVR
LogPluginManager: Mounting plugin WindowsMoviePlayer
LogStreaming: Display: Took  0.165s to configure plugins.
LogInit: Using libcurl 7.55.1-DEV
LogInit:  - built for x86_64-pc-win32
LogInit:  - supports SSL with OpenSSL/1.0.2h
LogInit:  - supports HTTP deflate (compression) using libz 1.2.8
LogInit:  - other features:
LogInit:      CURL_VERSION_SSL
LogInit:      CURL_VERSION_LIBZ
LogInit:      CURL_VERSION_IPV6
LogInit:      CURL_VERSION_ASYNCHDNS
LogInit:      CURL_VERSION_LARGEFILE
LogInit:      CURL_VERSION_IDN
LogInit:  CurlRequestOptions (configurable via config and command line):
LogInit:  - bVerifyPeer = false  - Libcurl will NOT verify peer certificate
LogInit:  - bUseHttpProxy = false  - Libcurl will NOT use HTTP proxy
LogInit:  - bDontReuseConnections = false  - Libcurl will reuse connections
LogInit:  - CertBundlePath = nullptr  - Libcurl will use whatever was configured at build time.
LogInit:  - MaxHostConnections = 16  - Libcurl will limit the number of connections to a host
LogInit:  - LocalHostAddr = Default
LogInit:  - BufferSize = 65536
LogInit: WinSock: version 1.1 (2.2), MaxSocks=32767, MaxUdp=65467
LogInit: Build: ++UE4+Release-4.20-CL-4369336
LogInit: Engine Version: 4.20.3-4369336+++UE4+Release-4.20
LogInit: Compatible Engine Version: 4.20.0-4212847+++UE4+Release-4.20
LogInit: Net CL: 4212847
LogInit: OS: Windows 8.1 (), CPU: AMD FX(tm)-4300 Quad-Core Processor            , GPU: NVIDIA GeForce GTX 970
LogInit: Compiled (64-bit): Sep 17 2018 12:26:19
LogInit: Compiled with Visual C++: 19.13.26129.00
LogInit: Build Configuration: Development
LogInit: Branch Name: ++UE4+Release-4.20
LogInit: Command Line:  -skipcompile
LogInit: Base Directory: C:/Program Files/Epic Games/UE_4.20/Engine/Binaries/Win64/
LogInit: Installed Engine Build: 1
LogDevObjectVersion: Number of dev versions registered: 20
LogDevObjectVersion:   Dev-Blueprints (B0D832E4-1F89-4F0D-ACCF-7EB736FD4AA2): 10
LogDevObjectVersion:   Dev-Build (E1C64328-A22C-4D53-A36C-8E866417BD8C): 0
LogDevObjectVersion:   Dev-Core (375EC13C-06E4-48FB-B500-84F0262A717E): 2
LogDevObjectVersion:   Dev-Editor (E4B068ED-F494-42E9-A231-DA0B2E46BB41): 24
LogDevObjectVersion:   Dev-Framework (CFFC743F-43B0-4480-9391-14DF171D2073): 34
LogDevObjectVersion:   Dev-Mobile (B02B49B5-BB20-44E9-A304-32B752E40360): 2
LogDevObjectVersion:   Dev-Networking (A4E4105C-59A1-49B5-A7C5-40C4547EDFEE): 0
LogDevObjectVersion:   Dev-Online (39C831C9-5AE6-47DC-9A44-9C173E1C8E7C): 0
LogDevObjectVersion:   Dev-Physics (78F01B33-EBEA-4F98-B9B4-84EACCB95AA2): 0
LogDevObjectVersion:   Dev-Platform (6631380F-2D4D-43E0-8009-CF276956A95A): 0
LogDevObjectVersion:   Dev-Rendering (12F88B9F-8875-4AFC-A67C-D90C383ABD29): 26
LogDevObjectVersion:   Dev-Sequencer (7B5AE74C-D270-4C10-A958-57980B212A5A): 9
LogDevObjectVersion:   Dev-VR (D7296918-1DD6-4BDD-9DE2-64A83CC13884): 2
LogDevObjectVersion:   Dev-LoadTimes (C2A15278-BFE7-4AFE-6C17-90FF531DF755): 1
LogDevObjectVersion:   Private-Geometry (6EACA3D4-40EC-4CC1-B786-8BED09428FC5): 3
LogDevObjectVersion:   Dev-AnimPhys (29E575DD-E0A3-4627-9D10-D276232CDCEA): 17
LogDevObjectVersion:   Dev-ReflectionCapture (6B266CEC-1EC7-4B8F-A30B-E4D90942FC07): 1
LogDevObjectVersion:   Dev-Automation (0DF73D61-A23F-47EA-B727-89E90C41499A): 1
LogDevObjectVersion:   FortniteMain (601D1886-AC64-4F84-AA16-D3DE0DEAC7D6): 12
LogDevObjectVersion:   Dev-Enterprise (9DFFBCD6-494F-0158-E221-12823C92A888): 1
LogStreaming: Display: Took  0.003s to delete old logs.
LogInit: Presizing for max 8388607 objects, including 0 objects not considered by GC, pre-allocating 0 bytes for permanent pool.
LogInit: Object subsystem initialized
[2018.11.08-05.04.28:962][  0]LogInit: Selected Device Profile: [Windows]
[2018.11.08-05.04.28:962][  0]LogInit: Applying CVar settings loaded from the selected device profile: [Windows]
[2018.11.08-05.04.28:984][  0]LogHAL: Display: Platform has ~ 16 GB [17160523776 / 17179869184 / 16], which maps to Larger [LargestMinGB=32, LargerMinGB=12, DefaultMinGB=8, SmallerMinGB=6, SmallestMinGB=0)
[2018.11.08-05.04.28:985][  0]LogInit: Setting Device Profile CVar: [[r.Vulkan.UseRealUBs:1]]
[2018.11.08-05.04.28:985][  0]LogInit: Going up to parent DeviceProfile []
[2018.11.08-05.04.28:985][  0]LogInit: Computer: PETEPC
[2018.11.08-05.04.28:985][  0]LogInit: User: Peter
[2018.11.08-05.04.28:985][  0]LogInit: CPU Page size=4096, Cores=2
[2018.11.08-05.04.28:985][  0]LogInit: High frequency timer resolution =3.727432 MHz
[2018.11.08-05.04.28:986][  0]LogMemory: Memory total: Physical=16.0GB (16GB approx)
[2018.11.08-05.04.28:986][  0]LogMemory: Platform Memory Stats for Windows
[2018.11.08-05.04.28:986][  0]LogMemory: Process Physical Memory: 99.13 MB used, 99.13 MB peak
[2018.11.08-05.04.28:986][  0]LogMemory: Process Virtual Memory: 84.32 MB used, 84.32 MB peak
[2018.11.08-05.04.28:986][  0]LogMemory: Physical Memory: 6600.97 MB used,  9764.58 MB free, 16365.55 MB total
[2018.11.08-05.04.28:986][  0]LogMemory: Virtual Memory: 468.17 MB used,  9764.58 MB free, 134217728.00 MB total
[2018.11.08-05.04.29:154][  0]LogInit: Using OS detected language (en-GB).
[2018.11.08-05.04.29:154][  0]LogInit: Using OS detected locale (en-US).
[2018.11.08-05.04.29:156][  0]LogTextLocalizationManager: No specific localization for 'en-GB' exists, so the 'en' localization will be used.
[2018.11.08-05.04.29:650][  0]LogStreaming: Display: Took  0.494s to InitEngineTextLocalization.
[2018.11.08-05.04.29:650][  0]LogInit: Setting process to per monitor DPI aware
[2018.11.08-05.04.29:699][  0]LogSlate: New Slate User Created.  User Index 0, Is Virtual User: 0
[2018.11.08-05.04.29:699][  0]LogSlate: Slate User Registered.  User Index 0, Is Virtual User: 0
[2018.11.08-05.04.29:978][  0]LogHMD: Failed to initialize OpenVR with code 110
[2018.11.08-05.04.29:978][  0]LogD3D11RHI: D3D11 adapters:
[2018.11.08-05.04.30:071][  0]LogD3D11RHI:    0. 'NVIDIA GeForce GTX 970' (Feature Level 11_0)
[2018.11.08-05.04.30:071][  0]LogD3D11RHI:       3992/0/8182 MB DedicatedVideo/DedicatedSystem/SharedSystem, Outputs:2, VendorId:0x10de
[2018.11.08-05.04.30:079][  0]LogD3D11RHI:    1. 'Microsoft Basic Render Driver' (Feature Level 11_0)
[2018.11.08-05.04.30:079][  0]LogD3D11RHI:       0/0/256 MB DedicatedVideo/DedicatedSystem/SharedSystem, Outputs:0, VendorId:0x1414
[2018.11.08-05.04.30:079][  0]LogD3D11RHI: Chosen D3D11 Adapter: 0
[2018.11.08-05.04.30:086][  0]LogD3D11RHI: Creating new Direct3DDevice
[2018.11.08-05.04.30:086][  0]LogD3D11RHI:     GPU DeviceId: 0x13c2 (for the marketing name, search the web for "GPU Device Id")
[2018.11.08-05.04.30:087][  0]LogWindows: EnumDisplayDevices:
[2018.11.08-05.04.30:087][  0]LogWindows:    0. 'NVIDIA GeForce GTX 970' (P:0 D:1)
[2018.11.08-05.04.30:087][  0]LogWindows:    1. 'NVIDIA GeForce GTX 970' (P:1 D:1)
[2018.11.08-05.04.30:087][  0]LogWindows:    2. 'NVIDIA GeForce GTX 970' (P:0 D:0)
[2018.11.08-05.04.30:088][  0]LogWindows:    3. 'NVIDIA GeForce GTX 970' (P:0 D:0)
[2018.11.08-05.04.30:088][  0]LogWindows: DebugString: FoundDriverCount:4 
[2018.11.08-05.04.30:088][  0]LogD3D11RHI:     Adapter Name: NVIDIA GeForce GTX 970
[2018.11.08-05.04.30:088][  0]LogD3D11RHI:   Driver Version: 391.35 (internal:23.21.13.9135, unified:391.35)
[2018.11.08-05.04.30:088][  0]LogD3D11RHI:      Driver Date: 3-23-2018
[2018.11.08-05.04.30:088][  0]LogRHI: Texture pool is 2794 MB (70% of 3992 MB)
[2018.11.08-05.04.30:124][  0]LogD3D11RHI: Async texture creation enabled
[2018.11.08-05.04.30:145][  0]LogD3D11RHI: GPU Timing Frequency: 1000.000000 (Debug: 2 2)
[2018.11.08-05.04.30:197][  0]LogShaderCompilers: Guid format shader working directory is -25 characters bigger than the processId version (../../../../../../Users/Peter/Documents/GitHub/Playground/UE4Playground/Intermediate/Shaders/WorkingDirectory/4452/).
[2018.11.08-05.04.30:198][  0]LogShaderCompilers: Cleaned the shader compiler working directory 'C:/Users/Peter/AppData/Local/Temp/UnrealShaderWorkingDir/67723CDE42CFE1EA813C74A92C49A9C2/'.
[2018.11.08-05.04.30:556][  0]LogTemp: Display: Loaded TP AllDesktopTargetPlatform
[2018.11.08-05.04.30:582][  0]LogTemp: Display: Loaded TP MacClientTargetPlatform
[2018.11.08-05.04.30:611][  0]LogTemp: Display: Loaded TP MacNoEditorTargetPlatform
[2018.11.08-05.04.30:637][  0]LogTemp: Display: Loaded TP MacServerTargetPlatform
[2018.11.08-05.04.30:663][  0]LogTemp: Display: Loaded TP MacTargetPlatform
[2018.11.08-05.04.30:690][  0]LogTemp: Display: Loaded TP WindowsClientTargetPlatform
[2018.11.08-05.04.30:717][  0]LogTemp: Display: Loaded TP WindowsNoEditorTargetPlatform
[2018.11.08-05.04.30:743][  0]LogTemp: Display: Loaded TP WindowsServerTargetPlatform
[2018.11.08-05.04.30:756][  0]LogTemp: Display: Loaded TP WindowsTargetPlatform
[2018.11.08-05.04.30:893][  0]LogTemp: Display: Loaded TP AndroidTargetPlatform
[2018.11.08-05.04.30:893][  0]LogTemp: Display: Loaded TP AndroidTargetPlatform
[2018.11.08-05.04.30:893][  0]LogTemp: Display: Loaded TP AndroidTargetPlatform
[2018.11.08-05.04.30:893][  0]LogTemp: Display: Loaded TP AndroidTargetPlatform
[2018.11.08-05.04.30:893][  0]LogTemp: Display: Loaded TP AndroidTargetPlatform
[2018.11.08-05.04.30:894][  0]LogTemp: Display: Loaded TP AndroidTargetPlatform
[2018.11.08-05.04.30:894][  0]LogTemp: Display: Loaded TP AndroidTargetPlatform
[2018.11.08-05.04.30:894][  0]LogTemp: Display: Loaded TP AndroidTargetPlatform
[2018.11.08-05.04.30:894][  0]LogTemp: Display: Loaded TP AndroidTargetPlatform
[2018.11.08-05.04.30:894][  0]LogTemp: Display: Loaded TP AndroidTargetPlatform
[2018.11.08-05.04.30:894][  0]LogTemp: Display: Loaded TP AndroidTargetPlatform
[2018.11.08-05.04.30:894][  0]LogTemp: Display: Loaded TP AndroidTargetPlatform
[2018.11.08-05.04.30:894][  0]LogTemp: Display: Loaded TP AndroidTargetPlatform
[2018.11.08-05.04.30:894][  0]LogTemp: Display: Loaded TP AndroidTargetPlatform
[2018.11.08-05.04.30:894][  0]LogTemp: Display: Loaded TP AndroidTargetPlatform
[2018.11.08-05.04.30:894][  0]LogTemp: Display: Loaded TP AndroidTargetPlatform
[2018.11.08-05.04.30:894][  0]LogTemp: Display: Loaded TP AndroidTargetPlatform
[2018.11.08-05.04.30:894][  0]LogTemp: Display: Loaded TP AndroidTargetPlatform
[2018.11.08-05.04.30:898][  0]LogTemp: Display: Loaded TP HTML5TargetPlatform
[2018.11.08-05.04.30:990][  0]LogTemp: Display: Loaded TP IOSTargetPlatform
[2018.11.08-05.04.30:990][  0]LogTemp: Display: Loaded TP IOSTargetPlatform
[2018.11.08-05.04.31:042][  0]LogTemp: Display: Loaded TP TVOSTargetPlatform
[2018.11.08-05.04.31:043][  0]LogTemp: Display: Loaded TP TVOSTargetPlatform
[2018.11.08-05.04.31:071][  0]LogTemp: Display: Loaded TP LinuxClientTargetPlatform
[2018.11.08-05.04.31:096][  0]LogTemp: Display: Loaded TP LinuxNoEditorTargetPlatform
[2018.11.08-05.04.31:122][  0]LogTemp: Display: Loaded TP LinuxServerTargetPlatform
[2018.11.08-05.04.31:148][  0]LogTemp: Display: Loaded TP LinuxTargetPlatform
[2018.11.08-05.04.31:166][  0]LogTemp: Display: Loaded TP LuminTargetPlatform
[2018.11.08-05.04.31:166][  0]LogTargetPlatformManager: Display: Building Assets For Windows
[2018.11.08-05.04.31:298][  0]LogXGEController: Cannot use XGE Controller as Incredibuild is not installed on this machine.
[2018.11.08-05.04.31:298][  0]LogShaderCompilers: Cannot use XGE Shader Compiler as Incredibuild is not installed on this machine.
[2018.11.08-05.04.31:298][  0]LogShaderCompilers: Display: Using Local Shader Compiler.
[2018.11.08-05.04.32:628][  0]LogDerivedDataCache: Display: Max Cache Size: 512 MB
[2018.11.08-05.04.32:762][  0]LogDerivedDataCache: Loaded boot cache 0.13s 74MB C:/Users/Peter/AppData/Local/UnrealEngine/4.20/DerivedDataCache/Boot.ddc.
[2018.11.08-05.04.32:762][  0]LogDerivedDataCache: Display: Loaded Boot cache: C:/Users/Peter/AppData/Local/UnrealEngine/4.20/DerivedDataCache/Boot.ddc
[2018.11.08-05.04.32:762][  0]LogDerivedDataCache: FDerivedDataBackendGraph:  Pak pak cache file ../../../../../../Users/Peter/Documents/GitHub/Playground/UE4Playground/DerivedDataCache/DDC.ddp not found, will not use a pak cache.
[2018.11.08-05.04.32:762][  0]LogDerivedDataCache: Unable to find inner node Pak for hierarchical cache Hierarchy.
[2018.11.08-05.04.32:762][  0]LogDerivedDataCache: FDerivedDataBackendGraph:  CompressedPak pak cache file ../../../../../../Users/Peter/Documents/GitHub/Playground/UE4Playground/DerivedDataCache/Compressed.ddp not found, will not use a pak cache.
[2018.11.08-05.04.32:762][  0]LogDerivedDataCache: Unable to find inner node CompressedPak for hierarchical cache Hierarchy.
[2018.11.08-05.04.32:784][  0]LogDerivedDataCache: Display: Pak cache opened for reading ../../../Engine/DerivedDataCache/Compressed.ddp.
[2018.11.08-05.04.32:798][  0]LogDerivedDataCache: Using Local data cache path C:/Users/Peter/AppData/Local/UnrealEngine/Common/DerivedDataCache: Writable
[2018.11.08-05.04.32:798][  0]LogDerivedDataCache: Shared data cache path not found in *engine.ini, will not use an Shared cache.
[2018.11.08-05.04.32:798][  0]LogDerivedDataCache: Unable to find inner node Shared for hierarchical cache Hierarchy.
[2018.11.08-05.04.32:829][  0]LogMaterial: Verifying Global Shaders for PCD3D_SM5
[2018.11.08-05.04.32:831][  0]LogSlate: Using FreeType 2.6.0
[2018.11.08-05.04.32:832][  0]LogSlate: SlateFontServices - WITH_FREETYPE: 1, WITH_HARFBUZZ: 1
[2018.11.08-05.04.32:927][  0]LogAssetRegistry: FAssetRegistry took 0.0317 seconds to start up
[2018.11.08-05.04.33:473][  0]LogInit: Selected Device Profile: [Windows]
[2018.11.08-05.04.33:555][  0]LogSimplygon: Simplygon DLL not present - disabling.
[2018.11.08-05.04.33:568][  0]LogMeshReduction: Using SimplygonSwarm for distributed automatic mesh merging
[2018.11.08-05.04.33:568][  0]LogMeshReduction: Using ProxyLODMeshReduction for automatic mesh merging
[2018.11.08-05.04.33:568][  0]LogMeshReduction: Using QuadricMeshReduction for automatic static mesh reduction
[2018.11.08-05.04.33:568][  0]LogMeshReduction: No automatic skeletal mesh reduction module available
[2018.11.08-05.04.33:713][  0]LogNetVersion: UE4Playground 1.0.0, NetCL: 4212847, EngineNetVer: 5, GameNetVer: 0 (Checksum: 3127828240)
[2018.11.08-05.04.34:451][  0]LogPackageLocalizationCache: Processed 11 localized package path(s) for 2 prioritized culture(s) in 0.152174 seconds
[2018.11.08-05.04.34:461][  0]LogUObjectArray: 38425 objects as part of root set at end of initial load.
[2018.11.08-05.04.34:461][  0]LogUObjectAllocator: 6690864 out of 0 bytes used by permanent object pool.
[2018.11.08-05.04.34:461][  0]LogUObjectArray: CloseDisregardForGC: 0/0 objects in disregard for GC pool
[2018.11.08-05.04.35:654][  0]LogTcpMessaging: Initializing TcpMessaging bridge
[2018.11.08-05.04.35:670][  0]LogUdpMessaging: Initializing bridge on interface 0.0.0.0:0 to multicast group 230.0.0.1:6666.
[2018.11.08-05.04.36:399][  0]SourceControl: Source control is disabled
[2018.11.08-05.04.36:399][  0]SourceControl: Source control is disabled
[2018.11.08-05.04.36:404][  0]SourceControl: Source control is disabled
[2018.11.08-05.04.36:408][  0]SourceControl: Source control is disabled
[2018.11.08-05.04.36:696][  0]LogAndroidPermission: UAndroidPermissionCallbackProxy::GetInstance
[2018.11.08-05.04.36:813][  0]LogOcInput: OculusInput pre-init called
[2018.11.08-05.04.36:904][  0]LogEngine: Initializing Engine...
[2018.11.08-05.04.36:905][  0]LogHMD: Failed to initialize OpenVR with code 110
[2018.11.08-05.04.36:907][  0]LogStats: UGameplayTagsManager::ConstructGameplayTagTree: ImportINI prefixes -  0.000 s
[2018.11.08-05.04.36:908][  0]LogStats: UGameplayTagsManager::ConstructGameplayTagTree: Construct from data asset -  0.000 s
[2018.11.08-05.04.36:908][  0]LogStats: UGameplayTagsManager::ConstructGameplayTagTree: ImportINI -  0.000 s
[2018.11.08-05.04.36:908][  0]LogStats: UGameplayTagsManager::ConstructGameplayTagTree: GameplayTagTreeChangedEvent.Broadcast -  0.000 s
[2018.11.08-05.04.37:207][  0]LogInit: Initializing FReadOnlyCVARCache
[2018.11.08-05.04.37:229][  0]LogAIModule: Creating AISystem for world Untitled
[2018.11.08-05.04.37:260][  0]LogInit: XAudio2 using 'Speakers (2- High Definition Audio Device)' : 2 channels at 44.1 kHz using 16 bits per sample (channel mask 0x3)
[2018.11.08-05.04.37:271][  0]LogInit: FAudioDevice initialized.
[2018.11.08-05.04.37:271][  0]LogNetVersion: Set ProjectVersion to 1.0.0.0. Version Checksum will be recalculated on next use.
[2018.11.08-05.04.37:420][  0]LogDerivedDataCache: Saved boot cache 0.15s 74MB C:/Users/Peter/AppData/Local/UnrealEngine/4.20/DerivedDataCache/Boot.ddc.
[2018.11.08-05.04.37:440][  0]LogInit: Texture streaming: Enabled
[2018.11.08-05.04.37:472][  0]LogEngineSessionManager: EngineSessionManager initialized
[2018.11.08-05.04.37:485][  0]LogInit: Transaction tracking system initialized
[2018.11.08-05.04.37:524][  0]BlueprintLog: New page: Editor Load
[2018.11.08-05.04.37:748][  0]LocalizationService: Localization service is disabled
[2018.11.08-05.04.38:204][  0]LogCook: Display: Max memory allowance for cook 16384mb min free memory 0mb
[2018.11.08-05.04.38:204][  0]LogCook: Display: Mobile HDR setting 1
[2018.11.08-05.04.38:204][  0]LogGameplayTags: Display: UGameplayTagsManager::DoneAddingNativeTags. DelegateIsBound: 0
[2018.11.08-05.04.38:204][  0]LogStats: UGameplayTagsManager::ConstructGameplayTagTree: ImportINI prefixes -  0.000 s
[2018.11.08-05.04.38:204][  0]LogStats: UGameplayTagsManager::ConstructGameplayTagTree: Construct from data asset -  0.000 s
[2018.11.08-05.04.38:204][  0]LogStats: UGameplayTagsManager::ConstructGameplayTagTree: ImportINI -  0.000 s
[2018.11.08-05.04.38:205][  0]LogStats: UGameplayTagsManager::ConstructGameplayTagTree: GameplayTagTreeChangedEvent.Broadcast -  0.000 s
[2018.11.08-05.04.38:536][  0]LogFileCache: Scanning file cache for directory 'C:/Users/Peter/Documents/GitHub/Playground/UE4Playground/Content/' took 0.02s
[2018.11.08-05.04.38:559][  0]SourceControl: Source control is disabled
[2018.11.08-05.04.38:559][  0]Cmd: MAP LOAD FILE="../../../../../../Users/Peter/Documents/GitHub/Playground/UE4Playground/Content/FirstPersonCPP/Maps/FirstPersonExampleMap.umap" TEMPLATE=0 SHOWPROGRESS=1 FEATURELEVEL=3
[2018.11.08-05.04.38:560][  0]LightingResults: New page: Lighting Build
[2018.11.08-05.04.38:565][  0]MapCheck: New page: Map Check
[2018.11.08-05.04.38:565][  0]LightingResults: New page: Lighting Build
[2018.11.08-05.04.39:071][  0]LogAIModule: Creating AISystem for world FirstPersonExampleMap
[2018.11.08-05.04.39:089][  0]LogEditorServer: Finished looking for orphan Actors (0.000 secs)
[2018.11.08-05.04.39:141][  0]Cmd: MAP CHECKDEP NOCLEARLOG
[2018.11.08-05.04.39:269][  0]MapCheck: Map check complete: 0 Error(s), 0 Warning(s), took 127.055ms to complete.
[2018.11.08-05.04.39:269][  0]LogFileHelpers: Loading map 'FirstPersonExampleMap' took 0.710
[2018.11.08-05.04.39:422][  0]LogSlate: Updating window title bar state: overlay mode, drag disabled, window buttons hidden, title bar hidden
[2018.11.08-05.04.39:436][  0]LogSlate: Updating window title bar state: overlay mode, drag disabled, window buttons hidden, title bar hidden
[2018.11.08-05.04.39:449][  0]LogSlate: Updating window title bar state: overlay mode, drag disabled, window buttons hidden, title bar hidden
[2018.11.08-05.04.39:461][  0]LogSlate: Updating window title bar state: overlay mode, drag disabled, window buttons hidden, title bar hidden
[2018.11.08-05.04.39:471][  0]LogCollectionManager: Loaded 0 collections in 0.002172 seconds
[2018.11.08-05.04.39:529][  0]LogFileCache: Scanning file cache for directory 'C:/Users/Peter/Documents/GitHub/Playground/UE4Playground/Saved/Collections/' took 0.01s
[2018.11.08-05.04.39:529][  0]LogFileCache: Scanning file cache for directory 'C:/Users/Peter/Documents/GitHub/Playground/UE4Playground/Content/Developers/Peter/Collections/' took 0.01s
[2018.11.08-05.04.39:529][  0]LogFileCache: Scanning file cache for directory 'C:/Users/Peter/Documents/GitHub/Playground/UE4Playground/Content/Collections/' took 0.01s
[2018.11.08-05.04.39:529][  0]LogCollectionManager: Rebuilt the GUID cache for 0 collections in 0.000000 seconds
[2018.11.08-05.04.39:550][  0]LogContentBrowser: Native class hierarchy populated in 0.0207 seconds. Added 2577 classes and 605 folders.
[2018.11.08-05.04.39:561][  0]LogContentBrowser: Native class hierarchy updated for 'WidgetCarousel' in 0.0006 seconds. Added 0 classes and 0 folders.
[2018.11.08-05.04.39:622][  0]LogContentBrowser: Native class hierarchy updated for 'AddContentDialog' in 0.0005 seconds. Added 0 classes and 0 folders.
[2018.11.08-05.04.39:634][  0]LogContentBrowser: Native class hierarchy updated for 'SceneOutliner' in 0.0006 seconds. Added 1 classes and 2 folders.
[2018.11.08-05.04.39:659][  0]LogSlate: Took 0.000313 seconds to synchronously load lazily loaded font '../../../Engine/Content/Slate/Fonts/Roboto-Regular.ttf' (155K)
[2018.11.08-05.04.39:662][  0]LogSlate: Took 0.000229 seconds to synchronously load lazily loaded font '../../../Engine/Content/Slate/Fonts/Roboto-Bold.ttf' (160K)
[2018.11.08-05.04.39:671][  0]LogSlate: Took 0.000267 seconds to synchronously load lazily loaded font '../../../Engine/Content/Editor/Slate/Fonts/FontAwesome.ttf' (139K)
[2018.11.08-05.04.39:787][  0]LogRenderer: Reallocating scene render targets to support 1208x576 Format 10 NumSamples 1 (Frame:1).
[2018.11.08-05.04.39:976][  0]LogContentBrowser: Native class hierarchy updated for 'HierarchicalLODOutliner' in 0.0005 seconds. Added 0 classes and 0 folders.
[2018.11.08-05.04.39:977][  0]LogLoad: (Engine Initialization) Total time: 14.02 seconds
[2018.11.08-05.04.39:977][  0]LogLoad: (Engine Initialization) Total Blueprint compile time: 0.00 seconds
[2018.11.08-05.04.40:010][  0]LogContentStreaming: Texture pool size now 1000 MB
[2018.11.08-05.04.40:065][  0]LogSlate: Took 0.000353 seconds to synchronously load lazily loaded font '../../../Engine/Content/Slate/Fonts/Roboto-Light.ttf' (167K)
[2018.11.08-05.04.40:200][  2]LogAssetRegistry: Asset discovery search completed in 7.2980 seconds
[2018.11.08-05.04.40:203][  2]LogCollectionManager: Rebuilt the object cache for 0 collections in 0.000000 seconds (found 0 objects)
[2018.11.08-05.04.40:203][  2]LogCollectionManager: Fixed up redirectors for 0 collections in 0.000190 seconds (updated 0 objects)
[2018.11.08-05.04.41:059][ 51]LogSlate: Took 0.000251 seconds to synchronously load lazily loaded font '../../../Engine/Content/Slate/Fonts/Roboto-Light.ttf' (167K)
[2018.11.08-05.04.42:935][243]LogSlate: FSceneViewport::OnFocusLost() reason 0
[2018.11.08-05.04.43:010][252]LogTemp: Repeating last play command: Selected Viewport
[2018.11.08-05.04.43:042][252]LogBlueprintUserMessages: Early PlayInEditor Detection: Level '/Game/FirstPersonCPP/Maps/FirstPersonExampleMap.FirstPersonExampleMap:PersistentLevel' has LevelScriptBlueprint '/Game/FirstPersonCPP/Maps/FirstPersonExampleMap.FirstPersonExampleMap:PersistentLevel.FirstPersonExampleMap' with GeneratedClass '/Game/FirstPersonCPP/Maps/FirstPersonExampleMap.FirstPersonExampleMap_C' with ClassGeneratedBy '/Game/FirstPersonCPP/Maps/FirstPersonExampleMap.FirstPersonExampleMap:PersistentLevel.FirstPersonExampleMap'
[2018.11.08-05.04.43:042][252]LogPlayLevel: PlayLevel: No blueprints needed recompiling
[2018.11.08-05.04.43:058][252]PIE: New page: PIE session: FirstPersonExampleMap (Nov 7, 2018, 5:04:43 PM)
[2018.11.08-05.04.43:058][252]LogPlayLevel: Creating play world package: /Game/FirstPersonCPP/Maps/UEDPIE_0_FirstPersonExampleMap
[2018.11.08-05.04.43:100][252]LogPlayLevel: PIE: StaticDuplicateObject took: (0.041371s)
[2018.11.08-05.04.43:102][252]LogAIModule: Creating AISystem for world FirstPersonExampleMap
[2018.11.08-05.04.43:102][252]LogPlayLevel: PIE: World Init took: (0.002206s)
[2018.11.08-05.04.43:102][252]LogPlayLevel: PIE: Created PIE world by copying editor world from /Game/FirstPersonCPP/Maps/FirstPersonExampleMap.FirstPersonExampleMap to /Game/FirstPersonCPP/Maps/UEDPIE_0_FirstPersonExampleMap.FirstPersonExampleMap (0.044215s)
[2018.11.08-05.04.43:149][252]LogInit: XAudio2 using 'Speakers (2- High Definition Audio Device)' : 2 channels at 44.1 kHz using 16 bits per sample (channel mask 0x3)
[2018.11.08-05.04.43:158][252]LogInit: FAudioDevice initialized.
[2018.11.08-05.04.43:211][252]LogLoad: Game class is 'UE4PlaygroundGameMode'
[2018.11.08-05.04.43:218][252]LogWorld: Bringing World /Game/FirstPersonCPP/Maps/UEDPIE_0_FirstPersonExampleMap.FirstPersonExampleMap up for play (max tick rate 0) at 2018.11.07-23.04.43
[2018.11.08-05.04.43:219][252]LogWorld: Bringing up level for play took: 0.005103
[2018.11.08-05.04.43:244][252]LogContentBrowser: Native class hierarchy updated for 'MovieSceneCapture' in 0.0008 seconds. Added 10 classes and 0 folders.
[2018.11.08-05.04.47:893][252]PIE: Play in editor start time for /Game/FirstPersonCPP/Maps/UEDPIE_0_FirstPersonExampleMap 3.981
[2018.11.08-05.04.47:894][252]LogBlueprintUserMessages: Late PlayInEditor Detection: Level '/Game/FirstPersonCPP/Maps/FirstPersonExampleMap.FirstPersonExampleMap:PersistentLevel' has LevelScriptBlueprint '/Game/FirstPersonCPP/Maps/FirstPersonExampleMap.FirstPersonExampleMap:PersistentLevel.FirstPersonExampleMap' with GeneratedClass '/Game/FirstPersonCPP/Maps/FirstPersonExampleMap.FirstPersonExampleMap_C' with ClassGeneratedBy '/Game/FirstPersonCPP/Maps/FirstPersonExampleMap.FirstPersonExampleMap:PersistentLevel.FirstPersonExampleMap'
[2018.11.08-05.05.40:354][197]LogBlueprintUserMessages: Early EndPlayMap Detection: Level '/Game/FirstPersonCPP/Maps/FirstPersonExampleMap.FirstPersonExampleMap:PersistentLevel' has LevelScriptBlueprint '/Game/FirstPersonCPP/Maps/FirstPersonExampleMap.FirstPersonExampleMap:PersistentLevel.FirstPersonExampleMap' with GeneratedClass '/Game/FirstPersonCPP/Maps/FirstPersonExampleMap.FirstPersonExampleMap_C' with ClassGeneratedBy '/Game/FirstPersonCPP/Maps/FirstPersonExampleMap.FirstPersonExampleMap:PersistentLevel.FirstPersonExampleMap'
[2018.11.08-05.05.40:355][197]LogSlate: Updating window title bar state: overlay mode, drag disabled, window buttons hidden, title bar hidden
[2018.11.08-05.05.40:400][197]LogPlayLevel: Display: Shutting down PIE online subsystems
[2018.11.08-05.05.40:400][197]LogBlueprintUserMessages: Late EndPlayMap Detection: Level '/Game/FirstPersonCPP/Maps/FirstPersonExampleMap.FirstPersonExampleMap:PersistentLevel' has LevelScriptBlueprint '/Game/FirstPersonCPP/Maps/FirstPersonExampleMap.FirstPersonExampleMap:PersistentLevel.FirstPersonExampleMap' with GeneratedClass '/Game/FirstPersonCPP/Maps/FirstPersonExampleMap.FirstPersonExampleMap_C' with ClassGeneratedBy '/Game/FirstPersonCPP/Maps/FirstPersonExampleMap.FirstPersonExampleMap:PersistentLevel.FirstPersonExampleMap'
[2018.11.08-05.05.40:472][197]LogSlate: Updating window title bar state: overlay mode, drag disabled, window buttons hidden, title bar hidden
[2018.11.08-05.05.40:521][198]LogPlayLevel: Display: Destroying online subsystem :Context_7
[2018.11.08-05.05.41:966][313]LogSlate: FSceneViewport::OnFocusLost() reason 0
[2018.11.08-05.05.42:054][322]LogTemp: Repeating last play command: Selected Viewport
[2018.11.08-05.05.42:090][322]LogBlueprintUserMessages: Early PlayInEditor Detection: Level '/Game/FirstPersonCPP/Maps/FirstPersonExampleMap.FirstPersonExampleMap:PersistentLevel' has LevelScriptBlueprint '/Game/FirstPersonCPP/Maps/FirstPersonExampleMap.FirstPersonExampleMap:PersistentLevel.FirstPersonExampleMap' with GeneratedClass '/Game/FirstPersonCPP/Maps/FirstPersonExampleMap.FirstPersonExampleMap_C' with ClassGeneratedBy '/Game/FirstPersonCPP/Maps/FirstPersonExampleMap.FirstPersonExampleMap:PersistentLevel.FirstPersonExampleMap'
[2018.11.08-05.05.42:091][322]LogPlayLevel: PlayLevel: No blueprints needed recompiling
[2018.11.08-05.05.42:091][322]PIE: New page: PIE session: FirstPersonExampleMap (Nov 7, 2018, 5:05:42 PM)
[2018.11.08-05.05.42:091][322]LogPlayLevel: Creating play world package: /Game/FirstPersonCPP/Maps/UEDPIE_0_FirstPersonExampleMap
[2018.11.08-05.05.42:116][322]LogPlayLevel: PIE: StaticDuplicateObject took: (0.024218s)
[2018.11.08-05.05.42:117][322]LogAIModule: Creating AISystem for world FirstPersonExampleMap
[2018.11.08-05.05.42:118][322]LogPlayLevel: PIE: World Init took: (0.001539s)
[2018.11.08-05.05.42:118][322]LogPlayLevel: PIE: Created PIE world by copying editor world from /Game/FirstPersonCPP/Maps/FirstPersonExampleMap.FirstPersonExampleMap to /Game/FirstPersonCPP/Maps/UEDPIE_0_FirstPersonExampleMap.FirstPersonExampleMap (0.026326s)
[2018.11.08-05.05.42:173][322]LogInit: XAudio2 using 'Speakers (2- High Definition Audio Device)' : 2 channels at 44.1 kHz using 16 bits per sample (channel mask 0x3)
[2018.11.08-05.05.42:191][322]LogInit: FAudioDevice initialized.
[2018.11.08-05.05.42:240][322]LogLoad: Game class is 'UE4PlaygroundGameMode'
[2018.11.08-05.05.42:243][322]LogWorld: Bringing World /Game/FirstPersonCPP/Maps/UEDPIE_0_FirstPersonExampleMap.FirstPersonExampleMap up for play (max tick rate 0) at 2018.11.07-23.05.42
[2018.11.08-05.05.42:244][322]LogWorld: Bringing up level for play took: 0.003359
[2018.11.08-05.05.42:277][322]PIE: Play in editor start time for /Game/FirstPersonCPP/Maps/UEDPIE_0_FirstPersonExampleMap 0.365
[2018.11.08-05.05.42:278][322]LogBlueprintUserMessages: Late PlayInEditor Detection: Level '/Game/FirstPersonCPP/Maps/FirstPersonExampleMap.FirstPersonExampleMap:PersistentLevel' has LevelScriptBlueprint '/Game/FirstPersonCPP/Maps/FirstPersonExampleMap.FirstPersonExampleMap:PersistentLevel.FirstPersonExampleMap' with GeneratedClass '/Game/FirstPersonCPP/Maps/FirstPersonExampleMap.FirstPersonExampleMap_C' with ClassGeneratedBy '/Game/FirstPersonCPP/Maps/FirstPersonExampleMap.FirstPersonExampleMap:PersistentLevel.FirstPersonExampleMap'
