Log file open, 10/14/18 09:49:31
LogWindows: Failed to load 'aqProf.dll' (GetLastError=126)
LogWindows: File 'aqProf.dll' does not exist
LogWindows: Failed to load 'VtuneApi.dll' (GetLastError=126)
LogWindows: File 'VtuneApi.dll' does not exist
LogWindows: Failed to load 'VtuneApi32e.dll' (GetLastError=126)
LogWindows: File 'VtuneApi32e.dll' does not exist
LogInit: Display: Running engine for game: UE4Playground
LogPlatformFile: Not using cached read wrapper
LogTaskGraph: Started task graph with 5 named threads and 11 total threads with 3 sets of task threads.
LogStats: Stats thread started at 0.203676
LogD3D11RHI: Loaded GFSDK_Aftermath_Lib.x64.dll
LogICUInternationalization: Display: ICU TimeZone Detection - Raw Offset: -6:00, Platform Override: ''
LogPluginManager: Mounting plugin Paper2D
LogPluginManager: Mounting plugin AISupport
LogPluginManager: Mounting plugin LightPropagationVolume
LogPluginManager: Mounting plugin CLionSourceCodeAccess
LogPluginManager: Mounting plugin CodeLiteSourceCodeAccess
LogPluginManager: Mounting plugin GitSourceControl
LogPluginManager: Mounting plugin KDevelopSourceCodeAccess
LogPluginManager: Mounting plugin NullSourceCodeAccess
LogPluginManager: Mounting plugin PerforceSourceControl
LogPluginManager: Mounting plugin SubversionSourceControl
LogPluginManager: Mounting plugin UObjectPlugin
LogPluginManager: Mounting plugin VisualStudioCodeSourceCodeAccess
LogPluginManager: Mounting plugin VisualStudioSourceCodeAccess
LogPluginManager: Mounting plugin XCodeSourceCodeAccess
LogPluginManager: Mounting plugin AssetManagerEditor
LogPluginManager: Mounting plugin CryptoKeys
LogPluginManager: Mounting plugin DataValidation
LogPluginManager: Mounting plugin FacialAnimation
LogPluginManager: Mounting plugin GameplayTagsEditor
LogPluginManager: Mounting plugin MacGraphicsSwitching
LogPluginManager: Mounting plugin MeshEditor
LogPluginManager: Mounting plugin MobileLauncherProfileWizard
LogPluginManager: Mounting plugin PluginBrowser
LogPluginManager: Mounting plugin SpeedTreeImporter
LogPluginManager: Mounting plugin DatasmithContent
LogPluginManager: Mounting plugin AlembicImporter
LogPluginManager: Mounting plugin AppleImageUtils
LogPluginManager: Mounting plugin AppleVision
LogPluginManager: Mounting plugin BackChannel
LogPluginManager: Mounting plugin CharacterAI
LogPluginManager: Mounting plugin GeometryCache
LogPluginManager: Mounting plugin HTML5Networking
LogPluginManager: Mounting plugin ProxyLODPlugin
LogPluginManager: Mounting plugin MagicLeap
LogPluginManager: Mounting plugin MagicLeapEmulator
LogPluginManager: Mounting plugin MagicLeapMedia
LogPluginManager: Mounting plugin AndroidMedia
LogPluginManager: Mounting plugin AvfMedia
LogPluginManager: Mounting plugin ImgMedia
LogPluginManager: Mounting plugin LinearTimecode
LogPluginManager: Mounting plugin MediaCompositing
LogPluginManager: Mounting plugin MediaPlayerEditor
LogPluginManager: Mounting plugin WmfMedia
LogPluginManager: Mounting plugin TcpMessaging
LogPluginManager: Mounting plugin UdpMessaging
LogPluginManager: Mounting plugin ActorSequence
LogPluginManager: Mounting plugin LevelSequenceEditor
LogPluginManager: Mounting plugin MatineeToLevelSequence
LogPluginManager: Mounting plugin NetcodeUnitTest
LogPluginManager: Mounting plugin NUTUnrealEngine4
LogPluginManager: Mounting plugin OnlineSubsystemGooglePlay
LogPluginManager: Mounting plugin OnlineSubsystemIOS
LogPluginManager: Mounting plugin OnlineSubsystem
LogPluginManager: Mounting plugin OnlineSubsystemNull
LogPluginManager: Mounting plugin OnlineSubsystemUtils
LogPluginManager: Mounting plugin LauncherChunkInstaller
LogPluginManager: Mounting plugin AndroidDeviceProfileSelector
LogPluginManager: Mounting plugin AndroidMoviePlayer
LogPluginManager: Mounting plugin AndroidPermission
LogPluginManager: Mounting plugin AppleMoviePlayer
LogPluginManager: Mounting plugin ArchVisCharacter
LogPluginManager: Mounting plugin AudioCapture
LogPluginManager: Mounting plugin CableComponent
LogPluginManager: Mounting plugin CustomMeshComponent
LogPluginManager: Mounting plugin EditableMesh
LogPluginManager: Mounting plugin ExampleDeviceProfileSelector
LogPluginManager: Mounting plugin GoogleCloudMessaging
LogPluginManager: Mounting plugin ImmediatePhysics
LogPluginManager: Mounting plugin IOSDeviceProfileSelector
LogPluginManager: Mounting plugin LinuxDeviceProfileSelector
LogPluginManager: Mounting plugin LocationServicesBPLibrary
LogPluginManager: Mounting plugin MobilePatchingUtils
LogPluginManager: Mounting plugin OculusVR
LogPluginManager: Plugin shader directory ../../../Engine/Plugins/Runtime/Oculus/OculusVR/Shaders found
LogPluginManager: Mapping shader source directory ../../../Engine/Plugins/Runtime/Oculus/OculusVR/Shaders to virtual directory /Plugin/OculusVR
LogPluginManager: Mounting plugin PhysXVehicles
LogPluginManager: Mounting plugin ProceduralMeshComponent
LogPluginManager: Mounting plugin RuntimePhysXCooking
LogPluginManager: Mounting plugin SteamVR
LogPluginManager: Mounting plugin WindowsMoviePlayer
LogStreaming: Display: Took  0.322s to configure plugins.
LogInit: Using libcurl 7.55.1-DEV
LogInit:  - built for x86_64-pc-win32
LogInit:  - supports SSL with OpenSSL/1.0.2h
LogInit:  - supports HTTP deflate (compression) using libz 1.2.8
LogInit:  - other features:
LogInit:      CURL_VERSION_SSL
LogInit:      CURL_VERSION_LIBZ
LogInit:      CURL_VERSION_IPV6
LogInit:      CURL_VERSION_ASYNCHDNS
LogInit:      CURL_VERSION_LARGEFILE
LogInit:      CURL_VERSION_IDN
LogInit:  CurlRequestOptions (configurable via config and command line):
LogInit:  - bVerifyPeer = false  - Libcurl will NOT verify peer certificate
LogInit:  - bUseHttpProxy = false  - Libcurl will NOT use HTTP proxy
LogInit:  - bDontReuseConnections = false  - Libcurl will reuse connections
LogInit:  - CertBundlePath = nullptr  - Libcurl will use whatever was configured at build time.
LogInit:  - MaxHostConnections = 16  - Libcurl will limit the number of connections to a host
LogInit:  - LocalHostAddr = Default
LogInit:  - BufferSize = 65536
LogInit: WinSock: version 1.1 (2.2), MaxSocks=32767, MaxUdp=65467
LogInit: Build: ++UE4+Release-4.20-CL-4369336
LogInit: Engine Version: 4.20.3-4369336+++UE4+Release-4.20
LogInit: Compatible Engine Version: 4.20.0-4212847+++UE4+Release-4.20
LogInit: Net CL: 4212847
LogInit: OS: Windows 8.1 (), CPU: AMD FX(tm)-4300 Quad-Core Processor            , GPU: NVIDIA GeForce GTX 970
LogInit: Compiled (64-bit): Sep 17 2018 12:26:19
LogInit: Compiled with Visual C++: 19.13.26129.00
LogInit: Build Configuration: Development
LogInit: Branch Name: ++UE4+Release-4.20
LogInit: Command Line:  
LogInit: Base Directory: C:/Program Files/Epic Games/UE_4.20/Engine/Binaries/Win64/
LogInit: Installed Engine Build: 1
LogDevObjectVersion: Number of dev versions registered: 20
LogDevObjectVersion:   Dev-Blueprints (B0D832E4-1F89-4F0D-ACCF-7EB736FD4AA2): 10
LogDevObjectVersion:   Dev-Build (E1C64328-A22C-4D53-A36C-8E866417BD8C): 0
LogDevObjectVersion:   Dev-Core (375EC13C-06E4-48FB-B500-84F0262A717E): 2
LogDevObjectVersion:   Dev-Editor (E4B068ED-F494-42E9-A231-DA0B2E46BB41): 24
LogDevObjectVersion:   Dev-Framework (CFFC743F-43B0-4480-9391-14DF171D2073): 34
LogDevObjectVersion:   Dev-Mobile (B02B49B5-BB20-44E9-A304-32B752E40360): 2
LogDevObjectVersion:   Dev-Networking (A4E4105C-59A1-49B5-A7C5-40C4547EDFEE): 0
LogDevObjectVersion:   Dev-Online (39C831C9-5AE6-47DC-9A44-9C173E1C8E7C): 0
LogDevObjectVersion:   Dev-Physics (78F01B33-EBEA-4F98-B9B4-84EACCB95AA2): 0
LogDevObjectVersion:   Dev-Platform (6631380F-2D4D-43E0-8009-CF276956A95A): 0
LogDevObjectVersion:   Dev-Rendering (12F88B9F-8875-4AFC-A67C-D90C383ABD29): 26
LogDevObjectVersion:   Dev-Sequencer (7B5AE74C-D270-4C10-A958-57980B212A5A): 9
LogDevObjectVersion:   Dev-VR (D7296918-1DD6-4BDD-9DE2-64A83CC13884): 2
LogDevObjectVersion:   Dev-LoadTimes (C2A15278-BFE7-4AFE-6C17-90FF531DF755): 1
LogDevObjectVersion:   Private-Geometry (6EACA3D4-40EC-4CC1-B786-8BED09428FC5): 3
LogDevObjectVersion:   Dev-AnimPhys (29E575DD-E0A3-4627-9D10-D276232CDCEA): 17
LogDevObjectVersion:   Dev-ReflectionCapture (6B266CEC-1EC7-4B8F-A30B-E4D90942FC07): 1
LogDevObjectVersion:   Dev-Automation (0DF73D61-A23F-47EA-B727-89E90C41499A): 1
LogDevObjectVersion:   FortniteMain (601D1886-AC64-4F84-AA16-D3DE0DEAC7D6): 12
LogDevObjectVersion:   Dev-Enterprise (9DFFBCD6-494F-0158-E221-12823C92A888): 1
LogStreaming: Display: Took  0.008s to delete old logs.
LogInit: Presizing for max 8388607 objects, including 0 objects not considered by GC, pre-allocating 0 bytes for permanent pool.
LogInit: Object subsystem initialized
[2018.10.14-14.49.32:000][  0]LogInit: Selected Device Profile: [Windows]
[2018.10.14-14.49.32:000][  0]LogInit: Applying CVar settings loaded from the selected device profile: [Windows]
[2018.10.14-14.49.32:028][  0]LogHAL: Display: Platform has ~ 16 GB [17160523776 / 17179869184 / 16], which maps to Larger [LargestMinGB=32, LargerMinGB=12, DefaultMinGB=8, SmallerMinGB=6, SmallestMinGB=0)
[2018.10.14-14.49.32:028][  0]LogInit: Setting Device Profile CVar: [[r.Vulkan.UseRealUBs:1]]
[2018.10.14-14.49.32:028][  0]LogInit: Going up to parent DeviceProfile []
[2018.10.14-14.49.32:028][  0]LogInit: Computer: PETEPC
[2018.10.14-14.49.32:028][  0]LogInit: User: Peter
[2018.10.14-14.49.32:028][  0]LogInit: CPU Page size=4096, Cores=2
[2018.10.14-14.49.32:028][  0]LogInit: High frequency timer resolution =3.727432 MHz
[2018.10.14-14.49.32:029][  0]LogMemory: Memory total: Physical=16.0GB (16GB approx)
[2018.10.14-14.49.32:029][  0]LogMemory: Platform Memory Stats for Windows
[2018.10.14-14.49.32:029][  0]LogMemory: Process Physical Memory: 98.36 MB used, 98.36 MB peak
[2018.10.14-14.49.32:029][  0]LogMemory: Process Virtual Memory: 84.07 MB used, 84.07 MB peak
[2018.10.14-14.49.32:029][  0]LogMemory: Physical Memory: 4600.07 MB used,  11765.48 MB free, 16365.55 MB total
[2018.10.14-14.49.32:029][  0]LogMemory: Virtual Memory: 468.17 MB used,  11765.48 MB free, 134217728.00 MB total
[2018.10.14-14.49.32:089][  0]LogInit: Using OS detected language (en-GB).
[2018.10.14-14.49.32:089][  0]LogInit: Using OS detected locale (en-US).
[2018.10.14-14.49.32:091][  0]LogTextLocalizationManager: No specific localization for 'en-GB' exists, so the 'en' localization will be used.
[2018.10.14-14.49.32:630][  0]LogStreaming: Display: Took  0.541s to InitEngineTextLocalization.
[2018.10.14-14.49.32:630][  0]LogInit: Setting process to per monitor DPI aware
[2018.10.14-14.49.32:668][  0]LogSlate: New Slate User Created.  User Index 0, Is Virtual User: 0
[2018.10.14-14.49.32:668][  0]LogSlate: Slate User Registered.  User Index 0, Is Virtual User: 0
[2018.10.14-14.49.32:961][  0]LogHMD: Failed to initialize OpenVR with code 110
[2018.10.14-14.49.32:961][  0]LogD3D11RHI: D3D11 adapters:
[2018.10.14-14.49.33:026][  0]LogD3D11RHI:    0. 'NVIDIA GeForce GTX 970' (Feature Level 11_0)
[2018.10.14-14.49.33:026][  0]LogD3D11RHI:       3992/0/8182 MB DedicatedVideo/DedicatedSystem/SharedSystem, Outputs:2, VendorId:0x10de
[2018.10.14-14.49.33:029][  0]LogD3D11RHI:    1. 'Microsoft Basic Render Driver' (Feature Level 11_0)
[2018.10.14-14.49.33:029][  0]LogD3D11RHI:       0/0/256 MB DedicatedVideo/DedicatedSystem/SharedSystem, Outputs:0, VendorId:0x1414
[2018.10.14-14.49.33:029][  0]LogD3D11RHI: Chosen D3D11 Adapter: 0
[2018.10.14-14.49.33:035][  0]LogD3D11RHI: Creating new Direct3DDevice
[2018.10.14-14.49.33:035][  0]LogD3D11RHI:     GPU DeviceId: 0x13c2 (for the marketing name, search the web for "GPU Device Id")
[2018.10.14-14.49.33:035][  0]LogWindows: EnumDisplayDevices:
[2018.10.14-14.49.33:035][  0]LogWindows:    0. 'NVIDIA GeForce GTX 970' (P:0 D:1)
[2018.10.14-14.49.33:035][  0]LogWindows:    1. 'NVIDIA GeForce GTX 970' (P:1 D:1)
[2018.10.14-14.49.33:036][  0]LogWindows:    2. 'NVIDIA GeForce GTX 970' (P:0 D:0)
[2018.10.14-14.49.33:036][  0]LogWindows:    3. 'NVIDIA GeForce GTX 970' (P:0 D:0)
[2018.10.14-14.49.33:037][  0]LogWindows: DebugString: FoundDriverCount:4 
[2018.10.14-14.49.33:037][  0]LogD3D11RHI:     Adapter Name: NVIDIA GeForce GTX 970
[2018.10.14-14.49.33:037][  0]LogD3D11RHI:   Driver Version: 391.35 (internal:23.21.13.9135, unified:391.35)
[2018.10.14-14.49.33:037][  0]LogD3D11RHI:      Driver Date: 3-23-2018
[2018.10.14-14.49.33:037][  0]LogRHI: Texture pool is 2794 MB (70% of 3992 MB)
[2018.10.14-14.49.33:072][  0]LogD3D11RHI: Async texture creation enabled
[2018.10.14-14.49.33:092][  0]LogD3D11RHI: GPU Timing Frequency: 1000.000000 (Debug: 2 2)
[2018.10.14-14.49.33:144][  0]LogShaderCompilers: Guid format shader working directory is -26 characters bigger than the processId version (../../../../../../Users/Peter/Documents/GitHub/Playground/UE4Playground/Intermediate/Shaders/WorkingDirectory/10348/).
[2018.10.14-14.49.33:144][  0]LogShaderCompilers: Cleaned the shader compiler working directory 'C:/Users/Peter/AppData/Local/Temp/UnrealShaderWorkingDir/6947D72044A3542EC8C3A7880F63186E/'.
[2018.10.14-14.49.33:600][  0]LogTemp: Display: Loaded TP AllDesktopTargetPlatform
[2018.10.14-14.49.33:628][  0]LogTemp: Display: Loaded TP MacClientTargetPlatform
[2018.10.14-14.49.33:655][  0]LogTemp: Display: Loaded TP MacNoEditorTargetPlatform
[2018.10.14-14.49.33:679][  0]LogTemp: Display: Loaded TP MacServerTargetPlatform
[2018.10.14-14.49.33:707][  0]LogTemp: Display: Loaded TP MacTargetPlatform
[2018.10.14-14.49.33:732][  0]LogTemp: Display: Loaded TP WindowsClientTargetPlatform
[2018.10.14-14.49.33:757][  0]LogTemp: Display: Loaded TP WindowsNoEditorTargetPlatform
[2018.10.14-14.49.33:785][  0]LogTemp: Display: Loaded TP WindowsServerTargetPlatform
[2018.10.14-14.49.33:797][  0]LogTemp: Display: Loaded TP WindowsTargetPlatform
[2018.10.14-14.49.33:959][  0]LogTemp: Display: Loaded TP AndroidTargetPlatform
[2018.10.14-14.49.33:959][  0]LogTemp: Display: Loaded TP AndroidTargetPlatform
[2018.10.14-14.49.33:959][  0]LogTemp: Display: Loaded TP AndroidTargetPlatform
[2018.10.14-14.49.33:959][  0]LogTemp: Display: Loaded TP AndroidTargetPlatform
[2018.10.14-14.49.33:959][  0]LogTemp: Display: Loaded TP AndroidTargetPlatform
[2018.10.14-14.49.33:959][  0]LogTemp: Display: Loaded TP AndroidTargetPlatform
[2018.10.14-14.49.33:959][  0]LogTemp: Display: Loaded TP AndroidTargetPlatform
[2018.10.14-14.49.33:959][  0]LogTemp: Display: Loaded TP AndroidTargetPlatform
[2018.10.14-14.49.33:959][  0]LogTemp: Display: Loaded TP AndroidTargetPlatform
[2018.10.14-14.49.33:959][  0]LogTemp: Display: Loaded TP AndroidTargetPlatform
[2018.10.14-14.49.33:959][  0]LogTemp: Display: Loaded TP AndroidTargetPlatform
[2018.10.14-14.49.33:959][  0]LogTemp: Display: Loaded TP AndroidTargetPlatform
[2018.10.14-14.49.33:959][  0]LogTemp: Display: Loaded TP AndroidTargetPlatform
[2018.10.14-14.49.33:959][  0]LogTemp: Display: Loaded TP AndroidTargetPlatform
[2018.10.14-14.49.33:959][  0]LogTemp: Display: Loaded TP AndroidTargetPlatform
[2018.10.14-14.49.33:959][  0]LogTemp: Display: Loaded TP AndroidTargetPlatform
[2018.10.14-14.49.33:959][  0]LogTemp: Display: Loaded TP AndroidTargetPlatform
[2018.10.14-14.49.33:959][  0]LogTemp: Display: Loaded TP AndroidTargetPlatform
[2018.10.14-14.49.33:962][  0]LogTemp: Display: Loaded TP HTML5TargetPlatform
[2018.10.14-14.49.34:048][  0]LogTemp: Display: Loaded TP IOSTargetPlatform
[2018.10.14-14.49.34:048][  0]LogTemp: Display: Loaded TP IOSTargetPlatform
[2018.10.14-14.49.34:091][  0]LogTemp: Display: Loaded TP TVOSTargetPlatform
[2018.10.14-14.49.34:091][  0]LogTemp: Display: Loaded TP TVOSTargetPlatform
[2018.10.14-14.49.34:115][  0]LogTemp: Display: Loaded TP LinuxClientTargetPlatform
[2018.10.14-14.49.34:142][  0]LogTemp: Display: Loaded TP LinuxNoEditorTargetPlatform
[2018.10.14-14.49.34:167][  0]LogTemp: Display: Loaded TP LinuxServerTargetPlatform
[2018.10.14-14.49.34:192][  0]LogTemp: Display: Loaded TP LinuxTargetPlatform
[2018.10.14-14.49.34:210][  0]LogTemp: Display: Loaded TP LuminTargetPlatform
[2018.10.14-14.49.34:210][  0]LogTargetPlatformManager: Display: Building Assets For Windows
[2018.10.14-14.49.34:327][  0]LogXGEController: Cleaning working directory: C:/Users/Peter/AppData/Local/Temp/UnrealXGEWorkingDir/
[2018.10.14-14.49.34:327][  0]LogXGEController: Cannot use XGE Controller as Incredibuild is not installed on this machine.
[2018.10.14-14.49.34:327][  0]LogShaderCompilers: Cannot use XGE Shader Compiler as Incredibuild is not installed on this machine.
[2018.10.14-14.49.34:327][  0]LogShaderCompilers: Display: Using Local Shader Compiler.
[2018.10.14-14.49.35:822][  0]LogDerivedDataCache: Display: Max Cache Size: 512 MB
[2018.10.14-14.49.35:948][  0]LogDerivedDataCache: Loaded boot cache 0.13s 73MB C:/Users/Peter/AppData/Local/UnrealEngine/4.20/DerivedDataCache/Boot.ddc.
[2018.10.14-14.49.35:949][  0]LogDerivedDataCache: Display: Loaded Boot cache: C:/Users/Peter/AppData/Local/UnrealEngine/4.20/DerivedDataCache/Boot.ddc
[2018.10.14-14.49.35:949][  0]LogDerivedDataCache: FDerivedDataBackendGraph:  Pak pak cache file ../../../../../../Users/Peter/Documents/GitHub/Playground/UE4Playground/DerivedDataCache/DDC.ddp not found, will not use a pak cache.
[2018.10.14-14.49.35:949][  0]LogDerivedDataCache: Unable to find inner node Pak for hierarchical cache Hierarchy.
[2018.10.14-14.49.35:949][  0]LogDerivedDataCache: FDerivedDataBackendGraph:  CompressedPak pak cache file ../../../../../../Users/Peter/Documents/GitHub/Playground/UE4Playground/DerivedDataCache/Compressed.ddp not found, will not use a pak cache.
[2018.10.14-14.49.35:949][  0]LogDerivedDataCache: Unable to find inner node CompressedPak for hierarchical cache Hierarchy.
[2018.10.14-14.49.35:974][  0]LogDerivedDataCache: Display: Pak cache opened for reading ../../../Engine/DerivedDataCache/Compressed.ddp.
[2018.10.14-14.49.35:988][  0]LogDerivedDataCache: Using Local data cache path C:/Users/Peter/AppData/Local/UnrealEngine/Common/DerivedDataCache: Writable
[2018.10.14-14.49.35:988][  0]LogDerivedDataCache: Shared data cache path not found in *engine.ini, will not use an Shared cache.
[2018.10.14-14.49.35:988][  0]LogDerivedDataCache: Unable to find inner node Shared for hierarchical cache Hierarchy.
[2018.10.14-14.49.36:024][  0]LogMaterial: Verifying Global Shaders for PCD3D_SM5
[2018.10.14-14.49.36:026][  0]LogSlate: Using FreeType 2.6.0
[2018.10.14-14.49.36:027][  0]LogSlate: SlateFontServices - WITH_FREETYPE: 1, WITH_HARFBUZZ: 1
[2018.10.14-14.49.36:132][  0]LogAssetRegistry: FAssetRegistry took 0.0315 seconds to start up
[2018.10.14-14.49.36:742][  0]LogInit: Selected Device Profile: [Windows]
[2018.10.14-14.49.36:950][  0]LogSimplygon: Simplygon DLL not present - disabling.
[2018.10.14-14.49.36:957][  0]LogMeshReduction: Using SimplygonSwarm for distributed automatic mesh merging
[2018.10.14-14.49.36:957][  0]LogMeshReduction: Using ProxyLODMeshReduction for automatic mesh merging
[2018.10.14-14.49.36:957][  0]LogMeshReduction: Using QuadricMeshReduction for automatic static mesh reduction
[2018.10.14-14.49.36:957][  0]LogMeshReduction: No automatic skeletal mesh reduction module available
[2018.10.14-14.49.36:993][  0]LogNetVersion: UE4Playground 1.0.0, NetCL: 4212847, EngineNetVer: 5, GameNetVer: 0 (Checksum: 3127828240)
[2018.10.14-14.49.37:847][  0]LogPackageLocalizationCache: Processed 11 localized package path(s) for 2 prioritized culture(s) in 0.233863 seconds
[2018.10.14-14.49.37:858][  0]LogUObjectArray: 38425 objects as part of root set at end of initial load.
[2018.10.14-14.49.37:858][  0]LogUObjectAllocator: 6690872 out of 0 bytes used by permanent object pool.
[2018.10.14-14.49.37:858][  0]LogUObjectArray: CloseDisregardForGC: 0/0 objects in disregard for GC pool
[2018.10.14-14.49.39:119][  0]LogTcpMessaging: Initializing TcpMessaging bridge
[2018.10.14-14.49.39:134][  0]LogUdpMessaging: Initializing bridge on interface 0.0.0.0:0 to multicast group 230.0.0.1:6666.
[2018.10.14-14.49.39:304][  0]LogWindows: Windows GetLastError: The operation completed successfully. (0)
[2018.10.14-14.49.40:126][  0]LogWindows: Error: === Critical error: ===
[2018.10.14-14.49.40:126][  0]LogWindows: Error: 
[2018.10.14-14.49.40:126][  0]LogWindows: Error: Fatal error: [File:D:\Build\++UE4\Sync\Engine\Source\Runtime\CoreUObject\Private\UObject\UObjectGlobals.cpp] [Line: 3172] 
[2018.10.14-14.49.40:126][  0]LogWindows: Error: NewObject with empty name can't be used to create default subobjects (inside of UObject derived class constructor) as it produces inconsistent object names. Use ObjectInitializer.CreateDefaultSuobject<> instead.
[2018.10.14-14.49.40:126][  0]LogWindows: Error: 
[2018.10.14-14.49.40:126][  0]LogWindows: Error: 
[2018.10.14-14.49.40:126][  0]LogWindows: Error: [Callstack] 0x00007ff995788eac KERNELBASE.dll!UnknownFunction []
[2018.10.14-14.49.40:126][  0]LogWindows: Error: [Callstack] 0x00007ff982a66850 UE4Editor-ApplicationCore.dll!UnknownFunction []
[2018.10.14-14.49.40:126][  0]LogWindows: Error: [Callstack] 0x00007ff9729262fc UE4Editor-Core.dll!UnknownFunction []
[2018.10.14-14.49.40:126][  0]LogWindows: Error: [Callstack] 0x00007ff9728b51db UE4Editor-Core.dll!UnknownFunction []
[2018.10.14-14.49.40:126][  0]LogWindows: Error: [Callstack] 0x00007ff9723dddec UE4Editor-CoreUObject.dll!UnknownFunction []
[2018.10.14-14.49.40:126][  0]LogWindows: Error: [Callstack] 0x00007ff9696f4283 UE4Editor-Engine.dll!UnknownFunction []
[2018.10.14-14.49.40:126][  0]LogWindows: Error: [Callstack] 0x00007ff94bda3d27 UE4Editor-UE4Playground.dll!AUE4PlaygroundCharacter::AUE4PlaygroundCharacter() [c:\users\peter\documents\github\playground\ue4playground\source\ue4playground\ue4playgroundcharacter.cpp:94]
[2018.10.14-14.49.40:127][  0]LogWindows: Error: [Callstack] 0x00007ff97214aafd UE4Editor-CoreUObject.dll!UnknownFunction []
[2018.10.14-14.49.40:127][  0]LogWindows: Error: [Callstack] 0x00007ff97242dcf8 UE4Editor-CoreUObject.dll!UnknownFunction []
[2018.10.14-14.49.40:127][  0]LogWindows: Error: [Callstack] 0x00007ff97240da9f UE4Editor-CoreUObject.dll!UnknownFunction []
[2018.10.14-14.49.40:127][  0]LogWindows: Error: [Callstack] 0x00007ff972150a57 UE4Editor-CoreUObject.dll!UnknownFunction []
[2018.10.14-14.49.40:127][  0]LogWindows: Error: [Callstack] 0x00007ff9727ce08e UE4Editor-Core.dll!UnknownFunction []
[2018.10.14-14.49.40:127][  0]LogWindows: Error: [Callstack] 0x00007ff972987851 UE4Editor-Core.dll!UnknownFunction []
[2018.10.14-14.49.40:127][  0]LogWindows: Error: [Callstack] 0x00007ff98710d11c UE4Editor-Projects.dll!UnknownFunction []
[2018.10.14-14.49.40:127][  0]LogWindows: Error: [Callstack] 0x00007ff98710d404 UE4Editor-Projects.dll!UnknownFunction []
[2018.10.14-14.49.40:127][  0]LogWindows: Error: [Callstack] 0x00007ff72aeb8521 UE4Editor.exe!UnknownFunction []
[2018.10.14-14.49.40:127][  0]LogWindows: Error: [Callstack] 0x00007ff72aebd907 UE4Editor.exe!UnknownFunction []
[2018.10.14-14.49.40:127][  0]LogWindows: Error: [Callstack] 0x00007ff72aeb5968 UE4Editor.exe!UnknownFunction []
[2018.10.14-14.49.40:127][  0]LogWindows: Error: [Callstack] 0x00007ff72aeb5bba UE4Editor.exe!UnknownFunction []
[2018.10.14-14.49.40:127][  0]LogWindows: Error: [Callstack] 0x00007ff72aec3dac UE4Editor.exe!UnknownFunction []
[2018.10.14-14.49.40:127][  0]LogWindows: Error: [Callstack] 0x00007ff72aec5aaa UE4Editor.exe!UnknownFunction []
[2018.10.14-14.49.40:127][  0]LogWindows: Error: [Callstack] 0x00007ff9968513d2 KERNEL32.DLL!UnknownFunction []
[2018.10.14-14.49.40:127][  0]LogWindows: Error: [Callstack] 0x00007ff9983654f4 ntdll.dll!UnknownFunction []
[2018.10.14-14.49.40:127][  0]LogWindows: Error: 
[2018.10.14-14.49.40:153][  0]LogExit: Executing StaticShutdownAfterError
[2018.10.14-14.49.40:155][  0]LogWindows: FPlatformMisc::RequestExit(1)
[2018.10.14-14.49.40:157][  0]Log file closed, 10/14/18 09:49:40
