Log file open, 10/14/18 10:11:42
LogWindows: Failed to load 'aqProf.dll' (GetLastError=126)
LogWindows: File 'aqProf.dll' does not exist
LogWindows: Failed to load 'VtuneApi.dll' (GetLastError=126)
LogWindows: File 'VtuneApi.dll' does not exist
LogWindows: Failed to load 'VtuneApi32e.dll' (GetLastError=126)
LogWindows: File 'VtuneApi32e.dll' does not exist
LogInit: Display: Running engine for game: UE4Playground
LogPlatformFile: Not using cached read wrapper
LogTaskGraph: Started task graph with 5 named threads and 11 total threads with 3 sets of task threads.
LogStats: Stats thread started at 0.201009
LogD3D11RHI: Loaded GFSDK_Aftermath_Lib.x64.dll
LogICUInternationalization: Display: ICU TimeZone Detection - Raw Offset: -6:00, Platform Override: ''
LogPluginManager: Mounting plugin Paper2D
LogPluginManager: Mounting plugin AISupport
LogPluginManager: Mounting plugin LightPropagationVolume
LogPluginManager: Mounting plugin CLionSourceCodeAccess
LogPluginManager: Mounting plugin CodeLiteSourceCodeAccess
LogPluginManager: Mounting plugin GitSourceControl
LogPluginManager: Mounting plugin KDevelopSourceCodeAccess
LogPluginManager: Mounting plugin NullSourceCodeAccess
LogPluginManager: Mounting plugin PerforceSourceControl
LogPluginManager: Mounting plugin SubversionSourceControl
LogPluginManager: Mounting plugin UObjectPlugin
LogPluginManager: Mounting plugin VisualStudioCodeSourceCodeAccess
LogPluginManager: Mounting plugin VisualStudioSourceCodeAccess
LogPluginManager: Mounting plugin XCodeSourceCodeAccess
LogPluginManager: Mounting plugin AssetManagerEditor
LogPluginManager: Mounting plugin CryptoKeys
LogPluginManager: Mounting plugin DataValidation
LogPluginManager: Mounting plugin FacialAnimation
LogPluginManager: Mounting plugin GameplayTagsEditor
LogPluginManager: Mounting plugin MacGraphicsSwitching
LogPluginManager: Mounting plugin MeshEditor
LogPluginManager: Mounting plugin MobileLauncherProfileWizard
LogPluginManager: Mounting plugin PluginBrowser
LogPluginManager: Mounting plugin SpeedTreeImporter
LogPluginManager: Mounting plugin DatasmithContent
LogPluginManager: Mounting plugin AlembicImporter
LogPluginManager: Mounting plugin AppleImageUtils
LogPluginManager: Mounting plugin AppleVision
LogPluginManager: Mounting plugin BackChannel
LogPluginManager: Mounting plugin CharacterAI
LogPluginManager: Mounting plugin GeometryCache
LogPluginManager: Mounting plugin HTML5Networking
LogPluginManager: Mounting plugin ProxyLODPlugin
LogPluginManager: Mounting plugin MagicLeap
LogPluginManager: Mounting plugin MagicLeapEmulator
LogPluginManager: Mounting plugin MagicLeapMedia
LogPluginManager: Mounting plugin AndroidMedia
LogPluginManager: Mounting plugin AvfMedia
LogPluginManager: Mounting plugin ImgMedia
LogPluginManager: Mounting plugin LinearTimecode
LogPluginManager: Mounting plugin MediaCompositing
LogPluginManager: Mounting plugin MediaPlayerEditor
LogPluginManager: Mounting plugin WmfMedia
LogPluginManager: Mounting plugin TcpMessaging
LogPluginManager: Mounting plugin UdpMessaging
LogPluginManager: Mounting plugin ActorSequence
LogPluginManager: Mounting plugin LevelSequenceEditor
LogPluginManager: Mounting plugin MatineeToLevelSequence
LogPluginManager: Mounting plugin NetcodeUnitTest
LogPluginManager: Mounting plugin NUTUnrealEngine4
LogPluginManager: Mounting plugin OnlineSubsystemGooglePlay
LogPluginManager: Mounting plugin OnlineSubsystemIOS
LogPluginManager: Mounting plugin OnlineSubsystem
LogPluginManager: Mounting plugin OnlineSubsystemNull
LogPluginManager: Mounting plugin OnlineSubsystemUtils
LogPluginManager: Mounting plugin LauncherChunkInstaller
LogPluginManager: Mounting plugin AndroidDeviceProfileSelector
LogPluginManager: Mounting plugin AndroidMoviePlayer
LogPluginManager: Mounting plugin AndroidPermission
LogPluginManager: Mounting plugin AppleMoviePlayer
LogPluginManager: Mounting plugin ArchVisCharacter
LogPluginManager: Mounting plugin AudioCapture
LogPluginManager: Mounting plugin CableComponent
LogPluginManager: Mounting plugin CustomMeshComponent
LogPluginManager: Mounting plugin EditableMesh
LogPluginManager: Mounting plugin ExampleDeviceProfileSelector
LogPluginManager: Mounting plugin GoogleCloudMessaging
LogPluginManager: Mounting plugin ImmediatePhysics
LogPluginManager: Mounting plugin IOSDeviceProfileSelector
LogPluginManager: Mounting plugin LinuxDeviceProfileSelector
LogPluginManager: Mounting plugin LocationServicesBPLibrary
LogPluginManager: Mounting plugin MobilePatchingUtils
LogPluginManager: Mounting plugin OculusVR
LogPluginManager: Plugin shader directory ../../../Engine/Plugins/Runtime/Oculus/OculusVR/Shaders found
LogPluginManager: Mapping shader source directory ../../../Engine/Plugins/Runtime/Oculus/OculusVR/Shaders to virtual directory /Plugin/OculusVR
LogPluginManager: Mounting plugin PhysXVehicles
LogPluginManager: Mounting plugin ProceduralMeshComponent
LogPluginManager: Mounting plugin RuntimePhysXCooking
LogPluginManager: Mounting plugin SteamVR
LogPluginManager: Mounting plugin WindowsMoviePlayer
LogStreaming: Display: Took  0.288s to configure plugins.
LogInit: Using libcurl 7.55.1-DEV
LogInit:  - built for x86_64-pc-win32
LogInit:  - supports SSL with OpenSSL/1.0.2h
LogInit:  - supports HTTP deflate (compression) using libz 1.2.8
LogInit:  - other features:
LogInit:      CURL_VERSION_SSL
LogInit:      CURL_VERSION_LIBZ
LogInit:      CURL_VERSION_IPV6
LogInit:      CURL_VERSION_ASYNCHDNS
LogInit:      CURL_VERSION_LARGEFILE
LogInit:      CURL_VERSION_IDN
LogInit:  CurlRequestOptions (configurable via config and command line):
LogInit:  - bVerifyPeer = false  - Libcurl will NOT verify peer certificate
LogInit:  - bUseHttpProxy = false  - Libcurl will NOT use HTTP proxy
LogInit:  - bDontReuseConnections = false  - Libcurl will reuse connections
LogInit:  - CertBundlePath = nullptr  - Libcurl will use whatever was configured at build time.
LogInit:  - MaxHostConnections = 16  - Libcurl will limit the number of connections to a host
LogInit:  - LocalHostAddr = Default
LogInit:  - BufferSize = 65536
LogInit: WinSock: version 1.1 (2.2), MaxSocks=32767, MaxUdp=65467
LogInit: Build: ++UE4+Release-4.20-CL-4369336
LogInit: Engine Version: 4.20.3-4369336+++UE4+Release-4.20
LogInit: Compatible Engine Version: 4.20.0-4212847+++UE4+Release-4.20
LogInit: Net CL: 4212847
LogInit: OS: Windows 8.1 (), CPU: AMD FX(tm)-4300 Quad-Core Processor            , GPU: NVIDIA GeForce GTX 970
LogInit: Compiled (64-bit): Sep 17 2018 12:26:19
LogInit: Compiled with Visual C++: 19.13.26129.00
LogInit: Build Configuration: Development
LogInit: Branch Name: ++UE4+Release-4.20
LogInit: Command Line:  
LogInit: Base Directory: C:/Program Files/Epic Games/UE_4.20/Engine/Binaries/Win64/
LogInit: Installed Engine Build: 1
LogDevObjectVersion: Number of dev versions registered: 20
LogDevObjectVersion:   Dev-Blueprints (B0D832E4-1F89-4F0D-ACCF-7EB736FD4AA2): 10
LogDevObjectVersion:   Dev-Build (E1C64328-A22C-4D53-A36C-8E866417BD8C): 0
LogDevObjectVersion:   Dev-Core (375EC13C-06E4-48FB-B500-84F0262A717E): 2
LogDevObjectVersion:   Dev-Editor (E4B068ED-F494-42E9-A231-DA0B2E46BB41): 24
LogDevObjectVersion:   Dev-Framework (CFFC743F-43B0-4480-9391-14DF171D2073): 34
LogDevObjectVersion:   Dev-Mobile (B02B49B5-BB20-44E9-A304-32B752E40360): 2
LogDevObjectVersion:   Dev-Networking (A4E4105C-59A1-49B5-A7C5-40C4547EDFEE): 0
LogDevObjectVersion:   Dev-Online (39C831C9-5AE6-47DC-9A44-9C173E1C8E7C): 0
LogDevObjectVersion:   Dev-Physics (78F01B33-EBEA-4F98-B9B4-84EACCB95AA2): 0
LogDevObjectVersion:   Dev-Platform (6631380F-2D4D-43E0-8009-CF276956A95A): 0
LogDevObjectVersion:   Dev-Rendering (12F88B9F-8875-4AFC-A67C-D90C383ABD29): 26
LogDevObjectVersion:   Dev-Sequencer (7B5AE74C-D270-4C10-A958-57980B212A5A): 9
LogDevObjectVersion:   Dev-VR (D7296918-1DD6-4BDD-9DE2-64A83CC13884): 2
LogDevObjectVersion:   Dev-LoadTimes (C2A15278-BFE7-4AFE-6C17-90FF531DF755): 1
LogDevObjectVersion:   Private-Geometry (6EACA3D4-40EC-4CC1-B786-8BED09428FC5): 3
LogDevObjectVersion:   Dev-AnimPhys (29E575DD-E0A3-4627-9D10-D276232CDCEA): 17
LogDevObjectVersion:   Dev-ReflectionCapture (6B266CEC-1EC7-4B8F-A30B-E4D90942FC07): 1
LogDevObjectVersion:   Dev-Automation (0DF73D61-A23F-47EA-B727-89E90C41499A): 1
LogDevObjectVersion:   FortniteMain (601D1886-AC64-4F84-AA16-D3DE0DEAC7D6): 12
LogDevObjectVersion:   Dev-Enterprise (9DFFBCD6-494F-0158-E221-12823C92A888): 1
LogStreaming: Display: Took  0.006s to delete old logs.
LogInit: Presizing for max 8388607 objects, including 0 objects not considered by GC, pre-allocating 0 bytes for permanent pool.
LogInit: Object subsystem initialized
[2018.10.14-15.11.43:124][  0]LogInit: Selected Device Profile: [Windows]
[2018.10.14-15.11.43:125][  0]LogInit: Applying CVar settings loaded from the selected device profile: [Windows]
[2018.10.14-15.11.43:147][  0]LogHAL: Display: Platform has ~ 16 GB [17160523776 / 17179869184 / 16], which maps to Larger [LargestMinGB=32, LargerMinGB=12, DefaultMinGB=8, SmallerMinGB=6, SmallestMinGB=0)
[2018.10.14-15.11.43:147][  0]LogInit: Setting Device Profile CVar: [[r.Vulkan.UseRealUBs:1]]
[2018.10.14-15.11.43:147][  0]LogInit: Going up to parent DeviceProfile []
[2018.10.14-15.11.43:148][  0]LogInit: Computer: PETEPC
[2018.10.14-15.11.43:148][  0]LogInit: User: Peter
[2018.10.14-15.11.43:148][  0]LogInit: CPU Page size=4096, Cores=2
[2018.10.14-15.11.43:148][  0]LogInit: High frequency timer resolution =3.727432 MHz
[2018.10.14-15.11.43:149][  0]LogMemory: Memory total: Physical=16.0GB (16GB approx)
[2018.10.14-15.11.43:149][  0]LogMemory: Platform Memory Stats for Windows
[2018.10.14-15.11.43:149][  0]LogMemory: Process Physical Memory: 98.36 MB used, 98.36 MB peak
[2018.10.14-15.11.43:149][  0]LogMemory: Process Virtual Memory: 84.04 MB used, 84.04 MB peak
[2018.10.14-15.11.43:149][  0]LogMemory: Physical Memory: 6103.52 MB used,  10262.03 MB free, 16365.55 MB total
[2018.10.14-15.11.43:149][  0]LogMemory: Virtual Memory: 468.17 MB used,  10262.03 MB free, 134217728.00 MB total
[2018.10.14-15.11.43:197][  0]LogInit: Using OS detected language (en-GB).
[2018.10.14-15.11.43:197][  0]LogInit: Using OS detected locale (en-US).
[2018.10.14-15.11.43:198][  0]LogTextLocalizationManager: No specific localization for 'en-GB' exists, so the 'en' localization will be used.
[2018.10.14-15.11.43:721][  0]LogStreaming: Display: Took  0.524s to InitEngineTextLocalization.
[2018.10.14-15.11.43:721][  0]LogInit: Setting process to per monitor DPI aware
[2018.10.14-15.11.43:760][  0]LogSlate: New Slate User Created.  User Index 0, Is Virtual User: 0
[2018.10.14-15.11.43:760][  0]LogSlate: Slate User Registered.  User Index 0, Is Virtual User: 0
[2018.10.14-15.11.44:086][  0]LogHMD: Failed to initialize OpenVR with code 110
[2018.10.14-15.11.44:086][  0]LogD3D11RHI: D3D11 adapters:
[2018.10.14-15.11.44:151][  0]LogD3D11RHI:    0. 'NVIDIA GeForce GTX 970' (Feature Level 11_0)
[2018.10.14-15.11.44:151][  0]LogD3D11RHI:       3992/0/8182 MB DedicatedVideo/DedicatedSystem/SharedSystem, Outputs:2, VendorId:0x10de
[2018.10.14-15.11.44:153][  0]LogD3D11RHI:    1. 'Microsoft Basic Render Driver' (Feature Level 11_0)
[2018.10.14-15.11.44:153][  0]LogD3D11RHI:       0/0/256 MB DedicatedVideo/DedicatedSystem/SharedSystem, Outputs:0, VendorId:0x1414
[2018.10.14-15.11.44:153][  0]LogD3D11RHI: Chosen D3D11 Adapter: 0
[2018.10.14-15.11.44:161][  0]LogD3D11RHI: Creating new Direct3DDevice
[2018.10.14-15.11.44:161][  0]LogD3D11RHI:     GPU DeviceId: 0x13c2 (for the marketing name, search the web for "GPU Device Id")
[2018.10.14-15.11.44:161][  0]LogWindows: EnumDisplayDevices:
[2018.10.14-15.11.44:161][  0]LogWindows:    0. 'NVIDIA GeForce GTX 970' (P:0 D:1)
[2018.10.14-15.11.44:162][  0]LogWindows:    1. 'NVIDIA GeForce GTX 970' (P:1 D:1)
[2018.10.14-15.11.44:162][  0]LogWindows:    2. 'NVIDIA GeForce GTX 970' (P:0 D:0)
[2018.10.14-15.11.44:163][  0]LogWindows:    3. 'NVIDIA GeForce GTX 970' (P:0 D:0)
[2018.10.14-15.11.44:163][  0]LogWindows: DebugString: FoundDriverCount:4 
[2018.10.14-15.11.44:163][  0]LogD3D11RHI:     Adapter Name: NVIDIA GeForce GTX 970
[2018.10.14-15.11.44:163][  0]LogD3D11RHI:   Driver Version: 391.35 (internal:23.21.13.9135, unified:391.35)
[2018.10.14-15.11.44:163][  0]LogD3D11RHI:      Driver Date: 3-23-2018
[2018.10.14-15.11.44:163][  0]LogRHI: Texture pool is 2794 MB (70% of 3992 MB)
[2018.10.14-15.11.44:193][  0]LogD3D11RHI: Async texture creation enabled
[2018.10.14-15.11.44:214][  0]LogD3D11RHI: GPU Timing Frequency: 1000.000000 (Debug: 2 2)
[2018.10.14-15.11.44:267][  0]LogShaderCompilers: Guid format shader working directory is -25 characters bigger than the processId version (../../../../../../Users/Peter/Documents/GitHub/Playground/UE4Playground/Intermediate/Shaders/WorkingDirectory/9932/).
[2018.10.14-15.11.44:268][  0]LogShaderCompilers: Cleaned the shader compiler working directory 'C:/Users/Peter/AppData/Local/Temp/UnrealShaderWorkingDir/C17A530542009812F09235A69BBF8359/'.
[2018.10.14-15.11.44:755][  0]LogTemp: Display: Loaded TP AllDesktopTargetPlatform
[2018.10.14-15.11.44:781][  0]LogTemp: Display: Loaded TP MacClientTargetPlatform
[2018.10.14-15.11.44:808][  0]LogTemp: Display: Loaded TP MacNoEditorTargetPlatform
[2018.10.14-15.11.44:834][  0]LogTemp: Display: Loaded TP MacServerTargetPlatform
[2018.10.14-15.11.44:859][  0]LogTemp: Display: Loaded TP MacTargetPlatform
[2018.10.14-15.11.44:884][  0]LogTemp: Display: Loaded TP WindowsClientTargetPlatform
[2018.10.14-15.11.44:911][  0]LogTemp: Display: Loaded TP WindowsNoEditorTargetPlatform
[2018.10.14-15.11.44:938][  0]LogTemp: Display: Loaded TP WindowsServerTargetPlatform
[2018.10.14-15.11.44:951][  0]LogTemp: Display: Loaded TP WindowsTargetPlatform
[2018.10.14-15.11.45:103][  0]LogTemp: Display: Loaded TP AndroidTargetPlatform
[2018.10.14-15.11.45:103][  0]LogTemp: Display: Loaded TP AndroidTargetPlatform
[2018.10.14-15.11.45:103][  0]LogTemp: Display: Loaded TP AndroidTargetPlatform
[2018.10.14-15.11.45:103][  0]LogTemp: Display: Loaded TP AndroidTargetPlatform
[2018.10.14-15.11.45:103][  0]LogTemp: Display: Loaded TP AndroidTargetPlatform
[2018.10.14-15.11.45:103][  0]LogTemp: Display: Loaded TP AndroidTargetPlatform
[2018.10.14-15.11.45:103][  0]LogTemp: Display: Loaded TP AndroidTargetPlatform
[2018.10.14-15.11.45:103][  0]LogTemp: Display: Loaded TP AndroidTargetPlatform
[2018.10.14-15.11.45:103][  0]LogTemp: Display: Loaded TP AndroidTargetPlatform
[2018.10.14-15.11.45:103][  0]LogTemp: Display: Loaded TP AndroidTargetPlatform
[2018.10.14-15.11.45:103][  0]LogTemp: Display: Loaded TP AndroidTargetPlatform
[2018.10.14-15.11.45:103][  0]LogTemp: Display: Loaded TP AndroidTargetPlatform
[2018.10.14-15.11.45:103][  0]LogTemp: Display: Loaded TP AndroidTargetPlatform
[2018.10.14-15.11.45:103][  0]LogTemp: Display: Loaded TP AndroidTargetPlatform
[2018.10.14-15.11.45:103][  0]LogTemp: Display: Loaded TP AndroidTargetPlatform
[2018.10.14-15.11.45:103][  0]LogTemp: Display: Loaded TP AndroidTargetPlatform
[2018.10.14-15.11.45:103][  0]LogTemp: Display: Loaded TP AndroidTargetPlatform
[2018.10.14-15.11.45:103][  0]LogTemp: Display: Loaded TP AndroidTargetPlatform
[2018.10.14-15.11.45:106][  0]LogTemp: Display: Loaded TP HTML5TargetPlatform
[2018.10.14-15.11.45:191][  0]LogTemp: Display: Loaded TP IOSTargetPlatform
[2018.10.14-15.11.45:191][  0]LogTemp: Display: Loaded TP IOSTargetPlatform
[2018.10.14-15.11.45:237][  0]LogTemp: Display: Loaded TP TVOSTargetPlatform
[2018.10.14-15.11.45:237][  0]LogTemp: Display: Loaded TP TVOSTargetPlatform
[2018.10.14-15.11.45:262][  0]LogTemp: Display: Loaded TP LinuxClientTargetPlatform
[2018.10.14-15.11.45:286][  0]LogTemp: Display: Loaded TP LinuxNoEditorTargetPlatform
[2018.10.14-15.11.45:310][  0]LogTemp: Display: Loaded TP LinuxServerTargetPlatform
[2018.10.14-15.11.45:335][  0]LogTemp: Display: Loaded TP LinuxTargetPlatform
[2018.10.14-15.11.45:352][  0]LogTemp: Display: Loaded TP LuminTargetPlatform
[2018.10.14-15.11.45:352][  0]LogTargetPlatformManager: Display: Building Assets For Windows
[2018.10.14-15.11.45:461][  0]LogXGEController: Cleaning working directory: C:/Users/Peter/AppData/Local/Temp/UnrealXGEWorkingDir/
[2018.10.14-15.11.45:462][  0]LogXGEController: Cannot use XGE Controller as Incredibuild is not installed on this machine.
[2018.10.14-15.11.45:462][  0]LogShaderCompilers: Cannot use XGE Shader Compiler as Incredibuild is not installed on this machine.
[2018.10.14-15.11.45:462][  0]LogShaderCompilers: Display: Using Local Shader Compiler.
[2018.10.14-15.11.46:800][  0]LogDerivedDataCache: Display: Max Cache Size: 512 MB
[2018.10.14-15.11.46:930][  0]LogDerivedDataCache: Loaded boot cache 0.13s 73MB C:/Users/Peter/AppData/Local/UnrealEngine/4.20/DerivedDataCache/Boot.ddc.
[2018.10.14-15.11.46:931][  0]LogDerivedDataCache: Display: Loaded Boot cache: C:/Users/Peter/AppData/Local/UnrealEngine/4.20/DerivedDataCache/Boot.ddc
[2018.10.14-15.11.46:931][  0]LogDerivedDataCache: FDerivedDataBackendGraph:  Pak pak cache file ../../../../../../Users/Peter/Documents/GitHub/Playground/UE4Playground/DerivedDataCache/DDC.ddp not found, will not use a pak cache.
[2018.10.14-15.11.46:931][  0]LogDerivedDataCache: Unable to find inner node Pak for hierarchical cache Hierarchy.
[2018.10.14-15.11.46:931][  0]LogDerivedDataCache: FDerivedDataBackendGraph:  CompressedPak pak cache file ../../../../../../Users/Peter/Documents/GitHub/Playground/UE4Playground/DerivedDataCache/Compressed.ddp not found, will not use a pak cache.
[2018.10.14-15.11.46:931][  0]LogDerivedDataCache: Unable to find inner node CompressedPak for hierarchical cache Hierarchy.
[2018.10.14-15.11.46:956][  0]LogDerivedDataCache: Display: Pak cache opened for reading ../../../Engine/DerivedDataCache/Compressed.ddp.
[2018.10.14-15.11.46:970][  0]LogDerivedDataCache: Using Local data cache path C:/Users/Peter/AppData/Local/UnrealEngine/Common/DerivedDataCache: Writable
[2018.10.14-15.11.46:970][  0]LogDerivedDataCache: Shared data cache path not found in *engine.ini, will not use an Shared cache.
[2018.10.14-15.11.46:970][  0]LogDerivedDataCache: Unable to find inner node Shared for hierarchical cache Hierarchy.
[2018.10.14-15.11.47:004][  0]LogMaterial: Verifying Global Shaders for PCD3D_SM5
[2018.10.14-15.11.47:006][  0]LogSlate: Using FreeType 2.6.0
[2018.10.14-15.11.47:006][  0]LogSlate: SlateFontServices - WITH_FREETYPE: 1, WITH_HARFBUZZ: 1
[2018.10.14-15.11.47:113][  0]LogAssetRegistry: FAssetRegistry took 0.0290 seconds to start up
[2018.10.14-15.11.47:690][  0]LogInit: Selected Device Profile: [Windows]
[2018.10.14-15.11.47:892][  0]LogSimplygon: Simplygon DLL not present - disabling.
[2018.10.14-15.11.47:898][  0]LogMeshReduction: Using SimplygonSwarm for distributed automatic mesh merging
[2018.10.14-15.11.47:898][  0]LogMeshReduction: Using ProxyLODMeshReduction for automatic mesh merging
[2018.10.14-15.11.47:898][  0]LogMeshReduction: Using QuadricMeshReduction for automatic static mesh reduction
[2018.10.14-15.11.47:898][  0]LogMeshReduction: No automatic skeletal mesh reduction module available
[2018.10.14-15.11.47:931][  0]LogNetVersion: UE4Playground 1.0.0, NetCL: 4212847, EngineNetVer: 5, GameNetVer: 0 (Checksum: 3127828240)
[2018.10.14-15.11.48:714][  0]LogPackageLocalizationCache: Processed 11 localized package path(s) for 2 prioritized culture(s) in 0.216359 seconds
[2018.10.14-15.11.48:723][  0]LogUObjectArray: 38425 objects as part of root set at end of initial load.
[2018.10.14-15.11.48:723][  0]LogUObjectAllocator: 6690872 out of 0 bytes used by permanent object pool.
[2018.10.14-15.11.48:723][  0]LogUObjectArray: CloseDisregardForGC: 0/0 objects in disregard for GC pool
[2018.10.14-15.11.50:057][  0]LogTcpMessaging: Initializing TcpMessaging bridge
[2018.10.14-15.11.50:073][  0]LogUdpMessaging: Initializing bridge on interface 0.0.0.0:0 to multicast group 230.0.0.1:6666.
[2018.10.14-15.11.50:634][  0]SourceControl: Source control is disabled
[2018.10.14-15.11.50:634][  0]SourceControl: Source control is disabled
[2018.10.14-15.11.50:637][  0]SourceControl: Source control is disabled
[2018.10.14-15.11.50:639][  0]SourceControl: Source control is disabled
[2018.10.14-15.11.50:886][  0]LogAndroidPermission: UAndroidPermissionCallbackProxy::GetInstance
[2018.10.14-15.11.50:989][  0]LogOcInput: OculusInput pre-init called
[2018.10.14-15.11.51:071][  0]LogEngine: Initializing Engine...
[2018.10.14-15.11.51:073][  0]LogHMD: Failed to initialize OpenVR with code 110
[2018.10.14-15.11.51:076][  0]LogStats: UGameplayTagsManager::ConstructGameplayTagTree: ImportINI prefixes -  0.000 s
[2018.10.14-15.11.51:076][  0]LogStats: UGameplayTagsManager::ConstructGameplayTagTree: Construct from data asset -  0.000 s
[2018.10.14-15.11.51:076][  0]LogStats: UGameplayTagsManager::ConstructGameplayTagTree: ImportINI -  0.000 s
[2018.10.14-15.11.51:076][  0]LogStats: UGameplayTagsManager::ConstructGameplayTagTree: GameplayTagTreeChangedEvent.Broadcast -  0.000 s
[2018.10.14-15.11.51:377][  0]LogInit: Initializing FReadOnlyCVARCache
[2018.10.14-15.11.51:403][  0]LogAIModule: Creating AISystem for world Untitled
[2018.10.14-15.11.51:423][  0]LogInit: XAudio2 using 'Speakers (2- High Definition Audio Device)' : 2 channels at 44.1 kHz using 16 bits per sample (channel mask 0x3)
[2018.10.14-15.11.51:520][  0]LogInit: FAudioDevice initialized.
[2018.10.14-15.11.51:521][  0]LogNetVersion: Set ProjectVersion to 1.0.0.0. Version Checksum will be recalculated on next use.
[2018.10.14-15.11.51:667][  0]LogDerivedDataCache: Saved boot cache 0.15s 73MB C:/Users/Peter/AppData/Local/UnrealEngine/4.20/DerivedDataCache/Boot.ddc.
[2018.10.14-15.11.51:684][  0]LogInit: Texture streaming: Enabled
[2018.10.14-15.11.51:716][  0]LogEngineSessionManager: EngineSessionManager initialized
[2018.10.14-15.11.51:717][  0]LogEngineSessionManager: EngineSessionManager sent abnormal shutdown report. Type=Debugger, SessionId={BF47950F-4F97-25E6-C2BC-6896A9823E6C}
[2018.10.14-15.11.51:732][  0]LogInit: Transaction tracking system initialized
[2018.10.14-15.11.51:769][  0]BlueprintLog: New page: Editor Load
[2018.10.14-15.11.51:965][  0]LocalizationService: Localization service is disabled
[2018.10.14-15.11.52:327][  0]LogCook: Display: Max memory allowance for cook 16384mb min free memory 0mb
[2018.10.14-15.11.52:327][  0]LogCook: Display: Mobile HDR setting 1
[2018.10.14-15.11.52:327][  0]LogGameplayTags: Display: UGameplayTagsManager::DoneAddingNativeTags. DelegateIsBound: 0
[2018.10.14-15.11.52:327][  0]LogStats: UGameplayTagsManager::ConstructGameplayTagTree: ImportINI prefixes -  0.000 s
[2018.10.14-15.11.52:327][  0]LogStats: UGameplayTagsManager::ConstructGameplayTagTree: Construct from data asset -  0.000 s
[2018.10.14-15.11.52:328][  0]LogStats: UGameplayTagsManager::ConstructGameplayTagTree: ImportINI -  0.000 s
[2018.10.14-15.11.52:328][  0]LogStats: UGameplayTagsManager::ConstructGameplayTagTree: GameplayTagTreeChangedEvent.Broadcast -  0.000 s
[2018.10.14-15.11.52:532][  0]LogFileCache: Scanning file cache for directory 'C:/Users/Peter/Documents/GitHub/Playground/UE4Playground/Content/' took 0.02s
[2018.10.14-15.11.52:532][  0]SourceControl: Source control is disabled
[2018.10.14-15.11.52:532][  0]Cmd: MAP LOAD FILE="../../../../../../Users/Peter/Documents/GitHub/Playground/UE4Playground/Content/FirstPersonCPP/Maps/FirstPersonExampleMap.umap" TEMPLATE=0 SHOWPROGRESS=1 FEATURELEVEL=3
[2018.10.14-15.11.52:533][  0]LightingResults: New page: Lighting Build
[2018.10.14-15.11.52:536][  0]MapCheck: New page: Map Check
[2018.10.14-15.11.52:536][  0]LightingResults: New page: Lighting Build
[2018.10.14-15.11.52:848][  0]LogAIModule: Creating AISystem for world FirstPersonExampleMap
[2018.10.14-15.11.52:860][  0]LogEditorServer: Finished looking for orphan Actors (0.000 secs)
[2018.10.14-15.11.52:904][  0]Cmd: MAP CHECKDEP NOCLEARLOG
[2018.10.14-15.11.53:043][  0]MapCheck: Map check complete: 0 Error(s), 0 Warning(s), took 138.678ms to complete.
[2018.10.14-15.11.53:043][  0]LogFileHelpers: Loading map 'FirstPersonExampleMap' took 0.511
[2018.10.14-15.11.53:178][  0]LogSlate: Updating window title bar state: overlay mode, drag disabled, window buttons hidden, title bar hidden
[2018.10.14-15.11.53:188][  0]LogSlate: Updating window title bar state: overlay mode, drag disabled, window buttons hidden, title bar hidden
[2018.10.14-15.11.53:201][  0]LogSlate: Updating window title bar state: overlay mode, drag disabled, window buttons hidden, title bar hidden
[2018.10.14-15.11.53:215][  0]LogSlate: Updating window title bar state: overlay mode, drag disabled, window buttons hidden, title bar hidden
[2018.10.14-15.11.53:225][  0]LogCollectionManager: Loaded 0 collections in 0.003412 seconds
[2018.10.14-15.11.53:282][  0]LogFileCache: Scanning file cache for directory 'C:/Users/Peter/Documents/GitHub/Playground/UE4Playground/Saved/Collections/' took 0.01s
[2018.10.14-15.11.53:282][  0]LogFileCache: Scanning file cache for directory 'C:/Users/Peter/Documents/GitHub/Playground/UE4Playground/Content/Developers/Peter/Collections/' took 0.01s
[2018.10.14-15.11.53:282][  0]LogFileCache: Scanning file cache for directory 'C:/Users/Peter/Documents/GitHub/Playground/UE4Playground/Content/Collections/' took 0.01s
[2018.10.14-15.11.53:282][  0]LogCollectionManager: Rebuilt the GUID cache for 0 collections in 0.000000 seconds
[2018.10.14-15.11.53:304][  0]LogContentBrowser: Native class hierarchy populated in 0.0217 seconds. Added 2577 classes and 605 folders.
[2018.10.14-15.11.53:314][  0]LogContentBrowser: Native class hierarchy updated for 'WidgetCarousel' in 0.0008 seconds. Added 0 classes and 0 folders.
[2018.10.14-15.11.53:386][  0]LogContentBrowser: Native class hierarchy updated for 'AddContentDialog' in 0.0008 seconds. Added 0 classes and 0 folders.
[2018.10.14-15.11.53:394][  0]LogContentBrowser: Native class hierarchy updated for 'SceneOutliner' in 0.0010 seconds. Added 1 classes and 2 folders.
[2018.10.14-15.11.53:417][  0]LogSlate: Took 0.000301 seconds to synchronously load lazily loaded font '../../../Engine/Content/Slate/Fonts/Roboto-Regular.ttf' (155K)
[2018.10.14-15.11.53:420][  0]LogSlate: Took 0.000251 seconds to synchronously load lazily loaded font '../../../Engine/Content/Slate/Fonts/Roboto-Bold.ttf' (160K)
[2018.10.14-15.11.53:428][  0]LogSlate: Took 0.000234 seconds to synchronously load lazily loaded font '../../../Engine/Content/Editor/Slate/Fonts/FontAwesome.ttf' (139K)
[2018.10.14-15.11.53:550][  0]LogRenderer: Reallocating scene render targets to support 1208x576 Format 10 NumSamples 1 (Frame:1).
[2018.10.14-15.11.53:746][  0]LogContentBrowser: Native class hierarchy updated for 'HierarchicalLODOutliner' in 0.0008 seconds. Added 0 classes and 0 folders.
[2018.10.14-15.11.53:746][  0]LogLoad: (Engine Initialization) Total time: 12.85 seconds
[2018.10.14-15.11.53:746][  0]LogLoad: (Engine Initialization) Total Blueprint compile time: 0.00 seconds
[2018.10.14-15.11.53:785][  0]LogContentStreaming: Texture pool size now 1000 MB
[2018.10.14-15.11.53:799][  0]LogSlate: Took 0.000294 seconds to synchronously load lazily loaded font '../../../Engine/Content/Slate/Fonts/Roboto-Light.ttf' (167K)
[2018.10.14-15.11.53:928][  2]LogAssetRegistry: Asset discovery search completed in 6.8371 seconds
[2018.10.14-15.11.53:931][  2]LogCollectionManager: Rebuilt the object cache for 0 collections in 0.000000 seconds (found 0 objects)
[2018.10.14-15.11.53:931][  2]LogCollectionManager: Fixed up redirectors for 0 collections in 0.000076 seconds (updated 0 objects)
[2018.10.14-15.25.21:189][686]LogHotReload: New module detected: UE4Editor-UE4Playground-3483.dll
[2018.10.14-15.25.22:208][690]LogHotReload: Starting Hot-Reload from IDE
[2018.10.14-15.25.22:225][690]LogSlate: Took 0.000400 seconds to synchronously load lazily loaded font '../../../Engine/Content/Slate/Fonts/Roboto-Light.ttf' (167K)
[2018.10.14-15.25.22:459][690]LogContentBrowser: Native class hierarchy updated for 'UE4Playground' in 0.0013 seconds. Added 5 classes and 2 folders.
[2018.10.14-15.25.22:464][690]Display: HotReload successful (2 functions remapped  0 scriptstructs remapped)
[2018.10.14-15.25.22:611][690]LogContentBrowser: Native class hierarchy populated in 0.0196 seconds. Added 2578 classes and 607 folders.
[2018.10.14-15.25.22:625][690]Display: HotReload took  0.4s.
[2018.10.14-15.29.06:582][359]LogHttp: Warning: 0000005A9196E980: request failed, libcurl error: 6 (Couldn't resolve host name)
[2018.10.14-15.29.06:582][359]LogHttp: Warning: 0000005A9196E980: libcurl info message cache 0 (Found bundle for host datarouter.ol.epicgames.com: 0x5ac23abfa0 [can pipeline])
[2018.10.14-15.29.06:582][359]LogHttp: Warning: 0000005A9196E980: libcurl info message cache 1 (Re-using existing connection! (#4) with host datarouter.ol.epicgames.com)
[2018.10.14-15.29.06:582][359]LogHttp: Warning: 0000005A9196E980: libcurl info message cache 2 (Connected to datarouter.ol.epicgames.com (52.3.59.227) port 443 (#4))
[2018.10.14-15.29.06:582][359]LogHttp: Warning: 0000005A9196E980: libcurl info message cache 3 (upload completely sent off: 438 out of 438 bytes)
[2018.10.14-15.29.06:582][359]LogHttp: Warning: 0000005A9196E980: libcurl info message cache 4 (TLSv1.2 (IN), TLS alert, Client hello (1):)
[2018.10.14-15.29.06:582][359]LogHttp: Warning: 0000005A9196E980: libcurl info message cache 5 (Connection died, retrying a fresh connect)
[2018.10.14-15.29.06:582][359]LogHttp: Warning: 0000005A9196E980: libcurl info message cache 6 (Closing connection 4)
[2018.10.14-15.29.06:583][359]LogHttp: Warning: 0000005A9196E980: libcurl info message cache 7 (TLSv1.2 (OUT), TLS alert, Client hello (1):)
[2018.10.14-15.29.06:583][359]LogHttp: Warning: 0000005A9196E980: libcurl info message cache 8 (Issue another request to this URL: 'https://datarouter.ol.epicgames.com/datarouter/api/v1/public/data?SessionID=%7B6B594A5F-4646-EEB7-BDB8-46AF71408756%7D&AppID=UEEditor.Rocket.Release&AppVersion=4.20.3-4369336%2B%2B%2BUE4%2BRelease-4.20&UserID=15b52cc9472a2ea98d32dc90de97a0b4%7Ca6bb9a295af146eeb619cdf8ccea1563%7C1f176c5f-cff4-4457-b55a-dac67387f93b&AppEnvironment=datacollector-binary&UploadType=eteventstream')
[2018.10.14-15.29.06:583][359]LogHttp: Warning: 0000005A9196E980: libcurl info message cache 9 (Could not resolve host: datarouter.ol.epicgames.com)
[2018.10.14-15.29.06:583][359]LogHttp: Warning: 0000005A9196E980: libcurl info message cache 10 (Closing connection 5)
[2018.10.14-15.31.18:679][753]LogHttp: Warning: 0000005A9196E980: request failed, libcurl error: 6 (Couldn't resolve host name)
[2018.10.14-15.31.18:680][753]LogHttp: Warning: 0000005A9196E980: libcurl info message cache 0 (Could not resolve host: datarouter.ol.epicgames.com)
[2018.10.14-15.31.18:682][753]LogHttp: Warning: 0000005A9196E980: libcurl info message cache 1 (Closing connection 6)
[2018.10.14-15.32.08:023][ 22]LogSlate: FSceneViewport::OnFocusLost() reason 0
[2018.10.14-15.32.08:131][ 31]Candidate modules for hot reload:
[2018.10.14-15.32.08:131][ 31]  UE4Playground
[2018.10.14-15.32.08:131][ 31]Launching UnrealBuildTool... [C:/Program Files/Epic Games/UE_4.20/Engine/Binaries/DotNET/UnrealBuildTool.exe  -ModuleWithSuffix=UE4Playground,1528 Win64 Development -TargetType=Editor -Project="../../../../../../Users/Peter/Documents/GitHub/Playground/UE4Playground/UE4Playground.uproject" -canskiplink "C:/Users/Peter/Documents/GitHub/Playground/UE4Playground/UE4Playground.uproject" ]
[2018.10.14-15.32.08:144][ 31]Warning: Starting HotReload took  0.0s.
[2018.10.14-15.32.46:532][ 39]CompilerResultsLog: New page: Compilation - Oct 14, 2018, 5:32:46 AM
[2018.10.14-15.32.46:532][ 39]CompilerResultsLog: Using 'git status' to determine working set for adaptive non-unity build.
[2018.10.14-15.32.46:532][ 39]CompilerResultsLog: Creating makefile for hot reloading UE4PlaygroundEditor (modules to compile have changed)
[2018.10.14-15.32.46:532][ 39]CompilerResultsLog: Compiling game modules for hot reload
[2018.10.14-15.32.46:532][ 39]CompilerResultsLog: Using Visual Studio 2015 14.0 toolchain (C:\Program Files (x86)\Microsoft Visual Studio 14.0\VC) and Windows 10.0.14393.0 SDK (C:\Program Files (x86)\Windows Kits\10).
[2018.10.14-15.32.46:532][ 39]CompilerResultsLog: Building 3 actions with 4 processes...
[2018.10.14-15.32.46:532][ 39]CompilerResultsLog:   [1/3] UE4PlaygroundCharacter.cpp
[2018.10.14-15.32.46:532][ 39]CompilerResultsLog:   [2/3] UE4Editor-UE4Playground-1528.lib
[2018.10.14-15.32.46:533][ 39]CompilerResultsLog:      Creating library C:\Users\Peter\Documents\GitHub\Playground\UE4Playground\Intermediate\Build\Win64\UE4Editor\Development\UE4Playground\UE4Editor-UE4Playground-1528.lib and object C:\Users\Peter\Documents\GitHub\Playground\UE4Playground\Intermediate\Build\Win64\UE4Editor\Development\UE4Playground\UE4Editor-UE4Playground-1528.exp
[2018.10.14-15.32.46:533][ 39]CompilerResultsLog:   [3/3] UE4Editor-UE4Playground-1528.dll
[2018.10.14-15.32.46:533][ 39]CompilerResultsLog:      Creating library C:\Users\Peter\Documents\GitHub\Playground\UE4Playground\Intermediate\Build\Win64\UE4Editor\Development\UE4Playground\UE4Editor-UE4Playground-1528.suppressed.lib and object C:\Users\Peter\Documents\GitHub\Playground\UE4Playground\Intermediate\Build\Win64\UE4Editor\Development\UE4Playground\UE4Editor-UE4Playground-1528.suppressed.exp
[2018.10.14-15.32.46:533][ 39]CompilerResultsLog: Total build time: 37.19 seconds (Parallel executor: 21.15 seconds)
[2018.10.14-15.32.46:533][ 39]LogMainFrame: MainFrame: Module compiling took 38.414 seconds
[2018.10.14-15.32.46:655][ 39]LogContentBrowser: Native class hierarchy updated for 'UE4Playground' in 0.0022 seconds. Added 5 classes and 2 folders.
[2018.10.14-15.32.46:659][ 39]Display: HotReload successful (2 functions remapped  0 scriptstructs remapped)
[2018.10.14-15.32.46:792][ 39]LogContentBrowser: Native class hierarchy populated in 0.0223 seconds. Added 2578 classes and 607 folders.
[2018.10.14-15.32.46:792][ 39]Display: HotReload took 38.7s.
[2018.10.14-15.32.49:530][ 47]LogTemp: Repeating last play command: Selected Viewport
[2018.10.14-15.32.49:563][ 47]LogBlueprintUserMessages: Early PlayInEditor Detection: Level '/Game/FirstPersonCPP/Maps/FirstPersonExampleMap.FirstPersonExampleMap:PersistentLevel' has LevelScriptBlueprint '/Game/FirstPersonCPP/Maps/FirstPersonExampleMap.FirstPersonExampleMap:PersistentLevel.FirstPersonExampleMap' with GeneratedClass '/Game/FirstPersonCPP/Maps/FirstPersonExampleMap.FirstPersonExampleMap_C' with ClassGeneratedBy '/Game/FirstPersonCPP/Maps/FirstPersonExampleMap.FirstPersonExampleMap:PersistentLevel.FirstPersonExampleMap'
[2018.10.14-15.32.49:564][ 47]LogPlayLevel: PlayLevel: No blueprints needed recompiling
[2018.10.14-15.32.49:576][ 47]PIE: New page: PIE session: FirstPersonExampleMap (Oct 14, 2018, 5:32:49 AM)
[2018.10.14-15.32.49:576][ 47]LogPlayLevel: Creating play world package: /Game/FirstPersonCPP/Maps/UEDPIE_0_FirstPersonExampleMap
[2018.10.14-15.32.49:617][ 47]LogPlayLevel: PIE: StaticDuplicateObject took: (0.041350s)
[2018.10.14-15.32.49:618][ 47]LogAIModule: Creating AISystem for world FirstPersonExampleMap
[2018.10.14-15.32.49:619][ 47]LogPlayLevel: PIE: World Init took: (0.001337s)
[2018.10.14-15.32.49:619][ 47]LogPlayLevel: PIE: Created PIE world by copying editor world from /Game/FirstPersonCPP/Maps/FirstPersonExampleMap.FirstPersonExampleMap to /Game/FirstPersonCPP/Maps/UEDPIE_0_FirstPersonExampleMap.FirstPersonExampleMap (0.042982s)
[2018.10.14-15.32.49:670][ 47]LogInit: XAudio2 using 'Speakers (2- High Definition Audio Device)' : 2 channels at 44.1 kHz using 16 bits per sample (channel mask 0x3)
[2018.10.14-15.32.49:682][ 47]LogInit: FAudioDevice initialized.
[2018.10.14-15.32.49:730][ 47]LogLoad: Game class is 'UE4PlaygroundGameMode'
[2018.10.14-15.32.49:734][ 47]LogWorld: Bringing World /Game/FirstPersonCPP/Maps/UEDPIE_0_FirstPersonExampleMap.FirstPersonExampleMap up for play (max tick rate 0) at 2018.10.14-10.32.49
[2018.10.14-15.32.49:734][ 47]LogWorld: Bringing up level for play took: 0.003046
[2018.10.14-15.32.49:777][ 47]LogContentBrowser: Native class hierarchy updated for 'MovieSceneCapture' in 0.0010 seconds. Added 10 classes and 0 folders.
[2018.10.14-15.32.49:778][ 47]PIE: Play in editor start time for /Game/FirstPersonCPP/Maps/UEDPIE_0_FirstPersonExampleMap -0.343
[2018.10.14-15.32.49:779][ 47]LogBlueprintUserMessages: Late PlayInEditor Detection: Level '/Game/FirstPersonCPP/Maps/FirstPersonExampleMap.FirstPersonExampleMap:PersistentLevel' has LevelScriptBlueprint '/Game/FirstPersonCPP/Maps/FirstPersonExampleMap.FirstPersonExampleMap:PersistentLevel.FirstPersonExampleMap' with GeneratedClass '/Game/FirstPersonCPP/Maps/FirstPersonExampleMap.FirstPersonExampleMap_C' with ClassGeneratedBy '/Game/FirstPersonCPP/Maps/FirstPersonExampleMap.FirstPersonExampleMap:PersistentLevel.FirstPersonExampleMap'
[2018.10.14-15.32.54:328][407]LogWindows: Error: === Critical error: ===
[2018.10.14-15.32.54:328][407]LogWindows: Error: 
[2018.10.14-15.32.54:328][407]LogWindows: Error: Fatal error!
[2018.10.14-15.32.54:328][407]LogWindows: Error: 
[2018.10.14-15.32.54:328][407]LogWindows: Error: Unhandled Exception: EXCEPTION_ACCESS_VIOLATION reading address 0x00000170
[2018.10.14-15.32.54:328][407]LogWindows: Error: 
[2018.10.14-15.32.54:328][407]LogWindows: Error: [Callstack] 0x00007ff97c8e48df UE4Editor-UE4Playground-1528.dll!AUE4PlaygroundCharacter::OnAltFire() [c:\users\peter\documents\github\playground\ue4playground\source\ue4playground\ue4playgroundcharacter.cpp:372]
[2018.10.14-15.32.54:328][407]LogWindows: Error: [Callstack] 0x00007ff969f52469 UE4Editor-Engine.dll!UnknownFunction []
[2018.10.14-15.32.54:329][407]LogWindows: Error: [Callstack] 0x00007ff969f83f52 UE4Editor-Engine.dll!UnknownFunction []
[2018.10.14-15.32.54:329][407]LogWindows: Error: [Callstack] 0x00007ff969a5017c UE4Editor-Engine.dll!UnknownFunction []
[2018.10.14-15.32.54:329][407]LogWindows: Error: [Callstack] 0x00007ff969a64608 UE4Editor-Engine.dll!UnknownFunction []
[2018.10.14-15.32.54:329][407]LogWindows: Error: [Callstack] 0x00007ff969a4dbcb UE4Editor-Engine.dll!UnknownFunction []
[2018.10.14-15.32.54:329][407]LogWindows: Error: [Callstack] 0x00007ff969a634c3 UE4Editor-Engine.dll!UnknownFunction []
[2018.10.14-15.32.54:329][407]LogWindows: Error: [Callstack] 0x00007ff968c85630 UE4Editor-Engine.dll!UnknownFunction []
[2018.10.14-15.32.54:329][407]LogWindows: Error: [Callstack] 0x00007ff969e816bd UE4Editor-Engine.dll!UnknownFunction []
[2018.10.14-15.32.54:329][407]LogWindows: Error: [Callstack] 0x00007ff972741f92 UE4Editor-Core.dll!UnknownFunction []
[2018.10.14-15.32.54:329][407]LogWindows: Error: [Callstack] 0x00007ff972742456 UE4Editor-Core.dll!UnknownFunction []
[2018.10.14-15.32.54:329][407]LogWindows: Error: [Callstack] 0x00007ff972756d25 UE4Editor-Core.dll!UnknownFunction []
[2018.10.14-15.32.54:329][407]LogWindows: Error: [Callstack] 0x00007ff969ed5b04 UE4Editor-Engine.dll!UnknownFunction []
[2018.10.14-15.32.54:329][407]LogWindows: Error: [Callstack] 0x00007ff969ee4d92 UE4Editor-Engine.dll!UnknownFunction []
[2018.10.14-15.32.54:329][407]LogWindows: Error: [Callstack] 0x00007ff9695e87e4 UE4Editor-Engine.dll!UnknownFunction []
[2018.10.14-15.32.54:329][407]LogWindows: Error: [Callstack] 0x00007ff9695f4003 UE4Editor-Engine.dll!UnknownFunction []
[2018.10.14-15.32.54:329][407]LogWindows: Error: [Callstack] 0x00007ff970807335 UE4Editor-UnrealEd.dll!UnknownFunction []
[2018.10.14-15.32.54:329][407]LogWindows: Error: [Callstack] 0x00007ff9710ff666 UE4Editor-UnrealEd.dll!UnknownFunction []
[2018.10.14-15.32.54:329][407]LogWindows: Error: [Callstack] 0x00007ff72aea5cbd UE4Editor.exe!UnknownFunction []
[2018.10.14-15.32.54:329][407]LogWindows: Error: [Callstack] 0x00007ff72aeb5b3c UE4Editor.exe!UnknownFunction []
[2018.10.14-15.32.54:329][407]LogWindows: Error: [Callstack] 0x00007ff72aeb5bba UE4Editor.exe!UnknownFunction []
[2018.10.14-15.32.54:329][407]LogWindows: Error: [Callstack] 0x00007ff72aec3dac UE4Editor.exe!UnknownFunction []
[2018.10.14-15.32.54:329][407]LogWindows: Error: [Callstack] 0x00007ff72aec5aaa UE4Editor.exe!UnknownFunction []
[2018.10.14-15.32.54:329][407]LogWindows: Error: [Callstack] 0x00007ff9968513d2 KERNEL32.DLL!UnknownFunction []
[2018.10.14-15.32.54:329][407]LogWindows: Error: [Callstack] 0x00007ff9983654f4 ntdll.dll!UnknownFunction []
[2018.10.14-15.32.54:329][407]LogWindows: Error: 
[2018.10.14-15.32.54:355][407]LogExit: Executing StaticShutdownAfterError
[2018.10.14-15.32.54:359][407]LogWindows: FPlatformMisc::RequestExit(1)
[2018.10.14-15.32.54:366][407]Log file closed, 10/14/18 10:32:54
