Log file open, 10/10/18 22:41:07
LogWindows: Failed to load 'aqProf.dll' (GetLastError=126)
LogWindows: File 'aqProf.dll' does not exist
LogWindows: Failed to load 'VtuneApi.dll' (GetLastError=126)
LogWindows: File 'VtuneApi.dll' does not exist
LogWindows: Failed to load 'VtuneApi32e.dll' (GetLastError=126)
LogWindows: File 'VtuneApi32e.dll' does not exist
LogInit: Display: Running engine for game: UE4Playground
LogPlatformFile: Not using cached read wrapper
LogTaskGraph: Started task graph with 5 named threads and 11 total threads with 3 sets of task threads.
LogStats: Stats thread started at 0.400398
LogD3D11RHI: Loaded GFSDK_Aftermath_Lib.x64.dll
LogICUInternationalization: Display: ICU TimeZone Detection - Raw Offset: -6:00, Platform Override: ''
LogPluginManager: Mounting plugin Paper2D
LogPluginManager: Mounting plugin AISupport
LogPluginManager: Mounting plugin LightPropagationVolume
LogPluginManager: Mounting plugin CLionSourceCodeAccess
LogPluginManager: Mounting plugin CodeLiteSourceCodeAccess
LogPluginManager: Mounting plugin GitSourceControl
LogPluginManager: Mounting plugin KDevelopSourceCodeAccess
LogPluginManager: Mounting plugin NullSourceCodeAccess
LogPluginManager: Mounting plugin PerforceSourceControl
LogPluginManager: Mounting plugin SubversionSourceControl
LogPluginManager: Mounting plugin UObjectPlugin
LogPluginManager: Mounting plugin VisualStudioCodeSourceCodeAccess
LogPluginManager: Mounting plugin VisualStudioSourceCodeAccess
LogPluginManager: Mounting plugin XCodeSourceCodeAccess
LogPluginManager: Mounting plugin AssetManagerEditor
LogPluginManager: Mounting plugin CryptoKeys
LogPluginManager: Mounting plugin DataValidation
LogPluginManager: Mounting plugin FacialAnimation
LogPluginManager: Mounting plugin GameplayTagsEditor
LogPluginManager: Mounting plugin MacGraphicsSwitching
LogPluginManager: Mounting plugin MeshEditor
LogPluginManager: Mounting plugin MobileLauncherProfileWizard
LogPluginManager: Mounting plugin PluginBrowser
LogPluginManager: Mounting plugin SpeedTreeImporter
LogPluginManager: Mounting plugin DatasmithContent
LogPluginManager: Mounting plugin AlembicImporter
LogPluginManager: Mounting plugin AppleImageUtils
LogPluginManager: Mounting plugin AppleVision
LogPluginManager: Mounting plugin BackChannel
LogPluginManager: Mounting plugin CharacterAI
LogPluginManager: Mounting plugin GeometryCache
LogPluginManager: Mounting plugin HTML5Networking
LogPluginManager: Mounting plugin ProxyLODPlugin
LogPluginManager: Mounting plugin MagicLeap
LogPluginManager: Mounting plugin MagicLeapEmulator
LogPluginManager: Mounting plugin MagicLeapMedia
LogPluginManager: Mounting plugin AndroidMedia
LogPluginManager: Mounting plugin AvfMedia
LogPluginManager: Mounting plugin ImgMedia
LogPluginManager: Mounting plugin LinearTimecode
LogPluginManager: Mounting plugin MediaCompositing
LogPluginManager: Mounting plugin MediaPlayerEditor
LogPluginManager: Mounting plugin WmfMedia
LogPluginManager: Mounting plugin TcpMessaging
LogPluginManager: Mounting plugin UdpMessaging
LogPluginManager: Mounting plugin ActorSequence
LogPluginManager: Mounting plugin LevelSequenceEditor
LogPluginManager: Mounting plugin MatineeToLevelSequence
LogPluginManager: Mounting plugin NetcodeUnitTest
LogPluginManager: Mounting plugin NUTUnrealEngine4
LogPluginManager: Mounting plugin OnlineSubsystemGooglePlay
LogPluginManager: Mounting plugin OnlineSubsystemIOS
LogPluginManager: Mounting plugin OnlineSubsystem
LogPluginManager: Mounting plugin OnlineSubsystemNull
LogPluginManager: Mounting plugin OnlineSubsystemUtils
LogPluginManager: Mounting plugin LauncherChunkInstaller
LogPluginManager: Mounting plugin AndroidDeviceProfileSelector
LogPluginManager: Mounting plugin AndroidMoviePlayer
LogPluginManager: Mounting plugin AndroidPermission
LogPluginManager: Mounting plugin AppleMoviePlayer
LogPluginManager: Mounting plugin ArchVisCharacter
LogPluginManager: Mounting plugin AudioCapture
LogPluginManager: Mounting plugin CableComponent
LogPluginManager: Mounting plugin CustomMeshComponent
LogPluginManager: Mounting plugin EditableMesh
LogPluginManager: Mounting plugin ExampleDeviceProfileSelector
LogPluginManager: Mounting plugin GoogleCloudMessaging
LogPluginManager: Mounting plugin ImmediatePhysics
LogPluginManager: Mounting plugin IOSDeviceProfileSelector
LogPluginManager: Mounting plugin LinuxDeviceProfileSelector
LogPluginManager: Mounting plugin LocationServicesBPLibrary
LogPluginManager: Mounting plugin MobilePatchingUtils
LogPluginManager: Mounting plugin OculusVR
LogPluginManager: Plugin shader directory ../../../Engine/Plugins/Runtime/Oculus/OculusVR/Shaders found
LogPluginManager: Mapping shader source directory ../../../Engine/Plugins/Runtime/Oculus/OculusVR/Shaders to virtual directory /Plugin/OculusVR
LogPluginManager: Mounting plugin PhysXVehicles
LogPluginManager: Mounting plugin ProceduralMeshComponent
LogPluginManager: Mounting plugin RuntimePhysXCooking
LogPluginManager: Mounting plugin SteamVR
LogPluginManager: Mounting plugin WindowsMoviePlayer
LogStreaming: Display: Took  0.288s to configure plugins.
LogInit: Using libcurl 7.55.1-DEV
LogInit:  - built for x86_64-pc-win32
LogInit:  - supports SSL with OpenSSL/1.0.2h
LogInit:  - supports HTTP deflate (compression) using libz 1.2.8
LogInit:  - other features:
LogInit:      CURL_VERSION_SSL
LogInit:      CURL_VERSION_LIBZ
LogInit:      CURL_VERSION_IPV6
LogInit:      CURL_VERSION_ASYNCHDNS
LogInit:      CURL_VERSION_LARGEFILE
LogInit:      CURL_VERSION_IDN
LogInit:  CurlRequestOptions (configurable via config and command line):
LogInit:  - bVerifyPeer = false  - Libcurl will NOT verify peer certificate
LogInit:  - bUseHttpProxy = false  - Libcurl will NOT use HTTP proxy
LogInit:  - bDontReuseConnections = false  - Libcurl will reuse connections
LogInit:  - CertBundlePath = nullptr  - Libcurl will use whatever was configured at build time.
LogInit:  - MaxHostConnections = 16  - Libcurl will limit the number of connections to a host
LogInit:  - LocalHostAddr = Default
LogInit:  - BufferSize = 65536
LogInit: WinSock: version 1.1 (2.2), MaxSocks=32767, MaxUdp=65467
LogInit: Build: ++UE4+Release-4.20-CL-4369336
LogInit: Engine Version: 4.20.3-4369336+++UE4+Release-4.20
LogInit: Compatible Engine Version: 4.20.0-4212847+++UE4+Release-4.20
LogInit: Net CL: 4212847
LogInit: OS: Windows 8.1 (), CPU: AMD FX(tm)-4300 Quad-Core Processor            , GPU: NVIDIA GeForce GTX 970
LogInit: Compiled (64-bit): Sep 17 2018 12:26:19
LogInit: Compiled with Visual C++: 19.13.26129.00
LogInit: Build Configuration: Development
LogInit: Branch Name: ++UE4+Release-4.20
LogInit: Command Line:  -skipcompile
LogInit: Base Directory: C:/Program Files/Epic Games/UE_4.20/Engine/Binaries/Win64/
LogInit: Installed Engine Build: 1
LogDevObjectVersion: Number of dev versions registered: 20
LogDevObjectVersion:   Dev-Blueprints (B0D832E4-1F89-4F0D-ACCF-7EB736FD4AA2): 10
LogDevObjectVersion:   Dev-Build (E1C64328-A22C-4D53-A36C-8E866417BD8C): 0
LogDevObjectVersion:   Dev-Core (375EC13C-06E4-48FB-B500-84F0262A717E): 2
LogDevObjectVersion:   Dev-Editor (E4B068ED-F494-42E9-A231-DA0B2E46BB41): 24
LogDevObjectVersion:   Dev-Framework (CFFC743F-43B0-4480-9391-14DF171D2073): 34
LogDevObjectVersion:   Dev-Mobile (B02B49B5-BB20-44E9-A304-32B752E40360): 2
LogDevObjectVersion:   Dev-Networking (A4E4105C-59A1-49B5-A7C5-40C4547EDFEE): 0
LogDevObjectVersion:   Dev-Online (39C831C9-5AE6-47DC-9A44-9C173E1C8E7C): 0
LogDevObjectVersion:   Dev-Physics (78F01B33-EBEA-4F98-B9B4-84EACCB95AA2): 0
LogDevObjectVersion:   Dev-Platform (6631380F-2D4D-43E0-8009-CF276956A95A): 0
LogDevObjectVersion:   Dev-Rendering (12F88B9F-8875-4AFC-A67C-D90C383ABD29): 26
LogDevObjectVersion:   Dev-Sequencer (7B5AE74C-D270-4C10-A958-57980B212A5A): 9
LogDevObjectVersion:   Dev-VR (D7296918-1DD6-4BDD-9DE2-64A83CC13884): 2
LogDevObjectVersion:   Dev-LoadTimes (C2A15278-BFE7-4AFE-6C17-90FF531DF755): 1
LogDevObjectVersion:   Private-Geometry (6EACA3D4-40EC-4CC1-B786-8BED09428FC5): 3
LogDevObjectVersion:   Dev-AnimPhys (29E575DD-E0A3-4627-9D10-D276232CDCEA): 17
LogDevObjectVersion:   Dev-ReflectionCapture (6B266CEC-1EC7-4B8F-A30B-E4D90942FC07): 1
LogDevObjectVersion:   Dev-Automation (0DF73D61-A23F-47EA-B727-89E90C41499A): 1
LogDevObjectVersion:   FortniteMain (601D1886-AC64-4F84-AA16-D3DE0DEAC7D6): 12
LogDevObjectVersion:   Dev-Enterprise (9DFFBCD6-494F-0158-E221-12823C92A888): 1
LogStreaming: Display: Took  0.002s to delete old logs.
LogInit: Presizing for max 8388607 objects, including 0 objects not considered by GC, pre-allocating 0 bytes for permanent pool.
LogInit: Object subsystem initialized
[2018.10.11-03.41.08:803][  0]LogInit: Selected Device Profile: [Windows]
[2018.10.11-03.41.08:803][  0]LogInit: Applying CVar settings loaded from the selected device profile: [Windows]
[2018.10.11-03.41.08:831][  0]LogHAL: Display: Platform has ~ 16 GB [17160523776 / 17179869184 / 16], which maps to Larger [LargestMinGB=32, LargerMinGB=12, DefaultMinGB=8, SmallerMinGB=6, SmallestMinGB=0)
[2018.10.11-03.41.08:833][  0]LogInit: Setting Device Profile CVar: [[r.Vulkan.UseRealUBs:1]]
[2018.10.11-03.41.08:833][  0]LogInit: Going up to parent DeviceProfile []
[2018.10.11-03.41.08:834][  0]LogInit: Computer: PETEPC
[2018.10.11-03.41.08:834][  0]LogInit: User: Peter
[2018.10.11-03.41.08:834][  0]LogInit: CPU Page size=4096, Cores=2
[2018.10.11-03.41.08:835][  0]LogInit: High frequency timer resolution =3.727432 MHz
[2018.10.11-03.41.08:835][  0]LogMemory: Memory total: Physical=16.0GB (16GB approx)
[2018.10.11-03.41.08:838][  0]LogMemory: Platform Memory Stats for Windows
[2018.10.11-03.41.08:838][  0]LogMemory: Process Physical Memory: 99.15 MB used, 99.15 MB peak
[2018.10.11-03.41.08:838][  0]LogMemory: Process Virtual Memory: 84.35 MB used, 84.35 MB peak
[2018.10.11-03.41.08:838][  0]LogMemory: Physical Memory: 5994.56 MB used,  10370.99 MB free, 16365.55 MB total
[2018.10.11-03.41.08:838][  0]LogMemory: Virtual Memory: 468.17 MB used,  10370.99 MB free, 134217728.00 MB total
[2018.10.11-03.41.09:729][  0]LogInit: Using OS detected language (en-GB).
[2018.10.11-03.41.09:729][  0]LogInit: Using OS detected locale (en-US).
[2018.10.11-03.41.09:730][  0]LogTextLocalizationManager: No specific localization for 'en-GB' exists, so the 'en' localization will be used.
[2018.10.11-03.41.10:362][  0]LogStreaming: Display: Took  0.633s to InitEngineTextLocalization.
[2018.10.11-03.41.10:362][  0]LogInit: Setting process to per monitor DPI aware
[2018.10.11-03.41.10:490][  0]LogSlate: New Slate User Created.  User Index 0, Is Virtual User: 0
[2018.10.11-03.41.10:491][  0]LogSlate: Slate User Registered.  User Index 0, Is Virtual User: 0
[2018.10.11-03.41.10:768][  0]LogHMD: Failed to initialize OpenVR with code 110
[2018.10.11-03.41.10:769][  0]LogD3D11RHI: D3D11 adapters:
[2018.10.11-03.41.10:993][  0]LogD3D11RHI:    0. 'NVIDIA GeForce GTX 970' (Feature Level 11_0)
[2018.10.11-03.41.10:993][  0]LogD3D11RHI:       3992/0/8182 MB DedicatedVideo/DedicatedSystem/SharedSystem, Outputs:2, VendorId:0x10de
[2018.10.11-03.41.11:019][  0]LogD3D11RHI:    1. 'Microsoft Basic Render Driver' (Feature Level 11_0)
[2018.10.11-03.41.11:019][  0]LogD3D11RHI:       0/0/256 MB DedicatedVideo/DedicatedSystem/SharedSystem, Outputs:0, VendorId:0x1414
[2018.10.11-03.41.11:019][  0]LogD3D11RHI: Chosen D3D11 Adapter: 0
[2018.10.11-03.41.11:025][  0]LogD3D11RHI: Creating new Direct3DDevice
[2018.10.11-03.41.11:026][  0]LogD3D11RHI:     GPU DeviceId: 0x13c2 (for the marketing name, search the web for "GPU Device Id")
[2018.10.11-03.41.11:026][  0]LogWindows: EnumDisplayDevices:
[2018.10.11-03.41.11:026][  0]LogWindows:    0. 'NVIDIA GeForce GTX 970' (P:0 D:1)
[2018.10.11-03.41.11:027][  0]LogWindows:    1. 'NVIDIA GeForce GTX 970' (P:1 D:1)
[2018.10.11-03.41.11:027][  0]LogWindows:    2. 'NVIDIA GeForce GTX 970' (P:0 D:0)
[2018.10.11-03.41.11:028][  0]LogWindows:    3. 'NVIDIA GeForce GTX 970' (P:0 D:0)
[2018.10.11-03.41.11:028][  0]LogWindows: DebugString: FoundDriverCount:4 
[2018.10.11-03.41.11:028][  0]LogD3D11RHI:     Adapter Name: NVIDIA GeForce GTX 970
[2018.10.11-03.41.11:028][  0]LogD3D11RHI:   Driver Version: 391.35 (internal:23.21.13.9135, unified:391.35)
[2018.10.11-03.41.11:028][  0]LogD3D11RHI:      Driver Date: 3-23-2018
[2018.10.11-03.41.11:028][  0]LogRHI: Texture pool is 2794 MB (70% of 3992 MB)
[2018.10.11-03.41.11:064][  0]LogD3D11RHI: Async texture creation enabled
[2018.10.11-03.41.11:083][  0]LogD3D11RHI: GPU Timing Frequency: 1000.000000 (Debug: 2 2)
[2018.10.11-03.41.11:135][  0]LogShaderCompilers: Guid format shader working directory is -25 characters bigger than the processId version (../../../../../../Users/Peter/Documents/GitHub/Playground/UE4Playground/Intermediate/Shaders/WorkingDirectory/9180/).
[2018.10.11-03.41.11:135][  0]LogShaderCompilers: Cleaned the shader compiler working directory 'C:/Users/Peter/AppData/Local/Temp/UnrealShaderWorkingDir/4003D59A47412FA20E0006A5EE625FEF/'.
[2018.10.11-03.41.11:821][  0]LogTemp: Display: Loaded TP AllDesktopTargetPlatform
[2018.10.11-03.41.11:911][  0]LogTemp: Display: Loaded TP MacClientTargetPlatform
[2018.10.11-03.41.11:971][  0]LogTemp: Display: Loaded TP MacNoEditorTargetPlatform
[2018.10.11-03.41.12:024][  0]LogTemp: Display: Loaded TP MacServerTargetPlatform
[2018.10.11-03.41.12:078][  0]LogTemp: Display: Loaded TP MacTargetPlatform
[2018.10.11-03.41.12:133][  0]LogTemp: Display: Loaded TP WindowsClientTargetPlatform
[2018.10.11-03.41.12:199][  0]LogTemp: Display: Loaded TP WindowsNoEditorTargetPlatform
[2018.10.11-03.41.12:249][  0]LogTemp: Display: Loaded TP WindowsServerTargetPlatform
[2018.10.11-03.41.12:285][  0]LogTemp: Display: Loaded TP WindowsTargetPlatform
[2018.10.11-03.41.12:467][  0]LogTemp: Display: Loaded TP AndroidTargetPlatform
[2018.10.11-03.41.12:467][  0]LogTemp: Display: Loaded TP AndroidTargetPlatform
[2018.10.11-03.41.12:467][  0]LogTemp: Display: Loaded TP AndroidTargetPlatform
[2018.10.11-03.41.12:467][  0]LogTemp: Display: Loaded TP AndroidTargetPlatform
[2018.10.11-03.41.12:467][  0]LogTemp: Display: Loaded TP AndroidTargetPlatform
[2018.10.11-03.41.12:467][  0]LogTemp: Display: Loaded TP AndroidTargetPlatform
[2018.10.11-03.41.12:467][  0]LogTemp: Display: Loaded TP AndroidTargetPlatform
[2018.10.11-03.41.12:467][  0]LogTemp: Display: Loaded TP AndroidTargetPlatform
[2018.10.11-03.41.12:467][  0]LogTemp: Display: Loaded TP AndroidTargetPlatform
[2018.10.11-03.41.12:467][  0]LogTemp: Display: Loaded TP AndroidTargetPlatform
[2018.10.11-03.41.12:467][  0]LogTemp: Display: Loaded TP AndroidTargetPlatform
[2018.10.11-03.41.12:468][  0]LogTemp: Display: Loaded TP AndroidTargetPlatform
[2018.10.11-03.41.12:468][  0]LogTemp: Display: Loaded TP AndroidTargetPlatform
[2018.10.11-03.41.12:468][  0]LogTemp: Display: Loaded TP AndroidTargetPlatform
[2018.10.11-03.41.12:468][  0]LogTemp: Display: Loaded TP AndroidTargetPlatform
[2018.10.11-03.41.12:468][  0]LogTemp: Display: Loaded TP AndroidTargetPlatform
[2018.10.11-03.41.12:468][  0]LogTemp: Display: Loaded TP AndroidTargetPlatform
[2018.10.11-03.41.12:468][  0]LogTemp: Display: Loaded TP AndroidTargetPlatform
[2018.10.11-03.41.12:496][  0]LogTemp: Display: Loaded TP HTML5TargetPlatform
[2018.10.11-03.41.12:699][  0]LogTemp: Display: Loaded TP IOSTargetPlatform
[2018.10.11-03.41.12:699][  0]LogTemp: Display: Loaded TP IOSTargetPlatform
[2018.10.11-03.41.12:768][  0]LogTemp: Display: Loaded TP TVOSTargetPlatform
[2018.10.11-03.41.12:768][  0]LogTemp: Display: Loaded TP TVOSTargetPlatform
[2018.10.11-03.41.12:816][  0]LogTemp: Display: Loaded TP LinuxClientTargetPlatform
[2018.10.11-03.41.12:871][  0]LogTemp: Display: Loaded TP LinuxNoEditorTargetPlatform
[2018.10.11-03.41.12:917][  0]LogTemp: Display: Loaded TP LinuxServerTargetPlatform
[2018.10.11-03.41.12:965][  0]LogTemp: Display: Loaded TP LinuxTargetPlatform
[2018.10.11-03.41.13:005][  0]LogTemp: Display: Loaded TP LuminTargetPlatform
[2018.10.11-03.41.13:005][  0]LogTargetPlatformManager: Display: Building Assets For Windows
[2018.10.11-03.41.13:792][  0]LogXGEController: Cleaning working directory: C:/Users/Peter/AppData/Local/Temp/UnrealXGEWorkingDir/
[2018.10.11-03.41.13:793][  0]LogXGEController: Cannot use XGE Controller as Incredibuild is not installed on this machine.
[2018.10.11-03.41.13:793][  0]LogShaderCompilers: Cannot use XGE Shader Compiler as Incredibuild is not installed on this machine.
[2018.10.11-03.41.13:793][  0]LogShaderCompilers: Display: Using Local Shader Compiler.
[2018.10.11-03.41.15:228][  0]LogDerivedDataCache: Display: Max Cache Size: 512 MB
[2018.10.11-03.41.15:348][  0]LogDerivedDataCache: Loaded boot cache 0.12s 73MB C:/Users/Peter/AppData/Local/UnrealEngine/4.20/DerivedDataCache/Boot.ddc.
[2018.10.11-03.41.15:349][  0]LogDerivedDataCache: Display: Loaded Boot cache: C:/Users/Peter/AppData/Local/UnrealEngine/4.20/DerivedDataCache/Boot.ddc
[2018.10.11-03.41.15:349][  0]LogDerivedDataCache: FDerivedDataBackendGraph:  Pak pak cache file ../../../../../../Users/Peter/Documents/GitHub/Playground/UE4Playground/DerivedDataCache/DDC.ddp not found, will not use a pak cache.
[2018.10.11-03.41.15:349][  0]LogDerivedDataCache: Unable to find inner node Pak for hierarchical cache Hierarchy.
[2018.10.11-03.41.15:349][  0]LogDerivedDataCache: FDerivedDataBackendGraph:  CompressedPak pak cache file ../../../../../../Users/Peter/Documents/GitHub/Playground/UE4Playground/DerivedDataCache/Compressed.ddp not found, will not use a pak cache.
[2018.10.11-03.41.15:349][  0]LogDerivedDataCache: Unable to find inner node CompressedPak for hierarchical cache Hierarchy.
[2018.10.11-03.41.15:373][  0]LogDerivedDataCache: Display: Pak cache opened for reading ../../../Engine/DerivedDataCache/Compressed.ddp.
[2018.10.11-03.41.15:388][  0]LogDerivedDataCache: Using Local data cache path C:/Users/Peter/AppData/Local/UnrealEngine/Common/DerivedDataCache: Writable
[2018.10.11-03.41.15:388][  0]LogDerivedDataCache: Shared data cache path not found in *engine.ini, will not use an Shared cache.
[2018.10.11-03.41.15:388][  0]LogDerivedDataCache: Unable to find inner node Shared for hierarchical cache Hierarchy.
[2018.10.11-03.41.15:422][  0]LogMaterial: Verifying Global Shaders for PCD3D_SM5
[2018.10.11-03.41.15:424][  0]LogSlate: Using FreeType 2.6.0
[2018.10.11-03.41.15:425][  0]LogSlate: SlateFontServices - WITH_FREETYPE: 1, WITH_HARFBUZZ: 1
[2018.10.11-03.41.15:528][  0]LogAssetRegistry: FAssetRegistry took 0.0317 seconds to start up
[2018.10.11-03.41.16:122][  0]LogInit: Selected Device Profile: [Windows]
[2018.10.11-03.41.16:678][  0]LogSimplygon: Simplygon DLL not present - disabling.
[2018.10.11-03.41.16:760][  0]LogMeshReduction: Using SimplygonSwarm for distributed automatic mesh merging
[2018.10.11-03.41.16:760][  0]LogMeshReduction: Using ProxyLODMeshReduction for automatic mesh merging
[2018.10.11-03.41.16:761][  0]LogMeshReduction: Using QuadricMeshReduction for automatic static mesh reduction
[2018.10.11-03.41.16:761][  0]LogMeshReduction: No automatic skeletal mesh reduction module available
[2018.10.11-03.41.16:794][  0]LogNetVersion: UE4Playground 1.0.0, NetCL: 4212847, EngineNetVer: 5, GameNetVer: 0 (Checksum: 3127828240)
[2018.10.11-03.41.17:698][  0]LogPackageLocalizationCache: Processed 11 localized package path(s) for 2 prioritized culture(s) in 0.254188 seconds
[2018.10.11-03.41.17:708][  0]LogUObjectArray: 38425 objects as part of root set at end of initial load.
[2018.10.11-03.41.17:708][  0]LogUObjectAllocator: 6690864 out of 0 bytes used by permanent object pool.
[2018.10.11-03.41.17:708][  0]LogUObjectArray: CloseDisregardForGC: 0/0 objects in disregard for GC pool
[2018.10.11-03.41.20:089][  0]LogTcpMessaging: Initializing TcpMessaging bridge
[2018.10.11-03.41.20:156][  0]LogUdpMessaging: Initializing bridge on interface 0.0.0.0:0 to multicast group 230.0.0.1:6666.
[2018.10.11-03.41.21:236][  0]SourceControl: Source control is disabled
[2018.10.11-03.41.21:237][  0]SourceControl: Source control is disabled
[2018.10.11-03.41.21:274][  0]SourceControl: Source control is disabled
[2018.10.11-03.41.21:300][  0]SourceControl: Source control is disabled
[2018.10.11-03.41.22:545][  0]LogAndroidPermission: UAndroidPermissionCallbackProxy::GetInstance
[2018.10.11-03.41.22:813][  0]LogOcInput: OculusInput pre-init called
[2018.10.11-03.41.23:024][  0]LogEngine: Initializing Engine...
[2018.10.11-03.41.23:026][  0]LogHMD: Failed to initialize OpenVR with code 110
[2018.10.11-03.41.23:028][  0]LogStats: UGameplayTagsManager::ConstructGameplayTagTree: ImportINI prefixes -  0.000 s
[2018.10.11-03.41.23:028][  0]LogStats: UGameplayTagsManager::ConstructGameplayTagTree: Construct from data asset -  0.000 s
[2018.10.11-03.41.23:029][  0]LogStats: UGameplayTagsManager::ConstructGameplayTagTree: ImportINI -  0.000 s
[2018.10.11-03.41.23:029][  0]LogStats: UGameplayTagsManager::ConstructGameplayTagTree: GameplayTagTreeChangedEvent.Broadcast -  0.000 s
[2018.10.11-03.41.23:341][  0]LogInit: Initializing FReadOnlyCVARCache
[2018.10.11-03.41.23:387][  0]LogAIModule: Creating AISystem for world Untitled
[2018.10.11-03.41.23:428][  0]LogInit: XAudio2 using 'Speakers (2- High Definition Audio Device)' : 2 channels at 44.1 kHz using 16 bits per sample (channel mask 0x3)
[2018.10.11-03.41.23:453][  0]LogInit: FAudioDevice initialized.
[2018.10.11-03.41.23:454][  0]LogNetVersion: Set ProjectVersion to 1.0.0.0. Version Checksum will be recalculated on next use.
[2018.10.11-03.41.23:604][  0]LogDerivedDataCache: Saved boot cache 0.15s 73MB C:/Users/Peter/AppData/Local/UnrealEngine/4.20/DerivedDataCache/Boot.ddc.
[2018.10.11-03.41.23:623][  0]LogInit: Texture streaming: Enabled
[2018.10.11-03.41.23:747][  0]LogEngineSessionManager: EngineSessionManager initialized
[2018.10.11-03.41.23:783][  0]LogInit: Transaction tracking system initialized
[2018.10.11-03.41.23:964][  0]BlueprintLog: New page: Editor Load
[2018.10.11-03.41.24:770][  0]LocalizationService: Localization service is disabled
[2018.10.11-03.41.25:538][  0]LogCook: Display: Max memory allowance for cook 16384mb min free memory 0mb
[2018.10.11-03.41.25:539][  0]LogCook: Display: Mobile HDR setting 1
[2018.10.11-03.41.25:539][  0]LogGameplayTags: Display: UGameplayTagsManager::DoneAddingNativeTags. DelegateIsBound: 0
[2018.10.11-03.41.25:539][  0]LogStats: UGameplayTagsManager::ConstructGameplayTagTree: ImportINI prefixes -  0.000 s
[2018.10.11-03.41.25:539][  0]LogStats: UGameplayTagsManager::ConstructGameplayTagTree: Construct from data asset -  0.000 s
[2018.10.11-03.41.25:539][  0]LogStats: UGameplayTagsManager::ConstructGameplayTagTree: ImportINI -  0.000 s
[2018.10.11-03.41.25:539][  0]LogStats: UGameplayTagsManager::ConstructGameplayTagTree: GameplayTagTreeChangedEvent.Broadcast -  0.000 s
[2018.10.11-03.41.26:386][  0]LogFileCache: Scanning file cache for directory 'C:/Users/Peter/Documents/GitHub/Playground/UE4Playground/Content/' took 0.02s
[2018.10.11-03.41.26:427][  0]SourceControl: Source control is disabled
[2018.10.11-03.41.26:428][  0]Cmd: MAP LOAD FILE="../../../../../../Users/Peter/Documents/GitHub/Playground/UE4Playground/Content/FirstPersonCPP/Maps/FirstPersonExampleMap.umap" TEMPLATE=0 SHOWPROGRESS=1 FEATURELEVEL=3
[2018.10.11-03.41.26:429][  0]LightingResults: New page: Lighting Build
[2018.10.11-03.41.26:432][  0]MapCheck: New page: Map Check
[2018.10.11-03.41.26:433][  0]LightingResults: New page: Lighting Build
[2018.10.11-03.41.26:779][  0]LogAIModule: Creating AISystem for world FirstPersonExampleMap
[2018.10.11-03.41.26:795][  0]LogEditorServer: Finished looking for orphan Actors (0.000 secs)
[2018.10.11-03.41.26:838][  0]Cmd: MAP CHECKDEP NOCLEARLOG
[2018.10.11-03.41.26:966][  0]MapCheck: Map check complete: 0 Error(s), 0 Warning(s), took 128.221ms to complete.
[2018.10.11-03.41.26:967][  0]LogFileHelpers: Loading map 'FirstPersonExampleMap' took 0.539
[2018.10.11-03.41.27:111][  0]LogSlate: Updating window title bar state: overlay mode, drag disabled, window buttons hidden, title bar hidden
[2018.10.11-03.41.27:123][  0]LogSlate: Updating window title bar state: overlay mode, drag disabled, window buttons hidden, title bar hidden
[2018.10.11-03.41.27:133][  0]LogSlate: Updating window title bar state: overlay mode, drag disabled, window buttons hidden, title bar hidden
[2018.10.11-03.41.27:147][  0]LogSlate: Updating window title bar state: overlay mode, drag disabled, window buttons hidden, title bar hidden
[2018.10.11-03.41.27:183][  0]LogCollectionManager: Loaded 0 collections in 0.002992 seconds
[2018.10.11-03.41.27:244][  0]LogFileCache: Scanning file cache for directory 'C:/Users/Peter/Documents/GitHub/Playground/UE4Playground/Saved/Collections/' took 0.01s
[2018.10.11-03.41.27:244][  0]LogFileCache: Scanning file cache for directory 'C:/Users/Peter/Documents/GitHub/Playground/UE4Playground/Content/Developers/Peter/Collections/' took 0.01s
[2018.10.11-03.41.27:244][  0]LogFileCache: Scanning file cache for directory 'C:/Users/Peter/Documents/GitHub/Playground/UE4Playground/Content/Collections/' took 0.01s
[2018.10.11-03.41.27:244][  0]LogCollectionManager: Rebuilt the GUID cache for 0 collections in 0.000000 seconds
[2018.10.11-03.41.27:265][  0]LogContentBrowser: Native class hierarchy populated in 0.0200 seconds. Added 2576 classes and 605 folders.
[2018.10.11-03.41.27:275][  0]LogContentBrowser: Native class hierarchy updated for 'WidgetCarousel' in 0.0009 seconds. Added 0 classes and 0 folders.
[2018.10.11-03.41.27:336][  0]LogContentBrowser: Native class hierarchy updated for 'AddContentDialog' in 0.0008 seconds. Added 0 classes and 0 folders.
[2018.10.11-03.41.27:376][  0]LogContentBrowser: Native class hierarchy updated for 'SceneOutliner' in 0.0019 seconds. Added 1 classes and 2 folders.
[2018.10.11-03.41.27:397][  0]LogSlate: Took 0.000283 seconds to synchronously load lazily loaded font '../../../Engine/Content/Slate/Fonts/Roboto-Regular.ttf' (155K)
[2018.10.11-03.41.27:400][  0]LogSlate: Took 0.000282 seconds to synchronously load lazily loaded font '../../../Engine/Content/Slate/Fonts/Roboto-Bold.ttf' (160K)
[2018.10.11-03.41.27:409][  0]LogSlate: Took 0.000323 seconds to synchronously load lazily loaded font '../../../Engine/Content/Editor/Slate/Fonts/FontAwesome.ttf' (139K)
[2018.10.11-03.41.27:528][  0]LogRenderer: Reallocating scene render targets to support 1208x576 Format 10 NumSamples 1 (Frame:1).
[2018.10.11-03.41.27:735][  0]LogContentBrowser: Native class hierarchy updated for 'HierarchicalLODOutliner' in 0.0009 seconds. Added 0 classes and 0 folders.
[2018.10.11-03.41.27:735][  0]LogLoad: (Engine Initialization) Total time: 22.66 seconds
[2018.10.11-03.41.27:736][  0]LogLoad: (Engine Initialization) Total Blueprint compile time: 0.00 seconds
[2018.10.11-03.41.27:768][  0]LogContentStreaming: Texture pool size now 1000 MB
[2018.10.11-03.41.27:784][  0]LogSlate: Took 0.000230 seconds to synchronously load lazily loaded font '../../../Engine/Content/Slate/Fonts/Roboto-Light.ttf' (167K)
[2018.10.11-03.41.27:908][  2]LogAssetRegistry: Asset discovery search completed in 12.4041 seconds
[2018.10.11-03.41.27:910][  2]LogCollectionManager: Rebuilt the object cache for 0 collections in 0.000000 seconds (found 0 objects)
[2018.10.11-03.41.27:911][  2]LogCollectionManager: Fixed up redirectors for 0 collections in 0.000145 seconds (updated 0 objects)
[2018.10.11-03.41.29:094][ 49]LogSlate: Took 0.000261 seconds to synchronously load lazily loaded font '../../../Engine/Content/Slate/Fonts/Roboto-Light.ttf' (167K)
[2018.10.11-03.41.34:746][ 66]LogSlate: FSceneViewport::OnFocusLost() reason 0
[2018.10.11-03.41.34:885][ 66]LogTemp: Repeating last play command: Selected Viewport
[2018.10.11-03.41.34:925][ 66]LogBlueprintUserMessages: Early PlayInEditor Detection: Level '/Game/FirstPersonCPP/Maps/FirstPersonExampleMap.FirstPersonExampleMap:PersistentLevel' has LevelScriptBlueprint '/Game/FirstPersonCPP/Maps/FirstPersonExampleMap.FirstPersonExampleMap:PersistentLevel.FirstPersonExampleMap' with GeneratedClass '/Game/FirstPersonCPP/Maps/FirstPersonExampleMap.FirstPersonExampleMap_C' with ClassGeneratedBy '/Game/FirstPersonCPP/Maps/FirstPersonExampleMap.FirstPersonExampleMap:PersistentLevel.FirstPersonExampleMap'
[2018.10.11-03.41.34:926][ 66]LogPlayLevel: PlayLevel: No blueprints needed recompiling
[2018.10.11-03.41.34:941][ 66]PIE: New page: PIE session: FirstPersonExampleMap (Oct 10, 2018, 5:41:34 PM)
[2018.10.11-03.41.34:941][ 66]LogPlayLevel: Creating play world package: /Game/FirstPersonCPP/Maps/UEDPIE_0_FirstPersonExampleMap
[2018.10.11-03.41.34:989][ 66]LogPlayLevel: PIE: StaticDuplicateObject took: (0.047314s)
[2018.10.11-03.41.34:990][ 66]LogAIModule: Creating AISystem for world FirstPersonExampleMap
[2018.10.11-03.41.34:991][ 66]LogPlayLevel: PIE: World Init took: (0.001735s)
[2018.10.11-03.41.34:991][ 66]LogPlayLevel: PIE: Created PIE world by copying editor world from /Game/FirstPersonCPP/Maps/FirstPersonExampleMap.FirstPersonExampleMap to /Game/FirstPersonCPP/Maps/UEDPIE_0_FirstPersonExampleMap.FirstPersonExampleMap (0.049781s)
[2018.10.11-03.41.35:046][ 66]LogInit: XAudio2 using 'Speakers (2- High Definition Audio Device)' : 2 channels at 44.1 kHz using 16 bits per sample (channel mask 0x3)
[2018.10.11-03.41.35:058][ 66]LogInit: FAudioDevice initialized.
[2018.10.11-03.41.35:109][ 66]LogLoad: Game class is 'UE4PlaygroundGameMode'
[2018.10.11-03.41.35:114][ 66]LogWorld: Bringing World /Game/FirstPersonCPP/Maps/UEDPIE_0_FirstPersonExampleMap.FirstPersonExampleMap up for play (max tick rate 0) at 2018.10.10-22.41.35
[2018.10.11-03.41.35:115][ 66]LogWorld: Bringing up level for play took: 0.003696
[2018.10.11-03.41.35:138][ 66]LogContentBrowser: Native class hierarchy updated for 'MovieSceneCapture' in 0.0009 seconds. Added 10 classes and 0 folders.
[2018.10.11-03.41.35:139][ 66]PIE: Play in editor start time for /Game/FirstPersonCPP/Maps/UEDPIE_0_FirstPersonExampleMap -0.605
[2018.10.11-03.41.35:139][ 66]LogBlueprintUserMessages: Late PlayInEditor Detection: Level '/Game/FirstPersonCPP/Maps/FirstPersonExampleMap.FirstPersonExampleMap:PersistentLevel' has LevelScriptBlueprint '/Game/FirstPersonCPP/Maps/FirstPersonExampleMap.FirstPersonExampleMap:PersistentLevel.FirstPersonExampleMap' with GeneratedClass '/Game/FirstPersonCPP/Maps/FirstPersonExampleMap.FirstPersonExampleMap_C' with ClassGeneratedBy '/Game/FirstPersonCPP/Maps/FirstPersonExampleMap.FirstPersonExampleMap:PersistentLevel.FirstPersonExampleMap'
[2018.10.11-03.41.41:085][712]LogBlueprintUserMessages: Early EndPlayMap Detection: Level '/Game/FirstPersonCPP/Maps/FirstPersonExampleMap.FirstPersonExampleMap:PersistentLevel' has LevelScriptBlueprint '/Game/FirstPersonCPP/Maps/FirstPersonExampleMap.FirstPersonExampleMap:PersistentLevel.FirstPersonExampleMap' with GeneratedClass '/Game/FirstPersonCPP/Maps/FirstPersonExampleMap.FirstPersonExampleMap_C' with ClassGeneratedBy '/Game/FirstPersonCPP/Maps/FirstPersonExampleMap.FirstPersonExampleMap:PersistentLevel.FirstPersonExampleMap'
[2018.10.11-03.41.41:086][712]LogSlate: Updating window title bar state: overlay mode, drag disabled, window buttons hidden, title bar hidden
[2018.10.11-03.41.41:133][712]LogPlayLevel: Display: Shutting down PIE online subsystems
[2018.10.11-03.41.41:133][712]LogBlueprintUserMessages: Late EndPlayMap Detection: Level '/Game/FirstPersonCPP/Maps/FirstPersonExampleMap.FirstPersonExampleMap:PersistentLevel' has LevelScriptBlueprint '/Game/FirstPersonCPP/Maps/FirstPersonExampleMap.FirstPersonExampleMap:PersistentLevel.FirstPersonExampleMap' with GeneratedClass '/Game/FirstPersonCPP/Maps/FirstPersonExampleMap.FirstPersonExampleMap_C' with ClassGeneratedBy '/Game/FirstPersonCPP/Maps/FirstPersonExampleMap.FirstPersonExampleMap:PersistentLevel.FirstPersonExampleMap'
[2018.10.11-03.41.41:169][712]LogSlate: Updating window title bar state: overlay mode, drag disabled, window buttons hidden, title bar hidden
[2018.10.11-03.41.41:201][713]LogPlayLevel: Display: Destroying online subsystem :Context_4
[2018.10.11-03.41.58:668][ 20]LogSlate: FSceneViewport::OnFocusLost() reason 2
[2018.10.11-03.42.03:210][509]LogSlate: FSceneViewport::OnFocusLost() reason 2
[2018.10.11-03.42.05:026][718]LogSlate: FSceneViewport::OnFocusLost() reason 2
[2018.10.11-03.42.06:403][718]LogSlate: Only BGRA pngs, bmps or icos are supported in by External Image Picker
[2018.10.11-03.42.06:604][721]LogTemp: Executing iPhonePackager certificates Engine -bundlename com.YourCompany.UE4Playground
[2018.10.11-03.42.06:604][721]LogTemp: CWD: C:\Program Files\Epic Games\UE_4.20\Engine\Binaries\DotNET\IOS
[2018.10.11-03.42.06:604][721]LogTemp: Initial Dir: C:\Program Files\Epic Games\UE_4.20
[2018.10.11-03.42.06:604][721]LogTemp: Env CWD: C:\Program Files\Epic Games\UE_4.20\Engine\Binaries\DotNET\IOS
[2018.10.11-03.42.06:614][721]LogTemp: BranchPath = PETEPC/C/Program Files/Epic Games/UE_4.20/Engine/Binaries --- GameBranchPath = PETEPC/C/Program Files/Epic Games/UE_4.20/Engine/Binaries
[2018.10.11-03.42.06:643][723]LogTemp: IPP ERROR: Could not find provision directory 'C:\Users\Peter\AppData\Local/Apple Computer/MobileDevice/Provisioning Profiles/'.
[2018.10.11-03.42.29:803][937]LogSlate: Window 'Project Settings' being destroyed
[2018.10.11-03.42.29:809][937]LogSlate: Window 'Project Settings' being destroyed
[2018.10.11-03.42.30:420][  3]LogEditorViewport: Clicking on Actor (LMB): StaticMeshActor (Wall1)
[2018.10.11-03.42.31:956][145]LogSlate: FSceneViewport::OnFocusLost() reason 0
[2018.10.11-03.42.32:035][153]LogTemp: Repeating last play command: Selected Viewport
[2018.10.11-03.42.32:064][153]LogBlueprintUserMessages: Early PlayInEditor Detection: Level '/Game/FirstPersonCPP/Maps/FirstPersonExampleMap.FirstPersonExampleMap:PersistentLevel' has LevelScriptBlueprint '/Game/FirstPersonCPP/Maps/FirstPersonExampleMap.FirstPersonExampleMap:PersistentLevel.FirstPersonExampleMap' with GeneratedClass '/Game/FirstPersonCPP/Maps/FirstPersonExampleMap.FirstPersonExampleMap_C' with ClassGeneratedBy '/Game/FirstPersonCPP/Maps/FirstPersonExampleMap.FirstPersonExampleMap:PersistentLevel.FirstPersonExampleMap'
[2018.10.11-03.42.32:064][153]LogPlayLevel: PlayLevel: No blueprints needed recompiling
[2018.10.11-03.42.32:064][153]PIE: New page: PIE session: FirstPersonExampleMap (Oct 10, 2018, 5:42:32 PM)
[2018.10.11-03.42.32:065][153]LogPlayLevel: Creating play world package: /Game/FirstPersonCPP/Maps/UEDPIE_0_FirstPersonExampleMap
[2018.10.11-03.42.32:089][153]LogPlayLevel: PIE: StaticDuplicateObject took: (0.024532s)
[2018.10.11-03.42.32:091][153]LogAIModule: Creating AISystem for world FirstPersonExampleMap
[2018.10.11-03.42.32:091][153]LogPlayLevel: PIE: World Init took: (0.001623s)
[2018.10.11-03.42.32:091][153]LogPlayLevel: PIE: Created PIE world by copying editor world from /Game/FirstPersonCPP/Maps/FirstPersonExampleMap.FirstPersonExampleMap to /Game/FirstPersonCPP/Maps/UEDPIE_0_FirstPersonExampleMap.FirstPersonExampleMap (0.026629s)
[2018.10.11-03.42.32:145][153]LogInit: XAudio2 using 'Speakers (2- High Definition Audio Device)' : 2 channels at 44.1 kHz using 16 bits per sample (channel mask 0x3)
[2018.10.11-03.42.32:158][153]LogInit: FAudioDevice initialized.
[2018.10.11-03.42.32:197][153]LogLoad: Game class is 'UE4PlaygroundGameMode'
[2018.10.11-03.42.32:200][153]LogWorld: Bringing World /Game/FirstPersonCPP/Maps/UEDPIE_0_FirstPersonExampleMap.FirstPersonExampleMap up for play (max tick rate 0) at 2018.10.10-22.42.32
[2018.10.11-03.42.32:201][153]LogWorld: Bringing up level for play took: 0.003252
[2018.10.11-03.42.32:215][153]PIE: Play in editor start time for /Game/FirstPersonCPP/Maps/UEDPIE_0_FirstPersonExampleMap 0.472
[2018.10.11-03.42.32:216][153]LogBlueprintUserMessages: Late PlayInEditor Detection: Level '/Game/FirstPersonCPP/Maps/FirstPersonExampleMap.FirstPersonExampleMap:PersistentLevel' has LevelScriptBlueprint '/Game/FirstPersonCPP/Maps/FirstPersonExampleMap.FirstPersonExampleMap:PersistentLevel.FirstPersonExampleMap' with GeneratedClass '/Game/FirstPersonCPP/Maps/FirstPersonExampleMap.FirstPersonExampleMap_C' with ClassGeneratedBy '/Game/FirstPersonCPP/Maps/FirstPersonExampleMap.FirstPersonExampleMap:PersistentLevel.FirstPersonExampleMap'
[2018.10.11-03.42.35:125][487]LogBlueprintUserMessages: Early EndPlayMap Detection: Level '/Game/FirstPersonCPP/Maps/FirstPersonExampleMap.FirstPersonExampleMap:PersistentLevel' has LevelScriptBlueprint '/Game/FirstPersonCPP/Maps/FirstPersonExampleMap.FirstPersonExampleMap:PersistentLevel.FirstPersonExampleMap' with GeneratedClass '/Game/FirstPersonCPP/Maps/FirstPersonExampleMap.FirstPersonExampleMap_C' with ClassGeneratedBy '/Game/FirstPersonCPP/Maps/FirstPersonExampleMap.FirstPersonExampleMap:PersistentLevel.FirstPersonExampleMap'
[2018.10.11-03.42.35:126][487]LogSlate: Updating window title bar state: overlay mode, drag disabled, window buttons hidden, title bar hidden
[2018.10.11-03.42.35:169][487]LogPlayLevel: Display: Shutting down PIE online subsystems
[2018.10.11-03.42.35:169][487]LogBlueprintUserMessages: Late EndPlayMap Detection: Level '/Game/FirstPersonCPP/Maps/FirstPersonExampleMap.FirstPersonExampleMap:PersistentLevel' has LevelScriptBlueprint '/Game/FirstPersonCPP/Maps/FirstPersonExampleMap.FirstPersonExampleMap:PersistentLevel.FirstPersonExampleMap' with GeneratedClass '/Game/FirstPersonCPP/Maps/FirstPersonExampleMap.FirstPersonExampleMap_C' with ClassGeneratedBy '/Game/FirstPersonCPP/Maps/FirstPersonExampleMap.FirstPersonExampleMap:PersistentLevel.FirstPersonExampleMap'
[2018.10.11-03.42.35:206][487]LogSlate: Updating window title bar state: overlay mode, drag disabled, window buttons hidden, title bar hidden
[2018.10.11-03.42.35:237][488]LogPlayLevel: Display: Destroying online subsystem :Context_7
[2018.10.11-03.42.39:224][933]LogSlate: FSceneViewport::OnFocusLost() reason 0
[2018.10.11-03.42.39:368][944]LogAssetEditorManager: Opening Asset editor for Blueprint /Game/FirstPersonCPP/Blueprints/FirstPersonProjectile.FirstPersonProjectile
[2018.10.11-03.42.40:226][944]LogContentBrowser: Native class hierarchy updated for 'BlueprintGraph' in 0.0016 seconds. Added 116 classes and 0 folders.
[2018.10.11-03.42.41:520][944]LogAssetEditorManager: Opening Asset editor for Blueprint /Game/FirstPersonCPP/Blueprints/AltFireProjectile.AltFireProjectile
[2018.10.11-03.42.42:005][944]LogAssetEditorManager: Opening Asset editor for Blueprint /Game/FirstPersonCPP/Blueprints/FirstPersonCharacter.FirstPersonCharacter
[2018.10.11-03.42.51:010][424]LogSlate: Window 'FirstPersonCharacter' being destroyed
[2018.10.11-03.42.51:013][424]LogSlate: Window 'FirstPersonCharacter' being destroyed
[2018.10.11-03.42.51:112][424]LogActorComponent: UnregisterComponent: (/Engine/Transient.EditorFloorComp) Not registered. Aborting.
[2018.10.11-03.42.51:185][424]LogActorComponent: UnregisterComponent: (/Engine/Transient.EditorFloorComp) Not registered. Aborting.
[2018.10.11-03.43.16:703][780]LogSlate: FSceneViewport::OnFocusLost() reason 2
[2018.10.11-03.43.19:223][ 75]LogSlate: FSceneViewport::OnFocusLost() reason 2
[2018.10.11-03.43.20:530][ 75]LogSlate: Only BGRA pngs, bmps or icos are supported in by External Image Picker
[2018.10.11-03.43.20:672][ 78]LogTemp: Executing iPhonePackager certificates Engine -bundlename com.YourCompany.UE4Playground
[2018.10.11-03.43.20:673][ 78]LogTemp: CWD: C:\Program Files\Epic Games\UE_4.20\Engine\Binaries\DotNET\IOS
[2018.10.11-03.43.20:673][ 78]LogTemp: Initial Dir: C:\Program Files\Epic Games\UE_4.20
[2018.10.11-03.43.20:673][ 78]LogTemp: Env CWD: C:\Program Files\Epic Games\UE_4.20\Engine\Binaries\DotNET\IOS
[2018.10.11-03.43.20:673][ 78]LogTemp: BranchPath = PETEPC/C/Program Files/Epic Games/UE_4.20/Engine/Binaries --- GameBranchPath = PETEPC/C/Program Files/Epic Games/UE_4.20/Engine/Binaries
[2018.10.11-03.43.20:699][ 80]LogTemp: IPP ERROR: Could not find provision directory 'C:\Users\Peter\AppData\Local/Apple Computer/MobileDevice/Provisioning Profiles/'.
[2018.10.11-03.43.37:702][762]LogSlate: Window 'Project Settings' being destroyed
[2018.10.11-03.43.37:707][762]LogSlate: Window 'Project Settings' being destroyed
[2018.10.11-03.43.38:479][850]LogSlate: FSceneViewport::OnFocusLost() reason 0
[2018.10.11-03.43.38:545][858]LogTemp: Repeating last play command: Selected Viewport
[2018.10.11-03.43.38:574][858]LogBlueprintUserMessages: Early PlayInEditor Detection: Level '/Game/FirstPersonCPP/Maps/FirstPersonExampleMap.FirstPersonExampleMap:PersistentLevel' has LevelScriptBlueprint '/Game/FirstPersonCPP/Maps/FirstPersonExampleMap.FirstPersonExampleMap:PersistentLevel.FirstPersonExampleMap' with GeneratedClass '/Game/FirstPersonCPP/Maps/FirstPersonExampleMap.FirstPersonExampleMap_C' with ClassGeneratedBy '/Game/FirstPersonCPP/Maps/FirstPersonExampleMap.FirstPersonExampleMap:PersistentLevel.FirstPersonExampleMap'
[2018.10.11-03.43.38:575][858]LogPlayLevel: PlayLevel: No blueprints needed recompiling
[2018.10.11-03.43.38:575][858]PIE: New page: PIE session: FirstPersonExampleMap (Oct 10, 2018, 5:43:38 PM)
[2018.10.11-03.43.38:575][858]LogPlayLevel: Creating play world package: /Game/FirstPersonCPP/Maps/UEDPIE_0_FirstPersonExampleMap
[2018.10.11-03.43.38:599][858]LogPlayLevel: PIE: StaticDuplicateObject took: (0.024182s)
[2018.10.11-03.43.38:601][858]LogAIModule: Creating AISystem for world FirstPersonExampleMap
[2018.10.11-03.43.38:601][858]LogPlayLevel: PIE: World Init took: (0.001592s)
[2018.10.11-03.43.38:601][858]LogPlayLevel: PIE: Created PIE world by copying editor world from /Game/FirstPersonCPP/Maps/FirstPersonExampleMap.FirstPersonExampleMap to /Game/FirstPersonCPP/Maps/UEDPIE_0_FirstPersonExampleMap.FirstPersonExampleMap (0.026299s)
[2018.10.11-03.43.38:682][858]LogInit: XAudio2 using 'Speakers (2- High Definition Audio Device)' : 2 channels at 44.1 kHz using 16 bits per sample (channel mask 0x3)
[2018.10.11-03.43.38:695][858]LogInit: FAudioDevice initialized.
[2018.10.11-03.43.38:733][858]LogLoad: Game class is 'UE4PlaygroundGameMode'
[2018.10.11-03.43.38:736][858]LogWorld: Bringing World /Game/FirstPersonCPP/Maps/UEDPIE_0_FirstPersonExampleMap.FirstPersonExampleMap up for play (max tick rate 0) at 2018.10.10-22.43.38
[2018.10.11-03.43.38:736][858]LogWorld: Bringing up level for play took: 0.002843
[2018.10.11-03.43.38:751][858]PIE: Play in editor start time for /Game/FirstPersonCPP/Maps/UEDPIE_0_FirstPersonExampleMap 1.008
[2018.10.11-03.43.38:752][858]LogBlueprintUserMessages: Late PlayInEditor Detection: Level '/Game/FirstPersonCPP/Maps/FirstPersonExampleMap.FirstPersonExampleMap:PersistentLevel' has LevelScriptBlueprint '/Game/FirstPersonCPP/Maps/FirstPersonExampleMap.FirstPersonExampleMap:PersistentLevel.FirstPersonExampleMap' with GeneratedClass '/Game/FirstPersonCPP/Maps/FirstPersonExampleMap.FirstPersonExampleMap_C' with ClassGeneratedBy '/Game/FirstPersonCPP/Maps/FirstPersonExampleMap.FirstPersonExampleMap:PersistentLevel.FirstPersonExampleMap'
[2018.10.11-03.43.46:200][731]LogBlueprintUserMessages: Early EndPlayMap Detection: Level '/Game/FirstPersonCPP/Maps/FirstPersonExampleMap.FirstPersonExampleMap:PersistentLevel' has LevelScriptBlueprint '/Game/FirstPersonCPP/Maps/FirstPersonExampleMap.FirstPersonExampleMap:PersistentLevel.FirstPersonExampleMap' with GeneratedClass '/Game/FirstPersonCPP/Maps/FirstPersonExampleMap.FirstPersonExampleMap_C' with ClassGeneratedBy '/Game/FirstPersonCPP/Maps/FirstPersonExampleMap.FirstPersonExampleMap:PersistentLevel.FirstPersonExampleMap'
[2018.10.11-03.43.46:200][731]LogSlate: Updating window title bar state: overlay mode, drag disabled, window buttons hidden, title bar hidden
[2018.10.11-03.43.46:240][731]LogPlayLevel: Display: Shutting down PIE online subsystems
[2018.10.11-03.43.46:241][731]LogBlueprintUserMessages: Late EndPlayMap Detection: Level '/Game/FirstPersonCPP/Maps/FirstPersonExampleMap.FirstPersonExampleMap:PersistentLevel' has LevelScriptBlueprint '/Game/FirstPersonCPP/Maps/FirstPersonExampleMap.FirstPersonExampleMap:PersistentLevel.FirstPersonExampleMap' with GeneratedClass '/Game/FirstPersonCPP/Maps/FirstPersonExampleMap.FirstPersonExampleMap_C' with ClassGeneratedBy '/Game/FirstPersonCPP/Maps/FirstPersonExampleMap.FirstPersonExampleMap:PersistentLevel.FirstPersonExampleMap'
[2018.10.11-03.43.46:289][731]LogSlate: Updating window title bar state: overlay mode, drag disabled, window buttons hidden, title bar hidden
[2018.10.11-03.43.46:320][732]LogPlayLevel: Display: Destroying online subsystem :Context_11
[2018.10.11-03.43.52:799][354]LogSlate: FSceneViewport::OnFocusLost() reason 2
[2018.10.11-03.48.51:709][629]LogSlate: FSceneViewport::OnFocusLost() reason 0
[2018.10.11-03.48.51:784][638]LogTemp: Repeating last play command: Selected Viewport
[2018.10.11-03.48.51:816][638]LogBlueprintUserMessages: Early PlayInEditor Detection: Level '/Game/FirstPersonCPP/Maps/FirstPersonExampleMap.FirstPersonExampleMap:PersistentLevel' has LevelScriptBlueprint '/Game/FirstPersonCPP/Maps/FirstPersonExampleMap.FirstPersonExampleMap:PersistentLevel.FirstPersonExampleMap' with GeneratedClass '/Game/FirstPersonCPP/Maps/FirstPersonExampleMap.FirstPersonExampleMap_C' with ClassGeneratedBy '/Game/FirstPersonCPP/Maps/FirstPersonExampleMap.FirstPersonExampleMap:PersistentLevel.FirstPersonExampleMap'
[2018.10.11-03.48.51:817][638]LogPlayLevel: PlayLevel: No blueprints needed recompiling
[2018.10.11-03.48.51:817][638]PIE: New page: PIE session: FirstPersonExampleMap (Oct 10, 2018, 5:48:51 PM)
[2018.10.11-03.48.51:817][638]LogPlayLevel: Creating play world package: /Game/FirstPersonCPP/Maps/UEDPIE_0_FirstPersonExampleMap
[2018.10.11-03.48.51:840][638]LogPlayLevel: PIE: StaticDuplicateObject took: (0.022362s)
[2018.10.11-03.48.51:841][638]LogAIModule: Creating AISystem for world FirstPersonExampleMap
[2018.10.11-03.48.51:841][638]LogPlayLevel: PIE: World Init took: (0.001427s)
[2018.10.11-03.48.51:841][638]LogPlayLevel: PIE: Created PIE world by copying editor world from /Game/FirstPersonCPP/Maps/FirstPersonExampleMap.FirstPersonExampleMap to /Game/FirstPersonCPP/Maps/UEDPIE_0_FirstPersonExampleMap.FirstPersonExampleMap (0.024338s)
[2018.10.11-03.48.51:902][638]LogInit: XAudio2 using 'Speakers (2- High Definition Audio Device)' : 2 channels at 44.1 kHz using 16 bits per sample (channel mask 0x3)
[2018.10.11-03.48.51:914][638]LogInit: FAudioDevice initialized.
[2018.10.11-03.48.51:955][638]LogLoad: Game class is 'UE4PlaygroundGameMode'
[2018.10.11-03.48.51:958][638]LogWorld: Bringing World /Game/FirstPersonCPP/Maps/UEDPIE_0_FirstPersonExampleMap.FirstPersonExampleMap up for play (max tick rate 0) at 2018.10.10-22.48.51
[2018.10.11-03.48.51:958][638]LogWorld: Bringing up level for play took: 0.003032
[2018.10.11-03.48.51:973][638]PIE: Play in editor start time for /Game/FirstPersonCPP/Maps/UEDPIE_0_FirstPersonExampleMap 0.229
[2018.10.11-03.48.51:973][638]LogBlueprintUserMessages: Late PlayInEditor Detection: Level '/Game/FirstPersonCPP/Maps/FirstPersonExampleMap.FirstPersonExampleMap:PersistentLevel' has LevelScriptBlueprint '/Game/FirstPersonCPP/Maps/FirstPersonExampleMap.FirstPersonExampleMap:PersistentLevel.FirstPersonExampleMap' with GeneratedClass '/Game/FirstPersonCPP/Maps/FirstPersonExampleMap.FirstPersonExampleMap_C' with ClassGeneratedBy '/Game/FirstPersonCPP/Maps/FirstPersonExampleMap.FirstPersonExampleMap:PersistentLevel.FirstPersonExampleMap'
[2018.10.11-03.49.03:739][ 29]LogBlueprintUserMessages: Early EndPlayMap Detection: Level '/Game/FirstPersonCPP/Maps/FirstPersonExampleMap.FirstPersonExampleMap:PersistentLevel' has LevelScriptBlueprint '/Game/FirstPersonCPP/Maps/FirstPersonExampleMap.FirstPersonExampleMap:PersistentLevel.FirstPersonExampleMap' with GeneratedClass '/Game/FirstPersonCPP/Maps/FirstPersonExampleMap.FirstPersonExampleMap_C' with ClassGeneratedBy '/Game/FirstPersonCPP/Maps/FirstPersonExampleMap.FirstPersonExampleMap:PersistentLevel.FirstPersonExampleMap'
[2018.10.11-03.49.03:739][ 29]LogSlate: Updating window title bar state: overlay mode, drag disabled, window buttons hidden, title bar hidden
[2018.10.11-03.49.03:779][ 29]LogPlayLevel: Display: Shutting down PIE online subsystems
[2018.10.11-03.49.03:780][ 29]LogBlueprintUserMessages: Late EndPlayMap Detection: Level '/Game/FirstPersonCPP/Maps/FirstPersonExampleMap.FirstPersonExampleMap:PersistentLevel' has LevelScriptBlueprint '/Game/FirstPersonCPP/Maps/FirstPersonExampleMap.FirstPersonExampleMap:PersistentLevel.FirstPersonExampleMap' with GeneratedClass '/Game/FirstPersonCPP/Maps/FirstPersonExampleMap.FirstPersonExampleMap_C' with ClassGeneratedBy '/Game/FirstPersonCPP/Maps/FirstPersonExampleMap.FirstPersonExampleMap:PersistentLevel.FirstPersonExampleMap'
[2018.10.11-03.49.03:827][ 29]LogSlate: Updating window title bar state: overlay mode, drag disabled, window buttons hidden, title bar hidden
[2018.10.11-03.49.03:858][ 30]LogPlayLevel: Display: Destroying online subsystem :Context_12
