Log file open, 10/11/18 23:21:18
LogWindows: Failed to load 'aqProf.dll' (GetLastError=126)
LogWindows: File 'aqProf.dll' does not exist
LogWindows: Failed to load 'VtuneApi.dll' (GetLastError=126)
LogWindows: File 'VtuneApi.dll' does not exist
LogWindows: Failed to load 'VtuneApi32e.dll' (GetLastError=126)
LogWindows: File 'VtuneApi32e.dll' does not exist
LogInit: Display: Running engine for game: UE4Playground
LogPlatformFile: Not using cached read wrapper
LogTaskGraph: Started task graph with 5 named threads and 11 total threads with 3 sets of task threads.
LogStats: Stats thread started at 0.198509
LogD3D11RHI: Loaded GFSDK_Aftermath_Lib.x64.dll
LogICUInternationalization: Display: ICU TimeZone Detection - Raw Offset: -6:00, Platform Override: ''
LogPluginManager: Mounting plugin Paper2D
LogPluginManager: Mounting plugin AISupport
LogPluginManager: Mounting plugin LightPropagationVolume
LogPluginManager: Mounting plugin CLionSourceCodeAccess
LogPluginManager: Mounting plugin CodeLiteSourceCodeAccess
LogPluginManager: Mounting plugin GitSourceControl
LogPluginManager: Mounting plugin KDevelopSourceCodeAccess
LogPluginManager: Mounting plugin NullSourceCodeAccess
LogPluginManager: Mounting plugin PerforceSourceControl
LogPluginManager: Mounting plugin SubversionSourceControl
LogPluginManager: Mounting plugin UObjectPlugin
LogPluginManager: Mounting plugin VisualStudioCodeSourceCodeAccess
LogPluginManager: Mounting plugin VisualStudioSourceCodeAccess
LogPluginManager: Mounting plugin XCodeSourceCodeAccess
LogPluginManager: Mounting plugin AssetManagerEditor
LogPluginManager: Mounting plugin CryptoKeys
LogPluginManager: Mounting plugin DataValidation
LogPluginManager: Mounting plugin FacialAnimation
LogPluginManager: Mounting plugin GameplayTagsEditor
LogPluginManager: Mounting plugin MacGraphicsSwitching
LogPluginManager: Mounting plugin MeshEditor
LogPluginManager: Mounting plugin MobileLauncherProfileWizard
LogPluginManager: Mounting plugin PluginBrowser
LogPluginManager: Mounting plugin SpeedTreeImporter
LogPluginManager: Mounting plugin DatasmithContent
LogPluginManager: Mounting plugin AlembicImporter
LogPluginManager: Mounting plugin AppleImageUtils
LogPluginManager: Mounting plugin AppleVision
LogPluginManager: Mounting plugin BackChannel
LogPluginManager: Mounting plugin CharacterAI
LogPluginManager: Mounting plugin GeometryCache
LogPluginManager: Mounting plugin HTML5Networking
LogPluginManager: Mounting plugin ProxyLODPlugin
LogPluginManager: Mounting plugin MagicLeap
LogPluginManager: Mounting plugin MagicLeapEmulator
LogPluginManager: Mounting plugin MagicLeapMedia
LogPluginManager: Mounting plugin AndroidMedia
LogPluginManager: Mounting plugin AvfMedia
LogPluginManager: Mounting plugin ImgMedia
LogPluginManager: Mounting plugin LinearTimecode
LogPluginManager: Mounting plugin MediaCompositing
LogPluginManager: Mounting plugin MediaPlayerEditor
LogPluginManager: Mounting plugin WmfMedia
LogPluginManager: Mounting plugin TcpMessaging
LogPluginManager: Mounting plugin UdpMessaging
LogPluginManager: Mounting plugin ActorSequence
LogPluginManager: Mounting plugin LevelSequenceEditor
LogPluginManager: Mounting plugin MatineeToLevelSequence
LogPluginManager: Mounting plugin NetcodeUnitTest
LogPluginManager: Mounting plugin NUTUnrealEngine4
LogPluginManager: Mounting plugin OnlineSubsystemGooglePlay
LogPluginManager: Mounting plugin OnlineSubsystemIOS
LogPluginManager: Mounting plugin OnlineSubsystem
LogPluginManager: Mounting plugin OnlineSubsystemNull
LogPluginManager: Mounting plugin OnlineSubsystemUtils
LogPluginManager: Mounting plugin LauncherChunkInstaller
LogPluginManager: Mounting plugin AndroidDeviceProfileSelector
LogPluginManager: Mounting plugin AndroidMoviePlayer
LogPluginManager: Mounting plugin AndroidPermission
LogPluginManager: Mounting plugin AppleMoviePlayer
LogPluginManager: Mounting plugin ArchVisCharacter
LogPluginManager: Mounting plugin AudioCapture
LogPluginManager: Mounting plugin CableComponent
LogPluginManager: Mounting plugin CustomMeshComponent
LogPluginManager: Mounting plugin EditableMesh
LogPluginManager: Mounting plugin ExampleDeviceProfileSelector
LogPluginManager: Mounting plugin GoogleCloudMessaging
LogPluginManager: Mounting plugin ImmediatePhysics
LogPluginManager: Mounting plugin IOSDeviceProfileSelector
LogPluginManager: Mounting plugin LinuxDeviceProfileSelector
LogPluginManager: Mounting plugin LocationServicesBPLibrary
LogPluginManager: Mounting plugin MobilePatchingUtils
LogPluginManager: Mounting plugin OculusVR
LogPluginManager: Plugin shader directory ../../../Engine/Plugins/Runtime/Oculus/OculusVR/Shaders found
LogPluginManager: Mapping shader source directory ../../../Engine/Plugins/Runtime/Oculus/OculusVR/Shaders to virtual directory /Plugin/OculusVR
LogPluginManager: Mounting plugin PhysXVehicles
LogPluginManager: Mounting plugin ProceduralMeshComponent
LogPluginManager: Mounting plugin RuntimePhysXCooking
LogPluginManager: Mounting plugin SteamVR
LogPluginManager: Mounting plugin WindowsMoviePlayer
LogStreaming: Display: Took  0.263s to configure plugins.
LogInit: Using libcurl 7.55.1-DEV
LogInit:  - built for x86_64-pc-win32
LogInit:  - supports SSL with OpenSSL/1.0.2h
LogInit:  - supports HTTP deflate (compression) using libz 1.2.8
LogInit:  - other features:
LogInit:      CURL_VERSION_SSL
LogInit:      CURL_VERSION_LIBZ
LogInit:      CURL_VERSION_IPV6
LogInit:      CURL_VERSION_ASYNCHDNS
LogInit:      CURL_VERSION_LARGEFILE
LogInit:      CURL_VERSION_IDN
LogInit:  CurlRequestOptions (configurable via config and command line):
LogInit:  - bVerifyPeer = false  - Libcurl will NOT verify peer certificate
LogInit:  - bUseHttpProxy = false  - Libcurl will NOT use HTTP proxy
LogInit:  - bDontReuseConnections = false  - Libcurl will reuse connections
LogInit:  - CertBundlePath = nullptr  - Libcurl will use whatever was configured at build time.
LogInit:  - MaxHostConnections = 16  - Libcurl will limit the number of connections to a host
LogInit:  - LocalHostAddr = Default
LogInit:  - BufferSize = 65536
LogInit: WinSock: version 1.1 (2.2), MaxSocks=32767, MaxUdp=65467
LogInit: Build: ++UE4+Release-4.20-CL-4369336
LogInit: Engine Version: 4.20.3-4369336+++UE4+Release-4.20
LogInit: Compatible Engine Version: 4.20.0-4212847+++UE4+Release-4.20
LogInit: Net CL: 4212847
LogInit: OS: Windows 8.1 (), CPU: AMD FX(tm)-4300 Quad-Core Processor            , GPU: NVIDIA GeForce GTX 970
LogInit: Compiled (64-bit): Sep 17 2018 12:26:19
LogInit: Compiled with Visual C++: 19.13.26129.00
LogInit: Build Configuration: Development
LogInit: Branch Name: ++UE4+Release-4.20
LogInit: Command Line:  
LogInit: Base Directory: C:/Program Files/Epic Games/UE_4.20/Engine/Binaries/Win64/
LogInit: Installed Engine Build: 1
LogDevObjectVersion: Number of dev versions registered: 20
LogDevObjectVersion:   Dev-Blueprints (B0D832E4-1F89-4F0D-ACCF-7EB736FD4AA2): 10
LogDevObjectVersion:   Dev-Build (E1C64328-A22C-4D53-A36C-8E866417BD8C): 0
LogDevObjectVersion:   Dev-Core (375EC13C-06E4-48FB-B500-84F0262A717E): 2
LogDevObjectVersion:   Dev-Editor (E4B068ED-F494-42E9-A231-DA0B2E46BB41): 24
LogDevObjectVersion:   Dev-Framework (CFFC743F-43B0-4480-9391-14DF171D2073): 34
LogDevObjectVersion:   Dev-Mobile (B02B49B5-BB20-44E9-A304-32B752E40360): 2
LogDevObjectVersion:   Dev-Networking (A4E4105C-59A1-49B5-A7C5-40C4547EDFEE): 0
LogDevObjectVersion:   Dev-Online (39C831C9-5AE6-47DC-9A44-9C173E1C8E7C): 0
LogDevObjectVersion:   Dev-Physics (78F01B33-EBEA-4F98-B9B4-84EACCB95AA2): 0
LogDevObjectVersion:   Dev-Platform (6631380F-2D4D-43E0-8009-CF276956A95A): 0
LogDevObjectVersion:   Dev-Rendering (12F88B9F-8875-4AFC-A67C-D90C383ABD29): 26
LogDevObjectVersion:   Dev-Sequencer (7B5AE74C-D270-4C10-A958-57980B212A5A): 9
LogDevObjectVersion:   Dev-VR (D7296918-1DD6-4BDD-9DE2-64A83CC13884): 2
LogDevObjectVersion:   Dev-LoadTimes (C2A15278-BFE7-4AFE-6C17-90FF531DF755): 1
LogDevObjectVersion:   Private-Geometry (6EACA3D4-40EC-4CC1-B786-8BED09428FC5): 3
LogDevObjectVersion:   Dev-AnimPhys (29E575DD-E0A3-4627-9D10-D276232CDCEA): 17
LogDevObjectVersion:   Dev-ReflectionCapture (6B266CEC-1EC7-4B8F-A30B-E4D90942FC07): 1
LogDevObjectVersion:   Dev-Automation (0DF73D61-A23F-47EA-B727-89E90C41499A): 1
LogDevObjectVersion:   FortniteMain (601D1886-AC64-4F84-AA16-D3DE0DEAC7D6): 12
LogDevObjectVersion:   Dev-Enterprise (9DFFBCD6-494F-0158-E221-12823C92A888): 1
LogStreaming: Display: Took  0.005s to delete old logs.
LogInit: Presizing for max 8388607 objects, including 0 objects not considered by GC, pre-allocating 0 bytes for permanent pool.
LogInit: Object subsystem initialized
[2018.10.12-04.21.18:933][  0]LogInit: Selected Device Profile: [Windows]
[2018.10.12-04.21.18:933][  0]LogInit: Applying CVar settings loaded from the selected device profile: [Windows]
[2018.10.12-04.21.18:959][  0]LogHAL: Display: Platform has ~ 16 GB [17160523776 / 17179869184 / 16], which maps to Larger [LargestMinGB=32, LargerMinGB=12, DefaultMinGB=8, SmallerMinGB=6, SmallestMinGB=0)
[2018.10.12-04.21.18:959][  0]LogInit: Setting Device Profile CVar: [[r.Vulkan.UseRealUBs:1]]
[2018.10.12-04.21.18:959][  0]LogInit: Going up to parent DeviceProfile []
[2018.10.12-04.21.18:959][  0]LogInit: Computer: PETEPC
[2018.10.12-04.21.18:959][  0]LogInit: User: Peter
[2018.10.12-04.21.18:959][  0]LogInit: CPU Page size=4096, Cores=2
[2018.10.12-04.21.18:959][  0]LogInit: High frequency timer resolution =3.727432 MHz
[2018.10.12-04.21.18:960][  0]LogMemory: Memory total: Physical=16.0GB (16GB approx)
[2018.10.12-04.21.18:960][  0]LogMemory: Platform Memory Stats for Windows
[2018.10.12-04.21.18:960][  0]LogMemory: Process Physical Memory: 98.42 MB used, 98.42 MB peak
[2018.10.12-04.21.18:960][  0]LogMemory: Process Virtual Memory: 84.13 MB used, 84.13 MB peak
[2018.10.12-04.21.18:960][  0]LogMemory: Physical Memory: 6464.32 MB used,  9901.23 MB free, 16365.55 MB total
[2018.10.12-04.21.18:960][  0]LogMemory: Virtual Memory: 468.17 MB used,  9901.23 MB free, 134217728.00 MB total
[2018.10.12-04.21.19:007][  0]LogInit: Using OS detected language (en-GB).
[2018.10.12-04.21.19:007][  0]LogInit: Using OS detected locale (en-US).
[2018.10.12-04.21.19:008][  0]LogTextLocalizationManager: No specific localization for 'en-GB' exists, so the 'en' localization will be used.
[2018.10.12-04.21.19:531][  0]LogStreaming: Display: Took  0.524s to InitEngineTextLocalization.
[2018.10.12-04.21.19:531][  0]LogInit: Setting process to per monitor DPI aware
[2018.10.12-04.21.19:581][  0]LogSlate: New Slate User Created.  User Index 0, Is Virtual User: 0
[2018.10.12-04.21.19:582][  0]LogSlate: Slate User Registered.  User Index 0, Is Virtual User: 0
[2018.10.12-04.21.19:855][  0]LogHMD: Failed to initialize OpenVR with code 110
[2018.10.12-04.21.19:855][  0]LogD3D11RHI: D3D11 adapters:
[2018.10.12-04.21.19:916][  0]LogD3D11RHI:    0. 'NVIDIA GeForce GTX 970' (Feature Level 11_0)
[2018.10.12-04.21.19:916][  0]LogD3D11RHI:       3992/0/8182 MB DedicatedVideo/DedicatedSystem/SharedSystem, Outputs:2, VendorId:0x10de
[2018.10.12-04.21.19:919][  0]LogD3D11RHI:    1. 'Microsoft Basic Render Driver' (Feature Level 11_0)
[2018.10.12-04.21.19:919][  0]LogD3D11RHI:       0/0/256 MB DedicatedVideo/DedicatedSystem/SharedSystem, Outputs:0, VendorId:0x1414
[2018.10.12-04.21.19:919][  0]LogD3D11RHI: Chosen D3D11 Adapter: 0
[2018.10.12-04.21.19:925][  0]LogD3D11RHI: Creating new Direct3DDevice
[2018.10.12-04.21.19:926][  0]LogD3D11RHI:     GPU DeviceId: 0x13c2 (for the marketing name, search the web for "GPU Device Id")
[2018.10.12-04.21.19:926][  0]LogWindows: EnumDisplayDevices:
[2018.10.12-04.21.19:926][  0]LogWindows:    0. 'NVIDIA GeForce GTX 970' (P:0 D:1)
[2018.10.12-04.21.19:926][  0]LogWindows:    1. 'NVIDIA GeForce GTX 970' (P:1 D:1)
[2018.10.12-04.21.19:926][  0]LogWindows:    2. 'NVIDIA GeForce GTX 970' (P:0 D:0)
[2018.10.12-04.21.19:927][  0]LogWindows:    3. 'NVIDIA GeForce GTX 970' (P:0 D:0)
[2018.10.12-04.21.19:927][  0]LogWindows: DebugString: FoundDriverCount:4 
[2018.10.12-04.21.19:927][  0]LogD3D11RHI:     Adapter Name: NVIDIA GeForce GTX 970
[2018.10.12-04.21.19:927][  0]LogD3D11RHI:   Driver Version: 391.35 (internal:23.21.13.9135, unified:391.35)
[2018.10.12-04.21.19:927][  0]LogD3D11RHI:      Driver Date: 3-23-2018
[2018.10.12-04.21.19:927][  0]LogRHI: Texture pool is 2794 MB (70% of 3992 MB)
[2018.10.12-04.21.19:959][  0]LogD3D11RHI: Async texture creation enabled
[2018.10.12-04.21.19:979][  0]LogD3D11RHI: GPU Timing Frequency: 1000.000000 (Debug: 2 2)
[2018.10.12-04.21.20:031][  0]LogShaderCompilers: Guid format shader working directory is -25 characters bigger than the processId version (../../../../../../Users/Peter/Documents/GitHub/Playground/UE4Playground/Intermediate/Shaders/WorkingDirectory/3648/).
[2018.10.12-04.21.20:031][  0]LogShaderCompilers: Cleaned the shader compiler working directory 'C:/Users/Peter/AppData/Local/Temp/UnrealShaderWorkingDir/42127FFF4A2B69926156539401DAA070/'.
[2018.10.12-04.21.20:372][  0]LogTemp: Display: Loaded TP AllDesktopTargetPlatform
[2018.10.12-04.21.20:397][  0]LogTemp: Display: Loaded TP MacClientTargetPlatform
[2018.10.12-04.21.20:421][  0]LogTemp: Display: Loaded TP MacNoEditorTargetPlatform
[2018.10.12-04.21.20:446][  0]LogTemp: Display: Loaded TP MacServerTargetPlatform
[2018.10.12-04.21.20:471][  0]LogTemp: Display: Loaded TP MacTargetPlatform
[2018.10.12-04.21.20:494][  0]LogTemp: Display: Loaded TP WindowsClientTargetPlatform
[2018.10.12-04.21.20:517][  0]LogTemp: Display: Loaded TP WindowsNoEditorTargetPlatform
[2018.10.12-04.21.20:541][  0]LogTemp: Display: Loaded TP WindowsServerTargetPlatform
[2018.10.12-04.21.20:553][  0]LogTemp: Display: Loaded TP WindowsTargetPlatform
[2018.10.12-04.21.20:701][  0]LogTemp: Display: Loaded TP AndroidTargetPlatform
[2018.10.12-04.21.20:701][  0]LogTemp: Display: Loaded TP AndroidTargetPlatform
[2018.10.12-04.21.20:701][  0]LogTemp: Display: Loaded TP AndroidTargetPlatform
[2018.10.12-04.21.20:701][  0]LogTemp: Display: Loaded TP AndroidTargetPlatform
[2018.10.12-04.21.20:701][  0]LogTemp: Display: Loaded TP AndroidTargetPlatform
[2018.10.12-04.21.20:701][  0]LogTemp: Display: Loaded TP AndroidTargetPlatform
[2018.10.12-04.21.20:701][  0]LogTemp: Display: Loaded TP AndroidTargetPlatform
[2018.10.12-04.21.20:701][  0]LogTemp: Display: Loaded TP AndroidTargetPlatform
[2018.10.12-04.21.20:701][  0]LogTemp: Display: Loaded TP AndroidTargetPlatform
[2018.10.12-04.21.20:701][  0]LogTemp: Display: Loaded TP AndroidTargetPlatform
[2018.10.12-04.21.20:701][  0]LogTemp: Display: Loaded TP AndroidTargetPlatform
[2018.10.12-04.21.20:701][  0]LogTemp: Display: Loaded TP AndroidTargetPlatform
[2018.10.12-04.21.20:701][  0]LogTemp: Display: Loaded TP AndroidTargetPlatform
[2018.10.12-04.21.20:701][  0]LogTemp: Display: Loaded TP AndroidTargetPlatform
[2018.10.12-04.21.20:701][  0]LogTemp: Display: Loaded TP AndroidTargetPlatform
[2018.10.12-04.21.20:701][  0]LogTemp: Display: Loaded TP AndroidTargetPlatform
[2018.10.12-04.21.20:701][  0]LogTemp: Display: Loaded TP AndroidTargetPlatform
[2018.10.12-04.21.20:701][  0]LogTemp: Display: Loaded TP AndroidTargetPlatform
[2018.10.12-04.21.20:704][  0]LogTemp: Display: Loaded TP HTML5TargetPlatform
[2018.10.12-04.21.20:790][  0]LogTemp: Display: Loaded TP IOSTargetPlatform
[2018.10.12-04.21.20:790][  0]LogTemp: Display: Loaded TP IOSTargetPlatform
[2018.10.12-04.21.20:835][  0]LogTemp: Display: Loaded TP TVOSTargetPlatform
[2018.10.12-04.21.20:835][  0]LogTemp: Display: Loaded TP TVOSTargetPlatform
[2018.10.12-04.21.20:862][  0]LogTemp: Display: Loaded TP LinuxClientTargetPlatform
[2018.10.12-04.21.20:887][  0]LogTemp: Display: Loaded TP LinuxNoEditorTargetPlatform
[2018.10.12-04.21.20:913][  0]LogTemp: Display: Loaded TP LinuxServerTargetPlatform
[2018.10.12-04.21.20:937][  0]LogTemp: Display: Loaded TP LinuxTargetPlatform
[2018.10.12-04.21.20:955][  0]LogTemp: Display: Loaded TP LuminTargetPlatform
[2018.10.12-04.21.20:955][  0]LogTargetPlatformManager: Display: Building Assets For Windows
[2018.10.12-04.21.21:070][  0]LogXGEController: Cleaning working directory: C:/Users/Peter/AppData/Local/Temp/UnrealXGEWorkingDir/
[2018.10.12-04.21.21:070][  0]LogXGEController: Cannot use XGE Controller as Incredibuild is not installed on this machine.
[2018.10.12-04.21.21:070][  0]LogShaderCompilers: Cannot use XGE Shader Compiler as Incredibuild is not installed on this machine.
[2018.10.12-04.21.21:070][  0]LogShaderCompilers: Display: Using Local Shader Compiler.
[2018.10.12-04.21.22:409][  0]LogDerivedDataCache: Display: Max Cache Size: 512 MB
[2018.10.12-04.21.22:531][  0]LogDerivedDataCache: Loaded boot cache 0.12s 73MB C:/Users/Peter/AppData/Local/UnrealEngine/4.20/DerivedDataCache/Boot.ddc.
[2018.10.12-04.21.22:531][  0]LogDerivedDataCache: Display: Loaded Boot cache: C:/Users/Peter/AppData/Local/UnrealEngine/4.20/DerivedDataCache/Boot.ddc
[2018.10.12-04.21.22:532][  0]LogDerivedDataCache: FDerivedDataBackendGraph:  Pak pak cache file ../../../../../../Users/Peter/Documents/GitHub/Playground/UE4Playground/DerivedDataCache/DDC.ddp not found, will not use a pak cache.
[2018.10.12-04.21.22:532][  0]LogDerivedDataCache: Unable to find inner node Pak for hierarchical cache Hierarchy.
[2018.10.12-04.21.22:532][  0]LogDerivedDataCache: FDerivedDataBackendGraph:  CompressedPak pak cache file ../../../../../../Users/Peter/Documents/GitHub/Playground/UE4Playground/DerivedDataCache/Compressed.ddp not found, will not use a pak cache.
[2018.10.12-04.21.22:532][  0]LogDerivedDataCache: Unable to find inner node CompressedPak for hierarchical cache Hierarchy.
[2018.10.12-04.21.22:554][  0]LogDerivedDataCache: Display: Pak cache opened for reading ../../../Engine/DerivedDataCache/Compressed.ddp.
[2018.10.12-04.21.22:568][  0]LogDerivedDataCache: Using Local data cache path C:/Users/Peter/AppData/Local/UnrealEngine/Common/DerivedDataCache: Writable
[2018.10.12-04.21.22:568][  0]LogDerivedDataCache: Shared data cache path not found in *engine.ini, will not use an Shared cache.
[2018.10.12-04.21.22:568][  0]LogDerivedDataCache: Unable to find inner node Shared for hierarchical cache Hierarchy.
[2018.10.12-04.21.22:603][  0]LogMaterial: Verifying Global Shaders for PCD3D_SM5
[2018.10.12-04.21.22:604][  0]LogSlate: Using FreeType 2.6.0
[2018.10.12-04.21.22:605][  0]LogSlate: SlateFontServices - WITH_FREETYPE: 1, WITH_HARFBUZZ: 1
[2018.10.12-04.21.22:708][  0]LogAssetRegistry: FAssetRegistry took 0.0307 seconds to start up
[2018.10.12-04.21.23:285][  0]LogInit: Selected Device Profile: [Windows]
[2018.10.12-04.21.23:369][  0]LogSimplygon: Simplygon DLL not present - disabling.
[2018.10.12-04.21.23:375][  0]LogMeshReduction: Using SimplygonSwarm for distributed automatic mesh merging
[2018.10.12-04.21.23:375][  0]LogMeshReduction: Using ProxyLODMeshReduction for automatic mesh merging
[2018.10.12-04.21.23:375][  0]LogMeshReduction: Using QuadricMeshReduction for automatic static mesh reduction
[2018.10.12-04.21.23:375][  0]LogMeshReduction: No automatic skeletal mesh reduction module available
[2018.10.12-04.21.23:515][  0]LogNetVersion: UE4Playground 1.0.0, NetCL: 4212847, EngineNetVer: 5, GameNetVer: 0 (Checksum: 3127828240)
[2018.10.12-04.21.24:314][  0]LogPackageLocalizationCache: Processed 11 localized package path(s) for 2 prioritized culture(s) in 0.222013 seconds
[2018.10.12-04.21.24:324][  0]LogUObjectArray: 38425 objects as part of root set at end of initial load.
[2018.10.12-04.21.24:324][  0]LogUObjectAllocator: 6690872 out of 0 bytes used by permanent object pool.
[2018.10.12-04.21.24:324][  0]LogUObjectArray: CloseDisregardForGC: 0/0 objects in disregard for GC pool
[2018.10.12-04.21.25:509][  0]LogTcpMessaging: Initializing TcpMessaging bridge
[2018.10.12-04.21.25:525][  0]LogUdpMessaging: Initializing bridge on interface 0.0.0.0:0 to multicast group 230.0.0.1:6666.
[2018.10.12-04.21.26:030][  0]SourceControl: Source control is disabled
[2018.10.12-04.21.26:030][  0]SourceControl: Source control is disabled
[2018.10.12-04.21.26:032][  0]SourceControl: Source control is disabled
[2018.10.12-04.21.26:034][  0]SourceControl: Source control is disabled
[2018.10.12-04.21.26:282][  0]LogAndroidPermission: UAndroidPermissionCallbackProxy::GetInstance
[2018.10.12-04.21.26:378][  0]LogOcInput: OculusInput pre-init called
[2018.10.12-04.21.26:464][  0]LogEngine: Initializing Engine...
[2018.10.12-04.21.26:465][  0]LogHMD: Failed to initialize OpenVR with code 110
[2018.10.12-04.21.26:467][  0]LogStats: UGameplayTagsManager::ConstructGameplayTagTree: ImportINI prefixes -  0.000 s
[2018.10.12-04.21.26:467][  0]LogStats: UGameplayTagsManager::ConstructGameplayTagTree: Construct from data asset -  0.000 s
[2018.10.12-04.21.26:467][  0]LogStats: UGameplayTagsManager::ConstructGameplayTagTree: ImportINI -  0.000 s
[2018.10.12-04.21.26:468][  0]LogStats: UGameplayTagsManager::ConstructGameplayTagTree: GameplayTagTreeChangedEvent.Broadcast -  0.000 s
[2018.10.12-04.21.26:781][  0]LogInit: Initializing FReadOnlyCVARCache
[2018.10.12-04.21.26:804][  0]LogAIModule: Creating AISystem for world Untitled
[2018.10.12-04.21.26:828][  0]LogInit: XAudio2 using 'Speakers (2- High Definition Audio Device)' : 2 channels at 44.1 kHz using 16 bits per sample (channel mask 0x3)
[2018.10.12-04.21.26:848][  0]LogInit: FAudioDevice initialized.
[2018.10.12-04.21.26:848][  0]LogNetVersion: Set ProjectVersion to 1.0.0.0. Version Checksum will be recalculated on next use.
[2018.10.12-04.21.26:995][  0]LogDerivedDataCache: Saved boot cache 0.15s 73MB C:/Users/Peter/AppData/Local/UnrealEngine/4.20/DerivedDataCache/Boot.ddc.
[2018.10.12-04.21.27:011][  0]LogInit: Texture streaming: Enabled
[2018.10.12-04.21.27:040][  0]LogEngineSessionManager: EngineSessionManager initialized
[2018.10.12-04.21.27:040][  0]LogEngineSessionManager: EngineSessionManager sent abnormal shutdown report. Type=Crashed, SessionId={1C9A7E23-4C5C-7360-790C-2EA47F49CD16}
[2018.10.12-04.21.27:057][  0]LogInit: Transaction tracking system initialized
[2018.10.12-04.21.27:098][  0]BlueprintLog: New page: Editor Load
[2018.10.12-04.21.27:309][  0]LocalizationService: Localization service is disabled
[2018.10.12-04.21.27:705][  0]LogCook: Display: Max memory allowance for cook 16384mb min free memory 0mb
[2018.10.12-04.21.27:705][  0]LogCook: Display: Mobile HDR setting 1
[2018.10.12-04.21.27:705][  0]LogGameplayTags: Display: UGameplayTagsManager::DoneAddingNativeTags. DelegateIsBound: 0
[2018.10.12-04.21.27:705][  0]LogStats: UGameplayTagsManager::ConstructGameplayTagTree: ImportINI prefixes -  0.000 s
[2018.10.12-04.21.27:705][  0]LogStats: UGameplayTagsManager::ConstructGameplayTagTree: Construct from data asset -  0.000 s
[2018.10.12-04.21.27:705][  0]LogStats: UGameplayTagsManager::ConstructGameplayTagTree: ImportINI -  0.000 s
[2018.10.12-04.21.27:706][  0]LogStats: UGameplayTagsManager::ConstructGameplayTagTree: GameplayTagTreeChangedEvent.Broadcast -  0.000 s
[2018.10.12-04.21.27:924][  0]LogFileCache: Scanning file cache for directory 'C:/Users/Peter/Documents/GitHub/Playground/UE4Playground/Content/' took 0.02s
[2018.10.12-04.21.27:924][  0]SourceControl: Source control is disabled
[2018.10.12-04.21.27:924][  0]Cmd: MAP LOAD FILE="../../../../../../Users/Peter/Documents/GitHub/Playground/UE4Playground/Content/FirstPersonCPP/Maps/FirstPersonExampleMap.umap" TEMPLATE=0 SHOWPROGRESS=1 FEATURELEVEL=3
[2018.10.12-04.21.27:925][  0]LightingResults: New page: Lighting Build
[2018.10.12-04.21.27:929][  0]MapCheck: New page: Map Check
[2018.10.12-04.21.27:929][  0]LightingResults: New page: Lighting Build
[2018.10.12-04.21.28:243][  0]LogAIModule: Creating AISystem for world FirstPersonExampleMap
[2018.10.12-04.21.28:255][  0]LogEditorServer: Finished looking for orphan Actors (0.000 secs)
[2018.10.12-04.21.28:298][  0]Cmd: MAP CHECKDEP NOCLEARLOG
[2018.10.12-04.21.28:441][  0]MapCheck: Map check complete: 0 Error(s), 0 Warning(s), took 142.675ms to complete.
[2018.10.12-04.21.28:441][  0]LogFileHelpers: Loading map 'FirstPersonExampleMap' took 0.517
[2018.10.12-04.21.28:576][  0]LogSlate: Updating window title bar state: overlay mode, drag disabled, window buttons hidden, title bar hidden
[2018.10.12-04.21.28:586][  0]LogSlate: Updating window title bar state: overlay mode, drag disabled, window buttons hidden, title bar hidden
[2018.10.12-04.21.28:598][  0]LogSlate: Updating window title bar state: overlay mode, drag disabled, window buttons hidden, title bar hidden
[2018.10.12-04.21.28:609][  0]LogSlate: Updating window title bar state: overlay mode, drag disabled, window buttons hidden, title bar hidden
[2018.10.12-04.21.28:618][  0]LogCollectionManager: Loaded 0 collections in 0.002695 seconds
[2018.10.12-04.21.28:672][  0]LogFileCache: Scanning file cache for directory 'C:/Users/Peter/Documents/GitHub/Playground/UE4Playground/Saved/Collections/' took 0.01s
[2018.10.12-04.21.28:672][  0]LogFileCache: Scanning file cache for directory 'C:/Users/Peter/Documents/GitHub/Playground/UE4Playground/Content/Developers/Peter/Collections/' took 0.01s
[2018.10.12-04.21.28:672][  0]LogFileCache: Scanning file cache for directory 'C:/Users/Peter/Documents/GitHub/Playground/UE4Playground/Content/Collections/' took 0.01s
[2018.10.12-04.21.28:672][  0]LogCollectionManager: Rebuilt the GUID cache for 0 collections in 0.000000 seconds
[2018.10.12-04.21.28:690][  0]LogContentBrowser: Native class hierarchy populated in 0.0183 seconds. Added 2576 classes and 605 folders.
[2018.10.12-04.21.28:699][  0]LogContentBrowser: Native class hierarchy updated for 'WidgetCarousel' in 0.0008 seconds. Added 0 classes and 0 folders.
[2018.10.12-04.21.28:765][  0]LogContentBrowser: Native class hierarchy updated for 'AddContentDialog' in 0.0007 seconds. Added 0 classes and 0 folders.
[2018.10.12-04.21.28:773][  0]LogContentBrowser: Native class hierarchy updated for 'SceneOutliner' in 0.0008 seconds. Added 1 classes and 2 folders.
[2018.10.12-04.21.30:392][  0]LogSlate: Only BGRA pngs, bmps or icos are supported in by External Image Picker
[2018.10.12-04.21.30:447][  0]LogSlate: Took 0.000316 seconds to synchronously load lazily loaded font '../../../Engine/Content/Slate/Fonts/Roboto-Regular.ttf' (155K)
[2018.10.12-04.21.30:453][  0]LogSlate: Took 0.000506 seconds to synchronously load lazily loaded font '../../../Engine/Content/Slate/Fonts/Roboto-Bold.ttf' (160K)
[2018.10.12-04.21.30:463][  0]LogSlate: Took 0.000346 seconds to synchronously load lazily loaded font '../../../Engine/Content/Editor/Slate/Fonts/FontAwesome.ttf' (139K)
[2018.10.12-04.21.30:605][  0]LogTemp: Executing iPhonePackager certificates Engine -bundlename com.YourCompany.UE4Playground
[2018.10.12-04.21.30:605][  0]LogTemp: CWD: C:\Program Files\Epic Games\UE_4.20\Engine\Binaries\DotNET\IOS
[2018.10.12-04.21.30:605][  0]LogTemp: Initial Dir: C:\Program Files\Epic Games\UE_4.20
[2018.10.12-04.21.30:606][  0]LogTemp: Env CWD: C:\Program Files\Epic Games\UE_4.20\Engine\Binaries\DotNET\IOS
[2018.10.12-04.21.30:606][  0]LogTemp: BranchPath = PETEPC/C/Program Files/Epic Games/UE_4.20/Engine/Binaries --- GameBranchPath = PETEPC/C/Program Files/Epic Games/UE_4.20/Engine/Binaries
[2018.10.12-04.21.30:606][  0]LogTemp: IPP ERROR: Could not find provision directory 'C:\Users\Peter\AppData\Local/Apple Computer/MobileDevice/Provisioning Profiles/'.
[2018.10.12-04.21.30:606][  0]LogRenderer: Reallocating scene render targets to support 1208x576 Format 10 NumSamples 1 (Frame:1).
[2018.10.12-04.21.30:867][  0]LogContentBrowser: Native class hierarchy updated for 'HierarchicalLODOutliner' in 0.0008 seconds. Added 0 classes and 0 folders.
[2018.10.12-04.21.30:868][  0]LogLoad: (Engine Initialization) Total time: 14.09 seconds
[2018.10.12-04.21.30:868][  0]LogLoad: (Engine Initialization) Total Blueprint compile time: 0.00 seconds
[2018.10.12-04.21.30:927][  0]LogContentStreaming: Texture pool size now 1000 MB
[2018.10.12-04.21.31:163][  1]LogSlate: Took 0.000273 seconds to synchronously load lazily loaded font '../../../Engine/Content/Slate/Fonts/Roboto-Light.ttf' (167K)
[2018.10.12-04.21.31:271][  3]LogAssetRegistry: Asset discovery search completed in 8.5851 seconds
[2018.10.12-04.21.31:274][  3]LogCollectionManager: Rebuilt the object cache for 0 collections in 0.000001 seconds (found 0 objects)
[2018.10.12-04.21.31:274][  3]LogCollectionManager: Fixed up redirectors for 0 collections in 0.000086 seconds (updated 0 objects)
[2018.10.12-04.21.40:615][179]LogSlate: FSceneViewport::OnFocusLost() reason 0
[2018.10.12-04.21.41:534][285]LogSlate: FSceneViewport::OnFocusLost() reason 0
[2018.10.12-04.21.41:619][292]Candidate modules for hot reload:
[2018.10.12-04.21.41:619][292]  UE4Playground
[2018.10.12-04.21.41:619][292]Launching UnrealBuildTool... [C:/Program Files/Epic Games/UE_4.20/Engine/Binaries/DotNET/UnrealBuildTool.exe  -ModuleWithSuffix=UE4Playground,6046 Win64 Development -TargetType=Editor -Project="../../../../../../Users/Peter/Documents/GitHub/Playground/UE4Playground/UE4Playground.uproject" -canskiplink "C:/Users/Peter/Documents/GitHub/Playground/UE4Playground/UE4Playground.uproject" ]
[2018.10.12-04.21.41:630][292]Warning: Starting HotReload took  0.0s.
[2018.10.12-04.21.54:482][735]CompilerResultsLog: New page: Compilation - Oct 11, 2018, 6:21:54 PM
[2018.10.12-04.21.54:482][735]CompilerResultsLog: Using 'git status' to determine working set for adaptive non-unity build.
[2018.10.12-04.21.54:482][735]CompilerResultsLog: Creating makefile for hot reloading UE4PlaygroundEditor (ini files are newer than UBTMakefile)
[2018.10.12-04.21.54:482][735]CompilerResultsLog: Compiling game modules for hot reload
[2018.10.12-04.21.54:482][735]CompilerResultsLog: Using Visual Studio 2015 14.0 toolchain (C:\Program Files (x86)\Microsoft Visual Studio 14.0\VC) and Windows 10.0.14393.0 SDK (C:\Program Files (x86)\Windows Kits\10).
[2018.10.12-04.21.54:482][735]CompilerResultsLog: Target is up to date
[2018.10.12-04.21.54:482][735]CompilerResultsLog: Total build time: 12.41 seconds (NoActionsToExecute executor: 0.00 seconds)
[2018.10.12-04.21.54:482][735]LogMainFrame: MainFrame: Module compiling took 12.876 seconds
[2018.10.12-04.21.54:557][735]LogContentBrowser: Native class hierarchy populated in 0.0204 seconds. Added 2577 classes and 607 folders.
[2018.10.12-04.21.54:557][735]Display: HotReload took 13.0s.
[2018.10.12-04.21.58:661][197]LogSlate: Took 0.000363 seconds to synchronously load lazily loaded font '../../../Engine/Content/Slate/Fonts/Roboto-Light.ttf' (167K)
[2018.10.12-04.21.58:670][197]LogAssetEditorManager: Opening Asset editor for Blueprint /Game/FirstPersonCPP/Blueprints/FirstPersonCharacter.FirstPersonCharacter
[2018.10.12-04.21.59:698][197]LogContentBrowser: Native class hierarchy updated for 'BlueprintGraph' in 0.0015 seconds. Added 116 classes and 0 folders.
[2018.10.12-04.22.49:748][488]LogSavePackage: Moving '../../../../../../Users/Peter/Documents/GitHub/Playground/UE4Playground/Saved/FirstPersonCharacter57DC5ECE451DCF2BA6E935A5D085F4EA.tmp' to '../../../../../../Users/Peter/Documents/GitHub/Playground/UE4Playground/Content/FirstPersonCPP/Blueprints/FirstPersonCharacter.uasset'
[2018.10.12-04.22.52:262][659]Candidate modules for hot reload:
[2018.10.12-04.22.52:262][659]  UE4Playground
[2018.10.12-04.22.52:262][659]Launching UnrealBuildTool... [C:/Program Files/Epic Games/UE_4.20/Engine/Binaries/DotNET/UnrealBuildTool.exe  -ModuleWithSuffix=UE4Playground,185 Win64 Development -TargetType=Editor -Project="../../../../../../Users/Peter/Documents/GitHub/Playground/UE4Playground/UE4Playground.uproject" -canskiplink "C:/Users/Peter/Documents/GitHub/Playground/UE4Playground/UE4Playground.uproject" ]
[2018.10.12-04.22.52:273][659]Warning: Starting HotReload took  0.0s.
[2018.10.12-04.23.13:335][470]CompilerResultsLog: New page: Compilation - Oct 11, 2018, 6:23:13 PM
[2018.10.12-04.23.13:335][470]CompilerResultsLog: Using 'git status' to determine working set for adaptive non-unity build.
[2018.10.12-04.23.13:335][470]CompilerResultsLog: Compiling game modules for hot reload
[2018.10.12-04.23.13:335][470]CompilerResultsLog: Building 3 actions with 4 processes...
[2018.10.12-04.23.13:335][470]CompilerResultsLog:   [1/3] UE4PlaygroundCharacter.cpp
[2018.10.12-04.23.13:335][470]CompilerResultsLog:   [2/3] UE4Editor-UE4Playground-185.lib
[2018.10.12-04.23.13:335][470]CompilerResultsLog:      Creating library C:\Users\Peter\Documents\GitHub\Playground\UE4Playground\Intermediate\Build\Win64\UE4Editor\Development\UE4Playground\UE4Editor-UE4Playground-185.lib and object C:\Users\Peter\Documents\GitHub\Playground\UE4Playground\Intermediate\Build\Win64\UE4Editor\Development\UE4Playground\UE4Editor-UE4Playground-185.exp
[2018.10.12-04.23.13:335][470]CompilerResultsLog:   [3/3] UE4Editor-UE4Playground-185.dll
[2018.10.12-04.23.13:335][470]CompilerResultsLog:      Creating library C:\Users\Peter\Documents\GitHub\Playground\UE4Playground\Intermediate\Build\Win64\UE4Editor\Development\UE4Playground\UE4Editor-UE4Playground-185.suppressed.lib and object C:\Users\Peter\Documents\GitHub\Playground\UE4Playground\Intermediate\Build\Win64\UE4Editor\Development\UE4Playground\UE4Editor-UE4Playground-185.suppressed.exp
[2018.10.12-04.23.13:335][470]CompilerResultsLog: Total build time: 20.36 seconds (Parallel executor: 16.29 seconds)
[2018.10.12-04.23.13:335][470]LogMainFrame: MainFrame: Module compiling took 21.085 seconds
[2018.10.12-04.23.13:586][470]LogContentBrowser: Native class hierarchy updated for 'UE4Playground' in 0.0009 seconds. Added 4 classes and 2 folders.
[2018.10.12-04.23.13:592][470]Display: HotReload successful (2 functions remapped  0 scriptstructs remapped)
[2018.10.12-04.23.14:374][470]LogContentBrowser: Native class hierarchy populated in 0.0208 seconds. Added 2577 classes and 607 folders.
[2018.10.12-04.23.14:374][470]Display: HotReload took 22.1s.
[2018.10.12-04.23.24:091][499]LogTemp: Repeating last play command: Selected Viewport
[2018.10.12-04.23.24:123][499]LogBlueprintUserMessages: Early PlayInEditor Detection: Level '/Game/FirstPersonCPP/Maps/FirstPersonExampleMap.FirstPersonExampleMap:PersistentLevel' has LevelScriptBlueprint '/Game/FirstPersonCPP/Maps/FirstPersonExampleMap.FirstPersonExampleMap:PersistentLevel.FirstPersonExampleMap' with GeneratedClass '/Game/FirstPersonCPP/Maps/FirstPersonExampleMap.FirstPersonExampleMap_C' with ClassGeneratedBy '/Game/FirstPersonCPP/Maps/FirstPersonExampleMap.FirstPersonExampleMap:PersistentLevel.FirstPersonExampleMap'
[2018.10.12-04.23.24:123][499]LogPlayLevel: PlayLevel: No blueprints needed recompiling
[2018.10.12-04.23.24:136][499]PIE: New page: PIE session: FirstPersonExampleMap (Oct 11, 2018, 6:23:24 PM)
[2018.10.12-04.23.24:136][499]LogPlayLevel: Creating play world package: /Game/FirstPersonCPP/Maps/UEDPIE_0_FirstPersonExampleMap
[2018.10.12-04.23.24:180][499]LogPlayLevel: PIE: StaticDuplicateObject took: (0.043841s)
[2018.10.12-04.23.24:181][499]LogAIModule: Creating AISystem for world FirstPersonExampleMap
[2018.10.12-04.23.24:182][499]LogPlayLevel: PIE: World Init took: (0.001664s)
[2018.10.12-04.23.24:182][499]LogPlayLevel: PIE: Created PIE world by copying editor world from /Game/FirstPersonCPP/Maps/FirstPersonExampleMap.FirstPersonExampleMap to /Game/FirstPersonCPP/Maps/UEDPIE_0_FirstPersonExampleMap.FirstPersonExampleMap (0.045781s)
[2018.10.12-04.23.24:280][499]LogInit: XAudio2 using 'Speakers (2- High Definition Audio Device)' : 2 channels at 44.1 kHz using 16 bits per sample (channel mask 0x3)
[2018.10.12-04.23.24:291][499]LogInit: FAudioDevice initialized.
[2018.10.12-04.23.24:335][499]LogLoad: Game class is 'UE4PlaygroundGameMode'
[2018.10.12-04.23.24:339][499]LogWorld: Bringing World /Game/FirstPersonCPP/Maps/UEDPIE_0_FirstPersonExampleMap.FirstPersonExampleMap up for play (max tick rate 0) at 2018.10.11-23.23.24
[2018.10.12-04.23.24:339][499]LogWorld: Bringing up level for play took: 0.002859
[2018.10.12-04.23.24:382][499]LogContentBrowser: Native class hierarchy updated for 'MovieSceneCapture' in 0.0008 seconds. Added 10 classes and 0 folders.
[2018.10.12-04.23.24:383][499]PIE: Play in editor start time for /Game/FirstPersonCPP/Maps/UEDPIE_0_FirstPersonExampleMap -0.265
[2018.10.12-04.23.24:384][499]LogBlueprintUserMessages: Late PlayInEditor Detection: Level '/Game/FirstPersonCPP/Maps/FirstPersonExampleMap.FirstPersonExampleMap:PersistentLevel' has LevelScriptBlueprint '/Game/FirstPersonCPP/Maps/FirstPersonExampleMap.FirstPersonExampleMap:PersistentLevel.FirstPersonExampleMap' with GeneratedClass '/Game/FirstPersonCPP/Maps/FirstPersonExampleMap.FirstPersonExampleMap_C' with ClassGeneratedBy '/Game/FirstPersonCPP/Maps/FirstPersonExampleMap.FirstPersonExampleMap:PersistentLevel.FirstPersonExampleMap'
[2018.10.12-04.23.34:963][710]LogBlueprintUserMessages: Early EndPlayMap Detection: Level '/Game/FirstPersonCPP/Maps/FirstPersonExampleMap.FirstPersonExampleMap:PersistentLevel' has LevelScriptBlueprint '/Game/FirstPersonCPP/Maps/FirstPersonExampleMap.FirstPersonExampleMap:PersistentLevel.FirstPersonExampleMap' with GeneratedClass '/Game/FirstPersonCPP/Maps/FirstPersonExampleMap.FirstPersonExampleMap_C' with ClassGeneratedBy '/Game/FirstPersonCPP/Maps/FirstPersonExampleMap.FirstPersonExampleMap:PersistentLevel.FirstPersonExampleMap'
[2018.10.12-04.23.34:963][710]LogSlate: Updating window title bar state: overlay mode, drag disabled, window buttons hidden, title bar hidden
[2018.10.12-04.23.35:002][710]LogPlayLevel: Display: Shutting down PIE online subsystems
[2018.10.12-04.23.35:003][710]LogBlueprintUserMessages: Late EndPlayMap Detection: Level '/Game/FirstPersonCPP/Maps/FirstPersonExampleMap.FirstPersonExampleMap:PersistentLevel' has LevelScriptBlueprint '/Game/FirstPersonCPP/Maps/FirstPersonExampleMap.FirstPersonExampleMap:PersistentLevel.FirstPersonExampleMap' with GeneratedClass '/Game/FirstPersonCPP/Maps/FirstPersonExampleMap.FirstPersonExampleMap_C' with ClassGeneratedBy '/Game/FirstPersonCPP/Maps/FirstPersonExampleMap.FirstPersonExampleMap:PersistentLevel.FirstPersonExampleMap'
[2018.10.12-04.23.35:052][710]LogSlate: Updating window title bar state: overlay mode, drag disabled, window buttons hidden, title bar hidden
[2018.10.12-04.23.35:088][711]LogPlayLevel: Display: Destroying online subsystem :Context_6
[2018.10.12-04.23.49:397][295]LogSlate: FSceneViewport::OnFocusLost() reason 0
[2018.10.12-04.23.49:512][295]LogTemp: Repeating last play command: Selected Viewport
[2018.10.12-04.23.49:539][295]LogBlueprintUserMessages: Early PlayInEditor Detection: Level '/Game/FirstPersonCPP/Maps/FirstPersonExampleMap.FirstPersonExampleMap:PersistentLevel' has LevelScriptBlueprint '/Game/FirstPersonCPP/Maps/FirstPersonExampleMap.FirstPersonExampleMap:PersistentLevel.FirstPersonExampleMap' with GeneratedClass '/Game/FirstPersonCPP/Maps/FirstPersonExampleMap.FirstPersonExampleMap_C' with ClassGeneratedBy '/Game/FirstPersonCPP/Maps/FirstPersonExampleMap.FirstPersonExampleMap:PersistentLevel.FirstPersonExampleMap'
[2018.10.12-04.23.49:539][295]LogPlayLevel: PlayLevel: No blueprints needed recompiling
[2018.10.12-04.23.49:540][295]PIE: New page: PIE session: FirstPersonExampleMap (Oct 11, 2018, 6:23:49 PM)
[2018.10.12-04.23.49:540][295]LogPlayLevel: Creating play world package: /Game/FirstPersonCPP/Maps/UEDPIE_0_FirstPersonExampleMap
[2018.10.12-04.23.49:562][295]LogPlayLevel: PIE: StaticDuplicateObject took: (0.022426s)
[2018.10.12-04.23.49:564][295]LogAIModule: Creating AISystem for world FirstPersonExampleMap
[2018.10.12-04.23.49:564][295]LogPlayLevel: PIE: World Init took: (0.001601s)
[2018.10.12-04.23.49:564][295]LogPlayLevel: PIE: Created PIE world by copying editor world from /Game/FirstPersonCPP/Maps/FirstPersonExampleMap.FirstPersonExampleMap to /Game/FirstPersonCPP/Maps/UEDPIE_0_FirstPersonExampleMap.FirstPersonExampleMap (0.024256s)
[2018.10.12-04.23.49:630][295]LogInit: XAudio2 using 'Speakers (2- High Definition Audio Device)' : 2 channels at 44.1 kHz using 16 bits per sample (channel mask 0x3)
[2018.10.12-04.23.49:643][295]LogInit: FAudioDevice initialized.
[2018.10.12-04.23.49:677][295]LogLoad: Game class is 'UE4PlaygroundGameMode'
[2018.10.12-04.23.49:680][295]LogWorld: Bringing World /Game/FirstPersonCPP/Maps/UEDPIE_0_FirstPersonExampleMap.FirstPersonExampleMap up for play (max tick rate 0) at 2018.10.11-23.23.49
[2018.10.12-04.23.49:680][295]LogWorld: Bringing up level for play took: 0.002535
[2018.10.12-04.23.49:694][295]PIE: Play in editor start time for /Game/FirstPersonCPP/Maps/UEDPIE_0_FirstPersonExampleMap 1.045
[2018.10.12-04.23.49:694][295]LogBlueprintUserMessages: Late PlayInEditor Detection: Level '/Game/FirstPersonCPP/Maps/FirstPersonExampleMap.FirstPersonExampleMap:PersistentLevel' has LevelScriptBlueprint '/Game/FirstPersonCPP/Maps/FirstPersonExampleMap.FirstPersonExampleMap:PersistentLevel.FirstPersonExampleMap' with GeneratedClass '/Game/FirstPersonCPP/Maps/FirstPersonExampleMap.FirstPersonExampleMap_C' with ClassGeneratedBy '/Game/FirstPersonCPP/Maps/FirstPersonExampleMap.FirstPersonExampleMap:PersistentLevel.FirstPersonExampleMap'
[2018.10.12-04.23.59:192][397]LogBlueprintUserMessages: Early EndPlayMap Detection: Level '/Game/FirstPersonCPP/Maps/FirstPersonExampleMap.FirstPersonExampleMap:PersistentLevel' has LevelScriptBlueprint '/Game/FirstPersonCPP/Maps/FirstPersonExampleMap.FirstPersonExampleMap:PersistentLevel.FirstPersonExampleMap' with GeneratedClass '/Game/FirstPersonCPP/Maps/FirstPersonExampleMap.FirstPersonExampleMap_C' with ClassGeneratedBy '/Game/FirstPersonCPP/Maps/FirstPersonExampleMap.FirstPersonExampleMap:PersistentLevel.FirstPersonExampleMap'
[2018.10.12-04.23.59:193][397]LogSlate: Updating window title bar state: overlay mode, drag disabled, window buttons hidden, title bar hidden
[2018.10.12-04.23.59:236][397]LogPlayLevel: Display: Shutting down PIE online subsystems
[2018.10.12-04.23.59:237][397]LogBlueprintUserMessages: Late EndPlayMap Detection: Level '/Game/FirstPersonCPP/Maps/FirstPersonExampleMap.FirstPersonExampleMap:PersistentLevel' has LevelScriptBlueprint '/Game/FirstPersonCPP/Maps/FirstPersonExampleMap.FirstPersonExampleMap:PersistentLevel.FirstPersonExampleMap' with GeneratedClass '/Game/FirstPersonCPP/Maps/FirstPersonExampleMap.FirstPersonExampleMap_C' with ClassGeneratedBy '/Game/FirstPersonCPP/Maps/FirstPersonExampleMap.FirstPersonExampleMap:PersistentLevel.FirstPersonExampleMap'
[2018.10.12-04.23.59:282][397]LogSlate: Updating window title bar state: overlay mode, drag disabled, window buttons hidden, title bar hidden
[2018.10.12-04.23.59:314][398]LogPlayLevel: Display: Destroying online subsystem :Context_7
[2018.10.12-04.24.03:583][906]LogSlate: FSceneViewport::OnFocusLost() reason 0
[2018.10.12-04.24.03:676][915]Candidate modules for hot reload:
[2018.10.12-04.24.03:676][915]  UE4Playground
[2018.10.12-04.24.03:676][915]Launching UnrealBuildTool... [C:/Program Files/Epic Games/UE_4.20/Engine/Binaries/DotNET/UnrealBuildTool.exe  -ModuleWithSuffix=UE4Playground,6688 Win64 Development -TargetType=Editor -Project="../../../../../../Users/Peter/Documents/GitHub/Playground/UE4Playground/UE4Playground.uproject" -canskiplink "C:/Users/Peter/Documents/GitHub/Playground/UE4Playground/UE4Playground.uproject" ]
[2018.10.12-04.24.03:688][915]Warning: Starting HotReload took  0.0s.
[2018.10.12-04.24.34:956][560]CompilerResultsLog: New page: Compilation - Oct 11, 2018, 6:24:34 PM
[2018.10.12-04.24.34:956][560]CompilerResultsLog: Using 'git status' to determine working set for adaptive non-unity build.
[2018.10.12-04.24.34:956][560]CompilerResultsLog: Compiling game modules for hot reload
[2018.10.12-04.24.34:956][560]CompilerResultsLog: Building 3 actions with 4 processes...
[2018.10.12-04.24.34:956][560]CompilerResultsLog:   [1/3] UE4PlaygroundCharacter.cpp
[2018.10.12-04.24.34:956][560]CompilerResultsLog:   [2/3] UE4Editor-UE4Playground-6688.lib
[2018.10.12-04.24.34:956][560]CompilerResultsLog:      Creating library C:\Users\Peter\Documents\GitHub\Playground\UE4Playground\Intermediate\Build\Win64\UE4Editor\Development\UE4Playground\UE4Editor-UE4Playground-6688.lib and object C:\Users\Peter\Documents\GitHub\Playground\UE4Playground\Intermediate\Build\Win64\UE4Editor\Development\UE4Playground\UE4Editor-UE4Playground-6688.exp
[2018.10.12-04.24.34:956][560]CompilerResultsLog:   [3/3] UE4Editor-UE4Playground-6688.dll
[2018.10.12-04.24.34:956][560]CompilerResultsLog:      Creating library C:\Users\Peter\Documents\GitHub\Playground\UE4Playground\Intermediate\Build\Win64\UE4Editor\Development\UE4Playground\UE4Editor-UE4Playground-6688.suppressed.lib and object C:\Users\Peter\Documents\GitHub\Playground\UE4Playground\Intermediate\Build\Win64\UE4Editor\Development\UE4Playground\UE4Editor-UE4Playground-6688.suppressed.exp
[2018.10.12-04.24.34:956][560]CompilerResultsLog: Total build time: 30.79 seconds (Parallel executor: 27.48 seconds)
[2018.10.12-04.24.34:956][560]LogMainFrame: MainFrame: Module compiling took 31.290 seconds
[2018.10.12-04.24.35:082][560]LogContentBrowser: Native class hierarchy updated for 'UE4Playground' in 0.0009 seconds. Added 4 classes and 2 folders.
[2018.10.12-04.24.35:089][560]Display: HotReload successful (2 functions remapped  0 scriptstructs remapped)
[2018.10.12-04.24.35:693][560]LogContentBrowser: Native class hierarchy populated in 0.0175 seconds. Added 2577 classes and 607 folders.
[2018.10.12-04.24.35:694][560]Display: HotReload took 32.0s.
[2018.10.12-04.24.38:425][882]LogTemp: Repeating last play command: Selected Viewport
[2018.10.12-04.24.38:455][882]LogBlueprintUserMessages: Early PlayInEditor Detection: Level '/Game/FirstPersonCPP/Maps/FirstPersonExampleMap.FirstPersonExampleMap:PersistentLevel' has LevelScriptBlueprint '/Game/FirstPersonCPP/Maps/FirstPersonExampleMap.FirstPersonExampleMap:PersistentLevel.FirstPersonExampleMap' with GeneratedClass '/Game/FirstPersonCPP/Maps/FirstPersonExampleMap.FirstPersonExampleMap_C' with ClassGeneratedBy '/Game/FirstPersonCPP/Maps/FirstPersonExampleMap.FirstPersonExampleMap:PersistentLevel.FirstPersonExampleMap'
[2018.10.12-04.24.38:455][882]LogPlayLevel: PlayLevel: No blueprints needed recompiling
[2018.10.12-04.24.38:455][882]PIE: New page: PIE session: FirstPersonExampleMap (Oct 11, 2018, 6:24:38 PM)
[2018.10.12-04.24.38:455][882]LogPlayLevel: Creating play world package: /Game/FirstPersonCPP/Maps/UEDPIE_0_FirstPersonExampleMap
[2018.10.12-04.24.38:479][882]LogPlayLevel: PIE: StaticDuplicateObject took: (0.024206s)
[2018.10.12-04.24.38:481][882]LogAIModule: Creating AISystem for world FirstPersonExampleMap
[2018.10.12-04.24.38:481][882]LogPlayLevel: PIE: World Init took: (0.001660s)
[2018.10.12-04.24.38:481][882]LogPlayLevel: PIE: Created PIE world by copying editor world from /Game/FirstPersonCPP/Maps/FirstPersonExampleMap.FirstPersonExampleMap to /Game/FirstPersonCPP/Maps/UEDPIE_0_FirstPersonExampleMap.FirstPersonExampleMap (0.026125s)
[2018.10.12-04.24.38:615][882]LogInit: XAudio2 using 'Speakers (2- High Definition Audio Device)' : 2 channels at 44.1 kHz using 16 bits per sample (channel mask 0x3)
[2018.10.12-04.24.38:626][882]LogInit: FAudioDevice initialized.
[2018.10.12-04.24.38:656][882]LogLoad: Game class is 'UE4PlaygroundGameMode'
[2018.10.12-04.24.38:659][882]LogWorld: Bringing World /Game/FirstPersonCPP/Maps/UEDPIE_0_FirstPersonExampleMap.FirstPersonExampleMap up for play (max tick rate 0) at 2018.10.11-23.24.38
[2018.10.12-04.24.38:659][882]LogWorld: Bringing up level for play took: 0.002750
[2018.10.12-04.24.38:673][882]PIE: Play in editor start time for /Game/FirstPersonCPP/Maps/UEDPIE_0_FirstPersonExampleMap 0.025
[2018.10.12-04.24.38:673][882]LogBlueprintUserMessages: Late PlayInEditor Detection: Level '/Game/FirstPersonCPP/Maps/FirstPersonExampleMap.FirstPersonExampleMap:PersistentLevel' has LevelScriptBlueprint '/Game/FirstPersonCPP/Maps/FirstPersonExampleMap.FirstPersonExampleMap:PersistentLevel.FirstPersonExampleMap' with GeneratedClass '/Game/FirstPersonCPP/Maps/FirstPersonExampleMap.FirstPersonExampleMap_C' with ClassGeneratedBy '/Game/FirstPersonCPP/Maps/FirstPersonExampleMap.FirstPersonExampleMap:PersistentLevel.FirstPersonExampleMap'
[2018.10.12-04.24.44:294][518]LogBlueprintUserMessages: Early EndPlayMap Detection: Level '/Game/FirstPersonCPP/Maps/FirstPersonExampleMap.FirstPersonExampleMap:PersistentLevel' has LevelScriptBlueprint '/Game/FirstPersonCPP/Maps/FirstPersonExampleMap.FirstPersonExampleMap:PersistentLevel.FirstPersonExampleMap' with GeneratedClass '/Game/FirstPersonCPP/Maps/FirstPersonExampleMap.FirstPersonExampleMap_C' with ClassGeneratedBy '/Game/FirstPersonCPP/Maps/FirstPersonExampleMap.FirstPersonExampleMap:PersistentLevel.FirstPersonExampleMap'
[2018.10.12-04.24.44:294][518]LogSlate: Updating window title bar state: overlay mode, drag disabled, window buttons hidden, title bar hidden
[2018.10.12-04.24.44:338][518]LogPlayLevel: Display: Shutting down PIE online subsystems
[2018.10.12-04.24.44:339][518]LogBlueprintUserMessages: Late EndPlayMap Detection: Level '/Game/FirstPersonCPP/Maps/FirstPersonExampleMap.FirstPersonExampleMap:PersistentLevel' has LevelScriptBlueprint '/Game/FirstPersonCPP/Maps/FirstPersonExampleMap.FirstPersonExampleMap:PersistentLevel.FirstPersonExampleMap' with GeneratedClass '/Game/FirstPersonCPP/Maps/FirstPersonExampleMap.FirstPersonExampleMap_C' with ClassGeneratedBy '/Game/FirstPersonCPP/Maps/FirstPersonExampleMap.FirstPersonExampleMap:PersistentLevel.FirstPersonExampleMap'
[2018.10.12-04.24.44:392][518]LogSlate: Updating window title bar state: overlay mode, drag disabled, window buttons hidden, title bar hidden
[2018.10.12-04.24.44:449][519]LogPlayLevel: Display: Destroying online subsystem :Context_8
[2018.10.12-04.26.04:381][166]LogSlate: FSceneViewport::OnFocusLost() reason 0
[2018.10.12-04.26.04:484][170]LogTemp: Repeating last play command: Selected Viewport
[2018.10.12-04.26.04:515][170]LogBlueprintUserMessages: Early PlayInEditor Detection: Level '/Game/FirstPersonCPP/Maps/FirstPersonExampleMap.FirstPersonExampleMap:PersistentLevel' has LevelScriptBlueprint '/Game/FirstPersonCPP/Maps/FirstPersonExampleMap.FirstPersonExampleMap:PersistentLevel.FirstPersonExampleMap' with GeneratedClass '/Game/FirstPersonCPP/Maps/FirstPersonExampleMap.FirstPersonExampleMap_C' with ClassGeneratedBy '/Game/FirstPersonCPP/Maps/FirstPersonExampleMap.FirstPersonExampleMap:PersistentLevel.FirstPersonExampleMap'
[2018.10.12-04.26.04:515][170]LogPlayLevel: PlayLevel: No blueprints needed recompiling
[2018.10.12-04.26.04:515][170]PIE: New page: PIE session: FirstPersonExampleMap (Oct 11, 2018, 6:26:04 PM)
[2018.10.12-04.26.04:516][170]LogPlayLevel: Creating play world package: /Game/FirstPersonCPP/Maps/UEDPIE_0_FirstPersonExampleMap
[2018.10.12-04.26.04:541][170]LogPlayLevel: PIE: StaticDuplicateObject took: (0.025089s)
[2018.10.12-04.26.04:542][170]LogAIModule: Creating AISystem for world FirstPersonExampleMap
[2018.10.12-04.26.04:542][170]LogPlayLevel: PIE: World Init took: (0.001282s)
[2018.10.12-04.26.04:542][170]LogPlayLevel: PIE: Created PIE world by copying editor world from /Game/FirstPersonCPP/Maps/FirstPersonExampleMap.FirstPersonExampleMap to /Game/FirstPersonCPP/Maps/UEDPIE_0_FirstPersonExampleMap.FirstPersonExampleMap (0.026563s)
[2018.10.12-04.26.04:614][170]LogInit: XAudio2 using 'Speakers (2- High Definition Audio Device)' : 2 channels at 44.1 kHz using 16 bits per sample (channel mask 0x3)
[2018.10.12-04.26.04:628][170]LogInit: FAudioDevice initialized.
[2018.10.12-04.26.04:659][170]LogLoad: Game class is 'UE4PlaygroundGameMode'
[2018.10.12-04.26.04:662][170]LogWorld: Bringing World /Game/FirstPersonCPP/Maps/UEDPIE_0_FirstPersonExampleMap.FirstPersonExampleMap up for play (max tick rate 0) at 2018.10.11-23.26.04
[2018.10.12-04.26.04:662][170]LogWorld: Bringing up level for play took: 0.003019
[2018.10.12-04.26.04:675][170]PIE: Play in editor start time for /Game/FirstPersonCPP/Maps/UEDPIE_0_FirstPersonExampleMap 0.027
[2018.10.12-04.26.04:676][170]LogBlueprintUserMessages: Late PlayInEditor Detection: Level '/Game/FirstPersonCPP/Maps/FirstPersonExampleMap.FirstPersonExampleMap:PersistentLevel' has LevelScriptBlueprint '/Game/FirstPersonCPP/Maps/FirstPersonExampleMap.FirstPersonExampleMap:PersistentLevel.FirstPersonExampleMap' with GeneratedClass '/Game/FirstPersonCPP/Maps/FirstPersonExampleMap.FirstPersonExampleMap_C' with ClassGeneratedBy '/Game/FirstPersonCPP/Maps/FirstPersonExampleMap.FirstPersonExampleMap:PersistentLevel.FirstPersonExampleMap'
[2018.10.12-04.26.06:169][341]LogBlueprintUserMessages: Early EndPlayMap Detection: Level '/Game/FirstPersonCPP/Maps/FirstPersonExampleMap.FirstPersonExampleMap:PersistentLevel' has LevelScriptBlueprint '/Game/FirstPersonCPP/Maps/FirstPersonExampleMap.FirstPersonExampleMap:PersistentLevel.FirstPersonExampleMap' with GeneratedClass '/Game/FirstPersonCPP/Maps/FirstPersonExampleMap.FirstPersonExampleMap_C' with ClassGeneratedBy '/Game/FirstPersonCPP/Maps/FirstPersonExampleMap.FirstPersonExampleMap:PersistentLevel.FirstPersonExampleMap'
[2018.10.12-04.26.06:169][341]LogSlate: Updating window title bar state: overlay mode, drag disabled, window buttons hidden, title bar hidden
[2018.10.12-04.26.06:209][341]LogPlayLevel: Display: Shutting down PIE online subsystems
[2018.10.12-04.26.06:210][341]LogBlueprintUserMessages: Late EndPlayMap Detection: Level '/Game/FirstPersonCPP/Maps/FirstPersonExampleMap.FirstPersonExampleMap:PersistentLevel' has LevelScriptBlueprint '/Game/FirstPersonCPP/Maps/FirstPersonExampleMap.FirstPersonExampleMap:PersistentLevel.FirstPersonExampleMap' with GeneratedClass '/Game/FirstPersonCPP/Maps/FirstPersonExampleMap.FirstPersonExampleMap_C' with ClassGeneratedBy '/Game/FirstPersonCPP/Maps/FirstPersonExampleMap.FirstPersonExampleMap:PersistentLevel.FirstPersonExampleMap'
[2018.10.12-04.26.06:253][341]LogSlate: Updating window title bar state: overlay mode, drag disabled, window buttons hidden, title bar hidden
[2018.10.12-04.26.06:284][342]LogPlayLevel: Display: Destroying online subsystem :Context_9
[2018.10.12-04.26.08:246][574]LogSlate: FSceneViewport::OnFocusLost() reason 0
[2018.10.12-04.26.08:947][653]Candidate modules for hot reload:
[2018.10.12-04.26.08:947][653]  UE4Playground
[2018.10.12-04.26.08:948][653]Launching UnrealBuildTool... [C:/Program Files/Epic Games/UE_4.20/Engine/Binaries/DotNET/UnrealBuildTool.exe  -ModuleWithSuffix=UE4Playground,992 Win64 Development -TargetType=Editor -Project="../../../../../../Users/Peter/Documents/GitHub/Playground/UE4Playground/UE4Playground.uproject" -canskiplink "C:/Users/Peter/Documents/GitHub/Playground/UE4Playground/UE4Playground.uproject" ]
[2018.10.12-04.26.08:960][653]Warning: Starting HotReload took  0.1s.
[2018.10.12-04.26.42:909][607]CompilerResultsLog: New page: Compilation - Oct 11, 2018, 6:26:42 PM
[2018.10.12-04.26.42:909][607]CompilerResultsLog: Using 'git status' to determine working set for adaptive non-unity build.
[2018.10.12-04.26.42:909][607]CompilerResultsLog: Compiling game modules for hot reload
[2018.10.12-04.26.42:909][607]CompilerResultsLog: Building 3 actions with 4 processes...
[2018.10.12-04.26.42:909][607]CompilerResultsLog:   [1/3] UE4PlaygroundCharacter.cpp
[2018.10.12-04.26.42:909][607]CompilerResultsLog:   [2/3] UE4Editor-UE4Playground-992.lib
[2018.10.12-04.26.42:909][607]CompilerResultsLog:      Creating library C:\Users\Peter\Documents\GitHub\Playground\UE4Playground\Intermediate\Build\Win64\UE4Editor\Development\UE4Playground\UE4Editor-UE4Playground-992.lib and object C:\Users\Peter\Documents\GitHub\Playground\UE4Playground\Intermediate\Build\Win64\UE4Editor\Development\UE4Playground\UE4Editor-UE4Playground-992.exp
[2018.10.12-04.26.42:909][607]CompilerResultsLog:   [3/3] UE4Editor-UE4Playground-992.dll
[2018.10.12-04.26.42:909][607]CompilerResultsLog:      Creating library C:\Users\Peter\Documents\GitHub\Playground\UE4Playground\Intermediate\Build\Win64\UE4Editor\Development\UE4Playground\UE4Editor-UE4Playground-992.suppressed.lib and object C:\Users\Peter\Documents\GitHub\Playground\UE4Playground\Intermediate\Build\Win64\UE4Editor\Development\UE4Playground\UE4Editor-UE4Playground-992.suppressed.exp
[2018.10.12-04.26.42:909][607]CompilerResultsLog: Total build time: 33.19 seconds (Parallel executor: 29.39 seconds)
[2018.10.12-04.26.42:909][607]LogMainFrame: MainFrame: Module compiling took 33.975 seconds
[2018.10.12-04.26.43:031][607]LogContentBrowser: Native class hierarchy updated for 'UE4Playground' in 0.0009 seconds. Added 4 classes and 2 folders.
[2018.10.12-04.26.43:038][607]Display: HotReload successful (2 functions remapped  0 scriptstructs remapped)
[2018.10.12-04.26.43:630][607]LogContentBrowser: Native class hierarchy populated in 0.0186 seconds. Added 2577 classes and 607 folders.
[2018.10.12-04.26.43:630][607]Display: HotReload took 34.7s.
[2018.10.12-04.26.46:331][926]LogTemp: Repeating last play command: Selected Viewport
[2018.10.12-04.26.46:361][926]LogBlueprintUserMessages: Early PlayInEditor Detection: Level '/Game/FirstPersonCPP/Maps/FirstPersonExampleMap.FirstPersonExampleMap:PersistentLevel' has LevelScriptBlueprint '/Game/FirstPersonCPP/Maps/FirstPersonExampleMap.FirstPersonExampleMap:PersistentLevel.FirstPersonExampleMap' with GeneratedClass '/Game/FirstPersonCPP/Maps/FirstPersonExampleMap.FirstPersonExampleMap_C' with ClassGeneratedBy '/Game/FirstPersonCPP/Maps/FirstPersonExampleMap.FirstPersonExampleMap:PersistentLevel.FirstPersonExampleMap'
[2018.10.12-04.26.46:361][926]LogPlayLevel: PlayLevel: No blueprints needed recompiling
[2018.10.12-04.26.46:361][926]PIE: New page: PIE session: FirstPersonExampleMap (Oct 11, 2018, 6:26:46 PM)
[2018.10.12-04.26.46:361][926]LogPlayLevel: Creating play world package: /Game/FirstPersonCPP/Maps/UEDPIE_0_FirstPersonExampleMap
[2018.10.12-04.26.46:386][926]LogPlayLevel: PIE: StaticDuplicateObject took: (0.024307s)
[2018.10.12-04.26.46:387][926]LogAIModule: Creating AISystem for world FirstPersonExampleMap
[2018.10.12-04.26.46:387][926]LogPlayLevel: PIE: World Init took: (0.001339s)
[2018.10.12-04.26.46:387][926]LogPlayLevel: PIE: Created PIE world by copying editor world from /Game/FirstPersonCPP/Maps/FirstPersonExampleMap.FirstPersonExampleMap to /Game/FirstPersonCPP/Maps/UEDPIE_0_FirstPersonExampleMap.FirstPersonExampleMap (0.025866s)
[2018.10.12-04.26.46:519][926]LogInit: XAudio2 using 'Speakers (2- High Definition Audio Device)' : 2 channels at 44.1 kHz using 16 bits per sample (channel mask 0x3)
[2018.10.12-04.26.46:531][926]LogInit: FAudioDevice initialized.
[2018.10.12-04.26.46:568][926]LogLoad: Game class is 'UE4PlaygroundGameMode'
[2018.10.12-04.26.46:571][926]LogWorld: Bringing World /Game/FirstPersonCPP/Maps/UEDPIE_0_FirstPersonExampleMap.FirstPersonExampleMap up for play (max tick rate 0) at 2018.10.11-23.26.46
[2018.10.12-04.26.46:572][926]LogWorld: Bringing up level for play took: 0.002686
[2018.10.12-04.26.46:585][926]PIE: Play in editor start time for /Game/FirstPersonCPP/Maps/UEDPIE_0_FirstPersonExampleMap -0.062
[2018.10.12-04.26.46:586][926]LogBlueprintUserMessages: Late PlayInEditor Detection: Level '/Game/FirstPersonCPP/Maps/FirstPersonExampleMap.FirstPersonExampleMap:PersistentLevel' has LevelScriptBlueprint '/Game/FirstPersonCPP/Maps/FirstPersonExampleMap.FirstPersonExampleMap:PersistentLevel.FirstPersonExampleMap' with GeneratedClass '/Game/FirstPersonCPP/Maps/FirstPersonExampleMap.FirstPersonExampleMap_C' with ClassGeneratedBy '/Game/FirstPersonCPP/Maps/FirstPersonExampleMap.FirstPersonExampleMap:PersistentLevel.FirstPersonExampleMap'
[2018.10.12-04.27.00:786][585]LogBlueprintUserMessages: Early EndPlayMap Detection: Level '/Game/FirstPersonCPP/Maps/FirstPersonExampleMap.FirstPersonExampleMap:PersistentLevel' has LevelScriptBlueprint '/Game/FirstPersonCPP/Maps/FirstPersonExampleMap.FirstPersonExampleMap:PersistentLevel.FirstPersonExampleMap' with GeneratedClass '/Game/FirstPersonCPP/Maps/FirstPersonExampleMap.FirstPersonExampleMap_C' with ClassGeneratedBy '/Game/FirstPersonCPP/Maps/FirstPersonExampleMap.FirstPersonExampleMap:PersistentLevel.FirstPersonExampleMap'
[2018.10.12-04.27.00:786][585]LogSlate: Updating window title bar state: overlay mode, drag disabled, window buttons hidden, title bar hidden
[2018.10.12-04.27.00:824][585]LogPlayLevel: Display: Shutting down PIE online subsystems
[2018.10.12-04.27.00:825][585]LogBlueprintUserMessages: Late EndPlayMap Detection: Level '/Game/FirstPersonCPP/Maps/FirstPersonExampleMap.FirstPersonExampleMap:PersistentLevel' has LevelScriptBlueprint '/Game/FirstPersonCPP/Maps/FirstPersonExampleMap.FirstPersonExampleMap:PersistentLevel.FirstPersonExampleMap' with GeneratedClass '/Game/FirstPersonCPP/Maps/FirstPersonExampleMap.FirstPersonExampleMap_C' with ClassGeneratedBy '/Game/FirstPersonCPP/Maps/FirstPersonExampleMap.FirstPersonExampleMap:PersistentLevel.FirstPersonExampleMap'
[2018.10.12-04.27.00:886][585]LogSlate: Updating window title bar state: overlay mode, drag disabled, window buttons hidden, title bar hidden
[2018.10.12-04.27.00:937][586]LogPlayLevel: Display: Destroying online subsystem :Context_10
[2018.10.12-04.29.05:015][591]LogSlate: FSceneViewport::OnFocusLost() reason 0
[2018.10.12-04.29.05:136][591]Candidate modules for hot reload:
[2018.10.12-04.29.05:136][591]  UE4Playground
[2018.10.12-04.29.05:136][591]Launching UnrealBuildTool... [C:/Program Files/Epic Games/UE_4.20/Engine/Binaries/DotNET/UnrealBuildTool.exe  -ModuleWithSuffix=UE4Playground,1319 Win64 Development -TargetType=Editor -Project="../../../../../../Users/Peter/Documents/GitHub/Playground/UE4Playground/UE4Playground.uproject" -canskiplink "C:/Users/Peter/Documents/GitHub/Playground/UE4Playground/UE4Playground.uproject" ]
[2018.10.12-04.29.05:147][591]Warning: Starting HotReload took  0.0s.
[2018.10.12-04.29.37:544][400]CompilerResultsLog: New page: Compilation - Oct 11, 2018, 6:29:37 PM
[2018.10.12-04.29.37:544][400]CompilerResultsLog: Using 'git status' to determine working set for adaptive non-unity build.
[2018.10.12-04.29.37:544][400]CompilerResultsLog: Compiling game modules for hot reload
[2018.10.12-04.29.37:544][400]CompilerResultsLog: Building 3 actions with 4 processes...
[2018.10.12-04.29.37:544][400]CompilerResultsLog:   [1/3] UE4PlaygroundCharacter.cpp
[2018.10.12-04.29.37:545][400]CompilerResultsLog:   [2/3] UE4Editor-UE4Playground-1319.lib
[2018.10.12-04.29.37:545][400]CompilerResultsLog:      Creating library C:\Users\Peter\Documents\GitHub\Playground\UE4Playground\Intermediate\Build\Win64\UE4Editor\Development\UE4Playground\UE4Editor-UE4Playground-1319.lib and object C:\Users\Peter\Documents\GitHub\Playground\UE4Playground\Intermediate\Build\Win64\UE4Editor\Development\UE4Playground\UE4Editor-UE4Playground-1319.exp
[2018.10.12-04.29.37:545][400]CompilerResultsLog:   [3/3] UE4Editor-UE4Playground-1319.dll
[2018.10.12-04.29.37:545][400]CompilerResultsLog:      Creating library C:\Users\Peter\Documents\GitHub\Playground\UE4Playground\Intermediate\Build\Win64\UE4Editor\Development\UE4Playground\UE4Editor-UE4Playground-1319.suppressed.lib and object C:\Users\Peter\Documents\GitHub\Playground\UE4Playground\Intermediate\Build\Win64\UE4Editor\Development\UE4Playground\UE4Editor-UE4Playground-1319.suppressed.exp
[2018.10.12-04.29.37:545][400]CompilerResultsLog: Total build time: 31.79 seconds (Parallel executor: 28.21 seconds)
[2018.10.12-04.29.37:545][400]LogMainFrame: MainFrame: Module compiling took 32.422 seconds
[2018.10.12-04.29.37:664][400]LogContentBrowser: Native class hierarchy updated for 'UE4Playground' in 0.0009 seconds. Added 4 classes and 2 folders.
[2018.10.12-04.29.37:671][400]Display: HotReload successful (2 functions remapped  0 scriptstructs remapped)
[2018.10.12-04.29.38:266][400]LogContentBrowser: Native class hierarchy populated in 0.0184 seconds. Added 2577 classes and 607 folders.
[2018.10.12-04.29.38:266][400]Display: HotReload took 33.2s.
[2018.10.12-04.29.42:061][850]LogTemp: Repeating last play command: Selected Viewport
[2018.10.12-04.29.42:091][850]LogBlueprintUserMessages: Early PlayInEditor Detection: Level '/Game/FirstPersonCPP/Maps/FirstPersonExampleMap.FirstPersonExampleMap:PersistentLevel' has LevelScriptBlueprint '/Game/FirstPersonCPP/Maps/FirstPersonExampleMap.FirstPersonExampleMap:PersistentLevel.FirstPersonExampleMap' with GeneratedClass '/Game/FirstPersonCPP/Maps/FirstPersonExampleMap.FirstPersonExampleMap_C' with ClassGeneratedBy '/Game/FirstPersonCPP/Maps/FirstPersonExampleMap.FirstPersonExampleMap:PersistentLevel.FirstPersonExampleMap'
[2018.10.12-04.29.42:091][850]LogPlayLevel: PlayLevel: No blueprints needed recompiling
[2018.10.12-04.29.42:091][850]PIE: New page: PIE session: FirstPersonExampleMap (Oct 11, 2018, 6:29:42 PM)
[2018.10.12-04.29.42:091][850]LogPlayLevel: Creating play world package: /Game/FirstPersonCPP/Maps/UEDPIE_0_FirstPersonExampleMap
[2018.10.12-04.29.42:119][850]LogPlayLevel: PIE: StaticDuplicateObject took: (0.027188s)
[2018.10.12-04.29.42:120][850]LogAIModule: Creating AISystem for world FirstPersonExampleMap
[2018.10.12-04.29.42:120][850]LogPlayLevel: PIE: World Init took: (0.001615s)
[2018.10.12-04.29.42:120][850]LogPlayLevel: PIE: Created PIE world by copying editor world from /Game/FirstPersonCPP/Maps/FirstPersonExampleMap.FirstPersonExampleMap to /Game/FirstPersonCPP/Maps/UEDPIE_0_FirstPersonExampleMap.FirstPersonExampleMap (0.029052s)
[2018.10.12-04.29.42:249][850]LogInit: XAudio2 using 'Speakers (2- High Definition Audio Device)' : 2 channels at 44.1 kHz using 16 bits per sample (channel mask 0x3)
[2018.10.12-04.29.42:261][850]LogInit: FAudioDevice initialized.
[2018.10.12-04.29.42:294][850]LogLoad: Game class is 'UE4PlaygroundGameMode'
[2018.10.12-04.29.42:297][850]LogWorld: Bringing World /Game/FirstPersonCPP/Maps/UEDPIE_0_FirstPersonExampleMap.FirstPersonExampleMap up for play (max tick rate 0) at 2018.10.11-23.29.42
[2018.10.12-04.29.42:297][850]LogWorld: Bringing up level for play took: 0.002790
[2018.10.12-04.29.42:311][850]PIE: Play in editor start time for /Game/FirstPersonCPP/Maps/UEDPIE_0_FirstPersonExampleMap -0.337
[2018.10.12-04.29.42:311][850]LogBlueprintUserMessages: Late PlayInEditor Detection: Level '/Game/FirstPersonCPP/Maps/FirstPersonExampleMap.FirstPersonExampleMap:PersistentLevel' has LevelScriptBlueprint '/Game/FirstPersonCPP/Maps/FirstPersonExampleMap.FirstPersonExampleMap:PersistentLevel.FirstPersonExampleMap' with GeneratedClass '/Game/FirstPersonCPP/Maps/FirstPersonExampleMap.FirstPersonExampleMap_C' with ClassGeneratedBy '/Game/FirstPersonCPP/Maps/FirstPersonExampleMap.FirstPersonExampleMap:PersistentLevel.FirstPersonExampleMap'
[2018.10.12-04.29.47:120][389]LogBlueprintUserMessages: Early EndPlayMap Detection: Level '/Game/FirstPersonCPP/Maps/FirstPersonExampleMap.FirstPersonExampleMap:PersistentLevel' has LevelScriptBlueprint '/Game/FirstPersonCPP/Maps/FirstPersonExampleMap.FirstPersonExampleMap:PersistentLevel.FirstPersonExampleMap' with GeneratedClass '/Game/FirstPersonCPP/Maps/FirstPersonExampleMap.FirstPersonExampleMap_C' with ClassGeneratedBy '/Game/FirstPersonCPP/Maps/FirstPersonExampleMap.FirstPersonExampleMap:PersistentLevel.FirstPersonExampleMap'
[2018.10.12-04.29.47:121][389]LogSlate: Updating window title bar state: overlay mode, drag disabled, window buttons hidden, title bar hidden
[2018.10.12-04.29.47:163][389]LogPlayLevel: Display: Shutting down PIE online subsystems
[2018.10.12-04.29.47:164][389]LogBlueprintUserMessages: Late EndPlayMap Detection: Level '/Game/FirstPersonCPP/Maps/FirstPersonExampleMap.FirstPersonExampleMap:PersistentLevel' has LevelScriptBlueprint '/Game/FirstPersonCPP/Maps/FirstPersonExampleMap.FirstPersonExampleMap:PersistentLevel.FirstPersonExampleMap' with GeneratedClass '/Game/FirstPersonCPP/Maps/FirstPersonExampleMap.FirstPersonExampleMap_C' with ClassGeneratedBy '/Game/FirstPersonCPP/Maps/FirstPersonExampleMap.FirstPersonExampleMap:PersistentLevel.FirstPersonExampleMap'
[2018.10.12-04.29.47:214][389]LogSlate: Updating window title bar state: overlay mode, drag disabled, window buttons hidden, title bar hidden
[2018.10.12-04.29.47:265][390]LogPlayLevel: Display: Destroying online subsystem :Context_11
[2018.10.12-04.29.58:886][703]LogSlate: FSceneViewport::OnFocusLost() reason 0
[2018.10.12-04.29.59:099][703]Candidate modules for hot reload:
[2018.10.12-04.29.59:099][703]  UE4Playground
[2018.10.12-04.29.59:099][703]Launching UnrealBuildTool... [C:/Program Files/Epic Games/UE_4.20/Engine/Binaries/DotNET/UnrealBuildTool.exe  -ModuleWithSuffix=UE4Playground,1980 Win64 Development -TargetType=Editor -Project="../../../../../../Users/Peter/Documents/GitHub/Playground/UE4Playground/UE4Playground.uproject" -canskiplink "C:/Users/Peter/Documents/GitHub/Playground/UE4Playground/UE4Playground.uproject" ]
[2018.10.12-04.29.59:110][703]Warning: Starting HotReload took  0.0s.
[2018.10.12-04.30.34:325][823]CompilerResultsLog: New page: Compilation - Oct 11, 2018, 6:30:34 PM
[2018.10.12-04.30.34:326][823]CompilerResultsLog: Using 'git status' to determine working set for adaptive non-unity build.
[2018.10.12-04.30.34:326][823]CompilerResultsLog: Compiling game modules for hot reload
[2018.10.12-04.30.34:326][823]CompilerResultsLog: Building 3 actions with 4 processes...
[2018.10.12-04.30.34:326][823]CompilerResultsLog:   [1/3] UE4PlaygroundCharacter.cpp
[2018.10.12-04.30.34:326][823]CompilerResultsLog:   [2/3] UE4Editor-UE4Playground-1980.lib
[2018.10.12-04.30.34:326][823]CompilerResultsLog:      Creating library C:\Users\Peter\Documents\GitHub\Playground\UE4Playground\Intermediate\Build\Win64\UE4Editor\Development\UE4Playground\UE4Editor-UE4Playground-1980.lib and object C:\Users\Peter\Documents\GitHub\Playground\UE4Playground\Intermediate\Build\Win64\UE4Editor\Development\UE4Playground\UE4Editor-UE4Playground-1980.exp
[2018.10.12-04.30.34:326][823]CompilerResultsLog:   [3/3] UE4Editor-UE4Playground-1980.dll
[2018.10.12-04.30.34:326][823]CompilerResultsLog:      Creating library C:\Users\Peter\Documents\GitHub\Playground\UE4Playground\Intermediate\Build\Win64\UE4Editor\Development\UE4Playground\UE4Editor-UE4Playground-1980.suppressed.lib and object C:\Users\Peter\Documents\GitHub\Playground\UE4Playground\Intermediate\Build\Win64\UE4Editor\Development\UE4Playground\UE4Editor-UE4Playground-1980.suppressed.exp
[2018.10.12-04.30.34:326][823]CompilerResultsLog: Total build time: 34.64 seconds (Parallel executor: 30.93 seconds)
[2018.10.12-04.30.34:326][823]LogMainFrame: MainFrame: Module compiling took 35.239 seconds
[2018.10.12-04.30.34:445][823]LogContentBrowser: Native class hierarchy updated for 'UE4Playground' in 0.0008 seconds. Added 4 classes and 2 folders.
[2018.10.12-04.30.34:452][823]Display: HotReload successful (2 functions remapped  0 scriptstructs remapped)
[2018.10.12-04.30.35:033][823]LogContentBrowser: Native class hierarchy populated in 0.0179 seconds. Added 2577 classes and 607 folders.
[2018.10.12-04.30.35:033][823]Display: HotReload took 36.0s.
[2018.10.12-04.30.37:104][ 68]LogTemp: Repeating last play command: Selected Viewport
[2018.10.12-04.30.37:137][ 68]LogBlueprintUserMessages: Early PlayInEditor Detection: Level '/Game/FirstPersonCPP/Maps/FirstPersonExampleMap.FirstPersonExampleMap:PersistentLevel' has LevelScriptBlueprint '/Game/FirstPersonCPP/Maps/FirstPersonExampleMap.FirstPersonExampleMap:PersistentLevel.FirstPersonExampleMap' with GeneratedClass '/Game/FirstPersonCPP/Maps/FirstPersonExampleMap.FirstPersonExampleMap_C' with ClassGeneratedBy '/Game/FirstPersonCPP/Maps/FirstPersonExampleMap.FirstPersonExampleMap:PersistentLevel.FirstPersonExampleMap'
[2018.10.12-04.30.37:137][ 68]LogPlayLevel: PlayLevel: No blueprints needed recompiling
[2018.10.12-04.30.37:138][ 68]PIE: New page: PIE session: FirstPersonExampleMap (Oct 11, 2018, 6:30:37 PM)
[2018.10.12-04.30.37:138][ 68]LogPlayLevel: Creating play world package: /Game/FirstPersonCPP/Maps/UEDPIE_0_FirstPersonExampleMap
[2018.10.12-04.30.37:166][ 68]LogPlayLevel: PIE: StaticDuplicateObject took: (0.028132s)
[2018.10.12-04.30.37:167][ 68]LogAIModule: Creating AISystem for world FirstPersonExampleMap
[2018.10.12-04.30.37:167][ 68]LogPlayLevel: PIE: World Init took: (0.001376s)
[2018.10.12-04.30.37:167][ 68]LogPlayLevel: PIE: Created PIE world by copying editor world from /Game/FirstPersonCPP/Maps/FirstPersonExampleMap.FirstPersonExampleMap to /Game/FirstPersonCPP/Maps/UEDPIE_0_FirstPersonExampleMap.FirstPersonExampleMap (0.029735s)
[2018.10.12-04.30.37:291][ 68]LogInit: XAudio2 using 'Speakers (2- High Definition Audio Device)' : 2 channels at 44.1 kHz using 16 bits per sample (channel mask 0x3)
[2018.10.12-04.30.37:302][ 68]LogInit: FAudioDevice initialized.
[2018.10.12-04.30.37:333][ 68]LogLoad: Game class is 'UE4PlaygroundGameMode'
[2018.10.12-04.30.37:336][ 68]LogWorld: Bringing World /Game/FirstPersonCPP/Maps/UEDPIE_0_FirstPersonExampleMap.FirstPersonExampleMap up for play (max tick rate 0) at 2018.10.11-23.30.37
[2018.10.12-04.30.37:337][ 68]LogWorld: Bringing up level for play took: 0.003139
[2018.10.12-04.30.37:350][ 68]PIE: Play in editor start time for /Game/FirstPersonCPP/Maps/UEDPIE_0_FirstPersonExampleMap 0.702
[2018.10.12-04.30.37:350][ 68]LogBlueprintUserMessages: Late PlayInEditor Detection: Level '/Game/FirstPersonCPP/Maps/FirstPersonExampleMap.FirstPersonExampleMap:PersistentLevel' has LevelScriptBlueprint '/Game/FirstPersonCPP/Maps/FirstPersonExampleMap.FirstPersonExampleMap:PersistentLevel.FirstPersonExampleMap' with GeneratedClass '/Game/FirstPersonCPP/Maps/FirstPersonExampleMap.FirstPersonExampleMap_C' with ClassGeneratedBy '/Game/FirstPersonCPP/Maps/FirstPersonExampleMap.FirstPersonExampleMap:PersistentLevel.FirstPersonExampleMap'
[2018.10.12-04.30.39:654][337]LogWindows: Windows GetLastError: The operation completed successfully. (0)
[2018.10.12-04.30.40:746][337]LogWindows: Error: === Critical error: ===
[2018.10.12-04.30.40:746][337]LogWindows: Error: 
[2018.10.12-04.30.40:747][337]LogWindows: Error: Assertion failed: (Index >= 0) & (Index < ArrayNum) [File:C:\Program Files\Epic Games\UE_4.20\Engine\Source\Runtime\Core\Public\Containers/Array.h] [Line: 611] 
[2018.10.12-04.30.40:747][337]LogWindows: Error: Array index out of bounds: 3 from an array of size 3
[2018.10.12-04.30.40:747][337]LogWindows: Error: 
[2018.10.12-04.30.40:747][337]LogWindows: Error: 
[2018.10.12-04.30.40:747][337]LogWindows: Error: [Callstack] 0x00007ff995788eac KERNELBASE.dll!UnknownFunction []
[2018.10.12-04.30.40:747][337]LogWindows: Error: [Callstack] 0x00007ff980e06850 UE4Editor-ApplicationCore.dll!UnknownFunction []
[2018.10.12-04.30.40:747][337]LogWindows: Error: [Callstack] 0x00007ff972c262fc UE4Editor-Core.dll!UnknownFunction []
[2018.10.12-04.30.40:747][337]LogWindows: Error: [Callstack] 0x00007ff972bb51db UE4Editor-Core.dll!UnknownFunction []
[2018.10.12-04.30.40:747][337]LogWindows: Error: [Callstack] 0x00007ff984984c06 UE4Editor-UE4Playground-1980.dll!AUE4PlaygroundCharacter::OnFire2() [c:\users\peter\documents\github\playground\ue4playground\source\ue4playground\ue4playgroundcharacter.cpp:324]
[2018.10.12-04.30.40:747][337]LogWindows: Error: [Callstack] 0x00007ff970b62469 UE4Editor-Engine.dll!UnknownFunction []
[2018.10.12-04.30.40:747][337]LogWindows: Error: [Callstack] 0x00007ff970b93f52 UE4Editor-Engine.dll!UnknownFunction []
[2018.10.12-04.30.40:747][337]LogWindows: Error: [Callstack] 0x00007ff97066017c UE4Editor-Engine.dll!UnknownFunction []
[2018.10.12-04.30.40:747][337]LogWindows: Error: [Callstack] 0x00007ff970674608 UE4Editor-Engine.dll!UnknownFunction []
[2018.10.12-04.30.40:747][337]LogWindows: Error: [Callstack] 0x00007ff97065dbcb UE4Editor-Engine.dll!UnknownFunction []
[2018.10.12-04.30.40:747][337]LogWindows: Error: [Callstack] 0x00007ff9706734c3 UE4Editor-Engine.dll!UnknownFunction []
[2018.10.12-04.30.40:747][337]LogWindows: Error: [Callstack] 0x00007ff96f895630 UE4Editor-Engine.dll!UnknownFunction []
[2018.10.12-04.30.40:747][337]LogWindows: Error: [Callstack] 0x00007ff970a916bd UE4Editor-Engine.dll!UnknownFunction []
[2018.10.12-04.30.40:747][337]LogWindows: Error: [Callstack] 0x00007ff972a41f92 UE4Editor-Core.dll!UnknownFunction []
[2018.10.12-04.30.40:747][337]LogWindows: Error: [Callstack] 0x00007ff972a42456 UE4Editor-Core.dll!UnknownFunction []
[2018.10.12-04.30.40:747][337]LogWindows: Error: [Callstack] 0x00007ff972a56d25 UE4Editor-Core.dll!UnknownFunction []
[2018.10.12-04.30.40:747][337]LogWindows: Error: [Callstack] 0x00007ff970ae5b04 UE4Editor-Engine.dll!UnknownFunction []
[2018.10.12-04.30.40:747][337]LogWindows: Error: [Callstack] 0x00007ff970af4d92 UE4Editor-Engine.dll!UnknownFunction []
[2018.10.12-04.30.40:747][337]LogWindows: Error: [Callstack] 0x00007ff9701f87e4 UE4Editor-Engine.dll!UnknownFunction []
[2018.10.12-04.30.40:747][337]LogWindows: Error: [Callstack] 0x00007ff970204003 UE4Editor-Engine.dll!UnknownFunction []
[2018.10.12-04.30.40:747][337]LogWindows: Error: [Callstack] 0x00007ff964517335 UE4Editor-UnrealEd.dll!UnknownFunction []
[2018.10.12-04.30.40:747][337]LogWindows: Error: [Callstack] 0x00007ff964e0f666 UE4Editor-UnrealEd.dll!UnknownFunction []
[2018.10.12-04.30.40:747][337]LogWindows: Error: [Callstack] 0x00007ff68e785cbd UE4Editor.exe!UnknownFunction []
[2018.10.12-04.30.40:747][337]LogWindows: Error: [Callstack] 0x00007ff68e795b3c UE4Editor.exe!UnknownFunction []
[2018.10.12-04.30.40:747][337]LogWindows: Error: [Callstack] 0x00007ff68e795bba UE4Editor.exe!UnknownFunction []
[2018.10.12-04.30.40:747][337]LogWindows: Error: [Callstack] 0x00007ff68e7a3dac UE4Editor.exe!UnknownFunction []
[2018.10.12-04.30.40:747][337]LogWindows: Error: [Callstack] 0x00007ff68e7a5aaa UE4Editor.exe!UnknownFunction []
[2018.10.12-04.30.40:747][337]LogWindows: Error: [Callstack] 0x00007ff9968513d2 KERNEL32.DLL!UnknownFunction []
[2018.10.12-04.30.40:747][337]LogWindows: Error: [Callstack] 0x00007ff9983654f4 ntdll.dll!UnknownFunction []
[2018.10.12-04.30.40:747][337]LogWindows: Error: 
[2018.10.12-04.30.40:771][337]LogExit: Executing StaticShutdownAfterError
[2018.10.12-04.30.40:777][337]LogWindows: FPlatformMisc::RequestExit(1)
[2018.10.12-04.30.40:788][337]Log file closed, 10/11/18 23:30:40
