Log file open, 11/13/18 22:50:27
LogWindows: Failed to load 'aqProf.dll' (GetLastError=126)
LogWindows: File 'aqProf.dll' does not exist
LogWindows: Failed to load 'VtuneApi.dll' (GetLastError=126)
LogWindows: File 'VtuneApi.dll' does not exist
LogWindows: Failed to load 'VtuneApi32e.dll' (GetLastError=126)
LogWindows: File 'VtuneApi32e.dll' does not exist
LogInit: Display: Running engine for game: UE4Playground
LogPlatformFile: Not using cached read wrapper
LogTaskGraph: Started task graph with 5 named threads and 11 total threads with 3 sets of task threads.
LogStats: Stats thread started at 0.852852
LogD3D11RHI: Loaded GFSDK_Aftermath_Lib.x64.dll
LogICUInternationalization: Display: ICU TimeZone Detection - Raw Offset: -6:00, Platform Override: ''
LogPluginManager: Mounting plugin Paper2D
LogPluginManager: Mounting plugin AISupport
LogPluginManager: Mounting plugin LightPropagationVolume
LogPluginManager: Mounting plugin CLionSourceCodeAccess
LogPluginManager: Mounting plugin CodeLiteSourceCodeAccess
LogPluginManager: Mounting plugin GitSourceControl
LogPluginManager: Mounting plugin KDevelopSourceCodeAccess
LogPluginManager: Mounting plugin NullSourceCodeAccess
LogPluginManager: Mounting plugin PerforceSourceControl
LogPluginManager: Mounting plugin SubversionSourceControl
LogPluginManager: Mounting plugin UObjectPlugin
LogPluginManager: Mounting plugin VisualStudioCodeSourceCodeAccess
LogPluginManager: Mounting plugin VisualStudioSourceCodeAccess
LogPluginManager: Mounting plugin XCodeSourceCodeAccess
LogPluginManager: Mounting plugin AssetManagerEditor
LogPluginManager: Mounting plugin CryptoKeys
LogPluginManager: Mounting plugin DataValidation
LogPluginManager: Mounting plugin FacialAnimation
LogPluginManager: Mounting plugin GameplayTagsEditor
LogPluginManager: Mounting plugin MacGraphicsSwitching
LogPluginManager: Mounting plugin MeshEditor
LogPluginManager: Mounting plugin MobileLauncherProfileWizard
LogPluginManager: Mounting plugin PluginBrowser
LogPluginManager: Mounting plugin SpeedTreeImporter
LogPluginManager: Mounting plugin DatasmithContent
LogPluginManager: Mounting plugin AlembicImporter
LogPluginManager: Mounting plugin AppleImageUtils
LogPluginManager: Mounting plugin AppleVision
LogPluginManager: Mounting plugin BackChannel
LogPluginManager: Mounting plugin CharacterAI
LogPluginManager: Mounting plugin GeometryCache
LogPluginManager: Mounting plugin HTML5Networking
LogPluginManager: Mounting plugin ProxyLODPlugin
LogPluginManager: Mounting plugin MagicLeap
LogPluginManager: Mounting plugin MagicLeapEmulator
LogPluginManager: Mounting plugin MagicLeapMedia
LogPluginManager: Mounting plugin AndroidMedia
LogPluginManager: Mounting plugin AvfMedia
LogPluginManager: Mounting plugin ImgMedia
LogPluginManager: Mounting plugin LinearTimecode
LogPluginManager: Mounting plugin MediaCompositing
LogPluginManager: Mounting plugin MediaPlayerEditor
LogPluginManager: Mounting plugin WmfMedia
LogPluginManager: Mounting plugin TcpMessaging
LogPluginManager: Mounting plugin UdpMessaging
LogPluginManager: Mounting plugin ActorSequence
LogPluginManager: Mounting plugin LevelSequenceEditor
LogPluginManager: Mounting plugin MatineeToLevelSequence
LogPluginManager: Mounting plugin NetcodeUnitTest
LogPluginManager: Mounting plugin NUTUnrealEngine4
LogPluginManager: Mounting plugin OnlineSubsystemGooglePlay
LogPluginManager: Mounting plugin OnlineSubsystemIOS
LogPluginManager: Mounting plugin OnlineSubsystem
LogPluginManager: Mounting plugin OnlineSubsystemNull
LogPluginManager: Mounting plugin OnlineSubsystemUtils
LogPluginManager: Mounting plugin LauncherChunkInstaller
LogPluginManager: Mounting plugin AndroidDeviceProfileSelector
LogPluginManager: Mounting plugin AndroidMoviePlayer
LogPluginManager: Mounting plugin AndroidPermission
LogPluginManager: Mounting plugin AppleMoviePlayer
LogPluginManager: Mounting plugin ArchVisCharacter
LogPluginManager: Mounting plugin AudioCapture
LogPluginManager: Mounting plugin CableComponent
LogPluginManager: Mounting plugin CustomMeshComponent
LogPluginManager: Mounting plugin EditableMesh
LogPluginManager: Mounting plugin ExampleDeviceProfileSelector
LogPluginManager: Mounting plugin GoogleCloudMessaging
LogPluginManager: Mounting plugin ImmediatePhysics
LogPluginManager: Mounting plugin IOSDeviceProfileSelector
LogPluginManager: Mounting plugin LinuxDeviceProfileSelector
LogPluginManager: Mounting plugin LocationServicesBPLibrary
LogPluginManager: Mounting plugin MobilePatchingUtils
LogPluginManager: Mounting plugin OculusVR
LogPluginManager: Plugin shader directory ../../../Engine/Plugins/Runtime/Oculus/OculusVR/Shaders found
LogPluginManager: Mapping shader source directory ../../../Engine/Plugins/Runtime/Oculus/OculusVR/Shaders to virtual directory /Plugin/OculusVR
LogPluginManager: Mounting plugin PhysXVehicles
LogPluginManager: Mounting plugin ProceduralMeshComponent
LogPluginManager: Mounting plugin RuntimePhysXCooking
LogPluginManager: Mounting plugin SteamVR
LogPluginManager: Mounting plugin WindowsMoviePlayer
LogStreaming: Display: Took  0.171s to configure plugins.
LogInit: Using libcurl 7.55.1-DEV
LogInit:  - built for x86_64-pc-win32
LogInit:  - supports SSL with OpenSSL/1.0.2h
LogInit:  - supports HTTP deflate (compression) using libz 1.2.8
LogInit:  - other features:
LogInit:      CURL_VERSION_SSL
LogInit:      CURL_VERSION_LIBZ
LogInit:      CURL_VERSION_IPV6
LogInit:      CURL_VERSION_ASYNCHDNS
LogInit:      CURL_VERSION_LARGEFILE
LogInit:      CURL_VERSION_IDN
LogInit:  CurlRequestOptions (configurable via config and command line):
LogInit:  - bVerifyPeer = false  - Libcurl will NOT verify peer certificate
LogInit:  - bUseHttpProxy = false  - Libcurl will NOT use HTTP proxy
LogInit:  - bDontReuseConnections = false  - Libcurl will reuse connections
LogInit:  - CertBundlePath = nullptr  - Libcurl will use whatever was configured at build time.
LogInit:  - MaxHostConnections = 16  - Libcurl will limit the number of connections to a host
LogInit:  - LocalHostAddr = Default
LogInit:  - BufferSize = 65536
LogInit: WinSock: version 1.1 (2.2), MaxSocks=32767, MaxUdp=65467
LogInit: Build: ++UE4+Release-4.20-CL-4369336
LogInit: Engine Version: 4.20.3-4369336+++UE4+Release-4.20
LogInit: Compatible Engine Version: 4.20.0-4212847+++UE4+Release-4.20
LogInit: Net CL: 4212847
LogInit: OS: Windows 8.1 (), CPU: AMD FX(tm)-4300 Quad-Core Processor            , GPU: NVIDIA GeForce GTX 970
LogInit: Compiled (64-bit): Sep 17 2018 12:26:19
LogInit: Compiled with Visual C++: 19.13.26129.00
LogInit: Build Configuration: Development
LogInit: Branch Name: ++UE4+Release-4.20
LogInit: Command Line:  
LogInit: Base Directory: C:/Program Files/Epic Games/UE_4.20/Engine/Binaries/Win64/
LogInit: Installed Engine Build: 1
LogDevObjectVersion: Number of dev versions registered: 20
LogDevObjectVersion:   Dev-Blueprints (B0D832E4-1F89-4F0D-ACCF-7EB736FD4AA2): 10
LogDevObjectVersion:   Dev-Build (E1C64328-A22C-4D53-A36C-8E866417BD8C): 0
LogDevObjectVersion:   Dev-Core (375EC13C-06E4-48FB-B500-84F0262A717E): 2
LogDevObjectVersion:   Dev-Editor (E4B068ED-F494-42E9-A231-DA0B2E46BB41): 24
LogDevObjectVersion:   Dev-Framework (CFFC743F-43B0-4480-9391-14DF171D2073): 34
LogDevObjectVersion:   Dev-Mobile (B02B49B5-BB20-44E9-A304-32B752E40360): 2
LogDevObjectVersion:   Dev-Networking (A4E4105C-59A1-49B5-A7C5-40C4547EDFEE): 0
LogDevObjectVersion:   Dev-Online (39C831C9-5AE6-47DC-9A44-9C173E1C8E7C): 0
LogDevObjectVersion:   Dev-Physics (78F01B33-EBEA-4F98-B9B4-84EACCB95AA2): 0
LogDevObjectVersion:   Dev-Platform (6631380F-2D4D-43E0-8009-CF276956A95A): 0
LogDevObjectVersion:   Dev-Rendering (12F88B9F-8875-4AFC-A67C-D90C383ABD29): 26
LogDevObjectVersion:   Dev-Sequencer (7B5AE74C-D270-4C10-A958-57980B212A5A): 9
LogDevObjectVersion:   Dev-VR (D7296918-1DD6-4BDD-9DE2-64A83CC13884): 2
LogDevObjectVersion:   Dev-LoadTimes (C2A15278-BFE7-4AFE-6C17-90FF531DF755): 1
LogDevObjectVersion:   Private-Geometry (6EACA3D4-40EC-4CC1-B786-8BED09428FC5): 3
LogDevObjectVersion:   Dev-AnimPhys (29E575DD-E0A3-4627-9D10-D276232CDCEA): 17
LogDevObjectVersion:   Dev-ReflectionCapture (6B266CEC-1EC7-4B8F-A30B-E4D90942FC07): 1
LogDevObjectVersion:   Dev-Automation (0DF73D61-A23F-47EA-B727-89E90C41499A): 1
LogDevObjectVersion:   FortniteMain (601D1886-AC64-4F84-AA16-D3DE0DEAC7D6): 12
LogDevObjectVersion:   Dev-Enterprise (9DFFBCD6-494F-0158-E221-12823C92A888): 1
LogStreaming: Display: Took  0.012s to delete old logs.
LogInit: Presizing for max 8388607 objects, including 0 objects not considered by GC, pre-allocating 0 bytes for permanent pool.
LogInit: Object subsystem initialized
[2018.11.14-04.50.28:271][  0]LogInit: Selected Device Profile: [Windows]
[2018.11.14-04.50.28:272][  0]LogInit: Applying CVar settings loaded from the selected device profile: [Windows]
[2018.11.14-04.50.28:307][  0]LogHAL: Display: Platform has ~ 16 GB [17160523776 / 17179869184 / 16], which maps to Larger [LargestMinGB=32, LargerMinGB=12, DefaultMinGB=8, SmallerMinGB=6, SmallestMinGB=0)
[2018.11.14-04.50.28:307][  0]LogInit: Setting Device Profile CVar: [[r.Vulkan.UseRealUBs:1]]
[2018.11.14-04.50.28:307][  0]LogInit: Going up to parent DeviceProfile []
[2018.11.14-04.50.28:314][  0]LogInit: Computer: PETEPC
[2018.11.14-04.50.28:314][  0]LogInit: User: Peter
[2018.11.14-04.50.28:314][  0]LogInit: CPU Page size=4096, Cores=2
[2018.11.14-04.50.28:314][  0]LogInit: High frequency timer resolution =3.727432 MHz
[2018.11.14-04.50.28:315][  0]LogMemory: Memory total: Physical=16.0GB (16GB approx)
[2018.11.14-04.50.28:315][  0]LogMemory: Platform Memory Stats for Windows
[2018.11.14-04.50.28:315][  0]LogMemory: Process Physical Memory: 98.25 MB used, 98.25 MB peak
[2018.11.14-04.50.28:315][  0]LogMemory: Process Virtual Memory: 84.09 MB used, 84.09 MB peak
[2018.11.14-04.50.28:315][  0]LogMemory: Physical Memory: 4020.92 MB used,  12344.63 MB free, 16365.55 MB total
[2018.11.14-04.50.28:315][  0]LogMemory: Virtual Memory: 468.17 MB used,  12344.63 MB free, 134217728.00 MB total
[2018.11.14-04.50.28:579][  0]LogInit: Using OS detected language (en-GB).
[2018.11.14-04.50.28:579][  0]LogInit: Using OS detected locale (en-US).
[2018.11.14-04.50.28:580][  0]LogTextLocalizationManager: No specific localization for 'en-GB' exists, so the 'en' localization will be used.
[2018.11.14-04.50.29:209][  0]LogStreaming: Display: Took  0.629s to InitEngineTextLocalization.
[2018.11.14-04.50.29:210][  0]LogInit: Setting process to per monitor DPI aware
[2018.11.14-04.50.29:319][  0]LogSlate: New Slate User Created.  User Index 0, Is Virtual User: 0
[2018.11.14-04.50.29:319][  0]LogSlate: Slate User Registered.  User Index 0, Is Virtual User: 0
[2018.11.14-04.50.32:489][  0]LogHMD: Failed to initialize OpenVR with code 110
[2018.11.14-04.50.32:489][  0]LogD3D11RHI: D3D11 adapters:
[2018.11.14-04.50.32:546][  0]LogD3D11RHI:    0. 'NVIDIA GeForce GTX 970' (Feature Level 11_0)
[2018.11.14-04.50.32:546][  0]LogD3D11RHI:       3992/0/8182 MB DedicatedVideo/DedicatedSystem/SharedSystem, Outputs:2, VendorId:0x10de
[2018.11.14-04.50.32:548][  0]LogD3D11RHI:    1. 'Microsoft Basic Render Driver' (Feature Level 11_0)
[2018.11.14-04.50.32:548][  0]LogD3D11RHI:       0/0/256 MB DedicatedVideo/DedicatedSystem/SharedSystem, Outputs:0, VendorId:0x1414
[2018.11.14-04.50.32:548][  0]LogD3D11RHI: Chosen D3D11 Adapter: 0
[2018.11.14-04.50.32:556][  0]LogD3D11RHI: Creating new Direct3DDevice
[2018.11.14-04.50.32:556][  0]LogD3D11RHI:     GPU DeviceId: 0x13c2 (for the marketing name, search the web for "GPU Device Id")
[2018.11.14-04.50.32:556][  0]LogWindows: EnumDisplayDevices:
[2018.11.14-04.50.32:556][  0]LogWindows:    0. 'NVIDIA GeForce GTX 970' (P:0 D:1)
[2018.11.14-04.50.32:556][  0]LogWindows:    1. 'NVIDIA GeForce GTX 970' (P:1 D:1)
[2018.11.14-04.50.32:557][  0]LogWindows:    2. 'NVIDIA GeForce GTX 970' (P:0 D:0)
[2018.11.14-04.50.32:557][  0]LogWindows:    3. 'NVIDIA GeForce GTX 970' (P:0 D:0)
[2018.11.14-04.50.32:557][  0]LogWindows: DebugString: FoundDriverCount:4 
[2018.11.14-04.50.32:557][  0]LogD3D11RHI:     Adapter Name: NVIDIA GeForce GTX 970
[2018.11.14-04.50.32:557][  0]LogD3D11RHI:   Driver Version: 391.35 (internal:23.21.13.9135, unified:391.35)
[2018.11.14-04.50.32:557][  0]LogD3D11RHI:      Driver Date: 3-23-2018
[2018.11.14-04.50.32:557][  0]LogRHI: Texture pool is 2794 MB (70% of 3992 MB)
[2018.11.14-04.50.32:590][  0]LogD3D11RHI: Async texture creation enabled
[2018.11.14-04.50.32:621][  0]LogD3D11RHI: GPU Timing Frequency: 1000.000000 (Debug: 2 2)
[2018.11.14-04.50.32:675][  0]LogShaderCompilers: Guid format shader working directory is -26 characters bigger than the processId version (../../../../../../Users/Peter/Documents/GitHub/Playground/UE4Playground/Intermediate/Shaders/WorkingDirectory/11888/).
[2018.11.14-04.50.32:676][  0]LogShaderCompilers: Cleaned the shader compiler working directory 'C:/Users/Peter/AppData/Local/Temp/UnrealShaderWorkingDir/C92961F84AB306ED60357BBE007850D2/'.
[2018.11.14-04.50.33:313][  0]LogTemp: Display: Loaded TP AllDesktopTargetPlatform
[2018.11.14-04.50.33:337][  0]LogTemp: Display: Loaded TP MacClientTargetPlatform
[2018.11.14-04.50.33:361][  0]LogTemp: Display: Loaded TP MacNoEditorTargetPlatform
[2018.11.14-04.50.33:384][  0]LogTemp: Display: Loaded TP MacServerTargetPlatform
[2018.11.14-04.50.33:415][  0]LogTemp: Display: Loaded TP MacTargetPlatform
[2018.11.14-04.50.33:440][  0]LogTemp: Display: Loaded TP WindowsClientTargetPlatform
[2018.11.14-04.50.33:463][  0]LogTemp: Display: Loaded TP WindowsNoEditorTargetPlatform
[2018.11.14-04.50.33:488][  0]LogTemp: Display: Loaded TP WindowsServerTargetPlatform
[2018.11.14-04.50.33:500][  0]LogTemp: Display: Loaded TP WindowsTargetPlatform
[2018.11.14-04.50.33:652][  0]LogTemp: Display: Loaded TP AndroidTargetPlatform
[2018.11.14-04.50.33:652][  0]LogTemp: Display: Loaded TP AndroidTargetPlatform
[2018.11.14-04.50.33:652][  0]LogTemp: Display: Loaded TP AndroidTargetPlatform
[2018.11.14-04.50.33:652][  0]LogTemp: Display: Loaded TP AndroidTargetPlatform
[2018.11.14-04.50.33:652][  0]LogTemp: Display: Loaded TP AndroidTargetPlatform
[2018.11.14-04.50.33:652][  0]LogTemp: Display: Loaded TP AndroidTargetPlatform
[2018.11.14-04.50.33:652][  0]LogTemp: Display: Loaded TP AndroidTargetPlatform
[2018.11.14-04.50.33:652][  0]LogTemp: Display: Loaded TP AndroidTargetPlatform
[2018.11.14-04.50.33:652][  0]LogTemp: Display: Loaded TP AndroidTargetPlatform
[2018.11.14-04.50.33:652][  0]LogTemp: Display: Loaded TP AndroidTargetPlatform
[2018.11.14-04.50.33:652][  0]LogTemp: Display: Loaded TP AndroidTargetPlatform
[2018.11.14-04.50.33:652][  0]LogTemp: Display: Loaded TP AndroidTargetPlatform
[2018.11.14-04.50.33:652][  0]LogTemp: Display: Loaded TP AndroidTargetPlatform
[2018.11.14-04.50.33:652][  0]LogTemp: Display: Loaded TP AndroidTargetPlatform
[2018.11.14-04.50.33:652][  0]LogTemp: Display: Loaded TP AndroidTargetPlatform
[2018.11.14-04.50.33:652][  0]LogTemp: Display: Loaded TP AndroidTargetPlatform
[2018.11.14-04.50.33:652][  0]LogTemp: Display: Loaded TP AndroidTargetPlatform
[2018.11.14-04.50.33:652][  0]LogTemp: Display: Loaded TP AndroidTargetPlatform
[2018.11.14-04.50.33:656][  0]LogTemp: Display: Loaded TP HTML5TargetPlatform
[2018.11.14-04.50.33:752][  0]LogTemp: Display: Loaded TP IOSTargetPlatform
[2018.11.14-04.50.33:752][  0]LogTemp: Display: Loaded TP IOSTargetPlatform
[2018.11.14-04.50.33:795][  0]LogTemp: Display: Loaded TP TVOSTargetPlatform
[2018.11.14-04.50.33:795][  0]LogTemp: Display: Loaded TP TVOSTargetPlatform
[2018.11.14-04.50.33:818][  0]LogTemp: Display: Loaded TP LinuxClientTargetPlatform
[2018.11.14-04.50.33:842][  0]LogTemp: Display: Loaded TP LinuxNoEditorTargetPlatform
[2018.11.14-04.50.33:865][  0]LogTemp: Display: Loaded TP LinuxServerTargetPlatform
[2018.11.14-04.50.33:900][  0]LogTemp: Display: Loaded TP LinuxTargetPlatform
[2018.11.14-04.50.33:920][  0]LogTemp: Display: Loaded TP LuminTargetPlatform
[2018.11.14-04.50.33:920][  0]LogTargetPlatformManager: Display: Building Assets For Windows
[2018.11.14-04.50.34:158][  0]LogXGEController: Cleaning working directory: C:/Users/Peter/AppData/Local/Temp/UnrealXGEWorkingDir/
[2018.11.14-04.50.34:158][  0]LogXGEController: Cannot use XGE Controller as Incredibuild is not installed on this machine.
[2018.11.14-04.50.34:158][  0]LogShaderCompilers: Cannot use XGE Shader Compiler as Incredibuild is not installed on this machine.
[2018.11.14-04.50.34:158][  0]LogShaderCompilers: Display: Using Local Shader Compiler.
[2018.11.14-04.50.38:486][  0]LogDerivedDataCache: Display: Max Cache Size: 512 MB
[2018.11.14-04.50.39:003][  0]LogDerivedDataCache: Loaded boot cache 0.52s 74MB C:/Users/Peter/AppData/Local/UnrealEngine/4.20/DerivedDataCache/Boot.ddc.
[2018.11.14-04.50.39:003][  0]LogDerivedDataCache: Display: Loaded Boot cache: C:/Users/Peter/AppData/Local/UnrealEngine/4.20/DerivedDataCache/Boot.ddc
[2018.11.14-04.50.39:003][  0]LogDerivedDataCache: FDerivedDataBackendGraph:  Pak pak cache file ../../../../../../Users/Peter/Documents/GitHub/Playground/UE4Playground/DerivedDataCache/DDC.ddp not found, will not use a pak cache.
[2018.11.14-04.50.39:003][  0]LogDerivedDataCache: Unable to find inner node Pak for hierarchical cache Hierarchy.
[2018.11.14-04.50.39:003][  0]LogDerivedDataCache: FDerivedDataBackendGraph:  CompressedPak pak cache file ../../../../../../Users/Peter/Documents/GitHub/Playground/UE4Playground/DerivedDataCache/Compressed.ddp not found, will not use a pak cache.
[2018.11.14-04.50.39:003][  0]LogDerivedDataCache: Unable to find inner node CompressedPak for hierarchical cache Hierarchy.
[2018.11.14-04.50.39:045][  0]LogDerivedDataCache: Display: Pak cache opened for reading ../../../Engine/DerivedDataCache/Compressed.ddp.
[2018.11.14-04.50.39:058][  0]LogDerivedDataCache: Using Local data cache path C:/Users/Peter/AppData/Local/UnrealEngine/Common/DerivedDataCache: Writable
[2018.11.14-04.50.39:058][  0]LogDerivedDataCache: Shared data cache path not found in *engine.ini, will not use an Shared cache.
[2018.11.14-04.50.39:058][  0]LogDerivedDataCache: Unable to find inner node Shared for hierarchical cache Hierarchy.
[2018.11.14-04.50.39:099][  0]LogMaterial: Verifying Global Shaders for PCD3D_SM5
[2018.11.14-04.50.39:107][  0]LogSlate: Using FreeType 2.6.0
[2018.11.14-04.50.39:129][  0]LogSlate: SlateFontServices - WITH_FREETYPE: 1, WITH_HARFBUZZ: 1
[2018.11.14-04.50.39:459][  0]LogAssetRegistry: FAssetRegistry took 0.0326 seconds to start up
[2018.11.14-04.50.40:184][  0]LogInit: Selected Device Profile: [Windows]
[2018.11.14-04.50.40:676][  0]LogSimplygon: Simplygon DLL not present - disabling.
[2018.11.14-04.50.40:702][  0]LogMeshReduction: Using SimplygonSwarm for distributed automatic mesh merging
[2018.11.14-04.50.40:702][  0]LogMeshReduction: Using ProxyLODMeshReduction for automatic mesh merging
[2018.11.14-04.50.40:704][  0]LogMeshReduction: Using QuadricMeshReduction for automatic static mesh reduction
[2018.11.14-04.50.40:704][  0]LogMeshReduction: No automatic skeletal mesh reduction module available
[2018.11.14-04.50.40:945][  0]LogNetVersion: UE4Playground 1.0.0, NetCL: 4212847, EngineNetVer: 5, GameNetVer: 0 (Checksum: 3127828240)
[2018.11.14-04.50.43:073][  0]LogPackageLocalizationCache: Processed 11 localized package path(s) for 2 prioritized culture(s) in 0.218010 seconds
[2018.11.14-04.50.43:090][  0]LogUObjectArray: 38425 objects as part of root set at end of initial load.
[2018.11.14-04.50.43:090][  0]LogUObjectAllocator: 6690864 out of 0 bytes used by permanent object pool.
[2018.11.14-04.50.43:090][  0]LogUObjectArray: CloseDisregardForGC: 0/0 objects in disregard for GC pool
[2018.11.14-04.50.47:859][  0]LogTcpMessaging: Initializing TcpMessaging bridge
[2018.11.14-04.50.47:879][  0]LogUdpMessaging: Initializing bridge on interface 0.0.0.0:0 to multicast group 230.0.0.1:6666.
[2018.11.14-04.50.49:253][  0]SourceControl: Source control is disabled
[2018.11.14-04.50.49:253][  0]SourceControl: Source control is disabled
[2018.11.14-04.50.49:266][  0]SourceControl: Source control is disabled
[2018.11.14-04.50.49:272][  0]SourceControl: Source control is disabled
[2018.11.14-04.50.49:718][  0]LogAndroidPermission: UAndroidPermissionCallbackProxy::GetInstance
[2018.11.14-04.50.49:796][  0]LogOcInput: OculusInput pre-init called
[2018.11.14-04.50.49:945][  0]LogEngine: Initializing Engine...
[2018.11.14-04.50.49:947][  0]LogHMD: Failed to initialize OpenVR with code 110
[2018.11.14-04.50.49:951][  0]LogStats: UGameplayTagsManager::ConstructGameplayTagTree: ImportINI prefixes -  0.000 s
[2018.11.14-04.50.49:951][  0]LogStats: UGameplayTagsManager::ConstructGameplayTagTree: Construct from data asset -  0.000 s
[2018.11.14-04.50.49:951][  0]LogStats: UGameplayTagsManager::ConstructGameplayTagTree: ImportINI -  0.000 s
[2018.11.14-04.50.49:951][  0]LogStats: UGameplayTagsManager::ConstructGameplayTagTree: GameplayTagTreeChangedEvent.Broadcast -  0.000 s
[2018.11.14-04.50.50:518][  0]LogInit: Initializing FReadOnlyCVARCache
[2018.11.14-04.50.50:566][  0]LogAIModule: Creating AISystem for world Untitled
[2018.11.14-04.50.50:586][  0]LogInit: XAudio2 using 'Speakers (2- High Definition Audio Device)' : 2 channels at 44.1 kHz using 16 bits per sample (channel mask 0x3)
[2018.11.14-04.50.50:597][  0]LogInit: FAudioDevice initialized.
[2018.11.14-04.50.50:597][  0]LogNetVersion: Set ProjectVersion to 1.0.0.0. Version Checksum will be recalculated on next use.
[2018.11.14-04.50.50:748][  0]LogDerivedDataCache: Saved boot cache 0.15s 74MB C:/Users/Peter/AppData/Local/UnrealEngine/4.20/DerivedDataCache/Boot.ddc.
[2018.11.14-04.50.50:769][  0]LogInit: Texture streaming: Enabled
[2018.11.14-04.50.50:803][  0]LogEngineSessionManager: EngineSessionManager initialized
[2018.11.14-04.50.50:803][  0]LogEngineSessionManager: EngineSessionManager sent abnormal shutdown report. Type=Debugger, SessionId={7828449E-4860-7F2F-939C-108A11214C58}
[2018.11.14-04.50.50:824][  0]LogInit: Transaction tracking system initialized
[2018.11.14-04.50.50:895][  0]BlueprintLog: New page: Editor Load
[2018.11.14-04.50.51:286][  0]LocalizationService: Localization service is disabled
[2018.11.14-04.50.52:105][  0]LogCook: Display: Max memory allowance for cook 16384mb min free memory 0mb
[2018.11.14-04.50.52:106][  0]LogCook: Display: Mobile HDR setting 1
[2018.11.14-04.50.52:106][  0]LogGameplayTags: Display: UGameplayTagsManager::DoneAddingNativeTags. DelegateIsBound: 0
[2018.11.14-04.50.52:106][  0]LogStats: UGameplayTagsManager::ConstructGameplayTagTree: ImportINI prefixes -  0.000 s
[2018.11.14-04.50.52:106][  0]LogStats: UGameplayTagsManager::ConstructGameplayTagTree: Construct from data asset -  0.000 s
[2018.11.14-04.50.52:106][  0]LogStats: UGameplayTagsManager::ConstructGameplayTagTree: ImportINI -  0.000 s
[2018.11.14-04.50.52:106][  0]LogStats: UGameplayTagsManager::ConstructGameplayTagTree: GameplayTagTreeChangedEvent.Broadcast -  0.000 s
[2018.11.14-04.50.52:545][  0]LogFileCache: Scanning file cache for directory 'C:/Users/Peter/Documents/GitHub/Playground/UE4Playground/Content/' took 0.02s
[2018.11.14-04.50.52:545][  0]SourceControl: Source control is disabled
[2018.11.14-04.50.52:547][  0]Cmd: MAP LOAD FILE="../../../../../../Users/Peter/Documents/GitHub/Playground/UE4Playground/Content/FirstPersonCPP/Maps/FirstPersonExampleMap.umap" TEMPLATE=0 SHOWPROGRESS=1 FEATURELEVEL=3
[2018.11.14-04.50.52:547][  0]LightingResults: New page: Lighting Build
[2018.11.14-04.50.52:557][  0]MapCheck: New page: Map Check
[2018.11.14-04.50.52:557][  0]LightingResults: New page: Lighting Build
[2018.11.14-04.50.53:097][  0]LogAIModule: Creating AISystem for world FirstPersonExampleMap
[2018.11.14-04.50.53:141][  0]LogEditorServer: Finished looking for orphan Actors (0.000 secs)
[2018.11.14-04.50.53:187][  0]Cmd: MAP CHECKDEP NOCLEARLOG
[2018.11.14-04.50.53:285][  0]MapCheck: Map check complete: 0 Error(s), 0 Warning(s), took 97.694ms to complete.
[2018.11.14-04.50.53:285][  0]LogFileHelpers: Loading map 'FirstPersonExampleMap' took 0.739
[2018.11.14-04.50.53:483][  0]LogSlate: Updating window title bar state: overlay mode, drag disabled, window buttons hidden, title bar hidden
[2018.11.14-04.50.53:494][  0]LogSlate: Updating window title bar state: overlay mode, drag disabled, window buttons hidden, title bar hidden
[2018.11.14-04.50.53:504][  0]LogSlate: Updating window title bar state: overlay mode, drag disabled, window buttons hidden, title bar hidden
[2018.11.14-04.50.53:515][  0]LogSlate: Updating window title bar state: overlay mode, drag disabled, window buttons hidden, title bar hidden
[2018.11.14-04.50.53:537][  0]LogCollectionManager: Loaded 0 collections in 0.001892 seconds
[2018.11.14-04.50.53:634][  0]LogFileCache: Scanning file cache for directory 'C:/Users/Peter/Documents/GitHub/Playground/UE4Playground/Saved/Collections/' took 0.01s
[2018.11.14-04.50.53:634][  0]LogFileCache: Scanning file cache for directory 'C:/Users/Peter/Documents/GitHub/Playground/UE4Playground/Content/Developers/Peter/Collections/' took 0.01s
[2018.11.14-04.50.53:634][  0]LogFileCache: Scanning file cache for directory 'C:/Users/Peter/Documents/GitHub/Playground/UE4Playground/Content/Collections/' took 0.01s
[2018.11.14-04.50.53:634][  0]LogCollectionManager: Rebuilt the GUID cache for 0 collections in 0.000001 seconds
[2018.11.14-04.50.53:676][  0]LogContentBrowser: Native class hierarchy populated in 0.0392 seconds. Added 2577 classes and 605 folders.
[2018.11.14-04.50.53:695][  0]LogContentBrowser: Native class hierarchy updated for 'WidgetCarousel' in 0.0005 seconds. Added 0 classes and 0 folders.
[2018.11.14-04.50.54:181][  0]LogContentBrowser: Native class hierarchy updated for 'AddContentDialog' in 0.0004 seconds. Added 0 classes and 0 folders.
[2018.11.14-04.50.54:196][  0]LogContentBrowser: Native class hierarchy updated for 'SceneOutliner' in 0.0005 seconds. Added 1 classes and 2 folders.
[2018.11.14-04.50.54:268][  0]LogSlate: Took 0.007292 seconds to synchronously load lazily loaded font '../../../Engine/Content/Slate/Fonts/Roboto-Regular.ttf' (155K)
[2018.11.14-04.50.54:278][  0]LogSlate: Took 0.006952 seconds to synchronously load lazily loaded font '../../../Engine/Content/Slate/Fonts/Roboto-Bold.ttf' (160K)
[2018.11.14-04.50.54:294][  0]LogSlate: Took 0.006982 seconds to synchronously load lazily loaded font '../../../Engine/Content/Editor/Slate/Fonts/FontAwesome.ttf' (139K)
[2018.11.14-04.50.54:492][  0]LogRenderer: Reallocating scene render targets to support 1208x576 Format 10 NumSamples 1 (Frame:1).
[2018.11.14-04.50.54:745][  0]LogContentBrowser: Native class hierarchy updated for 'HierarchicalLODOutliner' in 0.0005 seconds. Added 0 classes and 0 folders.
[2018.11.14-04.50.54:745][  0]LogLoad: (Engine Initialization) Total time: 32.14 seconds
[2018.11.14-04.50.54:745][  0]LogLoad: (Engine Initialization) Total Blueprint compile time: 0.00 seconds
[2018.11.14-04.50.54:780][  0]LogContentStreaming: Texture pool size now 1000 MB
[2018.11.14-04.50.54:812][  0]LogSlate: Took 0.007314 seconds to synchronously load lazily loaded font '../../../Engine/Content/Slate/Fonts/Roboto-Light.ttf' (167K)
[2018.11.14-04.50.54:993][  2]LogAssetRegistry: Asset discovery search completed in 15.5568 seconds
[2018.11.14-04.50.54:995][  2]LogCollectionManager: Rebuilt the object cache for 0 collections in 0.000000 seconds (found 0 objects)
[2018.11.14-04.50.54:995][  2]LogCollectionManager: Fixed up redirectors for 0 collections in 0.000058 seconds (updated 0 objects)
[2018.11.14-04.50.58:327][363]LogSlate: FSceneViewport::OnFocusLost() reason 0
[2018.11.14-04.50.58:393][371]LogTemp: Repeating last play command: Selected Viewport
[2018.11.14-04.50.58:423][371]LogBlueprintUserMessages: Early PlayInEditor Detection: Level '/Game/FirstPersonCPP/Maps/FirstPersonExampleMap.FirstPersonExampleMap:PersistentLevel' has LevelScriptBlueprint '/Game/FirstPersonCPP/Maps/FirstPersonExampleMap.FirstPersonExampleMap:PersistentLevel.FirstPersonExampleMap' with GeneratedClass '/Game/FirstPersonCPP/Maps/FirstPersonExampleMap.FirstPersonExampleMap_C' with ClassGeneratedBy '/Game/FirstPersonCPP/Maps/FirstPersonExampleMap.FirstPersonExampleMap:PersistentLevel.FirstPersonExampleMap'
[2018.11.14-04.50.58:423][371]LogPlayLevel: PlayLevel: No blueprints needed recompiling
[2018.11.14-04.50.58:439][371]PIE: New page: PIE session: FirstPersonExampleMap (Nov 13, 2018, 4:50:58 PM)
[2018.11.14-04.50.58:439][371]LogPlayLevel: Creating play world package: /Game/FirstPersonCPP/Maps/UEDPIE_0_FirstPersonExampleMap
[2018.11.14-04.50.58:479][371]LogPlayLevel: PIE: StaticDuplicateObject took: (0.040045s)
[2018.11.14-04.50.58:480][371]LogAIModule: Creating AISystem for world FirstPersonExampleMap
[2018.11.14-04.50.58:480][371]LogPlayLevel: PIE: World Init took: (0.001241s)
[2018.11.14-04.50.58:480][371]LogPlayLevel: PIE: Created PIE world by copying editor world from /Game/FirstPersonCPP/Maps/FirstPersonExampleMap.FirstPersonExampleMap to /Game/FirstPersonCPP/Maps/UEDPIE_0_FirstPersonExampleMap.FirstPersonExampleMap (0.041711s)
[2018.11.14-04.50.58:525][371]LogInit: XAudio2 using 'Speakers (2- High Definition Audio Device)' : 2 channels at 44.1 kHz using 16 bits per sample (channel mask 0x3)
[2018.11.14-04.50.58:533][371]LogInit: FAudioDevice initialized.
[2018.11.14-04.50.58:575][371]LogLoad: Game class is 'UE4PlaygroundGameMode'
[2018.11.14-04.50.58:580][371]LogWorld: Bringing World /Game/FirstPersonCPP/Maps/UEDPIE_0_FirstPersonExampleMap.FirstPersonExampleMap up for play (max tick rate 0) at 2018.11.13-22.50.58
[2018.11.14-04.50.58:580][371]LogWorld: Bringing up level for play took: 0.003652
[2018.11.14-04.50.58:605][371]LogContentBrowser: Native class hierarchy updated for 'MovieSceneCapture' in 0.0005 seconds. Added 10 classes and 0 folders.
[2018.11.14-04.50.58:612][371]PIE: Play in editor start time for /Game/FirstPersonCPP/Maps/UEDPIE_0_FirstPersonExampleMap -0.62
[2018.11.14-04.50.58:612][371]LogBlueprintUserMessages: Late PlayInEditor Detection: Level '/Game/FirstPersonCPP/Maps/FirstPersonExampleMap.FirstPersonExampleMap:PersistentLevel' has LevelScriptBlueprint '/Game/FirstPersonCPP/Maps/FirstPersonExampleMap.FirstPersonExampleMap:PersistentLevel.FirstPersonExampleMap' with GeneratedClass '/Game/FirstPersonCPP/Maps/FirstPersonExampleMap.FirstPersonExampleMap_C' with ClassGeneratedBy '/Game/FirstPersonCPP/Maps/FirstPersonExampleMap.FirstPersonExampleMap:PersistentLevel.FirstPersonExampleMap'
[2018.11.14-04.51.19:053][799]LogBlueprintUserMessages: Early EndPlayMap Detection: Level '/Game/FirstPersonCPP/Maps/FirstPersonExampleMap.FirstPersonExampleMap:PersistentLevel' has LevelScriptBlueprint '/Game/FirstPersonCPP/Maps/FirstPersonExampleMap.FirstPersonExampleMap:PersistentLevel.FirstPersonExampleMap' with GeneratedClass '/Game/FirstPersonCPP/Maps/FirstPersonExampleMap.FirstPersonExampleMap_C' with ClassGeneratedBy '/Game/FirstPersonCPP/Maps/FirstPersonExampleMap.FirstPersonExampleMap:PersistentLevel.FirstPersonExampleMap'
[2018.11.14-04.51.19:054][799]LogSlate: Updating window title bar state: overlay mode, drag disabled, window buttons hidden, title bar hidden
[2018.11.14-04.51.19:087][799]LogPlayLevel: Display: Shutting down PIE online subsystems
[2018.11.14-04.51.19:087][799]LogBlueprintUserMessages: Late EndPlayMap Detection: Level '/Game/FirstPersonCPP/Maps/FirstPersonExampleMap.FirstPersonExampleMap:PersistentLevel' has LevelScriptBlueprint '/Game/FirstPersonCPP/Maps/FirstPersonExampleMap.FirstPersonExampleMap:PersistentLevel.FirstPersonExampleMap' with GeneratedClass '/Game/FirstPersonCPP/Maps/FirstPersonExampleMap.FirstPersonExampleMap_C' with ClassGeneratedBy '/Game/FirstPersonCPP/Maps/FirstPersonExampleMap.FirstPersonExampleMap:PersistentLevel.FirstPersonExampleMap'
[2018.11.14-04.51.19:128][799]LogSlate: Updating window title bar state: overlay mode, drag disabled, window buttons hidden, title bar hidden
[2018.11.14-04.51.19:160][800]LogPlayLevel: Display: Destroying online subsystem :Context_7
[2018.11.14-04.51.25:519][518]LogSlate: FSceneViewport::OnFocusLost() reason 0
[2018.11.14-04.51.40:493][ 94]LogSlate: Took 0.000504 seconds to synchronously load lazily loaded font '../../../Engine/Content/Slate/Fonts/Roboto-Light.ttf' (167K)
[2018.11.14-04.51.40:502][ 94]LogAssetEditorManager: Opening Asset editor for Blueprint /Game/FirstPersonCPP/Blueprints/BurstPickUp.BurstPickUp
[2018.11.14-04.51.41:808][ 94]LogContentBrowser: Native class hierarchy updated for 'BlueprintGraph' in 0.0016 seconds. Added 116 classes and 0 folders.
[2018.11.14-04.51.43:498][ 94]LogSlate: Took 0.007684 seconds to synchronously load lazily loaded font '../../../Engine/Content/Slate/Fonts/Roboto-BoldCondensed.ttf' (158K)
[2018.11.14-04.51.43:683][ 95]LogSlate: Took 0.007207 seconds to synchronously load lazily loaded font '../../../Engine/Content/Slate/Fonts/Roboto-Italic.ttf' (157K)
[2018.11.14-04.52.08:019][936]LogSlate: Window 'BurstPickUp*' being destroyed
[2018.11.14-04.52.08:023][936]LogSlate: Window 'BurstPickUp*' being destroyed
[2018.11.14-04.52.58:529][281]LogAssetEditorManager: Opening Asset editor for Blueprint /Game/FirstPersonCPP/Blueprints/BurstPickUp.BurstPickUp
[2018.11.14-04.53.00:882][382]LogSavePackage: Moving '../../../../../../Users/Peter/Documents/GitHub/Playground/UE4Playground/Saved/BurstPickUp987EFE0B4F8213FCE7A2E9A5402CB331.tmp' to '../../../../../../Users/Peter/Documents/GitHub/Playground/UE4Playground/Content/FirstPersonCPP/Blueprints/BurstPickUp.uasset'
[2018.11.14-04.53.02:220][475]LogSlate: Window 'BurstPickUp' being destroyed
[2018.11.14-04.53.02:224][475]LogSlate: Window 'BurstPickUp' being destroyed
[2018.11.14-04.53.19:384][432]LogTemp: Repeating last play command: Selected Viewport
[2018.11.14-04.53.19:415][432]LogBlueprintUserMessages: Early PlayInEditor Detection: Level '/Game/FirstPersonCPP/Maps/FirstPersonExampleMap.FirstPersonExampleMap:PersistentLevel' has LevelScriptBlueprint '/Game/FirstPersonCPP/Maps/FirstPersonExampleMap.FirstPersonExampleMap:PersistentLevel.FirstPersonExampleMap' with GeneratedClass '/Game/FirstPersonCPP/Maps/FirstPersonExampleMap.FirstPersonExampleMap_C' with ClassGeneratedBy '/Game/FirstPersonCPP/Maps/FirstPersonExampleMap.FirstPersonExampleMap:PersistentLevel.FirstPersonExampleMap'
[2018.11.14-04.53.19:416][432]LogPlayLevel: PlayLevel: No blueprints needed recompiling
[2018.11.14-04.53.19:416][432]PIE: New page: PIE session: FirstPersonExampleMap (Nov 13, 2018, 4:53:19 PM)
[2018.11.14-04.53.19:416][432]LogPlayLevel: Creating play world package: /Game/FirstPersonCPP/Maps/UEDPIE_0_FirstPersonExampleMap
[2018.11.14-04.53.19:451][432]LogPlayLevel: PIE: StaticDuplicateObject took: (0.035376s)
[2018.11.14-04.53.19:453][432]LogAIModule: Creating AISystem for world FirstPersonExampleMap
[2018.11.14-04.53.19:453][432]LogPlayLevel: PIE: World Init took: (0.001340s)
[2018.11.14-04.53.19:453][432]LogPlayLevel: PIE: Created PIE world by copying editor world from /Game/FirstPersonCPP/Maps/FirstPersonExampleMap.FirstPersonExampleMap to /Game/FirstPersonCPP/Maps/UEDPIE_0_FirstPersonExampleMap.FirstPersonExampleMap (0.037013s)
[2018.11.14-04.53.19:520][432]LogInit: XAudio2 using 'Speakers (2- High Definition Audio Device)' : 2 channels at 44.1 kHz using 16 bits per sample (channel mask 0x3)
[2018.11.14-04.53.19:529][432]LogInit: FAudioDevice initialized.
[2018.11.14-04.53.19:561][432]LogLoad: Game class is 'UE4PlaygroundGameMode'
[2018.11.14-04.53.19:564][432]LogWorld: Bringing World /Game/FirstPersonCPP/Maps/UEDPIE_0_FirstPersonExampleMap.FirstPersonExampleMap up for play (max tick rate 0) at 2018.11.13-22.53.19
[2018.11.14-04.53.19:564][432]LogWorld: Bringing up level for play took: 0.003119
[2018.11.14-04.53.19:578][432]PIE: Play in editor start time for /Game/FirstPersonCPP/Maps/UEDPIE_0_FirstPersonExampleMap 0.347
[2018.11.14-04.53.19:578][432]LogBlueprintUserMessages: Late PlayInEditor Detection: Level '/Game/FirstPersonCPP/Maps/FirstPersonExampleMap.FirstPersonExampleMap:PersistentLevel' has LevelScriptBlueprint '/Game/FirstPersonCPP/Maps/FirstPersonExampleMap.FirstPersonExampleMap:PersistentLevel.FirstPersonExampleMap' with GeneratedClass '/Game/FirstPersonCPP/Maps/FirstPersonExampleMap.FirstPersonExampleMap_C' with ClassGeneratedBy '/Game/FirstPersonCPP/Maps/FirstPersonExampleMap.FirstPersonExampleMap:PersistentLevel.FirstPersonExampleMap'
[2018.11.14-04.53.29:655][621]LogBlueprintUserMessages: Early EndPlayMap Detection: Level '/Game/FirstPersonCPP/Maps/FirstPersonExampleMap.FirstPersonExampleMap:PersistentLevel' has LevelScriptBlueprint '/Game/FirstPersonCPP/Maps/FirstPersonExampleMap.FirstPersonExampleMap:PersistentLevel.FirstPersonExampleMap' with GeneratedClass '/Game/FirstPersonCPP/Maps/FirstPersonExampleMap.FirstPersonExampleMap_C' with ClassGeneratedBy '/Game/FirstPersonCPP/Maps/FirstPersonExampleMap.FirstPersonExampleMap:PersistentLevel.FirstPersonExampleMap'
[2018.11.14-04.53.29:656][621]LogSlate: Updating window title bar state: overlay mode, drag disabled, window buttons hidden, title bar hidden
[2018.11.14-04.53.29:696][621]LogPlayLevel: Display: Shutting down PIE online subsystems
[2018.11.14-04.53.29:696][621]LogBlueprintUserMessages: Late EndPlayMap Detection: Level '/Game/FirstPersonCPP/Maps/FirstPersonExampleMap.FirstPersonExampleMap:PersistentLevel' has LevelScriptBlueprint '/Game/FirstPersonCPP/Maps/FirstPersonExampleMap.FirstPersonExampleMap:PersistentLevel.FirstPersonExampleMap' with GeneratedClass '/Game/FirstPersonCPP/Maps/FirstPersonExampleMap.FirstPersonExampleMap_C' with ClassGeneratedBy '/Game/FirstPersonCPP/Maps/FirstPersonExampleMap.FirstPersonExampleMap:PersistentLevel.FirstPersonExampleMap'
[2018.11.14-04.53.29:740][621]LogSlate: Updating window title bar state: overlay mode, drag disabled, window buttons hidden, title bar hidden
[2018.11.14-04.53.29:764][622]LogPlayLevel: Display: Destroying online subsystem :Context_10
[2018.11.14-04.53.35:566][302]Cmd: SELECT NONE
[2018.11.14-04.53.35:990][352]LogHotReload: New module detected: UE4Editor-UE4Playground-5029.dll
[2018.11.14-04.53.37:649][378]LogHotReload: Starting Hot-Reload from IDE
[2018.11.14-04.53.37:776][378]LogClass: Eweapon HotReload.
[2018.11.14-04.53.37:788][378]LogContentBrowser: Native class hierarchy updated for 'UE4Playground' in 0.0006 seconds. Added 5 classes and 2 folders.
[2018.11.14-04.53.37:795][378]Display: HotReload successful (4 functions remapped  0 scriptstructs remapped)
[2018.11.14-04.53.38:559][378]LogContentBrowser: Native class hierarchy populated in 0.0203 seconds. Added 2578 classes and 607 folders.
[2018.11.14-04.53.38:574][378]Display: HotReload took  0.9s.
[2018.11.14-04.53.43:335][393]LogSlate: FSceneViewport::OnFocusLost() reason 0
[2018.11.14-04.53.43:614][393]LogTemp: Repeating last play command: Selected Viewport
[2018.11.14-04.53.43:654][393]LogBlueprintUserMessages: Early PlayInEditor Detection: Level '/Game/FirstPersonCPP/Maps/FirstPersonExampleMap.FirstPersonExampleMap:PersistentLevel' has LevelScriptBlueprint '/Game/FirstPersonCPP/Maps/FirstPersonExampleMap.FirstPersonExampleMap:PersistentLevel.FirstPersonExampleMap' with GeneratedClass '/Game/FirstPersonCPP/Maps/FirstPersonExampleMap.FirstPersonExampleMap_C' with ClassGeneratedBy '/Game/FirstPersonCPP/Maps/FirstPersonExampleMap.FirstPersonExampleMap:PersistentLevel.FirstPersonExampleMap'
[2018.11.14-04.53.43:654][393]LogPlayLevel: PlayLevel: No blueprints needed recompiling
[2018.11.14-04.53.43:654][393]PIE: New page: PIE session: FirstPersonExampleMap (Nov 13, 2018, 4:53:43 PM)
[2018.11.14-04.53.43:654][393]LogPlayLevel: Creating play world package: /Game/FirstPersonCPP/Maps/UEDPIE_0_FirstPersonExampleMap
[2018.11.14-04.53.43:680][393]LogPlayLevel: PIE: StaticDuplicateObject took: (0.025014s)
[2018.11.14-04.53.43:681][393]LogAIModule: Creating AISystem for world FirstPersonExampleMap
[2018.11.14-04.53.43:681][393]LogPlayLevel: PIE: World Init took: (0.001455s)
[2018.11.14-04.53.43:681][393]LogPlayLevel: PIE: Created PIE world by copying editor world from /Game/FirstPersonCPP/Maps/FirstPersonExampleMap.FirstPersonExampleMap to /Game/FirstPersonCPP/Maps/UEDPIE_0_FirstPersonExampleMap.FirstPersonExampleMap (0.026755s)
[2018.11.14-04.53.43:815][393]LogInit: XAudio2 using 'Speakers (2- High Definition Audio Device)' : 2 channels at 44.1 kHz using 16 bits per sample (channel mask 0x3)
[2018.11.14-04.53.43:826][393]LogInit: FAudioDevice initialized.
[2018.11.14-04.53.43:858][393]LogLoad: Game class is 'UE4PlaygroundGameMode'
[2018.11.14-04.53.43:862][393]LogWorld: Bringing World /Game/FirstPersonCPP/Maps/UEDPIE_0_FirstPersonExampleMap.FirstPersonExampleMap up for play (max tick rate 0) at 2018.11.13-22.53.43
[2018.11.14-04.53.43:863][393]LogWorld: Bringing up level for play took: 0.003770
[2018.11.14-04.53.43:878][393]PIE: Play in editor start time for /Game/FirstPersonCPP/Maps/UEDPIE_0_FirstPersonExampleMap 0.646
[2018.11.14-04.53.43:878][393]LogBlueprintUserMessages: Late PlayInEditor Detection: Level '/Game/FirstPersonCPP/Maps/FirstPersonExampleMap.FirstPersonExampleMap:PersistentLevel' has LevelScriptBlueprint '/Game/FirstPersonCPP/Maps/FirstPersonExampleMap.FirstPersonExampleMap:PersistentLevel.FirstPersonExampleMap' with GeneratedClass '/Game/FirstPersonCPP/Maps/FirstPersonExampleMap.FirstPersonExampleMap_C' with ClassGeneratedBy '/Game/FirstPersonCPP/Maps/FirstPersonExampleMap.FirstPersonExampleMap:PersistentLevel.FirstPersonExampleMap'
[2018.11.14-04.53.59:848][131]LogBlueprintUserMessages: Early EndPlayMap Detection: Level '/Game/FirstPersonCPP/Maps/FirstPersonExampleMap.FirstPersonExampleMap:PersistentLevel' has LevelScriptBlueprint '/Game/FirstPersonCPP/Maps/FirstPersonExampleMap.FirstPersonExampleMap:PersistentLevel.FirstPersonExampleMap' with GeneratedClass '/Game/FirstPersonCPP/Maps/FirstPersonExampleMap.FirstPersonExampleMap_C' with ClassGeneratedBy '/Game/FirstPersonCPP/Maps/FirstPersonExampleMap.FirstPersonExampleMap:PersistentLevel.FirstPersonExampleMap'
[2018.11.14-04.53.59:848][131]LogSlate: Updating window title bar state: overlay mode, drag disabled, window buttons hidden, title bar hidden
[2018.11.14-04.53.59:887][131]LogPlayLevel: Display: Shutting down PIE online subsystems
[2018.11.14-04.53.59:887][131]LogBlueprintUserMessages: Late EndPlayMap Detection: Level '/Game/FirstPersonCPP/Maps/FirstPersonExampleMap.FirstPersonExampleMap:PersistentLevel' has LevelScriptBlueprint '/Game/FirstPersonCPP/Maps/FirstPersonExampleMap.FirstPersonExampleMap:PersistentLevel.FirstPersonExampleMap' with GeneratedClass '/Game/FirstPersonCPP/Maps/FirstPersonExampleMap.FirstPersonExampleMap_C' with ClassGeneratedBy '/Game/FirstPersonCPP/Maps/FirstPersonExampleMap.FirstPersonExampleMap:PersistentLevel.FirstPersonExampleMap'
[2018.11.14-04.53.59:945][131]LogSlate: Updating window title bar state: overlay mode, drag disabled, window buttons hidden, title bar hidden
[2018.11.14-04.54.00:004][132]LogPlayLevel: Display: Destroying online subsystem :Context_11
[2018.11.14-04.54.07:606][900]LogSlate: FSceneViewport::OnFocusLost() reason 0
[2018.11.14-04.55.22:595][446]LogAssetEditorManager: Opening Asset editor for WidgetBlueprint /Game/FirstPersonCPP/Blueprints/HUD.HUD
[2018.11.14-04.56.19:951][538]LogSlate: Took 0.029367 seconds to synchronously load lazily loaded font '../../../Engine/Content/Slate/Fonts/DroidSansFallback.ttf' (3848K)
[2018.11.14-04.59.17:523][228]LogSlate: Window 'Color Picker' being destroyed
[2018.11.14-04.59.34:203][867]LogSlate: Window 'Color Picker' being destroyed
[2018.11.14-04.59.50:759][507]LogSlate: Window 'Color Picker' being destroyed
[2018.11.14-05.02.40:123][350]BlueprintLog: New page: Compile HUD
[2018.11.14-05.02.44:771][723]Cmd: OBJ SAVEPACKAGE PACKAGE="/Game/FirstPersonCPP/Blueprints/HUD" FILE="../../../../../../Users/Peter/Documents/GitHub/Playground/UE4Playground/Content/FirstPersonCPP/Blueprints/HUD.uasset" SILENT=true
[2018.11.14-05.02.44:855][723]LogSavePackage: Moving '../../../../../../Users/Peter/Documents/GitHub/Playground/UE4Playground/Saved/HUD3C1918D444B9A80B9368348F22C8BCA1.tmp' to '../../../../../../Users/Peter/Documents/GitHub/Playground/UE4Playground/Content/FirstPersonCPP/Blueprints/HUD.uasset'
[2018.11.14-05.02.49:711][174]LogTemp: Repeating last play command: Selected Viewport
[2018.11.14-05.02.49:749][174]LogBlueprintUserMessages: Early PlayInEditor Detection: Level '/Game/FirstPersonCPP/Maps/FirstPersonExampleMap.FirstPersonExampleMap:PersistentLevel' has LevelScriptBlueprint '/Game/FirstPersonCPP/Maps/FirstPersonExampleMap.FirstPersonExampleMap:PersistentLevel.FirstPersonExampleMap' with GeneratedClass '/Game/FirstPersonCPP/Maps/FirstPersonExampleMap.FirstPersonExampleMap_C' with ClassGeneratedBy '/Game/FirstPersonCPP/Maps/FirstPersonExampleMap.FirstPersonExampleMap:PersistentLevel.FirstPersonExampleMap'
[2018.11.14-05.02.49:749][174]LogPlayLevel: PlayLevel: No blueprints needed recompiling
[2018.11.14-05.02.49:749][174]PIE: New page: PIE session: FirstPersonExampleMap (Nov 13, 2018, 5:02:49 PM)
[2018.11.14-05.02.49:749][174]LogPlayLevel: Creating play world package: /Game/FirstPersonCPP/Maps/UEDPIE_0_FirstPersonExampleMap
[2018.11.14-05.02.49:774][174]LogPlayLevel: PIE: StaticDuplicateObject took: (0.024499s)
[2018.11.14-05.02.49:775][174]LogAIModule: Creating AISystem for world FirstPersonExampleMap
[2018.11.14-05.02.49:775][174]LogPlayLevel: PIE: World Init took: (0.001320s)
[2018.11.14-05.02.49:775][174]LogPlayLevel: PIE: Created PIE world by copying editor world from /Game/FirstPersonCPP/Maps/FirstPersonExampleMap.FirstPersonExampleMap to /Game/FirstPersonCPP/Maps/UEDPIE_0_FirstPersonExampleMap.FirstPersonExampleMap (0.026064s)
[2018.11.14-05.02.49:831][174]LogInit: XAudio2 using 'Speakers (2- High Definition Audio Device)' : 2 channels at 44.1 kHz using 16 bits per sample (channel mask 0x3)
[2018.11.14-05.02.49:840][174]LogInit: FAudioDevice initialized.
[2018.11.14-05.02.49:869][174]LogLoad: Game class is 'UE4PlaygroundGameMode'
[2018.11.14-05.02.49:872][174]LogWorld: Bringing World /Game/FirstPersonCPP/Maps/UEDPIE_0_FirstPersonExampleMap.FirstPersonExampleMap up for play (max tick rate 0) at 2018.11.13-23.02.49
[2018.11.14-05.02.49:873][174]LogWorld: Bringing up level for play took: 0.003063
[2018.11.14-05.02.49:888][174]PIE: Play in editor start time for /Game/FirstPersonCPP/Maps/UEDPIE_0_FirstPersonExampleMap 0.656
[2018.11.14-05.02.49:888][174]LogBlueprintUserMessages: Late PlayInEditor Detection: Level '/Game/FirstPersonCPP/Maps/FirstPersonExampleMap.FirstPersonExampleMap:PersistentLevel' has LevelScriptBlueprint '/Game/FirstPersonCPP/Maps/FirstPersonExampleMap.FirstPersonExampleMap:PersistentLevel.FirstPersonExampleMap' with GeneratedClass '/Game/FirstPersonCPP/Maps/FirstPersonExampleMap.FirstPersonExampleMap_C' with ClassGeneratedBy '/Game/FirstPersonCPP/Maps/FirstPersonExampleMap.FirstPersonExampleMap:PersistentLevel.FirstPersonExampleMap'
[2018.11.14-05.03.16:955][388]LogBlueprintUserMessages: Early EndPlayMap Detection: Level '/Game/FirstPersonCPP/Maps/FirstPersonExampleMap.FirstPersonExampleMap:PersistentLevel' has LevelScriptBlueprint '/Game/FirstPersonCPP/Maps/FirstPersonExampleMap.FirstPersonExampleMap:PersistentLevel.FirstPersonExampleMap' with GeneratedClass '/Game/FirstPersonCPP/Maps/FirstPersonExampleMap.FirstPersonExampleMap_C' with ClassGeneratedBy '/Game/FirstPersonCPP/Maps/FirstPersonExampleMap.FirstPersonExampleMap:PersistentLevel.FirstPersonExampleMap'
[2018.11.14-05.03.16:956][388]LogSlate: Updating window title bar state: overlay mode, drag disabled, window buttons hidden, title bar hidden
[2018.11.14-05.03.16:991][388]LogPlayLevel: Display: Shutting down PIE online subsystems
[2018.11.14-05.03.16:992][388]LogBlueprintUserMessages: Late EndPlayMap Detection: Level '/Game/FirstPersonCPP/Maps/FirstPersonExampleMap.FirstPersonExampleMap:PersistentLevel' has LevelScriptBlueprint '/Game/FirstPersonCPP/Maps/FirstPersonExampleMap.FirstPersonExampleMap:PersistentLevel.FirstPersonExampleMap' with GeneratedClass '/Game/FirstPersonCPP/Maps/FirstPersonExampleMap.FirstPersonExampleMap_C' with ClassGeneratedBy '/Game/FirstPersonCPP/Maps/FirstPersonExampleMap.FirstPersonExampleMap:PersistentLevel.FirstPersonExampleMap'
[2018.11.14-05.03.17:033][388]LogSlate: Updating window title bar state: overlay mode, drag disabled, window buttons hidden, title bar hidden
[2018.11.14-05.03.17:064][389]LogPlayLevel: Display: Destroying online subsystem :Context_14
[2018.11.14-05.03.33:622][785]LogSlate: FSceneViewport::OnFocusLost() reason 0
[2018.11.14-05.03.34:033][785]LogSlate: Window 'HUD' being destroyed
[2018.11.14-05.03.34:090][785]LogSlate: Window 'UE4Playground - Unreal Editor' being destroyed
[2018.11.14-05.03.34:091][785]LogWindowsTextInputMethodSystem: Display: IME system now deactivated.
[2018.11.14-05.03.34:303][786]Cmd: QUIT_EDITOR
[2018.11.14-05.03.34:707][786]LogExit: Preparing to exit.
[2018.11.14-05.03.35:152][786]LogExit: Editor shut down
[2018.11.14-05.03.35:152][786]LogExit: Transaction tracking system shut down
[2018.11.14-05.03.35:663][786]LogExit: Object subsystem successfully closed.
[2018.11.14-05.03.35:684][786]LogShaderCompilers: Display: Shaders left to compile 0
[2018.11.14-05.03.35:688][786]LogD3D11RHI: Shutdown
[2018.11.14-05.03.35:688][786]LogD3D11RHI: CleanupD3DDevice
[2018.11.14-05.03.35:691][786]LogD3D11RHI: ~FD3D11DynamicRHI
[2018.11.14-05.03.35:727][786]LogModuleManager: Shutting down and abandoning module SequencerWidgets (621)
[2018.11.14-05.03.35:727][786]LogModuleManager: Shutting down and abandoning module UE4Playground (619)
[2018.11.14-05.03.35:727][786]LogModuleManager: Shutting down and abandoning module BlueprintGraph (618)
[2018.11.14-05.03.35:727][786]LogModuleManager: Shutting down and abandoning module MovieSceneCapture (616)
[2018.11.14-05.03.35:727][786]LogModuleManager: Shutting down and abandoning module Voice (614)
[2018.11.14-05.03.35:727][786]LogModuleManager: Shutting down and abandoning module HierarchicalLODOutliner (612)
[2018.11.14-05.03.35:727][786]LogModuleManager: Shutting down and abandoning module SceneOutliner (610)
[2018.11.14-05.03.35:727][786]LogModuleManager: Shutting down and abandoning module AddContentDialog (608)
[2018.11.14-05.03.35:732][786]LogModuleManager: Shutting down and abandoning module WidgetCarousel (607)
[2018.11.14-05.03.35:732][786]LogModuleManager: Shutting down and abandoning module EditorWidgets (604)
[2018.11.14-05.03.35:732][786]LogModuleManager: Shutting down and abandoning module CollectionManager (602)
[2018.11.14-05.03.35:733][786]LogModuleManager: Shutting down and abandoning module StatsViewer (600)
[2018.11.14-05.03.35:733][786]LogModuleManager: Shutting down and abandoning module FoliageEdit (598)
[2018.11.14-05.03.35:733][786]LogModuleManager: Shutting down and abandoning module LandscapeEditor (596)
[2018.11.14-05.03.35:734][786]LogModuleManager: Shutting down and abandoning module MeshPaintMode (594)
[2018.11.14-05.03.35:734][786]LogModuleManager: Shutting down and abandoning module SceneDepthPickerMode (592)
[2018.11.14-05.03.35:734][786]LogModuleManager: Shutting down and abandoning module ActorPickerMode (590)
[2018.11.14-05.03.35:734][786]LogModuleManager: Shutting down and abandoning module GeometryMode (588)
[2018.11.14-05.03.35:734][786]LogModuleManager: Shutting down and abandoning module TextureAlignMode (586)
[2018.11.14-05.03.35:734][786]LogModuleManager: Shutting down and abandoning module BspMode (584)
[2018.11.14-05.03.35:734][786]LogModuleManager: Shutting down and abandoning module PIEPreviewDeviceProfileSelector (582)
[2018.11.14-05.03.35:734][786]LogModuleManager: Shutting down and abandoning module SequenceRecorderSections (580)
[2018.11.14-05.03.35:734][786]LogModuleManager: Shutting down and abandoning module AutomationWorker (578)
[2018.11.14-05.03.35:734][786]LogModuleManager: Shutting down and abandoning module AudioCaptureEditor (576)
[2018.11.14-05.03.35:734][786]LogModuleManager: Shutting down and abandoning module SequenceRecorder (575)
[2018.11.14-05.03.35:734][786]LogModuleManager: Shutting down and abandoning module MatineeToLevelSequence (572)
[2018.11.14-05.03.35:734][786]LogModuleManager: Shutting down and abandoning module LevelSequenceEditor (570)
[2018.11.14-05.03.35:735][786]LogModuleManager: Shutting down and abandoning module PlacementMode (569)
[2018.11.14-05.03.35:735][786]LogModuleManager: Shutting down and abandoning module MaterialEditor (568)
[2018.11.14-05.03.35:736][786]LogModuleManager: Shutting down and abandoning module WmfMediaFactory (564)
[2018.11.14-05.03.35:736][786]LogModuleManager: Shutting down and abandoning module WmfMediaEditor (562)
[2018.11.14-05.03.35:736][786]LogModuleManager: Shutting down and abandoning module MediaPlayerEditor (560)
[2018.11.14-05.03.35:736][786]LogModuleManager: Shutting down and abandoning module OpenExrWrapper (558)
[2018.11.14-05.03.35:736][786]LogModuleManager: Shutting down and abandoning module ImgMediaFactory (556)
[2018.11.14-05.03.35:736][786]LogModuleManager: Shutting down and abandoning module ImgMediaEditor (554)
[2018.11.14-05.03.35:736][786]LogModuleManager: Shutting down and abandoning module AvfMediaFactory (552)
[2018.11.14-05.03.35:736][786]LogModuleManager: Shutting down and abandoning module AvfMediaEditor (550)
[2018.11.14-05.03.35:736][786]LogModuleManager: Shutting down and abandoning module AndroidMediaFactory (548)
[2018.11.14-05.03.35:736][786]LogModuleManager: Shutting down and abandoning module AndroidMediaEditor (546)
[2018.11.14-05.03.35:737][786]LogModuleManager: Shutting down and abandoning module MagicLeapCameraPreviewFactory (544)
[2018.11.14-05.03.35:737][786]LogModuleManager: Shutting down and abandoning module MagicLeapMediaFactory (542)
[2018.11.14-05.03.35:737][786]LogModuleManager: Shutting down and abandoning module MagicLeapMediaEditor (540)
[2018.11.14-05.03.35:737][786]LogModuleManager: Shutting down and abandoning module CharacterAI (538)
[2018.11.14-05.03.35:737][786]LogModuleManager: Shutting down and abandoning module SmartSnapping (536)
[2018.11.14-05.03.35:737][786]LogModuleManager: Shutting down and abandoning module SessionServices (534)
[2018.11.14-05.03.35:737][786]LogModuleManager: Shutting down and abandoning module ViewportSnapping (532)
[2018.11.14-05.03.35:737][786]LogModuleManager: Shutting down and abandoning module ViewportInteraction (530)
[2018.11.14-05.03.35:737][786]LogModuleManager: Shutting down and abandoning module ClothPainter (528)
[2018.11.14-05.03.35:737][786]LogModuleManager: Shutting down and abandoning module SkeletalMeshEditor (527)
[2018.11.14-05.03.35:739][786]LogModuleManager: Shutting down and abandoning module LogVisualizer (524)
[2018.11.14-05.03.35:739][786]LogModuleManager: Shutting down and abandoning module IntroTutorials (522)
[2018.11.14-05.03.35:739][786]LogModuleManager: Shutting down and abandoning module GameProjectGeneration (521)
[2018.11.14-05.03.35:739][786]LogModuleManager: Shutting down and abandoning module LuminPlatformEditor (518)
[2018.11.14-05.03.35:739][786]LogModuleManager: Shutting down and abandoning module IOSPlatformEditor (516)
[2018.11.14-05.03.35:739][786]LogModuleManager: Shutting down and abandoning module HTML5PlatformEditor (514)
[2018.11.14-05.03.35:739][786]LogModuleManager: Shutting down and abandoning module AndroidPlatformEditor (512)
[2018.11.14-05.03.35:739][786]LogModuleManager: Shutting down and abandoning module AndroidDeviceDetection (511)
[2018.11.14-05.03.36:618][786]LogModuleManager: Shutting down and abandoning module WindowsPlatformEditor (508)
[2018.11.14-05.03.36:618][786]LogModuleManager: Shutting down and abandoning module LuminRuntimeSettings (506)
[2018.11.14-05.03.36:618][786]LogModuleManager: Shutting down and abandoning module IOSRuntimeSettings (504)
[2018.11.14-05.03.36:618][786]LogModuleManager: Shutting down and abandoning module AndroidRuntimeSettings (502)
[2018.11.14-05.03.36:618][786]LogModuleManager: Shutting down and abandoning module InputBindingEditor (500)
[2018.11.14-05.03.36:619][786]LogModuleManager: Shutting down and abandoning module MergeActors (498)
[2018.11.14-05.03.36:619][786]LogModuleManager: Shutting down and abandoning module LocalizationDashboard (496)
[2018.11.14-05.03.36:619][786]LogModuleManager: Shutting down and abandoning module LocalizationService (495)
[2018.11.14-05.03.36:619][786]LogModuleManager: Shutting down and abandoning module HardwareTargeting (492)
[2018.11.14-05.03.36:620][786]LogModuleManager: Shutting down and abandoning module DeviceProfileEditor (490)
[2018.11.14-05.03.36:620][786]LogModuleManager: Shutting down and abandoning module UndoHistory (488)
[2018.11.14-05.03.36:620][786]LogModuleManager: Shutting down and abandoning module XmlParser (486)
[2018.11.14-05.03.36:620][786]LogModuleManager: Shutting down and abandoning module Blutility (484)
[2018.11.14-05.03.36:620][786]LogModuleManager: Shutting down and abandoning module ProjectSettingsViewer (482)
[2018.11.14-05.03.36:620][786]LogModuleManager: Shutting down and abandoning module ProjectTargetPlatformEditor (481)
[2018.11.14-05.03.36:620][786]LogModuleManager: Shutting down and abandoning module EditorSettingsViewer (478)
[2018.11.14-05.03.36:620][786]LogModuleManager: Shutting down and abandoning module SettingsEditor (476)
[2018.11.14-05.03.36:620][786]LogModuleManager: Shutting down and abandoning module ProjectLauncher (474)
[2018.11.14-05.03.36:620][786]LogModuleManager: Shutting down and abandoning module SessionFrontend (472)
[2018.11.14-05.03.36:620][786]LogModuleManager: Shutting down and abandoning module ProfilerClient (470)
[2018.11.14-05.03.36:621][786]LogModuleManager: Shutting down and abandoning module DeviceManager (468)
[2018.11.14-05.03.36:621][786]LogModuleManager: Shutting down and abandoning module TargetDeviceServices (467)
[2018.11.14-05.03.36:666][786]LogModuleManager: Shutting down and abandoning module AutomationController (464)
[2018.11.14-05.03.36:666][786]LogModuleManager: Shutting down and abandoning module AutomationWindow (462)
[2018.11.14-05.03.36:666][786]LogModuleManager: Shutting down and abandoning module Layers (460)
[2018.11.14-05.03.36:667][786]LogModuleManager: Shutting down and abandoning module ComponentVisualizers (458)
[2018.11.14-05.03.36:667][786]LogModuleManager: Shutting down and abandoning module DetailCustomizations (456)
[2018.11.14-05.03.36:667][786]LogModuleManager: Shutting down and abandoning module PackagesDialog (454)
[2018.11.14-05.03.36:668][786]LogModuleManager: Shutting down and abandoning module Persona (452)
[2018.11.14-05.03.36:668][786]LogModuleManager: Shutting down and abandoning module AdvancedPreviewScene (451)
[2018.11.14-05.03.36:669][786]LogModuleManager: Shutting down and abandoning module AnimGraph (449)
[2018.11.14-05.03.36:669][786]LogModuleManager: Shutting down and abandoning module Kismet (446)
[2018.11.14-05.03.36:678][786]LogModuleManager: Shutting down and abandoning module GraphEditor (444)
[2018.11.14-05.03.36:678][786]LogModuleManager: Shutting down and abandoning module ClassViewer (442)
[2018.11.14-05.03.36:678][786]LogModuleManager: Shutting down and abandoning module Toolbox (440)
[2018.11.14-05.03.36:678][786]LogModuleManager: Shutting down and abandoning module DesktopPlatform (439)
[2018.11.14-05.03.36:678][786]LogModuleManager: Shutting down and abandoning module ModuleUI (436)
[2018.11.14-05.03.36:678][786]LogModuleManager: Shutting down and abandoning module MovieSceneTools (434)
[2018.11.14-05.03.36:679][786]LogModuleManager: Shutting down and abandoning module OutputLog (432)
[2018.11.14-05.03.36:679][786]LogModuleManager: Shutting down and abandoning module GammaUI (430)
[2018.11.14-05.03.36:679][786]LogModuleManager: Shutting down and abandoning module Documentation (428)
[2018.11.14-05.03.36:679][786]LogModuleManager: Shutting down and abandoning module MovieSceneTracks (426)
[2018.11.14-05.03.36:679][786]LogModuleManager: Shutting down and abandoning module MovieScene (424)
[2018.11.14-05.03.36:679][786]LogModuleManager: Shutting down and abandoning module StreamingPauseRendering (422)
[2018.11.14-05.03.36:679][786]LogModuleManager: Shutting down and abandoning module LauncherPlatform (420)
[2018.11.14-05.03.36:679][786]LogModuleManager: Shutting down and abandoning module AnalyticsET (418)
[2018.11.14-05.03.36:680][786]LogModuleManager: Shutting down and abandoning module PortalServices (416)
[2018.11.14-05.03.36:680][786]LogModuleManager: Shutting down and abandoning module PortalRpc (414)
[2018.11.14-05.03.36:680][786]LogModuleManager: Shutting down and abandoning module MessagingRpc (412)
[2018.11.14-05.03.36:680][786]LogModuleManager: Shutting down and abandoning module AIModule (410)
[2018.11.14-05.03.36:680][786]LogModuleManager: Shutting down and abandoning module GameplayDebugger (409)
[2018.11.14-05.03.36:680][786]LogModuleManager: Shutting down and abandoning module AITestSuite (407)
[2018.11.14-05.03.36:680][786]LogModuleManager: Shutting down and abandoning module NavigationSystem (405)
[2018.11.14-05.03.36:680][786]LogModuleManager: Shutting down and abandoning module ProfilerService (402)
[2018.11.14-05.03.36:706][786]LogModuleManager: Shutting down and abandoning module TaskGraph (400)
[2018.11.14-05.03.36:706][786]LogModuleManager: Shutting down and abandoning module SteamVRController (398)
[2018.11.14-05.03.36:706][786]LogModuleManager: Shutting down and abandoning module ProceduralMeshComponentEditor (396)
[2018.11.14-05.03.36:706][786]LogModuleManager: Shutting down and abandoning module ProceduralMeshComponent (394)
[2018.11.14-05.03.36:706][786]LogModuleManager: Shutting down and abandoning module OculusInput (392)
[2018.11.14-05.03.36:706][786]LogModuleManager: Shutting down and abandoning module MobilePatchingUtils (390)
[2018.11.14-05.03.36:706][786]LogModuleManager: Shutting down and abandoning module EditableMesh (388)
[2018.11.14-05.03.36:706][786]LogModuleManager: Shutting down and abandoning module CustomMeshComponent (386)
[2018.11.14-05.03.36:707][786]LogModuleManager: Shutting down and abandoning module CableComponent (384)
[2018.11.14-05.03.36:707][786]LogModuleManager: Shutting down and abandoning module AudioCapture (382)
[2018.11.14-05.03.36:707][786]LogModuleManager: Shutting down and abandoning module ArchVisCharacter (380)
[2018.11.14-05.03.36:707][786]LogModuleManager: Shutting down and abandoning module AndroidPermission (378)
[2018.11.14-05.03.36:707][786]LogModuleManager: Shutting down and abandoning module NUTUnrealEngine4 (376)
[2018.11.14-05.03.36:707][786]LogModuleManager: Shutting down and abandoning module NetcodeUnitTest (374)
[2018.11.14-05.03.36:707][786]LogModuleManager: Shutting down and abandoning module MediaCompositingEditor (372)
[2018.11.14-05.03.36:707][786]LogModuleManager: Shutting down and abandoning module MediaCompositing (370)
[2018.11.14-05.03.36:707][786]LogModuleManager: Shutting down and abandoning module LinearTimecode (368)
[2018.11.14-05.03.36:707][786]LogModuleManager: Shutting down and abandoning module ImgMedia (366)
[2018.11.14-05.03.36:711][786]LogModuleManager: Shutting down and abandoning module HTML5Networking (364)
[2018.11.14-05.03.36:711][786]LogModuleManager: Shutting down and abandoning module GeometryCacheTracks (362)
[2018.11.14-05.03.36:711][786]LogModuleManager: Shutting down and abandoning module GeometryCacheSequencer (360)
[2018.11.14-05.03.36:712][786]LogModuleManager: Shutting down and abandoning module BackChannel (358)
[2018.11.14-05.03.36:712][786]LogModuleManager: Shutting down and abandoning module AppleVision (356)
[2018.11.14-05.03.36:712][786]LogModuleManager: Shutting down and abandoning module AppleImageUtils (354)
[2018.11.14-05.03.36:712][786]LogModuleManager: Shutting down and abandoning module AlembicImporter (352)
[2018.11.14-05.03.36:712][786]LogModuleManager: Shutting down and abandoning module AlembicLibrary (351)
[2018.11.14-05.03.36:712][786]LogModuleManager: Shutting down and abandoning module GeometryCache (350)
[2018.11.14-05.03.36:712][786]LogModuleManager: Shutting down and abandoning module GeometryCacheEd (349)
[2018.11.14-05.03.36:712][786]LogModuleManager: Shutting down and abandoning module DatasmithContentEditor (344)
[2018.11.14-05.03.36:712][786]LogModuleManager: Shutting down and abandoning module DatasmithContent (342)
[2018.11.14-05.03.36:713][786]LogModuleManager: Shutting down and abandoning module SpeedTreeImporter (340)
[2018.11.14-05.03.36:713][786]LogModuleManager: Shutting down and abandoning module PluginBrowser (338)
[2018.11.14-05.03.36:713][786]LogModuleManager: Shutting down and abandoning module MobileLauncherProfileWizard (336)
[2018.11.14-05.03.36:713][786]LogModuleManager: Shutting down and abandoning module PolygonModeling (334)
[2018.11.14-05.03.36:713][786]LogModuleManager: Shutting down and abandoning module MeshEditor (332)
[2018.11.14-05.03.36:714][786]LogModuleManager: Shutting down and abandoning module CryptoKeysOpenSSL (330)
[2018.11.14-05.03.36:714][786]LogModuleManager: Shutting down and abandoning module CryptoKeys (328)
[2018.11.14-05.03.36:714][786]LogModuleManager: Shutting down and abandoning module VisualStudioSourceCodeAccess (326)
[2018.11.14-05.03.36:714][786]LogModuleManager: Shutting down and abandoning module VisualStudioCodeSourceCodeAccess (324)
[2018.11.14-05.03.36:714][786]LogModuleManager: Shutting down and abandoning module UObjectPlugin (322)
[2018.11.14-05.03.36:714][786]LogModuleManager: Shutting down and abandoning module SubversionSourceControl (320)
[2018.11.14-05.03.36:714][786]LogModuleManager: Shutting down and abandoning module PerforceSourceControl (318)
[2018.11.14-05.03.36:714][786]LogModuleManager: Shutting down and abandoning module GitSourceControl (316)
[2018.11.14-05.03.36:714][786]LogModuleManager: Shutting down and abandoning module SourceControl (315)
[2018.11.14-05.03.36:715][786]LogModuleManager: Shutting down and abandoning module CLionSourceCodeAccess (312)
[2018.11.14-05.03.36:715][786]LogModuleManager: Shutting down and abandoning module LightPropagationVolumeEditor (310)
[2018.11.14-05.03.36:715][786]LogModuleManager: Shutting down and abandoning module PaperTiledImporter (308)
[2018.11.14-05.03.36:715][786]LogModuleManager: Shutting down and abandoning module PaperSpriteSheetImporter (306)
[2018.11.14-05.03.36:715][786]LogModuleManager: Shutting down and abandoning module Paper2DEditor (304)
[2018.11.14-05.03.36:715][786]LogModuleManager: Shutting down and abandoning module MeshPaint (303)
[2018.11.14-05.03.36:715][786]LogModuleManager: Shutting down and abandoning module RuntimePhysXCooking (298)
[2018.11.14-05.03.36:715][786]LogModuleManager: Shutting down and abandoning module PhysXVehiclesEditor (296)
[2018.11.14-05.03.36:715][786]LogModuleManager: Shutting down and abandoning module PhysXVehicles (294)
[2018.11.14-05.03.36:715][786]LogModuleManager: Shutting down and abandoning module OculusEditor (292)
[2018.11.14-05.03.36:715][786]LogModuleManager: Shutting down and abandoning module LocationServicesBPLibrary (290)
[2018.11.14-05.03.36:715][786]LogModuleManager: Shutting down and abandoning module ImmediatePhysicsEditor (288)
[2018.11.14-05.03.36:715][786]LogModuleManager: Shutting down and abandoning module ImmediatePhysics (286)
[2018.11.14-05.03.36:715][786]LogModuleManager: Shutting down and abandoning module ActorSequence (284)
[2018.11.14-05.03.36:715][786]LogModuleManager: Shutting down and abandoning module UdpMessaging (282)
[2018.11.14-05.03.36:817][786]LogModuleManager: Shutting down and abandoning module TcpMessaging (280)
[2018.11.14-05.03.36:918][786]LogModuleManager: Shutting down and abandoning module MagicLeapAudio (278)
[2018.11.14-05.03.36:918][786]LogModuleManager: Shutting down and abandoning module GameplayTagsEditor (276)
[2018.11.14-05.03.36:918][786]LogModuleManager: Shutting down and abandoning module FacialAnimationEditor (274)
[2018.11.14-05.03.36:918][786]LogModuleManager: Shutting down and abandoning module FacialAnimation (272)
[2018.11.14-05.03.36:918][786]LogModuleManager: Shutting down and abandoning module DataValidation (270)
[2018.11.14-05.03.36:918][786]LogModuleManager: Shutting down and abandoning module AssetManagerEditor (268)
[2018.11.14-05.03.36:918][786]LogModuleManager: Shutting down and abandoning module LevelEditor (267)
[2018.11.14-05.03.36:919][786]LogModuleManager: Shutting down and abandoning module PixelInspectorModule (266)
[2018.11.14-05.03.36:919][786]LogModuleManager: Shutting down and abandoning module CommonMenuExtensions (264)
[2018.11.14-05.03.36:919][786]LogModuleManager: Shutting down and abandoning module MainFrame (262)
[2018.11.14-05.03.36:919][786]LogModuleManager: Shutting down and abandoning module HotReload (261)
[2018.11.14-05.03.36:920][786]LogModuleManager: Shutting down and abandoning module ContentBrowser (257)
[2018.11.14-05.03.36:921][786]LogModuleManager: Shutting down and abandoning module TreeMap (255)
[2018.11.14-05.03.36:921][786]LogModuleManager: Shutting down and abandoning module LightPropagationVolumeRuntime (252)
[2018.11.14-05.03.36:921][786]LogModuleManager: Shutting down and abandoning module AISupportModule (250)
[2018.11.14-05.03.36:921][786]LogModuleManager: Shutting down and abandoning module Paper2D (248)
[2018.11.14-05.03.36:921][786]LogModuleManager: Shutting down and abandoning module WindowsMoviePlayer (246)
[2018.11.14-05.03.36:921][786]LogModuleManager: Shutting down and abandoning module WmfMedia (244)
[2018.11.14-05.03.36:922][786]LogModuleManager: Shutting down and abandoning module Media (243)
[2018.11.14-05.03.36:928][786]LogModuleManager: Shutting down and abandoning module PacketHandler (240)
[2018.11.14-05.03.36:928][786]LogModuleManager: Shutting down and abandoning module ClothingSystemEditor (238)
[2018.11.14-05.03.36:928][786]LogModuleManager: Shutting down and abandoning module ClothingSystemRuntime (236)
[2018.11.14-05.03.36:929][786]LogModuleManager: Shutting down and abandoning module MediaAssets (234)
[2018.11.14-05.03.36:929][786]LogModuleManager: Shutting down and abandoning module Overlay (232)
[2018.11.14-05.03.36:929][786]LogModuleManager: Shutting down and abandoning module OverlayEditor (231)
[2018.11.14-05.03.36:929][786]LogModuleManager: Shutting down and abandoning module VREditor (228)
[2018.11.14-05.03.36:929][786]LogModuleManager: Shutting down and abandoning module StringTableEditor (226)
[2018.11.14-05.03.36:929][786]LogModuleManager: Shutting down and abandoning module GameplayTasksEditor (224)
[2018.11.14-05.03.36:929][786]LogModuleManager: Shutting down and abandoning module BehaviorTreeEditor (222)
[2018.11.14-05.03.36:930][786]LogModuleManager: Shutting down and abandoning module FunctionalTesting (220)
[2018.11.14-05.03.36:930][786]LogModuleManager: Shutting down and abandoning module CollisionAnalyzer (218)
[2018.11.14-05.03.36:930][786]LogModuleManager: Shutting down and abandoning module WorkspaceMenuStructure (217)
[2018.11.14-05.03.36:930][786]LogModuleManager: Shutting down and abandoning module UMG (214)
[2018.11.14-05.03.36:930][786]LogModuleManager: Shutting down and abandoning module UMGEditor (213)
[2018.11.14-05.03.36:930][786]LogModuleManager: Shutting down and abandoning module Sequencer (212)
[2018.11.14-05.03.36:930][786]LogModuleManager: Shutting down and abandoning module MessageLog (209)
[2018.11.14-05.03.36:930][786]LogModuleManager: Shutting down and abandoning module SlateReflector (204)
[2018.11.14-05.03.36:931][786]LogModuleManager: Shutting down and abandoning module Slate (202)
[2018.11.14-05.03.36:931][786]LogModuleManager: Shutting down and abandoning module EditorStyle (200)
[2018.11.14-05.03.36:933][786]LogModuleManager: Shutting down and abandoning module MRMesh (198)
[2018.11.14-05.03.36:933][786]LogModuleManager: Shutting down and abandoning module SourceCodeAccess (196)
[2018.11.14-05.03.36:933][786]LogModuleManager: Shutting down and abandoning module HeadMountedDisplay (194)
[2018.11.14-05.03.36:933][786]LogModuleManager: Shutting down and abandoning module XAudio2 (192)
[2018.11.14-05.03.36:933][786]LogModuleManager: Shutting down and abandoning module Networking (190)
[2018.11.14-05.03.36:933][786]LogModuleManager: Shutting down and abandoning module Core (188)
[2018.11.14-05.03.36:933][786]LogModuleManager: Shutting down and abandoning module LevelSequence (186)
[2018.11.14-05.03.36:933][786]LogModuleManager: Shutting down and abandoning module KismetCompiler (184)
[2018.11.14-05.03.36:933][786]LogModuleManager: Shutting down and abandoning module MeshUtilities (182)
[2018.11.14-05.03.36:933][786]LogModuleManager: Shutting down and abandoning module MeshMergeUtilities (181)
[2018.11.14-05.03.36:933][786]LogModuleManager: Shutting down and abandoning module MeshReductionInterface (180)
[2018.11.14-05.03.36:933][786]LogModuleManager: Shutting down and abandoning module SimplygonSwarm (179)
[2018.11.14-05.03.36:934][786]LogModuleManager: Shutting down and abandoning module ProxyLODMeshReduction (177)
[2018.11.14-05.03.36:935][786]LogModuleManager: Shutting down and abandoning module SimplygonMeshReduction (175)
[2018.11.14-05.03.36:935][786]LogModuleManager: Shutting down and abandoning module QuadricMeshReduction (173)
[2018.11.14-05.03.36:935][786]LogModuleManager: Shutting down and abandoning module MaterialBaking (169)
[2018.11.14-05.03.36:935][786]LogModuleManager: Shutting down and abandoning module DirectoryWatcher (165)
[2018.11.14-05.03.36:935][786]LogModuleManager: Shutting down and abandoning module DerivedDataCache (162)
[2018.11.14-05.03.36:955][786]LogDerivedDataCache: Shutdown
[2018.11.14-05.03.36:955][786]LogModuleManager: Shutting down and abandoning module XGEController (160)
[2018.11.14-05.03.36:956][786]LogXGEController: Cleaning working directory: C:/Users/Peter/AppData/Local/Temp/UnrealXGEWorkingDir/
[2018.11.14-05.03.36:956][786]LogModuleManager: Shutting down and abandoning module TargetPlatform (158)
[2018.11.14-05.03.36:956][786]LogModuleManager: Shutting down and abandoning module VulkanShaderFormat (157)
[2018.11.14-05.03.36:956][786]LogModuleManager: Shutting down and abandoning module ShaderFormatVectorVM (155)
[2018.11.14-05.03.36:956][786]LogModuleManager: Shutting down and abandoning module ShaderFormatOpenGL (153)
[2018.11.14-05.03.36:956][786]LogModuleManager: Shutting down and abandoning module ShaderFormatD3D (151)
[2018.11.14-05.03.36:956][786]LogModuleManager: Shutting down and abandoning module MetalShaderFormat (149)
[2018.11.14-05.03.36:957][786]LogModuleManager: Shutting down and abandoning module TextureFormatUncompressed (147)
[2018.11.14-05.03.36:957][786]LogModuleManager: Shutting down and abandoning module TextureFormatPVR (145)
[2018.11.14-05.03.36:957][786]LogModuleManager: Shutting down and abandoning module TextureFormatDXT (143)
[2018.11.14-05.03.36:957][786]LogModuleManager: Shutting down and abandoning module TextureFormatIntelISPCTexComp (141)
[2018.11.14-05.03.36:957][786]LogModuleManager: Shutting down and abandoning module TextureFormatASTC (139)
[2018.11.14-05.03.36:957][786]LogModuleManager: Shutting down and abandoning module ImageWrapper (138)
[2018.11.14-05.03.36:957][786]LogModuleManager: Shutting down and abandoning module TextureFormatAndroid (135)
[2018.11.14-05.03.36:957][786]LogModuleManager: Shutting down and abandoning module AudioFormatOpus (133)
[2018.11.14-05.03.36:957][786]LogModuleManager: Shutting down and abandoning module AudioFormatOgg (131)
[2018.11.14-05.03.36:957][786]LogModuleManager: Shutting down and abandoning module AudioFormatADPCM (129)
[2018.11.14-05.03.36:957][786]LogModuleManager: Shutting down and abandoning module LuminTargetPlatform (127)
[2018.11.14-05.03.36:957][786]LogModuleManager: Shutting down and abandoning module LinuxTargetPlatform (125)
[2018.11.14-05.03.36:957][786]LogModuleManager: Shutting down and abandoning module LinuxServerTargetPlatform (123)
[2018.11.14-05.03.36:957][786]LogModuleManager: Shutting down and abandoning module LinuxNoEditorTargetPlatform (121)
[2018.11.14-05.03.36:957][786]LogModuleManager: Shutting down and abandoning module LinuxClientTargetPlatform (119)
[2018.11.14-05.03.36:957][786]LogModuleManager: Shutting down and abandoning module TVOSTargetPlatform (117)
[2018.11.14-05.03.36:958][786]LogModuleManager: Shutting down and abandoning module Messaging (115)
[2018.11.14-05.03.36:958][786]LogModuleManager: Shutting down and abandoning module IOSTargetPlatform (113)
[2018.11.14-05.03.36:959][786]LogModuleManager: Shutting down and abandoning module HTML5TargetPlatform (111)
[2018.11.14-05.03.36:959][786]LogModuleManager: Shutting down and abandoning module AndroidTargetPlatform (109)
[2018.11.14-05.03.36:967][786]LogModuleManager: Shutting down and abandoning module WindowsTargetPlatform (107)
[2018.11.14-05.03.36:967][786]LogModuleManager: Shutting down and abandoning module WindowsServerTargetPlatform (105)
[2018.11.14-05.03.36:967][786]LogModuleManager: Shutting down and abandoning module WindowsNoEditorTargetPlatform (103)
[2018.11.14-05.03.36:967][786]LogModuleManager: Shutting down and abandoning module WindowsClientTargetPlatform (101)
[2018.11.14-05.03.36:967][786]LogModuleManager: Shutting down and abandoning module MacTargetPlatform (99)
[2018.11.14-05.03.36:967][786]LogModuleManager: Shutting down and abandoning module MacServerTargetPlatform (97)
[2018.11.14-05.03.36:967][786]LogModuleManager: Shutting down and abandoning module MacNoEditorTargetPlatform (95)
[2018.11.14-05.03.36:967][786]LogModuleManager: Shutting down and abandoning module MacClientTargetPlatform (93)
[2018.11.14-05.03.36:967][786]LogModuleManager: Shutting down and abandoning module AllDesktopTargetPlatform (91)
[2018.11.14-05.03.36:967][786]LogModuleManager: Shutting down and abandoning module InputCore (88)
[2018.11.14-05.03.36:967][786]LogModuleManager: Shutting down and abandoning module Settings (86)
[2018.11.14-05.03.36:967][786]LogModuleManager: Shutting down and abandoning module PhysXCooking (84)
[2018.11.14-05.03.36:967][786]LogModuleManager: Shutting down and abandoning module SteamVR (82)
[2018.11.14-05.03.36:968][786]LogModuleManager: Shutting down and abandoning module OculusHMD (80)
[2018.11.14-05.03.36:968][786]LogModuleManager: Shutting down and abandoning module ExampleDeviceProfileSelector (78)
[2018.11.14-05.03.36:968][786]LogModuleManager: Shutting down and abandoning module LauncherChunkInstaller (76)
[2018.11.14-05.03.36:968][786]LogModuleManager: Shutting down and abandoning module OnlineBlueprintSupport (74)
[2018.11.14-05.03.36:968][786]LogModuleManager: Shutting down and abandoning module OnlineSubsystem (70)
[2018.11.14-05.03.36:969][786]LogModuleManager: Shutting down and abandoning module XMPP (65)
[2018.11.14-05.03.36:969][786]LogModuleManager: Shutting down and abandoning module WebSockets (64)
[2018.11.14-05.03.36:984][786]LogModuleManager: Shutting down and abandoning module HTTP (61)
[2018.11.14-05.03.36:984][786]LogHttp: Display: Http module shutting down, but needs to wait on 1 outstanding Http requests:
[2018.11.14-05.03.36:984][786]LogHttp: Display: 	verb=[POST] url=[https://datarouter.ol.epicgames.com/datarouter/api/v1/public/data?SessionID=%7B3D2EC2D9-4C05-54C5-0710-7C98D3EBAC52%7D&AppID=UEEditor.Rocket.Release&AppVersion=4.20.3-4369336%2B%2B%2BUE4%2BRelease-4.20&UserID=15b52cc9472a2ea98d32dc90de97a0b4%7Ca6bb9a295af146eeb619cdf8ccea1563%7C1f176c5f-cff4-4457-b55a-dac67387f93b&AppEnvironment=datacollector-binary&UploadType=eteventstream] status=Processing
[2018.11.14-05.03.37:018][786]LogModuleManager: Shutting down and abandoning module SSL (60)
[2018.11.14-05.03.37:020][786]LogModuleManager: Shutting down and abandoning module MagicLeapEmulator (56)
[2018.11.14-05.03.37:020][786]LogModuleManager: Shutting down and abandoning module MagicLeapPrivileges (54)
[2018.11.14-05.03.37:020][786]LogModuleManager: Shutting down and abandoning module MagicLeapIdentity (52)
[2018.11.14-05.03.37:020][786]LogModuleManager: Shutting down and abandoning module MagicLeapHelperVulkan (50)
[2018.11.14-05.03.37:020][786]LogModuleManager: Shutting down and abandoning module MagicLeapHelperOpenGL (48)
[2018.11.14-05.03.37:020][786]LogModuleManager: Shutting down and abandoning module MagicLeapSecureStorage (46)
[2018.11.14-05.03.37:020][786]LogModuleManager: Shutting down and abandoning module MagicLeapGestures (44)
[2018.11.14-05.03.37:020][786]LogModuleManager: Shutting down and abandoning module MagicLeapEyeTracker (42)
[2018.11.14-05.03.37:020][786]LogModuleManager: Shutting down and abandoning module MagicLeapController (40)
[2018.11.14-05.03.37:020][786]LogSlate: Slate User Destroyed.  User Index 0, Is Virtual User: 0
[2018.11.14-05.03.37:020][786]LogModuleManager: Shutting down and abandoning module MagicLeap (38)
[2018.11.14-05.03.37:020][786]LogModuleManager: Shutting down and abandoning module AnimationModifiers (36)
[2018.11.14-05.03.37:021][786]LogModuleManager: Shutting down and abandoning module PropertyEditor (35)
[2018.11.14-05.03.37:021][786]LogModuleManager: Shutting down and abandoning module AudioEditor (32)
[2018.11.14-05.03.37:021][786]LogModuleManager: Shutting down and abandoning module TextureCompressor (30)
[2018.11.14-05.03.37:021][786]LogModuleManager: Shutting down and abandoning module ShaderCore (28)
[2018.11.14-05.03.37:021][786]LogModuleManager: Shutting down and abandoning module Landscape (26)
[2018.11.14-05.03.37:021][786]LogModuleManager: Shutting down and abandoning module SlateRHIRenderer (24)
[2018.11.14-05.03.37:022][786]LogModuleManager: Shutting down and abandoning module OpenGLDrv (22)
[2018.11.14-05.03.37:023][786]LogModuleManager: Shutting down and abandoning module D3D11RHI (20)
[2018.11.14-05.03.37:023][786]LogModuleManager: Shutting down and abandoning module AnimGraphRuntime (18)
[2018.11.14-05.03.37:023][786]LogModuleManager: Shutting down and abandoning module Renderer (16)
[2018.11.14-05.03.37:023][786]LogModuleManager: Shutting down and abandoning module Engine (14)
[2018.11.14-05.03.37:023][786]LogModuleManager: Shutting down and abandoning module CoreUObject (12)
[2018.11.14-05.03.37:023][786]LogModuleManager: Shutting down and abandoning module NetworkFile (10)
[2018.11.14-05.03.37:023][786]LogModuleManager: Shutting down and abandoning module CookedIterativeFile (8)
[2018.11.14-05.03.37:023][786]LogModuleManager: Shutting down and abandoning module StreamingFile (6)
[2018.11.14-05.03.37:023][786]LogModuleManager: Shutting down and abandoning module SandboxFile (4)
[2018.11.14-05.03.37:023][786]LogModuleManager: Shutting down and abandoning module PakFile (2)
[2018.11.14-05.03.37:026][786]LogExit: Exiting.
[2018.11.14-05.03.37:036][786]Log file closed, 11/13/18 23:03:37
