Log file open, 10/15/18 23:49:10
LogWindows: Failed to load 'aqProf.dll' (GetLastError=126)
LogWindows: File 'aqProf.dll' does not exist
LogWindows: Failed to load 'VtuneApi.dll' (GetLastError=126)
LogWindows: File 'VtuneApi.dll' does not exist
LogWindows: Failed to load 'VtuneApi32e.dll' (GetLastError=126)
LogWindows: File 'VtuneApi32e.dll' does not exist
LogInit: Display: Running engine for game: UE4Playground
LogPlatformFile: Not using cached read wrapper
LogTaskGraph: Started task graph with 5 named threads and 11 total threads with 3 sets of task threads.
LogStats: Stats thread started at 0.197484
LogD3D11RHI: Loaded GFSDK_Aftermath_Lib.x64.dll
LogICUInternationalization: Display: ICU TimeZone Detection - Raw Offset: -6:00, Platform Override: ''
LogPluginManager: Mounting plugin Paper2D
LogPluginManager: Mounting plugin AISupport
LogPluginManager: Mounting plugin LightPropagationVolume
LogPluginManager: Mounting plugin CLionSourceCodeAccess
LogPluginManager: Mounting plugin CodeLiteSourceCodeAccess
LogPluginManager: Mounting plugin GitSourceControl
LogPluginManager: Mounting plugin KDevelopSourceCodeAccess
LogPluginManager: Mounting plugin NullSourceCodeAccess
LogPluginManager: Mounting plugin PerforceSourceControl
LogPluginManager: Mounting plugin SubversionSourceControl
LogPluginManager: Mounting plugin UObjectPlugin
LogPluginManager: Mounting plugin VisualStudioCodeSourceCodeAccess
LogPluginManager: Mounting plugin VisualStudioSourceCodeAccess
LogPluginManager: Mounting plugin XCodeSourceCodeAccess
LogPluginManager: Mounting plugin AssetManagerEditor
LogPluginManager: Mounting plugin CryptoKeys
LogPluginManager: Mounting plugin DataValidation
LogPluginManager: Mounting plugin FacialAnimation
LogPluginManager: Mounting plugin GameplayTagsEditor
LogPluginManager: Mounting plugin MacGraphicsSwitching
LogPluginManager: Mounting plugin MeshEditor
LogPluginManager: Mounting plugin MobileLauncherProfileWizard
LogPluginManager: Mounting plugin PluginBrowser
LogPluginManager: Mounting plugin SpeedTreeImporter
LogPluginManager: Mounting plugin DatasmithContent
LogPluginManager: Mounting plugin AlembicImporter
LogPluginManager: Mounting plugin AppleImageUtils
LogPluginManager: Mounting plugin AppleVision
LogPluginManager: Mounting plugin BackChannel
LogPluginManager: Mounting plugin CharacterAI
LogPluginManager: Mounting plugin GeometryCache
LogPluginManager: Mounting plugin HTML5Networking
LogPluginManager: Mounting plugin ProxyLODPlugin
LogPluginManager: Mounting plugin MagicLeap
LogPluginManager: Mounting plugin MagicLeapEmulator
LogPluginManager: Mounting plugin MagicLeapMedia
LogPluginManager: Mounting plugin AndroidMedia
LogPluginManager: Mounting plugin AvfMedia
LogPluginManager: Mounting plugin ImgMedia
LogPluginManager: Mounting plugin LinearTimecode
LogPluginManager: Mounting plugin MediaCompositing
LogPluginManager: Mounting plugin MediaPlayerEditor
LogPluginManager: Mounting plugin WmfMedia
LogPluginManager: Mounting plugin TcpMessaging
LogPluginManager: Mounting plugin UdpMessaging
LogPluginManager: Mounting plugin ActorSequence
LogPluginManager: Mounting plugin LevelSequenceEditor
LogPluginManager: Mounting plugin MatineeToLevelSequence
LogPluginManager: Mounting plugin NetcodeUnitTest
LogPluginManager: Mounting plugin NUTUnrealEngine4
LogPluginManager: Mounting plugin OnlineSubsystemGooglePlay
LogPluginManager: Mounting plugin OnlineSubsystemIOS
LogPluginManager: Mounting plugin OnlineSubsystem
LogPluginManager: Mounting plugin OnlineSubsystemNull
LogPluginManager: Mounting plugin OnlineSubsystemUtils
LogPluginManager: Mounting plugin LauncherChunkInstaller
LogPluginManager: Mounting plugin AndroidDeviceProfileSelector
LogPluginManager: Mounting plugin AndroidMoviePlayer
LogPluginManager: Mounting plugin AndroidPermission
LogPluginManager: Mounting plugin AppleMoviePlayer
LogPluginManager: Mounting plugin ArchVisCharacter
LogPluginManager: Mounting plugin AudioCapture
LogPluginManager: Mounting plugin CableComponent
LogPluginManager: Mounting plugin CustomMeshComponent
LogPluginManager: Mounting plugin EditableMesh
LogPluginManager: Mounting plugin ExampleDeviceProfileSelector
LogPluginManager: Mounting plugin GoogleCloudMessaging
LogPluginManager: Mounting plugin ImmediatePhysics
LogPluginManager: Mounting plugin IOSDeviceProfileSelector
LogPluginManager: Mounting plugin LinuxDeviceProfileSelector
LogPluginManager: Mounting plugin LocationServicesBPLibrary
LogPluginManager: Mounting plugin MobilePatchingUtils
LogPluginManager: Mounting plugin OculusVR
LogPluginManager: Plugin shader directory ../../../Engine/Plugins/Runtime/Oculus/OculusVR/Shaders found
LogPluginManager: Mapping shader source directory ../../../Engine/Plugins/Runtime/Oculus/OculusVR/Shaders to virtual directory /Plugin/OculusVR
LogPluginManager: Mounting plugin PhysXVehicles
LogPluginManager: Mounting plugin ProceduralMeshComponent
LogPluginManager: Mounting plugin RuntimePhysXCooking
LogPluginManager: Mounting plugin SteamVR
LogPluginManager: Mounting plugin WindowsMoviePlayer
LogStreaming: Display: Took  0.278s to configure plugins.
LogInit: Using libcurl 7.55.1-DEV
LogInit:  - built for x86_64-pc-win32
LogInit:  - supports SSL with OpenSSL/1.0.2h
LogInit:  - supports HTTP deflate (compression) using libz 1.2.8
LogInit:  - other features:
LogInit:      CURL_VERSION_SSL
LogInit:      CURL_VERSION_LIBZ
LogInit:      CURL_VERSION_IPV6
LogInit:      CURL_VERSION_ASYNCHDNS
LogInit:      CURL_VERSION_LARGEFILE
LogInit:      CURL_VERSION_IDN
LogInit:  CurlRequestOptions (configurable via config and command line):
LogInit:  - bVerifyPeer = false  - Libcurl will NOT verify peer certificate
LogInit:  - bUseHttpProxy = false  - Libcurl will NOT use HTTP proxy
LogInit:  - bDontReuseConnections = false  - Libcurl will reuse connections
LogInit:  - CertBundlePath = nullptr  - Libcurl will use whatever was configured at build time.
LogInit:  - MaxHostConnections = 16  - Libcurl will limit the number of connections to a host
LogInit:  - LocalHostAddr = Default
LogInit:  - BufferSize = 65536
LogInit: WinSock: version 1.1 (2.2), MaxSocks=32767, MaxUdp=65467
LogInit: Build: ++UE4+Release-4.20-CL-4369336
LogInit: Engine Version: 4.20.3-4369336+++UE4+Release-4.20
LogInit: Compatible Engine Version: 4.20.0-4212847+++UE4+Release-4.20
LogInit: Net CL: 4212847
LogInit: OS: Windows 8.1 (), CPU: AMD FX(tm)-4300 Quad-Core Processor            , GPU: NVIDIA GeForce GTX 970
LogInit: Compiled (64-bit): Sep 17 2018 12:26:19
LogInit: Compiled with Visual C++: 19.13.26129.00
LogInit: Build Configuration: Development
LogInit: Branch Name: ++UE4+Release-4.20
LogInit: Command Line:  
LogInit: Base Directory: C:/Program Files/Epic Games/UE_4.20/Engine/Binaries/Win64/
LogInit: Installed Engine Build: 1
LogDevObjectVersion: Number of dev versions registered: 20
LogDevObjectVersion:   Dev-Blueprints (B0D832E4-1F89-4F0D-ACCF-7EB736FD4AA2): 10
LogDevObjectVersion:   Dev-Build (E1C64328-A22C-4D53-A36C-8E866417BD8C): 0
LogDevObjectVersion:   Dev-Core (375EC13C-06E4-48FB-B500-84F0262A717E): 2
LogDevObjectVersion:   Dev-Editor (E4B068ED-F494-42E9-A231-DA0B2E46BB41): 24
LogDevObjectVersion:   Dev-Framework (CFFC743F-43B0-4480-9391-14DF171D2073): 34
LogDevObjectVersion:   Dev-Mobile (B02B49B5-BB20-44E9-A304-32B752E40360): 2
LogDevObjectVersion:   Dev-Networking (A4E4105C-59A1-49B5-A7C5-40C4547EDFEE): 0
LogDevObjectVersion:   Dev-Online (39C831C9-5AE6-47DC-9A44-9C173E1C8E7C): 0
LogDevObjectVersion:   Dev-Physics (78F01B33-EBEA-4F98-B9B4-84EACCB95AA2): 0
LogDevObjectVersion:   Dev-Platform (6631380F-2D4D-43E0-8009-CF276956A95A): 0
LogDevObjectVersion:   Dev-Rendering (12F88B9F-8875-4AFC-A67C-D90C383ABD29): 26
LogDevObjectVersion:   Dev-Sequencer (7B5AE74C-D270-4C10-A958-57980B212A5A): 9
LogDevObjectVersion:   Dev-VR (D7296918-1DD6-4BDD-9DE2-64A83CC13884): 2
LogDevObjectVersion:   Dev-LoadTimes (C2A15278-BFE7-4AFE-6C17-90FF531DF755): 1
LogDevObjectVersion:   Private-Geometry (6EACA3D4-40EC-4CC1-B786-8BED09428FC5): 3
LogDevObjectVersion:   Dev-AnimPhys (29E575DD-E0A3-4627-9D10-D276232CDCEA): 17
LogDevObjectVersion:   Dev-ReflectionCapture (6B266CEC-1EC7-4B8F-A30B-E4D90942FC07): 1
LogDevObjectVersion:   Dev-Automation (0DF73D61-A23F-47EA-B727-89E90C41499A): 1
LogDevObjectVersion:   FortniteMain (601D1886-AC64-4F84-AA16-D3DE0DEAC7D6): 12
LogDevObjectVersion:   Dev-Enterprise (9DFFBCD6-494F-0158-E221-12823C92A888): 1
LogStreaming: Display: Took  0.006s to delete old logs.
LogInit: Presizing for max 8388607 objects, including 0 objects not considered by GC, pre-allocating 0 bytes for permanent pool.
LogInit: Object subsystem initialized
[2018.10.16-04.49.11:255][  0]LogInit: Selected Device Profile: [Windows]
[2018.10.16-04.49.11:255][  0]LogInit: Applying CVar settings loaded from the selected device profile: [Windows]
[2018.10.16-04.49.11:277][  0]LogHAL: Display: Platform has ~ 16 GB [17160523776 / 17179869184 / 16], which maps to Larger [LargestMinGB=32, LargerMinGB=12, DefaultMinGB=8, SmallerMinGB=6, SmallestMinGB=0)
[2018.10.16-04.49.11:277][  0]LogInit: Setting Device Profile CVar: [[r.Vulkan.UseRealUBs:1]]
[2018.10.16-04.49.11:277][  0]LogInit: Going up to parent DeviceProfile []
[2018.10.16-04.49.11:278][  0]LogInit: Computer: PETEPC
[2018.10.16-04.49.11:278][  0]LogInit: User: Peter
[2018.10.16-04.49.11:278][  0]LogInit: CPU Page size=4096, Cores=2
[2018.10.16-04.49.11:278][  0]LogInit: High frequency timer resolution =3.727432 MHz
[2018.10.16-04.49.11:278][  0]LogMemory: Memory total: Physical=16.0GB (16GB approx)
[2018.10.16-04.49.11:278][  0]LogMemory: Platform Memory Stats for Windows
[2018.10.16-04.49.11:278][  0]LogMemory: Process Physical Memory: 98.48 MB used, 98.48 MB peak
[2018.10.16-04.49.11:278][  0]LogMemory: Process Virtual Memory: 84.32 MB used, 84.32 MB peak
[2018.10.16-04.49.11:278][  0]LogMemory: Physical Memory: 6193.06 MB used,  10172.49 MB free, 16365.55 MB total
[2018.10.16-04.49.11:278][  0]LogMemory: Virtual Memory: 468.17 MB used,  10172.49 MB free, 134217728.00 MB total
[2018.10.16-04.49.11:322][  0]LogInit: Using OS detected language (en-GB).
[2018.10.16-04.49.11:322][  0]LogInit: Using OS detected locale (en-US).
[2018.10.16-04.49.11:323][  0]LogTextLocalizationManager: No specific localization for 'en-GB' exists, so the 'en' localization will be used.
[2018.10.16-04.49.11:800][  0]LogStreaming: Display: Took  0.478s to InitEngineTextLocalization.
[2018.10.16-04.49.11:800][  0]LogInit: Setting process to per monitor DPI aware
[2018.10.16-04.49.11:849][  0]LogSlate: New Slate User Created.  User Index 0, Is Virtual User: 0
[2018.10.16-04.49.11:849][  0]LogSlate: Slate User Registered.  User Index 0, Is Virtual User: 0
[2018.10.16-04.49.12:121][  0]LogHMD: Failed to initialize OpenVR with code 110
[2018.10.16-04.49.12:121][  0]LogD3D11RHI: D3D11 adapters:
[2018.10.16-04.49.12:182][  0]LogD3D11RHI:    0. 'NVIDIA GeForce GTX 970' (Feature Level 11_0)
[2018.10.16-04.49.12:182][  0]LogD3D11RHI:       3992/0/8182 MB DedicatedVideo/DedicatedSystem/SharedSystem, Outputs:2, VendorId:0x10de
[2018.10.16-04.49.12:185][  0]LogD3D11RHI:    1. 'Microsoft Basic Render Driver' (Feature Level 11_0)
[2018.10.16-04.49.12:185][  0]LogD3D11RHI:       0/0/256 MB DedicatedVideo/DedicatedSystem/SharedSystem, Outputs:0, VendorId:0x1414
[2018.10.16-04.49.12:185][  0]LogD3D11RHI: Chosen D3D11 Adapter: 0
[2018.10.16-04.49.12:191][  0]LogD3D11RHI: Creating new Direct3DDevice
[2018.10.16-04.49.12:191][  0]LogD3D11RHI:     GPU DeviceId: 0x13c2 (for the marketing name, search the web for "GPU Device Id")
[2018.10.16-04.49.12:191][  0]LogWindows: EnumDisplayDevices:
[2018.10.16-04.49.12:191][  0]LogWindows:    0. 'NVIDIA GeForce GTX 970' (P:0 D:1)
[2018.10.16-04.49.12:191][  0]LogWindows:    1. 'NVIDIA GeForce GTX 970' (P:1 D:1)
[2018.10.16-04.49.12:192][  0]LogWindows:    2. 'NVIDIA GeForce GTX 970' (P:0 D:0)
[2018.10.16-04.49.12:192][  0]LogWindows:    3. 'NVIDIA GeForce GTX 970' (P:0 D:0)
[2018.10.16-04.49.12:192][  0]LogWindows: DebugString: FoundDriverCount:4 
[2018.10.16-04.49.12:192][  0]LogD3D11RHI:     Adapter Name: NVIDIA GeForce GTX 970
[2018.10.16-04.49.12:192][  0]LogD3D11RHI:   Driver Version: 391.35 (internal:23.21.13.9135, unified:391.35)
[2018.10.16-04.49.12:192][  0]LogD3D11RHI:      Driver Date: 3-23-2018
[2018.10.16-04.49.12:192][  0]LogRHI: Texture pool is 2794 MB (70% of 3992 MB)
[2018.10.16-04.49.12:223][  0]LogD3D11RHI: Async texture creation enabled
[2018.10.16-04.49.12:248][  0]LogD3D11RHI: GPU Timing Frequency: 1000.000000 (Debug: 2 2)
[2018.10.16-04.49.12:301][  0]LogShaderCompilers: Guid format shader working directory is -26 characters bigger than the processId version (../../../../../../Users/Peter/Documents/GitHub/Playground/UE4Playground/Intermediate/Shaders/WorkingDirectory/11640/).
[2018.10.16-04.49.12:301][  0]LogShaderCompilers: Cleaned the shader compiler working directory 'C:/Users/Peter/AppData/Local/Temp/UnrealShaderWorkingDir/5755C23B4EA66A878242C8B3A77FC01D/'.
[2018.10.16-04.49.12:744][  0]LogTemp: Display: Loaded TP AllDesktopTargetPlatform
[2018.10.16-04.49.12:769][  0]LogTemp: Display: Loaded TP MacClientTargetPlatform
[2018.10.16-04.49.12:794][  0]LogTemp: Display: Loaded TP MacNoEditorTargetPlatform
[2018.10.16-04.49.12:818][  0]LogTemp: Display: Loaded TP MacServerTargetPlatform
[2018.10.16-04.49.12:841][  0]LogTemp: Display: Loaded TP MacTargetPlatform
[2018.10.16-04.49.12:867][  0]LogTemp: Display: Loaded TP WindowsClientTargetPlatform
[2018.10.16-04.49.12:893][  0]LogTemp: Display: Loaded TP WindowsNoEditorTargetPlatform
[2018.10.16-04.49.12:916][  0]LogTemp: Display: Loaded TP WindowsServerTargetPlatform
[2018.10.16-04.49.12:929][  0]LogTemp: Display: Loaded TP WindowsTargetPlatform
[2018.10.16-04.49.13:079][  0]LogTemp: Display: Loaded TP AndroidTargetPlatform
[2018.10.16-04.49.13:079][  0]LogTemp: Display: Loaded TP AndroidTargetPlatform
[2018.10.16-04.49.13:079][  0]LogTemp: Display: Loaded TP AndroidTargetPlatform
[2018.10.16-04.49.13:079][  0]LogTemp: Display: Loaded TP AndroidTargetPlatform
[2018.10.16-04.49.13:079][  0]LogTemp: Display: Loaded TP AndroidTargetPlatform
[2018.10.16-04.49.13:079][  0]LogTemp: Display: Loaded TP AndroidTargetPlatform
[2018.10.16-04.49.13:079][  0]LogTemp: Display: Loaded TP AndroidTargetPlatform
[2018.10.16-04.49.13:079][  0]LogTemp: Display: Loaded TP AndroidTargetPlatform
[2018.10.16-04.49.13:079][  0]LogTemp: Display: Loaded TP AndroidTargetPlatform
[2018.10.16-04.49.13:079][  0]LogTemp: Display: Loaded TP AndroidTargetPlatform
[2018.10.16-04.49.13:079][  0]LogTemp: Display: Loaded TP AndroidTargetPlatform
[2018.10.16-04.49.13:079][  0]LogTemp: Display: Loaded TP AndroidTargetPlatform
[2018.10.16-04.49.13:079][  0]LogTemp: Display: Loaded TP AndroidTargetPlatform
[2018.10.16-04.49.13:079][  0]LogTemp: Display: Loaded TP AndroidTargetPlatform
[2018.10.16-04.49.13:079][  0]LogTemp: Display: Loaded TP AndroidTargetPlatform
[2018.10.16-04.49.13:079][  0]LogTemp: Display: Loaded TP AndroidTargetPlatform
[2018.10.16-04.49.13:079][  0]LogTemp: Display: Loaded TP AndroidTargetPlatform
[2018.10.16-04.49.13:079][  0]LogTemp: Display: Loaded TP AndroidTargetPlatform
[2018.10.16-04.49.13:082][  0]LogTemp: Display: Loaded TP HTML5TargetPlatform
[2018.10.16-04.49.13:165][  0]LogTemp: Display: Loaded TP IOSTargetPlatform
[2018.10.16-04.49.13:165][  0]LogTemp: Display: Loaded TP IOSTargetPlatform
[2018.10.16-04.49.13:209][  0]LogTemp: Display: Loaded TP TVOSTargetPlatform
[2018.10.16-04.49.13:209][  0]LogTemp: Display: Loaded TP TVOSTargetPlatform
[2018.10.16-04.49.13:233][  0]LogTemp: Display: Loaded TP LinuxClientTargetPlatform
[2018.10.16-04.49.13:256][  0]LogTemp: Display: Loaded TP LinuxNoEditorTargetPlatform
[2018.10.16-04.49.13:280][  0]LogTemp: Display: Loaded TP LinuxServerTargetPlatform
[2018.10.16-04.49.13:304][  0]LogTemp: Display: Loaded TP LinuxTargetPlatform
[2018.10.16-04.49.13:320][  0]LogTemp: Display: Loaded TP LuminTargetPlatform
[2018.10.16-04.49.13:320][  0]LogTargetPlatformManager: Display: Building Assets For Windows
[2018.10.16-04.49.13:421][  0]LogXGEController: Cleaning working directory: C:/Users/Peter/AppData/Local/Temp/UnrealXGEWorkingDir/
[2018.10.16-04.49.13:422][  0]LogXGEController: Cannot use XGE Controller as Incredibuild is not installed on this machine.
[2018.10.16-04.49.13:422][  0]LogShaderCompilers: Cannot use XGE Shader Compiler as Incredibuild is not installed on this machine.
[2018.10.16-04.49.13:422][  0]LogShaderCompilers: Display: Using Local Shader Compiler.
[2018.10.16-04.49.14:716][  0]LogDerivedDataCache: Display: Max Cache Size: 512 MB
[2018.10.16-04.49.14:836][  0]LogDerivedDataCache: Loaded boot cache 0.12s 74MB C:/Users/Peter/AppData/Local/UnrealEngine/4.20/DerivedDataCache/Boot.ddc.
[2018.10.16-04.49.14:836][  0]LogDerivedDataCache: Display: Loaded Boot cache: C:/Users/Peter/AppData/Local/UnrealEngine/4.20/DerivedDataCache/Boot.ddc
[2018.10.16-04.49.14:837][  0]LogDerivedDataCache: FDerivedDataBackendGraph:  Pak pak cache file ../../../../../../Users/Peter/Documents/GitHub/Playground/UE4Playground/DerivedDataCache/DDC.ddp not found, will not use a pak cache.
[2018.10.16-04.49.14:837][  0]LogDerivedDataCache: Unable to find inner node Pak for hierarchical cache Hierarchy.
[2018.10.16-04.49.14:837][  0]LogDerivedDataCache: FDerivedDataBackendGraph:  CompressedPak pak cache file ../../../../../../Users/Peter/Documents/GitHub/Playground/UE4Playground/DerivedDataCache/Compressed.ddp not found, will not use a pak cache.
[2018.10.16-04.49.14:837][  0]LogDerivedDataCache: Unable to find inner node CompressedPak for hierarchical cache Hierarchy.
[2018.10.16-04.49.14:857][  0]LogDerivedDataCache: Display: Pak cache opened for reading ../../../Engine/DerivedDataCache/Compressed.ddp.
[2018.10.16-04.49.14:871][  0]LogDerivedDataCache: Using Local data cache path C:/Users/Peter/AppData/Local/UnrealEngine/Common/DerivedDataCache: Writable
[2018.10.16-04.49.14:871][  0]LogDerivedDataCache: Shared data cache path not found in *engine.ini, will not use an Shared cache.
[2018.10.16-04.49.14:871][  0]LogDerivedDataCache: Unable to find inner node Shared for hierarchical cache Hierarchy.
[2018.10.16-04.49.14:904][  0]LogMaterial: Verifying Global Shaders for PCD3D_SM5
[2018.10.16-04.49.14:906][  0]LogSlate: Using FreeType 2.6.0
[2018.10.16-04.49.14:907][  0]LogSlate: SlateFontServices - WITH_FREETYPE: 1, WITH_HARFBUZZ: 1
[2018.10.16-04.49.15:003][  0]LogAssetRegistry: FAssetRegistry took 0.0287 seconds to start up
[2018.10.16-04.49.15:561][  0]LogInit: Selected Device Profile: [Windows]
[2018.10.16-04.49.15:640][  0]LogSimplygon: Simplygon DLL not present - disabling.
[2018.10.16-04.49.15:646][  0]LogMeshReduction: Using SimplygonSwarm for distributed automatic mesh merging
[2018.10.16-04.49.15:646][  0]LogMeshReduction: Using ProxyLODMeshReduction for automatic mesh merging
[2018.10.16-04.49.15:646][  0]LogMeshReduction: Using QuadricMeshReduction for automatic static mesh reduction
[2018.10.16-04.49.15:646][  0]LogMeshReduction: No automatic skeletal mesh reduction module available
[2018.10.16-04.49.15:782][  0]LogNetVersion: UE4Playground 1.0.0, NetCL: 4212847, EngineNetVer: 5, GameNetVer: 0 (Checksum: 3127828240)
[2018.10.16-04.49.16:548][  0]LogPackageLocalizationCache: Processed 11 localized package path(s) for 2 prioritized culture(s) in 0.213743 seconds
[2018.10.16-04.49.16:557][  0]LogUObjectArray: 38425 objects as part of root set at end of initial load.
[2018.10.16-04.49.16:557][  0]LogUObjectAllocator: 6690872 out of 0 bytes used by permanent object pool.
[2018.10.16-04.49.16:557][  0]LogUObjectArray: CloseDisregardForGC: 0/0 objects in disregard for GC pool
[2018.10.16-04.49.17:686][  0]LogTcpMessaging: Initializing TcpMessaging bridge
[2018.10.16-04.49.17:702][  0]LogUdpMessaging: Initializing bridge on interface 0.0.0.0:0 to multicast group 230.0.0.1:6666.
[2018.10.16-04.49.18:268][  0]SourceControl: Source control is disabled
[2018.10.16-04.49.18:268][  0]SourceControl: Source control is disabled
[2018.10.16-04.49.18:271][  0]SourceControl: Source control is disabled
[2018.10.16-04.49.18:274][  0]SourceControl: Source control is disabled
[2018.10.16-04.49.18:521][  0]LogAndroidPermission: UAndroidPermissionCallbackProxy::GetInstance
[2018.10.16-04.49.18:620][  0]LogOcInput: OculusInput pre-init called
[2018.10.16-04.49.18:704][  0]LogEngine: Initializing Engine...
[2018.10.16-04.49.18:705][  0]LogHMD: Failed to initialize OpenVR with code 110
[2018.10.16-04.49.18:708][  0]LogStats: UGameplayTagsManager::ConstructGameplayTagTree: ImportINI prefixes -  0.000 s
[2018.10.16-04.49.18:708][  0]LogStats: UGameplayTagsManager::ConstructGameplayTagTree: Construct from data asset -  0.000 s
[2018.10.16-04.49.18:708][  0]LogStats: UGameplayTagsManager::ConstructGameplayTagTree: ImportINI -  0.000 s
[2018.10.16-04.49.18:708][  0]LogStats: UGameplayTagsManager::ConstructGameplayTagTree: GameplayTagTreeChangedEvent.Broadcast -  0.000 s
[2018.10.16-04.49.19:008][  0]LogInit: Initializing FReadOnlyCVARCache
[2018.10.16-04.49.19:033][  0]LogAIModule: Creating AISystem for world Untitled
[2018.10.16-04.49.19:056][  0]LogInit: XAudio2 using 'Speakers (2- High Definition Audio Device)' : 2 channels at 44.1 kHz using 16 bits per sample (channel mask 0x3)
[2018.10.16-04.49.19:077][  0]LogInit: FAudioDevice initialized.
[2018.10.16-04.49.19:078][  0]LogNetVersion: Set ProjectVersion to 1.0.0.0. Version Checksum will be recalculated on next use.
[2018.10.16-04.49.19:223][  0]LogDerivedDataCache: Saved boot cache 0.15s 74MB C:/Users/Peter/AppData/Local/UnrealEngine/4.20/DerivedDataCache/Boot.ddc.
[2018.10.16-04.49.19:229][  0]LogInit: Texture streaming: Enabled
[2018.10.16-04.49.19:261][  0]LogEngineSessionManager: EngineSessionManager initialized
[2018.10.16-04.49.19:277][  0]LogInit: Transaction tracking system initialized
[2018.10.16-04.49.19:317][  0]BlueprintLog: New page: Editor Load
[2018.10.16-04.49.19:536][  0]LocalizationService: Localization service is disabled
[2018.10.16-04.49.19:888][  0]LogCook: Display: Max memory allowance for cook 16384mb min free memory 0mb
[2018.10.16-04.49.19:888][  0]LogCook: Display: Mobile HDR setting 1
[2018.10.16-04.49.19:888][  0]LogGameplayTags: Display: UGameplayTagsManager::DoneAddingNativeTags. DelegateIsBound: 0
[2018.10.16-04.49.19:888][  0]LogStats: UGameplayTagsManager::ConstructGameplayTagTree: ImportINI prefixes -  0.000 s
[2018.10.16-04.49.19:888][  0]LogStats: UGameplayTagsManager::ConstructGameplayTagTree: Construct from data asset -  0.000 s
[2018.10.16-04.49.19:888][  0]LogStats: UGameplayTagsManager::ConstructGameplayTagTree: ImportINI -  0.000 s
[2018.10.16-04.49.19:888][  0]LogStats: UGameplayTagsManager::ConstructGameplayTagTree: GameplayTagTreeChangedEvent.Broadcast -  0.000 s
[2018.10.16-04.49.20:087][  0]LogFileCache: Scanning file cache for directory 'C:/Users/Peter/Documents/GitHub/Playground/UE4Playground/Content/' took 0.02s
[2018.10.16-04.49.20:087][  0]SourceControl: Source control is disabled
[2018.10.16-04.49.20:087][  0]Cmd: MAP LOAD FILE="../../../../../../Users/Peter/Documents/GitHub/Playground/UE4Playground/Content/FirstPersonCPP/Maps/FirstPersonExampleMap.umap" TEMPLATE=0 SHOWPROGRESS=1 FEATURELEVEL=3
[2018.10.16-04.49.20:087][  0]LightingResults: New page: Lighting Build
[2018.10.16-04.49.20:091][  0]MapCheck: New page: Map Check
[2018.10.16-04.49.20:091][  0]LightingResults: New page: Lighting Build
[2018.10.16-04.49.20:125][  0]LogWindows: Windows GetLastError: The operation completed successfully. (0)
[2018.10.16-04.49.21:147][  0]LogWindows: Error: === Critical error: ===
[2018.10.16-04.49.21:147][  0]LogWindows: Error: 
[2018.10.16-04.49.21:147][  0]LogWindows: Error: Fatal error: [File:D:\Build\++UE4\Sync\Engine\Source\Runtime\CoreUObject\Private\UObject\Obj.cpp] [Line: 937] 
[2018.10.16-04.49.21:147][  0]LogWindows: Error: REINST_FirstPersonProjectile_C_4 /Engine/Transient.Default__FirstPersonProjectile_C failed to route BeginDestroy
[2018.10.16-04.49.21:147][  0]LogWindows: Error: 
[2018.10.16-04.49.21:147][  0]LogWindows: Error: 
[2018.10.16-04.49.21:147][  0]LogWindows: Error: [Callstack] 0x00007ff995788eac KERNELBASE.dll!UnknownFunction []
[2018.10.16-04.49.21:147][  0]LogWindows: Error: [Callstack] 0x00007ff9812d6850 UE4Editor-ApplicationCore.dll!UnknownFunction []
[2018.10.16-04.49.21:147][  0]LogWindows: Error: [Callstack] 0x00007ff96e8b62fc UE4Editor-Core.dll!UnknownFunction []
[2018.10.16-04.49.21:147][  0]LogWindows: Error: [Callstack] 0x00007ff96e8451db UE4Editor-Core.dll!UnknownFunction []
[2018.10.16-04.49.21:147][  0]LogWindows: Error: [Callstack] 0x00007ff96e292be0 UE4Editor-CoreUObject.dll!UnknownFunction []
[2018.10.16-04.49.21:148][  0]LogWindows: Error: [Callstack] 0x00007ff96e26756e UE4Editor-CoreUObject.dll!UnknownFunction []
[2018.10.16-04.49.21:148][  0]LogWindows: Error: [Callstack] 0x00007ff96e1e3f54 UE4Editor-CoreUObject.dll!UnknownFunction []
[2018.10.16-04.49.21:148][  0]LogWindows: Error: [Callstack] 0x00007ff96e1e34ae UE4Editor-CoreUObject.dll!UnknownFunction []
[2018.10.16-04.49.21:148][  0]LogWindows: Error: [Callstack] 0x00007ff95de20193 UE4Editor-UnrealEd.dll!UnknownFunction []
[2018.10.16-04.49.21:148][  0]LogWindows: Error: [Callstack] 0x00007ff95de9e2c1 UE4Editor-UnrealEd.dll!UnknownFunction []
[2018.10.16-04.49.21:148][  0]LogWindows: Error: [Callstack] 0x00007ff95decbc74 UE4Editor-UnrealEd.dll!UnknownFunction []
[2018.10.16-04.49.21:148][  0]LogWindows: Error: [Callstack] 0x00007ff95debc815 UE4Editor-UnrealEd.dll!UnknownFunction []
[2018.10.16-04.49.21:148][  0]LogWindows: Error: [Callstack] 0x00007ff95de9f4a5 UE4Editor-UnrealEd.dll!UnknownFunction []
[2018.10.16-04.49.21:148][  0]LogWindows: Error: [Callstack] 0x00007ff95e77da43 UE4Editor-UnrealEd.dll!UnknownFunction []
[2018.10.16-04.49.21:148][  0]LogWindows: Error: [Callstack] 0x00007ff95e262f1c UE4Editor-UnrealEd.dll!UnknownFunction []
[2018.10.16-04.49.21:148][  0]LogWindows: Error: [Callstack] 0x00007ff95e262d03 UE4Editor-UnrealEd.dll!UnknownFunction []
[2018.10.16-04.49.21:148][  0]LogWindows: Error: [Callstack] 0x00007ff95e795e15 UE4Editor-UnrealEd.dll!UnknownFunction []
[2018.10.16-04.49.21:148][  0]LogWindows: Error: [Callstack] 0x00007ff95e77c213 UE4Editor-UnrealEd.dll!UnknownFunction []
[2018.10.16-04.49.21:148][  0]LogWindows: Error: [Callstack] 0x00007ff75af15a34 UE4Editor.exe!UnknownFunction []
[2018.10.16-04.49.21:148][  0]LogWindows: Error: [Callstack] 0x00007ff75af15bba UE4Editor.exe!UnknownFunction []
[2018.10.16-04.49.21:148][  0]LogWindows: Error: [Callstack] 0x00007ff75af23dac UE4Editor.exe!UnknownFunction []
[2018.10.16-04.49.21:148][  0]LogWindows: Error: [Callstack] 0x00007ff75af25aaa UE4Editor.exe!UnknownFunction []
[2018.10.16-04.49.21:148][  0]LogWindows: Error: [Callstack] 0x00007ff9968513d2 KERNEL32.DLL!UnknownFunction []
[2018.10.16-04.49.21:148][  0]LogWindows: Error: [Callstack] 0x00007ff9983654f4 ntdll.dll!UnknownFunction []
[2018.10.16-04.49.21:148][  0]LogWindows: Error: 
[2018.10.16-04.49.21:171][  0]LogExit: Executing StaticShutdownAfterError
[2018.10.16-04.49.21:175][  0]LogWindows: FPlatformMisc::RequestExit(1)
[2018.10.16-04.49.21:176][  0]Log file closed, 10/15/18 23:49:21
