Log file open, 10/23/18 22:56:18
LogWindows: Failed to load 'aqProf.dll' (GetLastError=126)
LogWindows: File 'aqProf.dll' does not exist
LogWindows: Failed to load 'VtuneApi.dll' (GetLastError=126)
LogWindows: File 'VtuneApi.dll' does not exist
LogWindows: Failed to load 'VtuneApi32e.dll' (GetLastError=126)
LogWindows: File 'VtuneApi32e.dll' does not exist
LogInit: Display: Running engine for game: UE4Playground
LogPlatformFile: Not using cached read wrapper
LogTaskGraph: Started task graph with 5 named threads and 11 total threads with 3 sets of task threads.
LogStats: Stats thread started at 0.744941
LogD3D11RHI: Loaded GFSDK_Aftermath_Lib.x64.dll
LogICUInternationalization: Display: ICU TimeZone Detection - Raw Offset: -6:00, Platform Override: ''
LogPluginManager: Mounting plugin Paper2D
LogPluginManager: Mounting plugin AISupport
LogPluginManager: Mounting plugin LightPropagationVolume
LogPluginManager: Mounting plugin CLionSourceCodeAccess
LogPluginManager: Mounting plugin CodeLiteSourceCodeAccess
LogPluginManager: Mounting plugin GitSourceControl
LogPluginManager: Mounting plugin KDevelopSourceCodeAccess
LogPluginManager: Mounting plugin NullSourceCodeAccess
LogPluginManager: Mounting plugin PerforceSourceControl
LogPluginManager: Mounting plugin SubversionSourceControl
LogPluginManager: Mounting plugin UObjectPlugin
LogPluginManager: Mounting plugin VisualStudioCodeSourceCodeAccess
LogPluginManager: Mounting plugin VisualStudioSourceCodeAccess
LogPluginManager: Mounting plugin XCodeSourceCodeAccess
LogPluginManager: Mounting plugin AssetManagerEditor
LogPluginManager: Mounting plugin CryptoKeys
LogPluginManager: Mounting plugin DataValidation
LogPluginManager: Mounting plugin FacialAnimation
LogPluginManager: Mounting plugin GameplayTagsEditor
LogPluginManager: Mounting plugin MacGraphicsSwitching
LogPluginManager: Mounting plugin MeshEditor
LogPluginManager: Mounting plugin MobileLauncherProfileWizard
LogPluginManager: Mounting plugin PluginBrowser
LogPluginManager: Mounting plugin SpeedTreeImporter
LogPluginManager: Mounting plugin DatasmithContent
LogPluginManager: Mounting plugin AlembicImporter
LogPluginManager: Mounting plugin AppleImageUtils
LogPluginManager: Mounting plugin AppleVision
LogPluginManager: Mounting plugin BackChannel
LogPluginManager: Mounting plugin CharacterAI
LogPluginManager: Mounting plugin GeometryCache
LogPluginManager: Mounting plugin HTML5Networking
LogPluginManager: Mounting plugin ProxyLODPlugin
LogPluginManager: Mounting plugin MagicLeap
LogPluginManager: Mounting plugin MagicLeapEmulator
LogPluginManager: Mounting plugin MagicLeapMedia
LogPluginManager: Mounting plugin AndroidMedia
LogPluginManager: Mounting plugin AvfMedia
LogPluginManager: Mounting plugin ImgMedia
LogPluginManager: Mounting plugin LinearTimecode
LogPluginManager: Mounting plugin MediaCompositing
LogPluginManager: Mounting plugin MediaPlayerEditor
LogPluginManager: Mounting plugin WmfMedia
LogPluginManager: Mounting plugin TcpMessaging
LogPluginManager: Mounting plugin UdpMessaging
LogPluginManager: Mounting plugin ActorSequence
LogPluginManager: Mounting plugin LevelSequenceEditor
LogPluginManager: Mounting plugin MatineeToLevelSequence
LogPluginManager: Mounting plugin NetcodeUnitTest
LogPluginManager: Mounting plugin NUTUnrealEngine4
LogPluginManager: Mounting plugin OnlineSubsystemGooglePlay
LogPluginManager: Mounting plugin OnlineSubsystemIOS
LogPluginManager: Mounting plugin OnlineSubsystem
LogPluginManager: Mounting plugin OnlineSubsystemNull
LogPluginManager: Mounting plugin OnlineSubsystemUtils
LogPluginManager: Mounting plugin LauncherChunkInstaller
LogPluginManager: Mounting plugin AndroidDeviceProfileSelector
LogPluginManager: Mounting plugin AndroidMoviePlayer
LogPluginManager: Mounting plugin AndroidPermission
LogPluginManager: Mounting plugin AppleMoviePlayer
LogPluginManager: Mounting plugin ArchVisCharacter
LogPluginManager: Mounting plugin AudioCapture
LogPluginManager: Mounting plugin CableComponent
LogPluginManager: Mounting plugin CustomMeshComponent
LogPluginManager: Mounting plugin EditableMesh
LogPluginManager: Mounting plugin ExampleDeviceProfileSelector
LogPluginManager: Mounting plugin GoogleCloudMessaging
LogPluginManager: Mounting plugin ImmediatePhysics
LogPluginManager: Mounting plugin IOSDeviceProfileSelector
LogPluginManager: Mounting plugin LinuxDeviceProfileSelector
LogPluginManager: Mounting plugin LocationServicesBPLibrary
LogPluginManager: Mounting plugin MobilePatchingUtils
LogPluginManager: Mounting plugin OculusVR
LogPluginManager: Plugin shader directory ../../../Engine/Plugins/Runtime/Oculus/OculusVR/Shaders found
LogPluginManager: Mapping shader source directory ../../../Engine/Plugins/Runtime/Oculus/OculusVR/Shaders to virtual directory /Plugin/OculusVR
LogPluginManager: Mounting plugin PhysXVehicles
LogPluginManager: Mounting plugin ProceduralMeshComponent
LogPluginManager: Mounting plugin RuntimePhysXCooking
LogPluginManager: Mounting plugin SteamVR
LogPluginManager: Mounting plugin WindowsMoviePlayer
LogStreaming: Display: Took  0.185s to configure plugins.
LogInit: Using libcurl 7.55.1-DEV
LogInit:  - built for x86_64-pc-win32
LogInit:  - supports SSL with OpenSSL/1.0.2h
LogInit:  - supports HTTP deflate (compression) using libz 1.2.8
LogInit:  - other features:
LogInit:      CURL_VERSION_SSL
LogInit:      CURL_VERSION_LIBZ
LogInit:      CURL_VERSION_IPV6
LogInit:      CURL_VERSION_ASYNCHDNS
LogInit:      CURL_VERSION_LARGEFILE
LogInit:      CURL_VERSION_IDN
LogInit:  CurlRequestOptions (configurable via config and command line):
LogInit:  - bVerifyPeer = false  - Libcurl will NOT verify peer certificate
LogInit:  - bUseHttpProxy = false  - Libcurl will NOT use HTTP proxy
LogInit:  - bDontReuseConnections = false  - Libcurl will reuse connections
LogInit:  - CertBundlePath = nullptr  - Libcurl will use whatever was configured at build time.
LogInit:  - MaxHostConnections = 16  - Libcurl will limit the number of connections to a host
LogInit:  - LocalHostAddr = Default
LogInit:  - BufferSize = 65536
LogInit: WinSock: version 1.1 (2.2), MaxSocks=32767, MaxUdp=65467
LogInit: Build: ++UE4+Release-4.20-CL-4369336
LogInit: Engine Version: 4.20.3-4369336+++UE4+Release-4.20
LogInit: Compatible Engine Version: 4.20.0-4212847+++UE4+Release-4.20
LogInit: Net CL: 4212847
LogInit: OS: Windows 8.1 (), CPU: AMD FX(tm)-4300 Quad-Core Processor            , GPU: NVIDIA GeForce GTX 970
LogInit: Compiled (64-bit): Sep 17 2018 12:26:19
LogInit: Compiled with Visual C++: 19.13.26129.00
LogInit: Build Configuration: Development
LogInit: Branch Name: ++UE4+Release-4.20
LogInit: Command Line:  
LogInit: Base Directory: C:/Program Files/Epic Games/UE_4.20/Engine/Binaries/Win64/
LogInit: Installed Engine Build: 1
LogDevObjectVersion: Number of dev versions registered: 20
LogDevObjectVersion:   Dev-Blueprints (B0D832E4-1F89-4F0D-ACCF-7EB736FD4AA2): 10
LogDevObjectVersion:   Dev-Build (E1C64328-A22C-4D53-A36C-8E866417BD8C): 0
LogDevObjectVersion:   Dev-Core (375EC13C-06E4-48FB-B500-84F0262A717E): 2
LogDevObjectVersion:   Dev-Editor (E4B068ED-F494-42E9-A231-DA0B2E46BB41): 24
LogDevObjectVersion:   Dev-Framework (CFFC743F-43B0-4480-9391-14DF171D2073): 34
LogDevObjectVersion:   Dev-Mobile (B02B49B5-BB20-44E9-A304-32B752E40360): 2
LogDevObjectVersion:   Dev-Networking (A4E4105C-59A1-49B5-A7C5-40C4547EDFEE): 0
LogDevObjectVersion:   Dev-Online (39C831C9-5AE6-47DC-9A44-9C173E1C8E7C): 0
LogDevObjectVersion:   Dev-Physics (78F01B33-EBEA-4F98-B9B4-84EACCB95AA2): 0
LogDevObjectVersion:   Dev-Platform (6631380F-2D4D-43E0-8009-CF276956A95A): 0
LogDevObjectVersion:   Dev-Rendering (12F88B9F-8875-4AFC-A67C-D90C383ABD29): 26
LogDevObjectVersion:   Dev-Sequencer (7B5AE74C-D270-4C10-A958-57980B212A5A): 9
LogDevObjectVersion:   Dev-VR (D7296918-1DD6-4BDD-9DE2-64A83CC13884): 2
LogDevObjectVersion:   Dev-LoadTimes (C2A15278-BFE7-4AFE-6C17-90FF531DF755): 1
LogDevObjectVersion:   Private-Geometry (6EACA3D4-40EC-4CC1-B786-8BED09428FC5): 3
LogDevObjectVersion:   Dev-AnimPhys (29E575DD-E0A3-4627-9D10-D276232CDCEA): 17
LogDevObjectVersion:   Dev-ReflectionCapture (6B266CEC-1EC7-4B8F-A30B-E4D90942FC07): 1
LogDevObjectVersion:   Dev-Automation (0DF73D61-A23F-47EA-B727-89E90C41499A): 1
LogDevObjectVersion:   FortniteMain (601D1886-AC64-4F84-AA16-D3DE0DEAC7D6): 12
LogDevObjectVersion:   Dev-Enterprise (9DFFBCD6-494F-0158-E221-12823C92A888): 1
LogStreaming: Display: Took  0.001s to delete old logs.
LogInit: Presizing for max 8388607 objects, including 0 objects not considered by GC, pre-allocating 0 bytes for permanent pool.
LogInit: Object subsystem initialized
[2018.10.24-03.56.20:051][  0]LogInit: Selected Device Profile: [Windows]
[2018.10.24-03.56.20:051][  0]LogInit: Applying CVar settings loaded from the selected device profile: [Windows]
[2018.10.24-03.56.20:087][  0]LogHAL: Display: Platform has ~ 16 GB [17160523776 / 17179869184 / 16], which maps to Larger [LargestMinGB=32, LargerMinGB=12, DefaultMinGB=8, SmallerMinGB=6, SmallestMinGB=0)
[2018.10.24-03.56.20:088][  0]LogInit: Setting Device Profile CVar: [[r.Vulkan.UseRealUBs:1]]
[2018.10.24-03.56.20:088][  0]LogInit: Going up to parent DeviceProfile []
[2018.10.24-03.56.20:096][  0]LogInit: Computer: PETEPC
[2018.10.24-03.56.20:096][  0]LogInit: User: Peter
[2018.10.24-03.56.20:096][  0]LogInit: CPU Page size=4096, Cores=2
[2018.10.24-03.56.20:096][  0]LogInit: High frequency timer resolution =3.727432 MHz
[2018.10.24-03.56.20:096][  0]LogMemory: Memory total: Physical=16.0GB (16GB approx)
[2018.10.24-03.56.20:096][  0]LogMemory: Platform Memory Stats for Windows
[2018.10.24-03.56.20:096][  0]LogMemory: Process Physical Memory: 98.38 MB used, 98.38 MB peak
[2018.10.24-03.56.20:096][  0]LogMemory: Process Virtual Memory: 84.08 MB used, 84.08 MB peak
[2018.10.24-03.56.20:096][  0]LogMemory: Physical Memory: 4788.74 MB used,  11576.81 MB free, 16365.55 MB total
[2018.10.24-03.56.20:096][  0]LogMemory: Virtual Memory: 468.17 MB used,  11576.81 MB free, 134217728.00 MB total
[2018.10.24-03.56.20:377][  0]LogInit: Using OS detected language (en-GB).
[2018.10.24-03.56.20:377][  0]LogInit: Using OS detected locale (en-US).
[2018.10.24-03.56.20:378][  0]LogTextLocalizationManager: No specific localization for 'en-GB' exists, so the 'en' localization will be used.
[2018.10.24-03.56.21:005][  0]LogStreaming: Display: Took  0.628s to InitEngineTextLocalization.
[2018.10.24-03.56.21:006][  0]LogInit: Setting process to per monitor DPI aware
[2018.10.24-03.56.21:117][  0]LogSlate: New Slate User Created.  User Index 0, Is Virtual User: 0
[2018.10.24-03.56.21:117][  0]LogSlate: Slate User Registered.  User Index 0, Is Virtual User: 0
[2018.10.24-03.56.24:022][  0]LogHMD: Failed to initialize OpenVR with code 110
[2018.10.24-03.56.24:022][  0]LogD3D11RHI: D3D11 adapters:
[2018.10.24-03.56.24:071][  0]LogD3D11RHI:    0. 'NVIDIA GeForce GTX 970' (Feature Level 11_0)
[2018.10.24-03.56.24:071][  0]LogD3D11RHI:       3992/0/8182 MB DedicatedVideo/DedicatedSystem/SharedSystem, Outputs:2, VendorId:0x10de
[2018.10.24-03.56.24:072][  0]LogD3D11RHI:    1. 'Microsoft Basic Render Driver' (Feature Level 11_0)
[2018.10.24-03.56.24:072][  0]LogD3D11RHI:       0/0/256 MB DedicatedVideo/DedicatedSystem/SharedSystem, Outputs:0, VendorId:0x1414
[2018.10.24-03.56.24:072][  0]LogD3D11RHI: Chosen D3D11 Adapter: 0
[2018.10.24-03.56.24:078][  0]LogD3D11RHI: Creating new Direct3DDevice
[2018.10.24-03.56.24:078][  0]LogD3D11RHI:     GPU DeviceId: 0x13c2 (for the marketing name, search the web for "GPU Device Id")
[2018.10.24-03.56.24:078][  0]LogWindows: EnumDisplayDevices:
[2018.10.24-03.56.24:078][  0]LogWindows:    0. 'NVIDIA GeForce GTX 970' (P:0 D:1)
[2018.10.24-03.56.24:079][  0]LogWindows:    1. 'NVIDIA GeForce GTX 970' (P:1 D:1)
[2018.10.24-03.56.24:079][  0]LogWindows:    2. 'NVIDIA GeForce GTX 970' (P:0 D:0)
[2018.10.24-03.56.24:079][  0]LogWindows:    3. 'NVIDIA GeForce GTX 970' (P:0 D:0)
[2018.10.24-03.56.24:079][  0]LogWindows: DebugString: FoundDriverCount:4 
[2018.10.24-03.56.24:079][  0]LogD3D11RHI:     Adapter Name: NVIDIA GeForce GTX 970
[2018.10.24-03.56.24:080][  0]LogD3D11RHI:   Driver Version: 391.35 (internal:23.21.13.9135, unified:391.35)
[2018.10.24-03.56.24:080][  0]LogD3D11RHI:      Driver Date: 3-23-2018
[2018.10.24-03.56.24:080][  0]LogRHI: Texture pool is 2794 MB (70% of 3992 MB)
[2018.10.24-03.56.24:108][  0]LogD3D11RHI: Async texture creation enabled
[2018.10.24-03.56.24:139][  0]LogD3D11RHI: GPU Timing Frequency: 1000.000000 (Debug: 2 2)
[2018.10.24-03.56.24:192][  0]LogShaderCompilers: Guid format shader working directory is -25 characters bigger than the processId version (../../../../../../Users/Peter/Documents/GitHub/Playground/UE4Playground/Intermediate/Shaders/WorkingDirectory/6536/).
[2018.10.24-03.56.24:192][  0]LogShaderCompilers: Cleaned the shader compiler working directory 'C:/Users/Peter/AppData/Local/Temp/UnrealShaderWorkingDir/965CE8934586AAF87BF149B5C654E0C9/'.
[2018.10.24-03.56.24:912][  0]LogTemp: Display: Loaded TP AllDesktopTargetPlatform
[2018.10.24-03.56.24:949][  0]LogTemp: Display: Loaded TP MacClientTargetPlatform
[2018.10.24-03.56.24:986][  0]LogTemp: Display: Loaded TP MacNoEditorTargetPlatform
[2018.10.24-03.56.25:024][  0]LogTemp: Display: Loaded TP MacServerTargetPlatform
[2018.10.24-03.56.25:068][  0]LogTemp: Display: Loaded TP MacTargetPlatform
[2018.10.24-03.56.25:111][  0]LogTemp: Display: Loaded TP WindowsClientTargetPlatform
[2018.10.24-03.56.25:155][  0]LogTemp: Display: Loaded TP WindowsNoEditorTargetPlatform
[2018.10.24-03.56.25:196][  0]LogTemp: Display: Loaded TP WindowsServerTargetPlatform
[2018.10.24-03.56.25:224][  0]LogTemp: Display: Loaded TP WindowsTargetPlatform
[2018.10.24-03.56.25:395][  0]LogTemp: Display: Loaded TP AndroidTargetPlatform
[2018.10.24-03.56.25:395][  0]LogTemp: Display: Loaded TP AndroidTargetPlatform
[2018.10.24-03.56.25:395][  0]LogTemp: Display: Loaded TP AndroidTargetPlatform
[2018.10.24-03.56.25:395][  0]LogTemp: Display: Loaded TP AndroidTargetPlatform
[2018.10.24-03.56.25:395][  0]LogTemp: Display: Loaded TP AndroidTargetPlatform
[2018.10.24-03.56.25:395][  0]LogTemp: Display: Loaded TP AndroidTargetPlatform
[2018.10.24-03.56.25:395][  0]LogTemp: Display: Loaded TP AndroidTargetPlatform
[2018.10.24-03.56.25:395][  0]LogTemp: Display: Loaded TP AndroidTargetPlatform
[2018.10.24-03.56.25:395][  0]LogTemp: Display: Loaded TP AndroidTargetPlatform
[2018.10.24-03.56.25:395][  0]LogTemp: Display: Loaded TP AndroidTargetPlatform
[2018.10.24-03.56.25:395][  0]LogTemp: Display: Loaded TP AndroidTargetPlatform
[2018.10.24-03.56.25:395][  0]LogTemp: Display: Loaded TP AndroidTargetPlatform
[2018.10.24-03.56.25:395][  0]LogTemp: Display: Loaded TP AndroidTargetPlatform
[2018.10.24-03.56.25:395][  0]LogTemp: Display: Loaded TP AndroidTargetPlatform
[2018.10.24-03.56.25:395][  0]LogTemp: Display: Loaded TP AndroidTargetPlatform
[2018.10.24-03.56.25:395][  0]LogTemp: Display: Loaded TP AndroidTargetPlatform
[2018.10.24-03.56.25:395][  0]LogTemp: Display: Loaded TP AndroidTargetPlatform
[2018.10.24-03.56.25:395][  0]LogTemp: Display: Loaded TP AndroidTargetPlatform
[2018.10.24-03.56.25:413][  0]LogTemp: Display: Loaded TP HTML5TargetPlatform
[2018.10.24-03.56.25:560][  0]LogTemp: Display: Loaded TP IOSTargetPlatform
[2018.10.24-03.56.25:560][  0]LogTemp: Display: Loaded TP IOSTargetPlatform
[2018.10.24-03.56.25:616][  0]LogTemp: Display: Loaded TP TVOSTargetPlatform
[2018.10.24-03.56.25:616][  0]LogTemp: Display: Loaded TP TVOSTargetPlatform
[2018.10.24-03.56.25:654][  0]LogTemp: Display: Loaded TP LinuxClientTargetPlatform
[2018.10.24-03.56.25:691][  0]LogTemp: Display: Loaded TP LinuxNoEditorTargetPlatform
[2018.10.24-03.56.25:727][  0]LogTemp: Display: Loaded TP LinuxServerTargetPlatform
[2018.10.24-03.56.25:773][  0]LogTemp: Display: Loaded TP LinuxTargetPlatform
[2018.10.24-03.56.25:803][  0]LogTemp: Display: Loaded TP LuminTargetPlatform
[2018.10.24-03.56.25:803][  0]LogTargetPlatformManager: Display: Building Assets For Windows
[2018.10.24-03.56.26:254][  0]LogXGEController: Cleaning working directory: C:/Users/Peter/AppData/Local/Temp/UnrealXGEWorkingDir/
[2018.10.24-03.56.26:255][  0]LogXGEController: Cannot use XGE Controller as Incredibuild is not installed on this machine.
[2018.10.24-03.56.26:255][  0]LogShaderCompilers: Cannot use XGE Shader Compiler as Incredibuild is not installed on this machine.
[2018.10.24-03.56.26:255][  0]LogShaderCompilers: Display: Using Local Shader Compiler.
[2018.10.24-03.56.29:349][  0]LogDerivedDataCache: Display: Max Cache Size: 512 MB
[2018.10.24-03.56.29:884][  0]LogDerivedDataCache: Loaded boot cache 0.53s 74MB C:/Users/Peter/AppData/Local/UnrealEngine/4.20/DerivedDataCache/Boot.ddc.
[2018.10.24-03.56.29:884][  0]LogDerivedDataCache: Display: Loaded Boot cache: C:/Users/Peter/AppData/Local/UnrealEngine/4.20/DerivedDataCache/Boot.ddc
[2018.10.24-03.56.29:884][  0]LogDerivedDataCache: FDerivedDataBackendGraph:  Pak pak cache file ../../../../../../Users/Peter/Documents/GitHub/Playground/UE4Playground/DerivedDataCache/DDC.ddp not found, will not use a pak cache.
[2018.10.24-03.56.29:884][  0]LogDerivedDataCache: Unable to find inner node Pak for hierarchical cache Hierarchy.
[2018.10.24-03.56.29:884][  0]LogDerivedDataCache: FDerivedDataBackendGraph:  CompressedPak pak cache file ../../../../../../Users/Peter/Documents/GitHub/Playground/UE4Playground/DerivedDataCache/Compressed.ddp not found, will not use a pak cache.
[2018.10.24-03.56.29:884][  0]LogDerivedDataCache: Unable to find inner node CompressedPak for hierarchical cache Hierarchy.
[2018.10.24-03.56.29:924][  0]LogDerivedDataCache: Display: Pak cache opened for reading ../../../Engine/DerivedDataCache/Compressed.ddp.
[2018.10.24-03.56.29:936][  0]LogDerivedDataCache: Using Local data cache path C:/Users/Peter/AppData/Local/UnrealEngine/Common/DerivedDataCache: Writable
[2018.10.24-03.56.29:936][  0]LogDerivedDataCache: Shared data cache path not found in *engine.ini, will not use an Shared cache.
[2018.10.24-03.56.29:936][  0]LogDerivedDataCache: Unable to find inner node Shared for hierarchical cache Hierarchy.
[2018.10.24-03.56.29:973][  0]LogMaterial: Verifying Global Shaders for PCD3D_SM5
[2018.10.24-03.56.29:979][  0]LogSlate: Using FreeType 2.6.0
[2018.10.24-03.56.30:000][  0]LogSlate: SlateFontServices - WITH_FREETYPE: 1, WITH_HARFBUZZ: 1
[2018.10.24-03.56.30:327][  0]LogAssetRegistry: FAssetRegistry took 0.0323 seconds to start up
[2018.10.24-03.56.30:951][  0]LogInit: Selected Device Profile: [Windows]
[2018.10.24-03.56.31:463][  0]LogSimplygon: Simplygon DLL not present - disabling.
[2018.10.24-03.56.31:514][  0]LogMeshReduction: Using SimplygonSwarm for distributed automatic mesh merging
[2018.10.24-03.56.31:515][  0]LogMeshReduction: Using ProxyLODMeshReduction for automatic mesh merging
[2018.10.24-03.56.31:515][  0]LogMeshReduction: Using QuadricMeshReduction for automatic static mesh reduction
[2018.10.24-03.56.31:515][  0]LogMeshReduction: No automatic skeletal mesh reduction module available
[2018.10.24-03.56.31:592][  0]LogNetVersion: UE4Playground 1.0.0, NetCL: 4212847, EngineNetVer: 5, GameNetVer: 0 (Checksum: 3127828240)
[2018.10.24-03.56.33:231][  0]LogPackageLocalizationCache: Processed 11 localized package path(s) for 2 prioritized culture(s) in 0.170546 seconds
[2018.10.24-03.56.33:242][  0]LogUObjectArray: 38425 objects as part of root set at end of initial load.
[2018.10.24-03.56.33:242][  0]LogUObjectAllocator: 6690872 out of 0 bytes used by permanent object pool.
[2018.10.24-03.56.33:242][  0]LogUObjectArray: CloseDisregardForGC: 0/0 objects in disregard for GC pool
[2018.10.24-03.56.37:788][  0]LogTcpMessaging: Initializing TcpMessaging bridge
[2018.10.24-03.56.37:820][  0]LogUdpMessaging: Initializing bridge on interface 0.0.0.0:0 to multicast group 230.0.0.1:6666.
[2018.10.24-03.56.39:390][  0]SourceControl: Source control is disabled
[2018.10.24-03.56.39:390][  0]SourceControl: Source control is disabled
[2018.10.24-03.56.39:420][  0]SourceControl: Source control is disabled
[2018.10.24-03.56.39:440][  0]SourceControl: Source control is disabled
[2018.10.24-03.56.40:317][  0]LogAndroidPermission: UAndroidPermissionCallbackProxy::GetInstance
[2018.10.24-03.56.40:497][  0]LogOcInput: OculusInput pre-init called
[2018.10.24-03.56.40:708][  0]LogEngine: Initializing Engine...
[2018.10.24-03.56.40:711][  0]LogHMD: Failed to initialize OpenVR with code 110
[2018.10.24-03.56.40:714][  0]LogStats: UGameplayTagsManager::ConstructGameplayTagTree: ImportINI prefixes -  0.001 s
[2018.10.24-03.56.40:714][  0]LogStats: UGameplayTagsManager::ConstructGameplayTagTree: Construct from data asset -  0.000 s
[2018.10.24-03.56.40:714][  0]LogStats: UGameplayTagsManager::ConstructGameplayTagTree: ImportINI -  0.000 s
[2018.10.24-03.56.40:714][  0]LogStats: UGameplayTagsManager::ConstructGameplayTagTree: GameplayTagTreeChangedEvent.Broadcast -  0.000 s
[2018.10.24-03.56.41:319][  0]LogInit: Initializing FReadOnlyCVARCache
[2018.10.24-03.56.41:377][  0]LogAIModule: Creating AISystem for world Untitled
[2018.10.24-03.56.41:400][  0]LogInit: XAudio2 using 'Speakers (2- High Definition Audio Device)' : 2 channels at 44.1 kHz using 16 bits per sample (channel mask 0x3)
[2018.10.24-03.56.41:420][  0]LogInit: FAudioDevice initialized.
[2018.10.24-03.56.41:420][  0]LogNetVersion: Set ProjectVersion to 1.0.0.0. Version Checksum will be recalculated on next use.
[2018.10.24-03.56.41:573][  0]LogDerivedDataCache: Saved boot cache 0.15s 74MB C:/Users/Peter/AppData/Local/UnrealEngine/4.20/DerivedDataCache/Boot.ddc.
[2018.10.24-03.56.41:578][  0]LogInit: Texture streaming: Enabled
[2018.10.24-03.56.41:679][  0]LogEngineSessionManager: EngineSessionManager initialized
[2018.10.24-03.56.41:719][  0]LogInit: Transaction tracking system initialized
[2018.10.24-03.56.41:869][  0]BlueprintLog: New page: Editor Load
[2018.10.24-03.56.42:531][  0]LocalizationService: Localization service is disabled
[2018.10.24-03.56.43:553][  0]LogCook: Display: Max memory allowance for cook 16384mb min free memory 0mb
[2018.10.24-03.56.43:554][  0]LogCook: Display: Mobile HDR setting 1
[2018.10.24-03.56.43:554][  0]LogGameplayTags: Display: UGameplayTagsManager::DoneAddingNativeTags. DelegateIsBound: 0
[2018.10.24-03.56.43:554][  0]LogStats: UGameplayTagsManager::ConstructGameplayTagTree: ImportINI prefixes -  0.000 s
[2018.10.24-03.56.43:554][  0]LogStats: UGameplayTagsManager::ConstructGameplayTagTree: Construct from data asset -  0.000 s
[2018.10.24-03.56.43:554][  0]LogStats: UGameplayTagsManager::ConstructGameplayTagTree: ImportINI -  0.000 s
[2018.10.24-03.56.43:554][  0]LogStats: UGameplayTagsManager::ConstructGameplayTagTree: GameplayTagTreeChangedEvent.Broadcast -  0.000 s
[2018.10.24-03.56.43:914][  0]LogFileCache: Scanning file cache for directory 'C:/Users/Peter/Documents/GitHub/Playground/UE4Playground/Content/' took 0.02s
[2018.10.24-03.56.44:363][  0]SourceControl: Source control is disabled
[2018.10.24-03.56.44:364][  0]Cmd: MAP LOAD FILE="../../../../../../Users/Peter/Documents/GitHub/Playground/UE4Playground/Content/FirstPersonCPP/Maps/FirstPersonExampleMap.umap" TEMPLATE=0 SHOWPROGRESS=1 FEATURELEVEL=3
[2018.10.24-03.56.44:373][  0]LightingResults: New page: Lighting Build
[2018.10.24-03.56.44:382][  0]MapCheck: New page: Map Check
[2018.10.24-03.56.44:382][  0]LightingResults: New page: Lighting Build
[2018.10.24-03.56.44:962][  0]LogAIModule: Creating AISystem for world FirstPersonExampleMap
[2018.10.24-03.56.45:002][  0]LogEditorServer: Finished looking for orphan Actors (0.000 secs)
[2018.10.24-03.56.45:057][  0]Cmd: MAP CHECKDEP NOCLEARLOG
[2018.10.24-03.56.45:152][  0]MapCheck: Map check complete: 0 Error(s), 0 Warning(s), took 94.871ms to complete.
[2018.10.24-03.56.45:153][  0]LogFileHelpers: Loading map 'FirstPersonExampleMap' took 0.789
[2018.10.24-03.56.45:407][  0]LogSlate: Updating window title bar state: overlay mode, drag disabled, window buttons hidden, title bar hidden
[2018.10.24-03.56.45:426][  0]LogSlate: Updating window title bar state: overlay mode, drag disabled, window buttons hidden, title bar hidden
[2018.10.24-03.56.45:439][  0]LogSlate: Updating window title bar state: overlay mode, drag disabled, window buttons hidden, title bar hidden
[2018.10.24-03.56.45:450][  0]LogSlate: Updating window title bar state: overlay mode, drag disabled, window buttons hidden, title bar hidden
[2018.10.24-03.56.45:479][  0]LogCollectionManager: Loaded 0 collections in 0.002154 seconds
[2018.10.24-03.56.45:544][  0]LogFileCache: Scanning file cache for directory 'C:/Users/Peter/Documents/GitHub/Playground/UE4Playground/Saved/Collections/' took 0.01s
[2018.10.24-03.56.45:544][  0]LogFileCache: Scanning file cache for directory 'C:/Users/Peter/Documents/GitHub/Playground/UE4Playground/Content/Developers/Peter/Collections/' took 0.01s
[2018.10.24-03.56.45:544][  0]LogFileCache: Scanning file cache for directory 'C:/Users/Peter/Documents/GitHub/Playground/UE4Playground/Content/Collections/' took 0.01s
[2018.10.24-03.56.45:544][  0]LogCollectionManager: Rebuilt the GUID cache for 0 collections in 0.000000 seconds
[2018.10.24-03.56.45:566][  0]LogContentBrowser: Native class hierarchy populated in 0.0215 seconds. Added 2577 classes and 605 folders.
[2018.10.24-03.56.45:575][  0]LogContentBrowser: Native class hierarchy updated for 'WidgetCarousel' in 0.0004 seconds. Added 0 classes and 0 folders.
[2018.10.24-03.56.46:017][  0]LogContentBrowser: Native class hierarchy updated for 'AddContentDialog' in 0.0004 seconds. Added 0 classes and 0 folders.
[2018.10.24-03.56.46:046][  0]LogContentBrowser: Native class hierarchy updated for 'SceneOutliner' in 0.0005 seconds. Added 1 classes and 2 folders.
[2018.10.24-03.56.46:113][  0]LogSlate: Took 0.007202 seconds to synchronously load lazily loaded font '../../../Engine/Content/Slate/Fonts/Roboto-Regular.ttf' (155K)
[2018.10.24-03.56.46:122][  0]LogSlate: Took 0.006478 seconds to synchronously load lazily loaded font '../../../Engine/Content/Slate/Fonts/Roboto-Bold.ttf' (160K)
[2018.10.24-03.56.46:138][  0]LogSlate: Took 0.007335 seconds to synchronously load lazily loaded font '../../../Engine/Content/Editor/Slate/Fonts/FontAwesome.ttf' (139K)
[2018.10.24-03.56.46:334][  0]LogRenderer: Reallocating scene render targets to support 1208x576 Format 10 NumSamples 1 (Frame:1).
[2018.10.24-03.56.46:593][  0]LogContentBrowser: Native class hierarchy updated for 'HierarchicalLODOutliner' in 0.0005 seconds. Added 0 classes and 0 folders.
[2018.10.24-03.56.46:593][  0]LogLoad: (Engine Initialization) Total time: 32.26 seconds
[2018.10.24-03.56.46:593][  0]LogLoad: (Engine Initialization) Total Blueprint compile time: 0.00 seconds
[2018.10.24-03.56.46:633][  0]LogContentStreaming: Texture pool size now 1000 MB
[2018.10.24-03.56.46:675][  0]LogSlate: Took 0.018348 seconds to synchronously load lazily loaded font '../../../Engine/Content/Slate/Fonts/Roboto-Light.ttf' (167K)
[2018.10.24-03.56.46:822][  2]LogAssetRegistry: Asset discovery search completed in 16.5172 seconds
[2018.10.24-03.56.46:824][  2]LogCollectionManager: Rebuilt the object cache for 0 collections in 0.000000 seconds (found 0 objects)
[2018.10.24-03.56.46:824][  2]LogCollectionManager: Fixed up redirectors for 0 collections in 0.000164 seconds (updated 0 objects)
[2018.10.24-03.57.05:563][ 58]LogSlate: FSceneViewport::OnFocusLost() reason 0
[2018.10.24-03.57.05:664][ 66]LogSlate: Took 0.000278 seconds to synchronously load lazily loaded font '../../../Engine/Content/Slate/Fonts/Roboto-Light.ttf' (167K)
[2018.10.24-03.57.05:673][ 66]LogAssetEditorManager: Opening Asset editor for Blueprint /Game/FirstPersonCPP/Blueprints/BP_TPProjectile.BP_TPProjectile
[2018.10.24-03.57.06:683][ 66]LogContentBrowser: Native class hierarchy updated for 'BlueprintGraph' in 0.0011 seconds. Added 116 classes and 0 folders.
[2018.10.24-03.57.21:728][556]LogSlate: Window 'BP_TPProjectile' being destroyed
[2018.10.24-03.57.21:730][556]LogSlate: Window 'BP_TPProjectile' being destroyed
[2018.10.24-03.58.02:333][501]LogAssetEditorManager: Opening Asset editor for Blueprint /Game/FirstPersonCPP/Blueprints/BP_TPProjectile.BP_TPProjectile
[2018.10.24-03.58.05:774][727]LogSlate: Window 'BP_TPProjectile' being destroyed
[2018.10.24-03.58.05:782][727]LogSlate: Window 'BP_TPProjectile' being destroyed
[2018.10.24-04.02.38:141][902]LogHotReload: New module detected: UE4Editor-UE4Playground-1204.dll
[2018.10.24-04.02.40:228][909]LogHotReload: Starting Hot-Reload from IDE
[2018.10.24-04.02.40:394][909]LogClass: Eweapon HotReload.
[2018.10.24-04.02.40:404][909]LogContentBrowser: Native class hierarchy updated for 'UE4Playground' in 0.0006 seconds. Added 5 classes and 2 folders.
[2018.10.24-04.02.40:410][909]Display: HotReload successful (2 functions remapped  0 scriptstructs remapped)
[2018.10.24-04.02.41:119][909]LogContentBrowser: Native class hierarchy populated in 0.0215 seconds. Added 2578 classes and 607 folders.
[2018.10.24-04.02.41:134][909]Display: HotReload took  0.9s.
[2018.10.24-04.38.15:982][560]Candidate modules for hot reload:
[2018.10.24-04.38.15:982][560]  UE4Playground
[2018.10.24-04.38.15:982][560]Launching UnrealBuildTool... [C:/Program Files/Epic Games/UE_4.20/Engine/Binaries/DotNET/UnrealBuildTool.exe  -ModuleWithSuffix=UE4Playground,6168 Win64 Development -TargetType=Editor -Project="../../../../../../Users/Peter/Documents/GitHub/Playground/UE4Playground/UE4Playground.uproject" -canskiplink "C:/Users/Peter/Documents/GitHub/Playground/UE4Playground/UE4Playground.uproject" ]
[2018.10.24-04.38.15:984][560]Warning: Starting HotReload took  0.0s.
[2018.10.24-04.39.04:411][ 81]CompilerResultsLog: New page: Compilation - Oct 23, 2018, 6:39:04 PM
[2018.10.24-04.39.04:411][ 81]CompilerResultsLog: Using 'git status' to determine working set for adaptive non-unity build.
[2018.10.24-04.39.04:411][ 81]CompilerResultsLog: Creating makefile for hot reloading UE4PlaygroundEditor (modules to compile have changed)
[2018.10.24-04.39.04:412][ 81]CompilerResultsLog: Compiling game modules for hot reload
[2018.10.24-04.39.04:412][ 81]CompilerResultsLog: Using Visual Studio 2015 14.0 toolchain (C:\Program Files (x86)\Microsoft Visual Studio 14.0\VC) and Windows 10.0.14393.0 SDK (C:\Program Files (x86)\Windows Kits\10).
[2018.10.24-04.39.04:412][ 81]CompilerResultsLog: Parsing headers for UE4PlaygroundEditor
[2018.10.24-04.39.04:412][ 81]CompilerResultsLog:   Running UnrealHeaderTool "C:\Users\Peter\Documents\GitHub\Playground\UE4Playground\UE4Playground.uproject" "C:\Users\Peter\Documents\GitHub\Playground\UE4Playground\Intermediate\Build\Win64\UE4PlaygroundEditor\Development\UE4PlaygroundEditor.uhtmanifest" -LogCmds="loginit warning, logexit warning, logdatabase error" -Unattended -WarningsAsErrors -installed
[2018.10.24-04.39.04:412][ 81]CompilerResultsLog: Error: C:/Users/Peter/Documents/GitHub/Playground/UE4Playground/Source/UE4Playground/UE4PlaygroundProjectile.h(22)  : LogCompile: Error: BlueprintReadWrite should not be used on private members
[2018.10.24-04.39.04:412][ 81]CompilerResultsLog: Error: UnrealHeaderTool failed for target 'UE4PlaygroundEditor' (platform: Win64, module info: C:\Users\Peter\Documents\GitHub\Playground\UE4Playground\Intermediate\Build\Win64\UE4PlaygroundEditor\Development\UE4PlaygroundEditor.uhtmanifest, exit code: OtherCompilationError (5)).
[2018.10.24-04.39.04:412][ 81]LogMainFrame: MainFrame: Module compiling took 48.445 seconds
[2018.10.24-04.39.04:412][ 81]Warning: HotReload failed, recompile failed
[2018.10.24-04.45.59:626][621]LogSlate: Window 'Message Log' being destroyed
[2018.10.24-04.45.59:629][621]LogSlate: Window 'Message Log' being destroyed
[2018.10.24-04.46.00:964][763]LogAssetEditorManager: Opening Asset editor for Blueprint /Game/FirstPersonCPP/Blueprints/BP_TPProjectile.BP_TPProjectile
[2018.10.24-04.46.16:204][430]LogSlate: Window 'BP_TPProjectile' being destroyed
[2018.10.24-04.46.16:314][430]LogAssetEditorManager: Opening Asset editor for Blueprint /Game/FirstPersonCPP/Blueprints/BP_TPProjectile.BP_TPProjectile
[2018.10.24-04.46.16:831][430]LogSlate: Took 0.007005 seconds to synchronously load lazily loaded font '../../../Engine/Content/Slate/Fonts/Roboto-BoldCondensed.ttf' (158K)
[2018.10.24-04.46.31:923][785]LogSlate: Took 0.006535 seconds to synchronously load lazily loaded font '../../../Engine/Content/Slate/Fonts/Roboto-Italic.ttf' (157K)
[2018.10.24-04.46.52:981][649]LogSlate: Window 'BP_TPProjectile' being destroyed
[2018.10.24-04.46.52:984][649]LogSlate: Window 'BP_TPProjectile' being destroyed
[2018.10.24-04.47.03:721][769]LogAssetEditorManager: Opening Asset editor for Blueprint /Game/FirstPersonCPP/Blueprints/BP_TPProjectile.BP_TPProjectile
[2018.10.24-04.49.34:963][821]LogEditorTransaction: Undo Move Node
[2018.10.24-04.49.35:368][848]LogEditorTransaction: Undo Move Node
[2018.10.24-04.49.35:612][867]LogEditorTransaction: Undo Create Pin Link
[2018.10.24-04.49.36:125][916]LogEditorTransaction: Undo Move Node
[2018.10.24-04.49.36:587][959]LogEditorTransaction: Undo Move Node
[2018.10.24-04.49.36:933][991]LogEditorTransaction: Undo Move Node
[2018.10.24-04.49.37:300][ 25]LogEditorTransaction: Undo Move Node
[2018.10.24-04.49.37:669][ 59]LogEditorTransaction: Undo Move Node
[2018.10.24-04.49.37:970][ 86]LogEditorTransaction: Undo Add Node
[2018.10.24-04.49.38:225][109]LogEditorTransaction: Undo Move Node
[2018.10.24-04.49.38:627][148]LogEditorTransaction: Undo Move Node
[2018.10.24-04.49.39:132][198]LogEditorTransaction: Undo Add Node
[2018.10.24-04.53.50:376][200]BlueprintLog: New page: Compile BP_TPProjectile
[2018.10.24-04.54.08:991][799]LogRenderer: Reallocating scene render targets to support 1208x648 Format 10 NumSamples 1 (Frame:1).
[2018.10.24-04.54.58:189][207]LogFileHelpers: Editor autosave (incl. sublevels) for '/Game/FirstPersonCPP/Maps/FirstPersonExampleMap' took 0.089
[2018.10.24-04.54.58:192][207]OBJ SavePackage: Generating thumbnails for [1] asset(s) in package [/Game/FirstPersonCPP/Blueprints/BP_TPProjectile] ([1] browsable assets)...
[2018.10.24-04.54.58:240][207]OBJ SavePackage:     Rendered thumbnail for [Blueprint /Game/FirstPersonCPP/Blueprints/BP_TPProjectile.BP_TPProjectile]
[2018.10.24-04.54.58:240][207]OBJ SavePackage: Finished generating thumbnails for package [/Game/FirstPersonCPP/Blueprints/BP_TPProjectile]
[2018.10.24-04.54.58:294][207]LogSavePackage: Moving '../../../../../../Users/Peter/Documents/GitHub/Playground/UE4Playground/Saved/BP_TPProjectile_Auto134B41476440249852272D0920B164CEF.tmp' to '../../../../../../Users/Peter/Documents/GitHub/Playground/UE4Playground/Saved/Autosaves/Game/FirstPersonCPP/Blueprints/BP_TPProjectile_Auto1.uasset'
[2018.10.24-04.54.58:297][207]LogFileHelpers: Auto-saving content packages took 0.107
[2018.10.24-04.57.46:077][740]LogSlate: Window 'BP_TPProjectile*' being destroyed
[2018.10.24-04.57.46:080][740]LogSlate: Window 'BP_TPProjectile*' being destroyed
[2018.10.24-04.57.50:152][180]LogAssetEditorManager: Opening Asset editor for Blueprint /Game/FirstPersonCPP/Blueprints/BP_TPProjectile.BP_TPProjectile
[2018.10.24-04.57.54:955][484]LogSavePackage: Moving '../../../../../../Users/Peter/Documents/GitHub/Playground/UE4Playground/Saved/BP_TPProjectileEA90601F49358E8116FB69963C7DBB6A.tmp' to '../../../../../../Users/Peter/Documents/GitHub/Playground/UE4Playground/Content/FirstPersonCPP/Blueprints/BP_TPProjectile.uasset'
[2018.10.24-04.59.23:825][447]LogAssetEditorManager: Opening Asset editor for Blueprint /Game/FirstPersonCPP/Blueprints/FirstPersonProjectile.FirstPersonProjectile
[2018.10.24-05.03.24:164][588]LogSlate: Window 'FirstPersonProjectile' being destroyed
[2018.10.24-05.03.24:166][588]LogSlate: Window 'FirstPersonProjectile' being destroyed
[2018.10.24-05.03.24:272][588]LogActorComponent: UnregisterComponent: (/Engine/Transient.EditorFloorComp) Not registered. Aborting.
[2018.10.24-05.03.25:796][738]LogAssetEditorManager: Opening Asset editor for Blueprint /Game/FirstPersonCPP/Blueprints/BP_TPProjectile.BP_TPProjectile
[2018.10.24-05.03.40:126][911]LogSlate: Window 'BP_TPProjectile' being destroyed
[2018.10.24-05.03.40:129][911]LogSlate: Window 'BP_TPProjectile' being destroyed
[2018.10.24-05.03.41:274][ 34]Candidate modules for hot reload:
[2018.10.24-05.03.41:274][ 34]  UE4Playground
[2018.10.24-05.03.41:274][ 34]Launching UnrealBuildTool... [C:/Program Files/Epic Games/UE_4.20/Engine/Binaries/DotNET/UnrealBuildTool.exe  -ModuleWithSuffix=UE4Playground,7993 Win64 Development -TargetType=Editor -Project="../../../../../../Users/Peter/Documents/GitHub/Playground/UE4Playground/UE4Playground.uproject" -canskiplink "C:/Users/Peter/Documents/GitHub/Playground/UE4Playground/UE4Playground.uproject" ]
[2018.10.24-05.03.41:276][ 34]Warning: Starting HotReload took  0.0s.
[2018.10.24-05.03.50:821][  7]LogAssetEditorManager: Opening Asset editor for Blueprint /Game/FirstPersonCPP/Blueprints/FirstPersonProjectile.FirstPersonProjectile
[2018.10.24-05.03.51:563][ 17]CompilerResultsLog: New page: Compilation - Oct 23, 2018, 7:03:51 PM
[2018.10.24-05.03.51:563][ 17]CompilerResultsLog: Using 'git status' to determine working set for adaptive non-unity build.
[2018.10.24-05.03.51:563][ 17]CompilerResultsLog: Creating makefile for hot reloading UE4PlaygroundEditor (modules to compile have changed)
[2018.10.24-05.03.51:563][ 17]CompilerResultsLog: Compiling game modules for hot reload
[2018.10.24-05.03.51:563][ 17]CompilerResultsLog: Using Visual Studio 2015 14.0 toolchain (C:\Program Files (x86)\Microsoft Visual Studio 14.0\VC) and Windows 10.0.14393.0 SDK (C:\Program Files (x86)\Windows Kits\10).
[2018.10.24-05.03.51:563][ 17]CompilerResultsLog: Target is up to date
[2018.10.24-05.03.51:563][ 17]CompilerResultsLog: Total build time: 9.89 seconds (NoActionsToExecute executor: 0.00 seconds)
[2018.10.24-05.03.51:563][ 17]LogMainFrame: MainFrame: Module compiling took 10.301 seconds
[2018.10.24-05.03.52:051][ 17]LogContentBrowser: Native class hierarchy populated in 0.0177 seconds. Added 2578 classes and 607 folders.
[2018.10.24-05.03.52:051][ 17]Display: HotReload took 10.8s.
[2018.10.24-05.04.03:650][977]LogSlate: Window 'FirstPersonProjectile' being destroyed
[2018.10.24-05.04.03:653][977]LogSlate: Window 'FirstPersonProjectile' being destroyed
[2018.10.24-05.04.04:871][ 81]LogSlate: Window 'UE4Playground - Unreal Editor' being destroyed
[2018.10.24-05.04.04:871][ 81]LogWindowsTextInputMethodSystem: Display: IME system now deactivated.
[2018.10.24-05.04.05:080][ 82]Cmd: QUIT_EDITOR
[2018.10.24-05.04.05:136][ 82]LogExit: Preparing to exit.
[2018.10.24-05.04.06:371][ 82]LogExit: Editor shut down
[2018.10.24-05.04.06:371][ 82]LogExit: Transaction tracking system shut down
[2018.10.24-05.04.06:861][ 82]LogExit: Object subsystem successfully closed.
[2018.10.24-05.04.06:875][ 82]LogShaderCompilers: Display: Shaders left to compile 0
[2018.10.24-05.04.06:879][ 82]LogD3D11RHI: Shutdown
[2018.10.24-05.04.06:879][ 82]LogD3D11RHI: CleanupD3DDevice
[2018.10.24-05.04.06:882][ 82]LogD3D11RHI: ~FD3D11DynamicRHI
[2018.10.24-05.04.06:919][ 82]LogModuleManager: Shutting down and abandoning module UE4Playground (615)
[2018.10.24-05.04.06:919][ 82]LogModuleManager: Shutting down and abandoning module BlueprintGraph (614)
[2018.10.24-05.04.06:919][ 82]LogModuleManager: Shutting down and abandoning module HierarchicalLODOutliner (612)
[2018.10.24-05.04.06:919][ 82]LogModuleManager: Shutting down and abandoning module SceneOutliner (610)
[2018.10.24-05.04.06:919][ 82]LogModuleManager: Shutting down and abandoning module AddContentDialog (608)
[2018.10.24-05.04.06:922][ 82]LogModuleManager: Shutting down and abandoning module WidgetCarousel (607)
[2018.10.24-05.04.06:922][ 82]LogModuleManager: Shutting down and abandoning module EditorWidgets (604)
[2018.10.24-05.04.06:922][ 82]LogModuleManager: Shutting down and abandoning module CollectionManager (602)
[2018.10.24-05.04.06:923][ 82]LogModuleManager: Shutting down and abandoning module StatsViewer (600)
[2018.10.24-05.04.06:923][ 82]LogModuleManager: Shutting down and abandoning module FoliageEdit (598)
[2018.10.24-05.04.06:923][ 82]LogModuleManager: Shutting down and abandoning module LandscapeEditor (596)
[2018.10.24-05.04.06:924][ 82]LogModuleManager: Shutting down and abandoning module MeshPaintMode (594)
[2018.10.24-05.04.06:924][ 82]LogModuleManager: Shutting down and abandoning module SceneDepthPickerMode (592)
[2018.10.24-05.04.06:924][ 82]LogModuleManager: Shutting down and abandoning module ActorPickerMode (590)
[2018.10.24-05.04.06:924][ 82]LogModuleManager: Shutting down and abandoning module GeometryMode (588)
[2018.10.24-05.04.06:924][ 82]LogModuleManager: Shutting down and abandoning module TextureAlignMode (586)
[2018.10.24-05.04.06:924][ 82]LogModuleManager: Shutting down and abandoning module BspMode (584)
[2018.10.24-05.04.06:924][ 82]LogModuleManager: Shutting down and abandoning module PIEPreviewDeviceProfileSelector (582)
[2018.10.24-05.04.06:924][ 82]LogModuleManager: Shutting down and abandoning module SequenceRecorderSections (580)
[2018.10.24-05.04.06:924][ 82]LogModuleManager: Shutting down and abandoning module AutomationWorker (578)
[2018.10.24-05.04.06:924][ 82]LogModuleManager: Shutting down and abandoning module AudioCaptureEditor (576)
[2018.10.24-05.04.06:924][ 82]LogModuleManager: Shutting down and abandoning module SequenceRecorder (575)
[2018.10.24-05.04.06:924][ 82]LogModuleManager: Shutting down and abandoning module MatineeToLevelSequence (572)
[2018.10.24-05.04.06:924][ 82]LogModuleManager: Shutting down and abandoning module LevelSequenceEditor (570)
[2018.10.24-05.04.06:925][ 82]LogModuleManager: Shutting down and abandoning module PlacementMode (569)
[2018.10.24-05.04.06:925][ 82]LogModuleManager: Shutting down and abandoning module MaterialEditor (568)
[2018.10.24-05.04.06:926][ 82]LogModuleManager: Shutting down and abandoning module WmfMediaFactory (564)
[2018.10.24-05.04.06:926][ 82]LogModuleManager: Shutting down and abandoning module WmfMediaEditor (562)
[2018.10.24-05.04.06:926][ 82]LogModuleManager: Shutting down and abandoning module MediaPlayerEditor (560)
[2018.10.24-05.04.06:927][ 82]LogModuleManager: Shutting down and abandoning module OpenExrWrapper (558)
[2018.10.24-05.04.06:927][ 82]LogModuleManager: Shutting down and abandoning module ImgMediaFactory (556)
[2018.10.24-05.04.06:927][ 82]LogModuleManager: Shutting down and abandoning module ImgMediaEditor (554)
[2018.10.24-05.04.06:927][ 82]LogModuleManager: Shutting down and abandoning module AvfMediaFactory (552)
[2018.10.24-05.04.06:927][ 82]LogModuleManager: Shutting down and abandoning module AvfMediaEditor (550)
[2018.10.24-05.04.06:927][ 82]LogModuleManager: Shutting down and abandoning module AndroidMediaFactory (548)
[2018.10.24-05.04.06:927][ 82]LogModuleManager: Shutting down and abandoning module AndroidMediaEditor (546)
[2018.10.24-05.04.06:927][ 82]LogModuleManager: Shutting down and abandoning module MagicLeapCameraPreviewFactory (544)
[2018.10.24-05.04.06:927][ 82]LogModuleManager: Shutting down and abandoning module MagicLeapMediaFactory (542)
[2018.10.24-05.04.06:927][ 82]LogModuleManager: Shutting down and abandoning module MagicLeapMediaEditor (540)
[2018.10.24-05.04.06:927][ 82]LogModuleManager: Shutting down and abandoning module CharacterAI (538)
[2018.10.24-05.04.06:927][ 82]LogModuleManager: Shutting down and abandoning module SmartSnapping (536)
[2018.10.24-05.04.06:927][ 82]LogModuleManager: Shutting down and abandoning module SessionServices (534)
[2018.10.24-05.04.06:927][ 82]LogModuleManager: Shutting down and abandoning module ViewportSnapping (532)
[2018.10.24-05.04.06:927][ 82]LogModuleManager: Shutting down and abandoning module ViewportInteraction (530)
[2018.10.24-05.04.06:927][ 82]LogModuleManager: Shutting down and abandoning module ClothPainter (528)
[2018.10.24-05.04.06:927][ 82]LogModuleManager: Shutting down and abandoning module SkeletalMeshEditor (527)
[2018.10.24-05.04.06:928][ 82]LogModuleManager: Shutting down and abandoning module LogVisualizer (524)
[2018.10.24-05.04.06:929][ 82]LogModuleManager: Shutting down and abandoning module IntroTutorials (522)
[2018.10.24-05.04.06:929][ 82]LogModuleManager: Shutting down and abandoning module GameProjectGeneration (521)
[2018.10.24-05.04.06:929][ 82]LogModuleManager: Shutting down and abandoning module LuminPlatformEditor (518)
[2018.10.24-05.04.06:929][ 82]LogModuleManager: Shutting down and abandoning module IOSPlatformEditor (516)
[2018.10.24-05.04.06:929][ 82]LogModuleManager: Shutting down and abandoning module HTML5PlatformEditor (514)
[2018.10.24-05.04.06:929][ 82]LogModuleManager: Shutting down and abandoning module AndroidPlatformEditor (512)
[2018.10.24-05.04.06:929][ 82]LogModuleManager: Shutting down and abandoning module AndroidDeviceDetection (511)
[2018.10.24-05.04.07:534][ 82]LogModuleManager: Shutting down and abandoning module WindowsPlatformEditor (508)
[2018.10.24-05.04.07:534][ 82]LogModuleManager: Shutting down and abandoning module LuminRuntimeSettings (506)
[2018.10.24-05.04.07:534][ 82]LogModuleManager: Shutting down and abandoning module IOSRuntimeSettings (504)
[2018.10.24-05.04.07:534][ 82]LogModuleManager: Shutting down and abandoning module AndroidRuntimeSettings (502)
[2018.10.24-05.04.07:534][ 82]LogModuleManager: Shutting down and abandoning module InputBindingEditor (500)
[2018.10.24-05.04.07:535][ 82]LogModuleManager: Shutting down and abandoning module MergeActors (498)
[2018.10.24-05.04.07:535][ 82]LogModuleManager: Shutting down and abandoning module LocalizationDashboard (496)
[2018.10.24-05.04.07:535][ 82]LogModuleManager: Shutting down and abandoning module LocalizationService (495)
[2018.10.24-05.04.07:536][ 82]LogModuleManager: Shutting down and abandoning module HardwareTargeting (492)
[2018.10.24-05.04.07:536][ 82]LogModuleManager: Shutting down and abandoning module DeviceProfileEditor (490)
[2018.10.24-05.04.07:536][ 82]LogModuleManager: Shutting down and abandoning module UndoHistory (488)
[2018.10.24-05.04.07:536][ 82]LogModuleManager: Shutting down and abandoning module XmlParser (486)
[2018.10.24-05.04.07:536][ 82]LogModuleManager: Shutting down and abandoning module Blutility (484)
[2018.10.24-05.04.07:536][ 82]LogModuleManager: Shutting down and abandoning module ProjectSettingsViewer (482)
[2018.10.24-05.04.07:536][ 82]LogModuleManager: Shutting down and abandoning module ProjectTargetPlatformEditor (481)
[2018.10.24-05.04.07:536][ 82]LogModuleManager: Shutting down and abandoning module EditorSettingsViewer (478)
[2018.10.24-05.04.07:536][ 82]LogModuleManager: Shutting down and abandoning module SettingsEditor (476)
[2018.10.24-05.04.07:536][ 82]LogModuleManager: Shutting down and abandoning module ProjectLauncher (474)
[2018.10.24-05.04.07:537][ 82]LogModuleManager: Shutting down and abandoning module SessionFrontend (472)
[2018.10.24-05.04.07:537][ 82]LogModuleManager: Shutting down and abandoning module ProfilerClient (470)
[2018.10.24-05.04.07:537][ 82]LogModuleManager: Shutting down and abandoning module DeviceManager (468)
[2018.10.24-05.04.07:537][ 82]LogModuleManager: Shutting down and abandoning module TargetDeviceServices (467)
[2018.10.24-05.04.07:581][ 82]LogModuleManager: Shutting down and abandoning module AutomationController (464)
[2018.10.24-05.04.07:581][ 82]LogModuleManager: Shutting down and abandoning module AutomationWindow (462)
[2018.10.24-05.04.07:581][ 82]LogModuleManager: Shutting down and abandoning module Layers (460)
[2018.10.24-05.04.07:583][ 82]LogModuleManager: Shutting down and abandoning module ComponentVisualizers (458)
[2018.10.24-05.04.07:583][ 82]LogModuleManager: Shutting down and abandoning module DetailCustomizations (456)
[2018.10.24-05.04.07:583][ 82]LogModuleManager: Shutting down and abandoning module PackagesDialog (454)
[2018.10.24-05.04.07:583][ 82]LogModuleManager: Shutting down and abandoning module Persona (452)
[2018.10.24-05.04.07:584][ 82]LogModuleManager: Shutting down and abandoning module AdvancedPreviewScene (451)
[2018.10.24-05.04.07:584][ 82]LogModuleManager: Shutting down and abandoning module AnimGraph (449)
[2018.10.24-05.04.07:584][ 82]LogModuleManager: Shutting down and abandoning module Kismet (446)
[2018.10.24-05.04.07:600][ 82]LogModuleManager: Shutting down and abandoning module GraphEditor (444)
[2018.10.24-05.04.07:600][ 82]LogModuleManager: Shutting down and abandoning module ClassViewer (442)
[2018.10.24-05.04.07:600][ 82]LogModuleManager: Shutting down and abandoning module Toolbox (440)
[2018.10.24-05.04.07:600][ 82]LogModuleManager: Shutting down and abandoning module DesktopPlatform (439)
[2018.10.24-05.04.07:601][ 82]LogModuleManager: Shutting down and abandoning module ModuleUI (436)
[2018.10.24-05.04.07:601][ 82]LogModuleManager: Shutting down and abandoning module MovieSceneTools (434)
[2018.10.24-05.04.07:601][ 82]LogModuleManager: Shutting down and abandoning module OutputLog (432)
[2018.10.24-05.04.07:601][ 82]LogModuleManager: Shutting down and abandoning module GammaUI (430)
[2018.10.24-05.04.07:602][ 82]LogModuleManager: Shutting down and abandoning module Documentation (428)
[2018.10.24-05.04.07:602][ 82]LogModuleManager: Shutting down and abandoning module MovieSceneTracks (426)
[2018.10.24-05.04.07:602][ 82]LogModuleManager: Shutting down and abandoning module MovieScene (424)
[2018.10.24-05.04.07:602][ 82]LogModuleManager: Shutting down and abandoning module StreamingPauseRendering (422)
[2018.10.24-05.04.07:602][ 82]LogModuleManager: Shutting down and abandoning module LauncherPlatform (420)
[2018.10.24-05.04.07:602][ 82]LogModuleManager: Shutting down and abandoning module AnalyticsET (418)
[2018.10.24-05.04.07:602][ 82]LogModuleManager: Shutting down and abandoning module PortalServices (416)
[2018.10.24-05.04.07:602][ 82]LogModuleManager: Shutting down and abandoning module PortalRpc (414)
[2018.10.24-05.04.07:602][ 82]LogModuleManager: Shutting down and abandoning module MessagingRpc (412)
[2018.10.24-05.04.07:602][ 82]LogModuleManager: Shutting down and abandoning module AIModule (410)
[2018.10.24-05.04.07:602][ 82]LogModuleManager: Shutting down and abandoning module GameplayDebugger (409)
[2018.10.24-05.04.07:602][ 82]LogModuleManager: Shutting down and abandoning module AITestSuite (407)
[2018.10.24-05.04.07:602][ 82]LogModuleManager: Shutting down and abandoning module NavigationSystem (405)
[2018.10.24-05.04.07:602][ 82]LogModuleManager: Shutting down and abandoning module ProfilerService (402)
[2018.10.24-05.04.07:686][ 82]LogModuleManager: Shutting down and abandoning module TaskGraph (400)
[2018.10.24-05.04.07:686][ 82]LogModuleManager: Shutting down and abandoning module SteamVRController (398)
[2018.10.24-05.04.07:686][ 82]LogModuleManager: Shutting down and abandoning module ProceduralMeshComponentEditor (396)
[2018.10.24-05.04.07:686][ 82]LogModuleManager: Shutting down and abandoning module ProceduralMeshComponent (394)
[2018.10.24-05.04.07:686][ 82]LogModuleManager: Shutting down and abandoning module OculusInput (392)
[2018.10.24-05.04.07:686][ 82]LogModuleManager: Shutting down and abandoning module MobilePatchingUtils (390)
[2018.10.24-05.04.07:686][ 82]LogModuleManager: Shutting down and abandoning module EditableMesh (388)
[2018.10.24-05.04.07:686][ 82]LogModuleManager: Shutting down and abandoning module CustomMeshComponent (386)
[2018.10.24-05.04.07:686][ 82]LogModuleManager: Shutting down and abandoning module CableComponent (384)
[2018.10.24-05.04.07:686][ 82]LogModuleManager: Shutting down and abandoning module AudioCapture (382)
[2018.10.24-05.04.07:686][ 82]LogModuleManager: Shutting down and abandoning module ArchVisCharacter (380)
[2018.10.24-05.04.07:686][ 82]LogModuleManager: Shutting down and abandoning module AndroidPermission (378)
[2018.10.24-05.04.07:686][ 82]LogModuleManager: Shutting down and abandoning module NUTUnrealEngine4 (376)
[2018.10.24-05.04.07:686][ 82]LogModuleManager: Shutting down and abandoning module NetcodeUnitTest (374)
[2018.10.24-05.04.07:687][ 82]LogModuleManager: Shutting down and abandoning module MediaCompositingEditor (372)
[2018.10.24-05.04.07:687][ 82]LogModuleManager: Shutting down and abandoning module MediaCompositing (370)
[2018.10.24-05.04.07:687][ 82]LogModuleManager: Shutting down and abandoning module LinearTimecode (368)
[2018.10.24-05.04.07:687][ 82]LogModuleManager: Shutting down and abandoning module ImgMedia (366)
[2018.10.24-05.04.07:690][ 82]LogModuleManager: Shutting down and abandoning module HTML5Networking (364)
[2018.10.24-05.04.07:690][ 82]LogModuleManager: Shutting down and abandoning module GeometryCacheTracks (362)
[2018.10.24-05.04.07:690][ 82]LogModuleManager: Shutting down and abandoning module GeometryCacheSequencer (360)
[2018.10.24-05.04.07:691][ 82]LogModuleManager: Shutting down and abandoning module BackChannel (358)
[2018.10.24-05.04.07:691][ 82]LogModuleManager: Shutting down and abandoning module AppleVision (356)
[2018.10.24-05.04.07:691][ 82]LogModuleManager: Shutting down and abandoning module AppleImageUtils (354)
[2018.10.24-05.04.07:691][ 82]LogModuleManager: Shutting down and abandoning module AlembicImporter (352)
[2018.10.24-05.04.07:691][ 82]LogModuleManager: Shutting down and abandoning module AlembicLibrary (351)
[2018.10.24-05.04.07:691][ 82]LogModuleManager: Shutting down and abandoning module GeometryCache (350)
[2018.10.24-05.04.07:691][ 82]LogModuleManager: Shutting down and abandoning module GeometryCacheEd (349)
[2018.10.24-05.04.07:691][ 82]LogModuleManager: Shutting down and abandoning module DatasmithContentEditor (344)
[2018.10.24-05.04.07:691][ 82]LogModuleManager: Shutting down and abandoning module DatasmithContent (342)
[2018.10.24-05.04.07:692][ 82]LogModuleManager: Shutting down and abandoning module SpeedTreeImporter (340)
[2018.10.24-05.04.07:692][ 82]LogModuleManager: Shutting down and abandoning module PluginBrowser (338)
[2018.10.24-05.04.07:692][ 82]LogModuleManager: Shutting down and abandoning module MobileLauncherProfileWizard (336)
[2018.10.24-05.04.07:693][ 82]LogModuleManager: Shutting down and abandoning module PolygonModeling (334)
[2018.10.24-05.04.07:693][ 82]LogModuleManager: Shutting down and abandoning module MeshEditor (332)
[2018.10.24-05.04.07:693][ 82]LogModuleManager: Shutting down and abandoning module CryptoKeysOpenSSL (330)
[2018.10.24-05.04.07:693][ 82]LogModuleManager: Shutting down and abandoning module CryptoKeys (328)
[2018.10.24-05.04.07:693][ 82]LogModuleManager: Shutting down and abandoning module VisualStudioSourceCodeAccess (326)
[2018.10.24-05.04.07:693][ 82]LogModuleManager: Shutting down and abandoning module VisualStudioCodeSourceCodeAccess (324)
[2018.10.24-05.04.07:693][ 82]LogModuleManager: Shutting down and abandoning module UObjectPlugin (322)
[2018.10.24-05.04.07:693][ 82]LogModuleManager: Shutting down and abandoning module SubversionSourceControl (320)
[2018.10.24-05.04.07:693][ 82]LogModuleManager: Shutting down and abandoning module PerforceSourceControl (318)
[2018.10.24-05.04.07:693][ 82]LogModuleManager: Shutting down and abandoning module GitSourceControl (316)
[2018.10.24-05.04.07:693][ 82]LogModuleManager: Shutting down and abandoning module SourceControl (315)
[2018.10.24-05.04.07:693][ 82]LogModuleManager: Shutting down and abandoning module CLionSourceCodeAccess (312)
[2018.10.24-05.04.07:693][ 82]LogModuleManager: Shutting down and abandoning module LightPropagationVolumeEditor (310)
[2018.10.24-05.04.07:693][ 82]LogModuleManager: Shutting down and abandoning module PaperTiledImporter (308)
[2018.10.24-05.04.07:693][ 82]LogModuleManager: Shutting down and abandoning module PaperSpriteSheetImporter (306)
[2018.10.24-05.04.07:694][ 82]LogModuleManager: Shutting down and abandoning module Paper2DEditor (304)
[2018.10.24-05.04.07:694][ 82]LogModuleManager: Shutting down and abandoning module MeshPaint (303)
[2018.10.24-05.04.07:694][ 82]LogModuleManager: Shutting down and abandoning module RuntimePhysXCooking (298)
[2018.10.24-05.04.07:694][ 82]LogModuleManager: Shutting down and abandoning module PhysXVehiclesEditor (296)
[2018.10.24-05.04.07:694][ 82]LogModuleManager: Shutting down and abandoning module PhysXVehicles (294)
[2018.10.24-05.04.07:694][ 82]LogModuleManager: Shutting down and abandoning module OculusEditor (292)
[2018.10.24-05.04.07:694][ 82]LogModuleManager: Shutting down and abandoning module LocationServicesBPLibrary (290)
[2018.10.24-05.04.07:694][ 82]LogModuleManager: Shutting down and abandoning module ImmediatePhysicsEditor (288)
[2018.10.24-05.04.07:694][ 82]LogModuleManager: Shutting down and abandoning module ImmediatePhysics (286)
[2018.10.24-05.04.07:694][ 82]LogModuleManager: Shutting down and abandoning module ActorSequence (284)
[2018.10.24-05.04.07:694][ 82]LogModuleManager: Shutting down and abandoning module UdpMessaging (282)
[2018.10.24-05.04.07:796][ 82]LogModuleManager: Shutting down and abandoning module TcpMessaging (280)
[2018.10.24-05.04.07:896][ 82]LogModuleManager: Shutting down and abandoning module MagicLeapAudio (278)
[2018.10.24-05.04.07:896][ 82]LogModuleManager: Shutting down and abandoning module GameplayTagsEditor (276)
[2018.10.24-05.04.07:896][ 82]LogModuleManager: Shutting down and abandoning module FacialAnimationEditor (274)
[2018.10.24-05.04.07:896][ 82]LogModuleManager: Shutting down and abandoning module FacialAnimation (272)
[2018.10.24-05.04.07:896][ 82]LogModuleManager: Shutting down and abandoning module DataValidation (270)
[2018.10.24-05.04.07:896][ 82]LogModuleManager: Shutting down and abandoning module AssetManagerEditor (268)
[2018.10.24-05.04.07:897][ 82]LogModuleManager: Shutting down and abandoning module LevelEditor (267)
[2018.10.24-05.04.07:898][ 82]LogModuleManager: Shutting down and abandoning module PixelInspectorModule (266)
[2018.10.24-05.04.07:898][ 82]LogModuleManager: Shutting down and abandoning module CommonMenuExtensions (264)
[2018.10.24-05.04.07:898][ 82]LogModuleManager: Shutting down and abandoning module MainFrame (262)
[2018.10.24-05.04.07:898][ 82]LogModuleManager: Shutting down and abandoning module HotReload (261)
[2018.10.24-05.04.07:899][ 82]LogModuleManager: Shutting down and abandoning module ContentBrowser (257)
[2018.10.24-05.04.07:900][ 82]LogModuleManager: Shutting down and abandoning module TreeMap (255)
[2018.10.24-05.04.07:900][ 82]LogModuleManager: Shutting down and abandoning module LightPropagationVolumeRuntime (252)
[2018.10.24-05.04.07:900][ 82]LogModuleManager: Shutting down and abandoning module AISupportModule (250)
[2018.10.24-05.04.07:900][ 82]LogModuleManager: Shutting down and abandoning module Paper2D (248)
[2018.10.24-05.04.07:900][ 82]LogModuleManager: Shutting down and abandoning module WindowsMoviePlayer (246)
[2018.10.24-05.04.07:901][ 82]LogModuleManager: Shutting down and abandoning module WmfMedia (244)
[2018.10.24-05.04.07:901][ 82]LogModuleManager: Shutting down and abandoning module Media (243)
[2018.10.24-05.04.07:907][ 82]LogModuleManager: Shutting down and abandoning module PacketHandler (240)
[2018.10.24-05.04.07:908][ 82]LogModuleManager: Shutting down and abandoning module ClothingSystemEditor (238)
[2018.10.24-05.04.07:908][ 82]LogModuleManager: Shutting down and abandoning module ClothingSystemRuntime (236)
[2018.10.24-05.04.07:908][ 82]LogModuleManager: Shutting down and abandoning module MediaAssets (234)
[2018.10.24-05.04.07:908][ 82]LogModuleManager: Shutting down and abandoning module Overlay (232)
[2018.10.24-05.04.07:908][ 82]LogModuleManager: Shutting down and abandoning module OverlayEditor (231)
[2018.10.24-05.04.07:908][ 82]LogModuleManager: Shutting down and abandoning module VREditor (228)
[2018.10.24-05.04.07:909][ 82]LogModuleManager: Shutting down and abandoning module StringTableEditor (226)
[2018.10.24-05.04.07:909][ 82]LogModuleManager: Shutting down and abandoning module GameplayTasksEditor (224)
[2018.10.24-05.04.07:909][ 82]LogModuleManager: Shutting down and abandoning module BehaviorTreeEditor (222)
[2018.10.24-05.04.07:909][ 82]LogModuleManager: Shutting down and abandoning module FunctionalTesting (220)
[2018.10.24-05.04.07:909][ 82]LogModuleManager: Shutting down and abandoning module CollisionAnalyzer (218)
[2018.10.24-05.04.07:909][ 82]LogModuleManager: Shutting down and abandoning module WorkspaceMenuStructure (217)
[2018.10.24-05.04.07:909][ 82]LogModuleManager: Shutting down and abandoning module UMG (214)
[2018.10.24-05.04.07:910][ 82]LogModuleManager: Shutting down and abandoning module UMGEditor (213)
[2018.10.24-05.04.07:910][ 82]LogModuleManager: Shutting down and abandoning module Sequencer (212)
[2018.10.24-05.04.07:911][ 82]LogModuleManager: Shutting down and abandoning module MessageLog (209)
[2018.10.24-05.04.07:911][ 82]LogModuleManager: Shutting down and abandoning module SlateReflector (204)
[2018.10.24-05.04.07:912][ 82]LogModuleManager: Shutting down and abandoning module Slate (202)
[2018.10.24-05.04.07:912][ 82]LogModuleManager: Shutting down and abandoning module EditorStyle (200)
[2018.10.24-05.04.07:914][ 82]LogModuleManager: Shutting down and abandoning module MRMesh (198)
[2018.10.24-05.04.07:914][ 82]LogModuleManager: Shutting down and abandoning module SourceCodeAccess (196)
[2018.10.24-05.04.07:914][ 82]LogModuleManager: Shutting down and abandoning module HeadMountedDisplay (194)
[2018.10.24-05.04.07:914][ 82]LogModuleManager: Shutting down and abandoning module XAudio2 (192)
[2018.10.24-05.04.07:914][ 82]LogModuleManager: Shutting down and abandoning module Networking (190)
[2018.10.24-05.04.07:915][ 82]LogModuleManager: Shutting down and abandoning module Core (188)
[2018.10.24-05.04.07:915][ 82]LogModuleManager: Shutting down and abandoning module LevelSequence (186)
[2018.10.24-05.04.07:915][ 82]LogModuleManager: Shutting down and abandoning module KismetCompiler (184)
[2018.10.24-05.04.07:915][ 82]LogModuleManager: Shutting down and abandoning module MeshUtilities (182)
[2018.10.24-05.04.07:915][ 82]LogModuleManager: Shutting down and abandoning module MeshMergeUtilities (181)
[2018.10.24-05.04.07:915][ 82]LogModuleManager: Shutting down and abandoning module MeshReductionInterface (180)
[2018.10.24-05.04.07:915][ 82]LogModuleManager: Shutting down and abandoning module SimplygonSwarm (179)
[2018.10.24-05.04.07:915][ 82]LogModuleManager: Shutting down and abandoning module ProxyLODMeshReduction (177)
[2018.10.24-05.04.07:916][ 82]LogModuleManager: Shutting down and abandoning module SimplygonMeshReduction (175)
[2018.10.24-05.04.07:916][ 82]LogModuleManager: Shutting down and abandoning module QuadricMeshReduction (173)
[2018.10.24-05.04.07:916][ 82]LogModuleManager: Shutting down and abandoning module MaterialBaking (169)
[2018.10.24-05.04.07:916][ 82]LogModuleManager: Shutting down and abandoning module DirectoryWatcher (165)
[2018.10.24-05.04.07:916][ 82]LogModuleManager: Shutting down and abandoning module DerivedDataCache (162)
[2018.10.24-05.04.07:991][ 82]LogDerivedDataCache: Shutdown
[2018.10.24-05.04.07:991][ 82]LogModuleManager: Shutting down and abandoning module XGEController (160)
[2018.10.24-05.04.07:991][ 82]LogXGEController: Cleaning working directory: C:/Users/Peter/AppData/Local/Temp/UnrealXGEWorkingDir/
[2018.10.24-05.04.07:992][ 82]LogModuleManager: Shutting down and abandoning module TargetPlatform (158)
[2018.10.24-05.04.07:992][ 82]LogModuleManager: Shutting down and abandoning module VulkanShaderFormat (157)
[2018.10.24-05.04.07:992][ 82]LogModuleManager: Shutting down and abandoning module ShaderFormatVectorVM (155)
[2018.10.24-05.04.07:992][ 82]LogModuleManager: Shutting down and abandoning module ShaderFormatOpenGL (153)
[2018.10.24-05.04.07:992][ 82]LogModuleManager: Shutting down and abandoning module ShaderFormatD3D (151)
[2018.10.24-05.04.07:992][ 82]LogModuleManager: Shutting down and abandoning module MetalShaderFormat (149)
[2018.10.24-05.04.07:992][ 82]LogModuleManager: Shutting down and abandoning module TextureFormatUncompressed (147)
[2018.10.24-05.04.07:992][ 82]LogModuleManager: Shutting down and abandoning module TextureFormatPVR (145)
[2018.10.24-05.04.07:993][ 82]LogModuleManager: Shutting down and abandoning module TextureFormatDXT (143)
[2018.10.24-05.04.07:993][ 82]LogModuleManager: Shutting down and abandoning module TextureFormatIntelISPCTexComp (141)
[2018.10.24-05.04.07:993][ 82]LogModuleManager: Shutting down and abandoning module TextureFormatASTC (139)
[2018.10.24-05.04.07:993][ 82]LogModuleManager: Shutting down and abandoning module ImageWrapper (138)
[2018.10.24-05.04.07:993][ 82]LogModuleManager: Shutting down and abandoning module TextureFormatAndroid (135)
[2018.10.24-05.04.07:993][ 82]LogModuleManager: Shutting down and abandoning module AudioFormatOpus (133)
[2018.10.24-05.04.07:993][ 82]LogModuleManager: Shutting down and abandoning module AudioFormatOgg (131)
[2018.10.24-05.04.07:993][ 82]LogModuleManager: Shutting down and abandoning module AudioFormatADPCM (129)
[2018.10.24-05.04.07:993][ 82]LogModuleManager: Shutting down and abandoning module LuminTargetPlatform (127)
[2018.10.24-05.04.07:993][ 82]LogModuleManager: Shutting down and abandoning module LinuxTargetPlatform (125)
[2018.10.24-05.04.07:993][ 82]LogModuleManager: Shutting down and abandoning module LinuxServerTargetPlatform (123)
[2018.10.24-05.04.07:993][ 82]LogModuleManager: Shutting down and abandoning module LinuxNoEditorTargetPlatform (121)
[2018.10.24-05.04.07:993][ 82]LogModuleManager: Shutting down and abandoning module LinuxClientTargetPlatform (119)
[2018.10.24-05.04.07:993][ 82]LogModuleManager: Shutting down and abandoning module TVOSTargetPlatform (117)
[2018.10.24-05.04.07:994][ 82]LogModuleManager: Shutting down and abandoning module Messaging (115)
[2018.10.24-05.04.07:994][ 82]LogModuleManager: Shutting down and abandoning module IOSTargetPlatform (113)
[2018.10.24-05.04.07:995][ 82]LogModuleManager: Shutting down and abandoning module HTML5TargetPlatform (111)
[2018.10.24-05.04.07:995][ 82]LogModuleManager: Shutting down and abandoning module AndroidTargetPlatform (109)
[2018.10.24-05.04.08:003][ 82]LogModuleManager: Shutting down and abandoning module WindowsTargetPlatform (107)
[2018.10.24-05.04.08:003][ 82]LogModuleManager: Shutting down and abandoning module WindowsServerTargetPlatform (105)
[2018.10.24-05.04.08:003][ 82]LogModuleManager: Shutting down and abandoning module WindowsNoEditorTargetPlatform (103)
[2018.10.24-05.04.08:003][ 82]LogModuleManager: Shutting down and abandoning module WindowsClientTargetPlatform (101)
[2018.10.24-05.04.08:003][ 82]LogModuleManager: Shutting down and abandoning module MacTargetPlatform (99)
[2018.10.24-05.04.08:003][ 82]LogModuleManager: Shutting down and abandoning module MacServerTargetPlatform (97)
[2018.10.24-05.04.08:003][ 82]LogModuleManager: Shutting down and abandoning module MacNoEditorTargetPlatform (95)
[2018.10.24-05.04.08:003][ 82]LogModuleManager: Shutting down and abandoning module MacClientTargetPlatform (93)
[2018.10.24-05.04.08:003][ 82]LogModuleManager: Shutting down and abandoning module AllDesktopTargetPlatform (91)
[2018.10.24-05.04.08:004][ 82]LogModuleManager: Shutting down and abandoning module InputCore (88)
[2018.10.24-05.04.08:004][ 82]LogModuleManager: Shutting down and abandoning module Settings (86)
[2018.10.24-05.04.08:004][ 82]LogModuleManager: Shutting down and abandoning module PhysXCooking (84)
[2018.10.24-05.04.08:004][ 82]LogModuleManager: Shutting down and abandoning module SteamVR (82)
[2018.10.24-05.04.08:004][ 82]LogModuleManager: Shutting down and abandoning module OculusHMD (80)
[2018.10.24-05.04.08:004][ 82]LogModuleManager: Shutting down and abandoning module ExampleDeviceProfileSelector (78)
[2018.10.24-05.04.08:004][ 82]LogModuleManager: Shutting down and abandoning module LauncherChunkInstaller (76)
[2018.10.24-05.04.08:004][ 82]LogModuleManager: Shutting down and abandoning module OnlineBlueprintSupport (74)
[2018.10.24-05.04.08:004][ 82]LogModuleManager: Shutting down and abandoning module OnlineSubsystem (70)
[2018.10.24-05.04.08:005][ 82]LogModuleManager: Shutting down and abandoning module XMPP (65)
[2018.10.24-05.04.08:006][ 82]LogModuleManager: Shutting down and abandoning module WebSockets (64)
[2018.10.24-05.04.08:030][ 82]LogModuleManager: Shutting down and abandoning module HTTP (61)
[2018.10.24-05.04.08:030][ 82]LogHttp: Display: Http module shutting down, but needs to wait on 1 outstanding Http requests:
[2018.10.24-05.04.08:030][ 82]LogHttp: Display: 	verb=[POST] url=[https://datarouter.ol.epicgames.com/datarouter/api/v1/public/data?SessionID=%7B0DE9CBEB-44E7-8ECC-64A3-88ABFB3C7F60%7D&AppID=UEEditor.Rocket.Release&AppVersion=4.20.3-4369336%2B%2B%2BUE4%2BRelease-4.20&UserID=15b52cc9472a2ea98d32dc90de97a0b4%7Ca6bb9a295af146eeb619cdf8ccea1563%7C1f176c5f-cff4-4457-b55a-dac67387f93b&AppEnvironment=datacollector-binary&UploadType=eteventstream] status=Processing
[2018.10.24-05.04.08:048][ 82]LogModuleManager: Shutting down and abandoning module SSL (60)
[2018.10.24-05.04.08:049][ 82]LogModuleManager: Shutting down and abandoning module MagicLeapEmulator (56)
[2018.10.24-05.04.08:049][ 82]LogModuleManager: Shutting down and abandoning module MagicLeapPrivileges (54)
[2018.10.24-05.04.08:049][ 82]LogModuleManager: Shutting down and abandoning module MagicLeapIdentity (52)
[2018.10.24-05.04.08:049][ 82]LogModuleManager: Shutting down and abandoning module MagicLeapHelperVulkan (50)
[2018.10.24-05.04.08:049][ 82]LogModuleManager: Shutting down and abandoning module MagicLeapHelperOpenGL (48)
[2018.10.24-05.04.08:049][ 82]LogModuleManager: Shutting down and abandoning module MagicLeapSecureStorage (46)
[2018.10.24-05.04.08:049][ 82]LogModuleManager: Shutting down and abandoning module MagicLeapGestures (44)
[2018.10.24-05.04.08:049][ 82]LogModuleManager: Shutting down and abandoning module MagicLeapEyeTracker (42)
[2018.10.24-05.04.08:049][ 82]LogModuleManager: Shutting down and abandoning module MagicLeapController (40)
[2018.10.24-05.04.08:050][ 82]LogSlate: Slate User Destroyed.  User Index 0, Is Virtual User: 0
[2018.10.24-05.04.08:050][ 82]LogModuleManager: Shutting down and abandoning module MagicLeap (38)
[2018.10.24-05.04.08:050][ 82]LogModuleManager: Shutting down and abandoning module AnimationModifiers (36)
[2018.10.24-05.04.08:050][ 82]LogModuleManager: Shutting down and abandoning module PropertyEditor (35)
[2018.10.24-05.04.08:050][ 82]LogModuleManager: Shutting down and abandoning module AudioEditor (32)
[2018.10.24-05.04.08:050][ 82]LogModuleManager: Shutting down and abandoning module TextureCompressor (30)
[2018.10.24-05.04.08:051][ 82]LogModuleManager: Shutting down and abandoning module ShaderCore (28)
[2018.10.24-05.04.08:051][ 82]LogModuleManager: Shutting down and abandoning module Landscape (26)
[2018.10.24-05.04.08:051][ 82]LogModuleManager: Shutting down and abandoning module SlateRHIRenderer (24)
[2018.10.24-05.04.08:051][ 82]LogModuleManager: Shutting down and abandoning module OpenGLDrv (22)
[2018.10.24-05.04.08:052][ 82]LogModuleManager: Shutting down and abandoning module D3D11RHI (20)
[2018.10.24-05.04.08:052][ 82]LogModuleManager: Shutting down and abandoning module AnimGraphRuntime (18)
[2018.10.24-05.04.08:052][ 82]LogModuleManager: Shutting down and abandoning module Renderer (16)
[2018.10.24-05.04.08:052][ 82]LogModuleManager: Shutting down and abandoning module Engine (14)
[2018.10.24-05.04.08:052][ 82]LogModuleManager: Shutting down and abandoning module CoreUObject (12)
[2018.10.24-05.04.08:052][ 82]LogModuleManager: Shutting down and abandoning module NetworkFile (10)
[2018.10.24-05.04.08:052][ 82]LogModuleManager: Shutting down and abandoning module CookedIterativeFile (8)
[2018.10.24-05.04.08:052][ 82]LogModuleManager: Shutting down and abandoning module StreamingFile (6)
[2018.10.24-05.04.08:052][ 82]LogModuleManager: Shutting down and abandoning module SandboxFile (4)
[2018.10.24-05.04.08:052][ 82]LogModuleManager: Shutting down and abandoning module PakFile (2)
[2018.10.24-05.04.08:055][ 82]LogExit: Exiting.
[2018.10.24-05.04.08:061][ 82]Log file closed, 10/24/18 00:04:08
