Log file open, 10/17/18 22:46:29
LogWindows: Failed to load 'aqProf.dll' (GetLastError=126)
LogWindows: File 'aqProf.dll' does not exist
LogWindows: Failed to load 'VtuneApi.dll' (GetLastError=126)
LogWindows: File 'VtuneApi.dll' does not exist
LogWindows: Failed to load 'VtuneApi32e.dll' (GetLastError=126)
LogWindows: File 'VtuneApi32e.dll' does not exist
LogInit: Display: Running engine for game: UE4Playground
LogPlatformFile: Not using cached read wrapper
LogTaskGraph: Started task graph with 5 named threads and 11 total threads with 3 sets of task threads.
LogStats: Stats thread started at 0.545605
LogD3D11RHI: Loaded GFSDK_Aftermath_Lib.x64.dll
LogICUInternationalization: Display: ICU TimeZone Detection - Raw Offset: -6:00, Platform Override: ''
LogPluginManager: Mounting plugin Paper2D
LogPluginManager: Mounting plugin AISupport
LogPluginManager: Mounting plugin LightPropagationVolume
LogPluginManager: Mounting plugin CLionSourceCodeAccess
LogPluginManager: Mounting plugin CodeLiteSourceCodeAccess
LogPluginManager: Mounting plugin GitSourceControl
LogPluginManager: Mounting plugin KDevelopSourceCodeAccess
LogPluginManager: Mounting plugin NullSourceCodeAccess
LogPluginManager: Mounting plugin PerforceSourceControl
LogPluginManager: Mounting plugin SubversionSourceControl
LogPluginManager: Mounting plugin UObjectPlugin
LogPluginManager: Mounting plugin VisualStudioCodeSourceCodeAccess
LogPluginManager: Mounting plugin VisualStudioSourceCodeAccess
LogPluginManager: Mounting plugin XCodeSourceCodeAccess
LogPluginManager: Mounting plugin AssetManagerEditor
LogPluginManager: Mounting plugin CryptoKeys
LogPluginManager: Mounting plugin DataValidation
LogPluginManager: Mounting plugin FacialAnimation
LogPluginManager: Mounting plugin GameplayTagsEditor
LogPluginManager: Mounting plugin MacGraphicsSwitching
LogPluginManager: Mounting plugin MeshEditor
LogPluginManager: Mounting plugin MobileLauncherProfileWizard
LogPluginManager: Mounting plugin PluginBrowser
LogPluginManager: Mounting plugin SpeedTreeImporter
LogPluginManager: Mounting plugin DatasmithContent
LogPluginManager: Mounting plugin AlembicImporter
LogPluginManager: Mounting plugin AppleImageUtils
LogPluginManager: Mounting plugin AppleVision
LogPluginManager: Mounting plugin BackChannel
LogPluginManager: Mounting plugin CharacterAI
LogPluginManager: Mounting plugin GeometryCache
LogPluginManager: Mounting plugin HTML5Networking
LogPluginManager: Mounting plugin ProxyLODPlugin
LogPluginManager: Mounting plugin MagicLeap
LogPluginManager: Mounting plugin MagicLeapEmulator
LogPluginManager: Mounting plugin MagicLeapMedia
LogPluginManager: Mounting plugin AndroidMedia
LogPluginManager: Mounting plugin AvfMedia
LogPluginManager: Mounting plugin ImgMedia
LogPluginManager: Mounting plugin LinearTimecode
LogPluginManager: Mounting plugin MediaCompositing
LogPluginManager: Mounting plugin MediaPlayerEditor
LogPluginManager: Mounting plugin WmfMedia
LogPluginManager: Mounting plugin TcpMessaging
LogPluginManager: Mounting plugin UdpMessaging
LogPluginManager: Mounting plugin ActorSequence
LogPluginManager: Mounting plugin LevelSequenceEditor
LogPluginManager: Mounting plugin MatineeToLevelSequence
LogPluginManager: Mounting plugin NetcodeUnitTest
LogPluginManager: Mounting plugin NUTUnrealEngine4
LogPluginManager: Mounting plugin OnlineSubsystemGooglePlay
LogPluginManager: Mounting plugin OnlineSubsystemIOS
LogPluginManager: Mounting plugin OnlineSubsystem
LogPluginManager: Mounting plugin OnlineSubsystemNull
LogPluginManager: Mounting plugin OnlineSubsystemUtils
LogPluginManager: Mounting plugin LauncherChunkInstaller
LogPluginManager: Mounting plugin AndroidDeviceProfileSelector
LogPluginManager: Mounting plugin AndroidMoviePlayer
LogPluginManager: Mounting plugin AndroidPermission
LogPluginManager: Mounting plugin AppleMoviePlayer
LogPluginManager: Mounting plugin ArchVisCharacter
LogPluginManager: Mounting plugin AudioCapture
LogPluginManager: Mounting plugin CableComponent
LogPluginManager: Mounting plugin CustomMeshComponent
LogPluginManager: Mounting plugin EditableMesh
LogPluginManager: Mounting plugin ExampleDeviceProfileSelector
LogPluginManager: Mounting plugin GoogleCloudMessaging
LogPluginManager: Mounting plugin ImmediatePhysics
LogPluginManager: Mounting plugin IOSDeviceProfileSelector
LogPluginManager: Mounting plugin LinuxDeviceProfileSelector
LogPluginManager: Mounting plugin LocationServicesBPLibrary
LogPluginManager: Mounting plugin MobilePatchingUtils
LogPluginManager: Mounting plugin OculusVR
LogPluginManager: Plugin shader directory ../../../Engine/Plugins/Runtime/Oculus/OculusVR/Shaders found
LogPluginManager: Mapping shader source directory ../../../Engine/Plugins/Runtime/Oculus/OculusVR/Shaders to virtual directory /Plugin/OculusVR
LogPluginManager: Mounting plugin PhysXVehicles
LogPluginManager: Mounting plugin ProceduralMeshComponent
LogPluginManager: Mounting plugin RuntimePhysXCooking
LogPluginManager: Mounting plugin SteamVR
LogPluginManager: Mounting plugin WindowsMoviePlayer
LogStreaming: Display: Took  0.276s to configure plugins.
LogInit: Using libcurl 7.55.1-DEV
LogInit:  - built for x86_64-pc-win32
LogInit:  - supports SSL with OpenSSL/1.0.2h
LogInit:  - supports HTTP deflate (compression) using libz 1.2.8
LogInit:  - other features:
LogInit:      CURL_VERSION_SSL
LogInit:      CURL_VERSION_LIBZ
LogInit:      CURL_VERSION_IPV6
LogInit:      CURL_VERSION_ASYNCHDNS
LogInit:      CURL_VERSION_LARGEFILE
LogInit:      CURL_VERSION_IDN
LogInit:  CurlRequestOptions (configurable via config and command line):
LogInit:  - bVerifyPeer = false  - Libcurl will NOT verify peer certificate
LogInit:  - bUseHttpProxy = false  - Libcurl will NOT use HTTP proxy
LogInit:  - bDontReuseConnections = false  - Libcurl will reuse connections
LogInit:  - CertBundlePath = nullptr  - Libcurl will use whatever was configured at build time.
LogInit:  - MaxHostConnections = 16  - Libcurl will limit the number of connections to a host
LogInit:  - LocalHostAddr = Default
LogInit:  - BufferSize = 65536
LogInit: WinSock: version 1.1 (2.2), MaxSocks=32767, MaxUdp=65467
LogInit: Build: ++UE4+Release-4.20-CL-4369336
LogInit: Engine Version: 4.20.3-4369336+++UE4+Release-4.20
LogInit: Compatible Engine Version: 4.20.0-4212847+++UE4+Release-4.20
LogInit: Net CL: 4212847
LogInit: OS: Windows 8.1 (), CPU: AMD FX(tm)-4300 Quad-Core Processor            , GPU: NVIDIA GeForce GTX 970
LogInit: Compiled (64-bit): Sep 17 2018 12:26:19
LogInit: Compiled with Visual C++: 19.13.26129.00
LogInit: Build Configuration: Development
LogInit: Branch Name: ++UE4+Release-4.20
LogInit: Command Line:  
LogInit: Base Directory: C:/Program Files/Epic Games/UE_4.20/Engine/Binaries/Win64/
LogInit: Installed Engine Build: 1
LogDevObjectVersion: Number of dev versions registered: 20
LogDevObjectVersion:   Dev-Blueprints (B0D832E4-1F89-4F0D-ACCF-7EB736FD4AA2): 10
LogDevObjectVersion:   Dev-Build (E1C64328-A22C-4D53-A36C-8E866417BD8C): 0
LogDevObjectVersion:   Dev-Core (375EC13C-06E4-48FB-B500-84F0262A717E): 2
LogDevObjectVersion:   Dev-Editor (E4B068ED-F494-42E9-A231-DA0B2E46BB41): 24
LogDevObjectVersion:   Dev-Framework (CFFC743F-43B0-4480-9391-14DF171D2073): 34
LogDevObjectVersion:   Dev-Mobile (B02B49B5-BB20-44E9-A304-32B752E40360): 2
LogDevObjectVersion:   Dev-Networking (A4E4105C-59A1-49B5-A7C5-40C4547EDFEE): 0
LogDevObjectVersion:   Dev-Online (39C831C9-5AE6-47DC-9A44-9C173E1C8E7C): 0
LogDevObjectVersion:   Dev-Physics (78F01B33-EBEA-4F98-B9B4-84EACCB95AA2): 0
LogDevObjectVersion:   Dev-Platform (6631380F-2D4D-43E0-8009-CF276956A95A): 0
LogDevObjectVersion:   Dev-Rendering (12F88B9F-8875-4AFC-A67C-D90C383ABD29): 26
LogDevObjectVersion:   Dev-Sequencer (7B5AE74C-D270-4C10-A958-57980B212A5A): 9
LogDevObjectVersion:   Dev-VR (D7296918-1DD6-4BDD-9DE2-64A83CC13884): 2
LogDevObjectVersion:   Dev-LoadTimes (C2A15278-BFE7-4AFE-6C17-90FF531DF755): 1
LogDevObjectVersion:   Private-Geometry (6EACA3D4-40EC-4CC1-B786-8BED09428FC5): 3
LogDevObjectVersion:   Dev-AnimPhys (29E575DD-E0A3-4627-9D10-D276232CDCEA): 17
LogDevObjectVersion:   Dev-ReflectionCapture (6B266CEC-1EC7-4B8F-A30B-E4D90942FC07): 1
LogDevObjectVersion:   Dev-Automation (0DF73D61-A23F-47EA-B727-89E90C41499A): 1
LogDevObjectVersion:   FortniteMain (601D1886-AC64-4F84-AA16-D3DE0DEAC7D6): 12
LogDevObjectVersion:   Dev-Enterprise (9DFFBCD6-494F-0158-E221-12823C92A888): 1
LogStreaming: Display: Took  0.007s to delete old logs.
LogInit: Presizing for max 8388607 objects, including 0 objects not considered by GC, pre-allocating 0 bytes for permanent pool.
LogInit: Object subsystem initialized
[2018.10.18-03.46.30:940][  0]LogInit: Selected Device Profile: [Windows]
[2018.10.18-03.46.30:940][  0]LogInit: Applying CVar settings loaded from the selected device profile: [Windows]
[2018.10.18-03.46.30:975][  0]LogHAL: Display: Platform has ~ 16 GB [17160523776 / 17179869184 / 16], which maps to Larger [LargestMinGB=32, LargerMinGB=12, DefaultMinGB=8, SmallerMinGB=6, SmallestMinGB=0)
[2018.10.18-03.46.30:976][  0]LogInit: Setting Device Profile CVar: [[r.Vulkan.UseRealUBs:1]]
[2018.10.18-03.46.30:976][  0]LogInit: Going up to parent DeviceProfile []
[2018.10.18-03.46.30:983][  0]LogInit: Computer: PETEPC
[2018.10.18-03.46.30:983][  0]LogInit: User: Peter
[2018.10.18-03.46.30:983][  0]LogInit: CPU Page size=4096, Cores=2
[2018.10.18-03.46.30:983][  0]LogInit: High frequency timer resolution =3.727432 MHz
[2018.10.18-03.46.30:984][  0]LogMemory: Memory total: Physical=16.0GB (16GB approx)
[2018.10.18-03.46.30:984][  0]LogMemory: Platform Memory Stats for Windows
[2018.10.18-03.46.30:984][  0]LogMemory: Process Physical Memory: 98.46 MB used, 98.46 MB peak
[2018.10.18-03.46.30:984][  0]LogMemory: Process Virtual Memory: 84.16 MB used, 84.16 MB peak
[2018.10.18-03.46.30:984][  0]LogMemory: Physical Memory: 4318.36 MB used,  12047.19 MB free, 16365.55 MB total
[2018.10.18-03.46.30:984][  0]LogMemory: Virtual Memory: 468.17 MB used,  12047.19 MB free, 134217728.00 MB total
[2018.10.18-03.46.31:556][  0]LogInit: Using OS detected language (en-GB).
[2018.10.18-03.46.31:556][  0]LogInit: Using OS detected locale (en-US).
[2018.10.18-03.46.31:558][  0]LogTextLocalizationManager: No specific localization for 'en-GB' exists, so the 'en' localization will be used.
[2018.10.18-03.46.32:202][  0]LogStreaming: Display: Took  0.645s to InitEngineTextLocalization.
[2018.10.18-03.46.32:203][  0]LogInit: Setting process to per monitor DPI aware
[2018.10.18-03.46.32:323][  0]LogSlate: New Slate User Created.  User Index 0, Is Virtual User: 0
[2018.10.18-03.46.32:323][  0]LogSlate: Slate User Registered.  User Index 0, Is Virtual User: 0
[2018.10.18-03.46.35:361][  0]LogHMD: Failed to initialize OpenVR with code 110
[2018.10.18-03.46.35:361][  0]LogD3D11RHI: D3D11 adapters:
[2018.10.18-03.46.35:557][  0]LogD3D11RHI:    0. 'NVIDIA GeForce GTX 970' (Feature Level 11_0)
[2018.10.18-03.46.35:557][  0]LogD3D11RHI:       3992/0/8182 MB DedicatedVideo/DedicatedSystem/SharedSystem, Outputs:2, VendorId:0x10de
[2018.10.18-03.46.35:559][  0]LogD3D11RHI:    1. 'Microsoft Basic Render Driver' (Feature Level 11_0)
[2018.10.18-03.46.35:559][  0]LogD3D11RHI:       0/0/256 MB DedicatedVideo/DedicatedSystem/SharedSystem, Outputs:0, VendorId:0x1414
[2018.10.18-03.46.35:559][  0]LogD3D11RHI: Chosen D3D11 Adapter: 0
[2018.10.18-03.46.35:564][  0]LogD3D11RHI: Creating new Direct3DDevice
[2018.10.18-03.46.35:564][  0]LogD3D11RHI:     GPU DeviceId: 0x13c2 (for the marketing name, search the web for "GPU Device Id")
[2018.10.18-03.46.35:564][  0]LogWindows: EnumDisplayDevices:
[2018.10.18-03.46.35:565][  0]LogWindows:    0. 'NVIDIA GeForce GTX 970' (P:0 D:1)
[2018.10.18-03.46.35:565][  0]LogWindows:    1. 'NVIDIA GeForce GTX 970' (P:1 D:1)
[2018.10.18-03.46.35:565][  0]LogWindows:    2. 'NVIDIA GeForce GTX 970' (P:0 D:0)
[2018.10.18-03.46.35:565][  0]LogWindows:    3. 'NVIDIA GeForce GTX 970' (P:0 D:0)
[2018.10.18-03.46.35:566][  0]LogWindows: DebugString: FoundDriverCount:4 
[2018.10.18-03.46.35:566][  0]LogD3D11RHI:     Adapter Name: NVIDIA GeForce GTX 970
[2018.10.18-03.46.35:566][  0]LogD3D11RHI:   Driver Version: 391.35 (internal:23.21.13.9135, unified:391.35)
[2018.10.18-03.46.35:566][  0]LogD3D11RHI:      Driver Date: 3-23-2018
[2018.10.18-03.46.35:566][  0]LogRHI: Texture pool is 2794 MB (70% of 3992 MB)
[2018.10.18-03.46.35:596][  0]LogD3D11RHI: Async texture creation enabled
[2018.10.18-03.46.35:619][  0]LogD3D11RHI: GPU Timing Frequency: 1000.000000 (Debug: 2 2)
[2018.10.18-03.46.35:674][  0]LogShaderCompilers: Guid format shader working directory is -26 characters bigger than the processId version (../../../../../../Users/Peter/Documents/GitHub/Playground/UE4Playground/Intermediate/Shaders/WorkingDirectory/10664/).
[2018.10.18-03.46.35:674][  0]LogShaderCompilers: Cleaned the shader compiler working directory 'C:/Users/Peter/AppData/Local/Temp/UnrealShaderWorkingDir/2000665243BCEEB777D7EA8BE0A82E2E/'.
[2018.10.18-03.46.36:842][  0]LogTemp: Display: Loaded TP AllDesktopTargetPlatform
[2018.10.18-03.46.36:900][  0]LogTemp: Display: Loaded TP MacClientTargetPlatform
[2018.10.18-03.46.36:960][  0]LogTemp: Display: Loaded TP MacNoEditorTargetPlatform
[2018.10.18-03.46.37:020][  0]LogTemp: Display: Loaded TP MacServerTargetPlatform
[2018.10.18-03.46.37:084][  0]LogTemp: Display: Loaded TP MacTargetPlatform
[2018.10.18-03.46.37:141][  0]LogTemp: Display: Loaded TP WindowsClientTargetPlatform
[2018.10.18-03.46.37:198][  0]LogTemp: Display: Loaded TP WindowsNoEditorTargetPlatform
[2018.10.18-03.46.37:255][  0]LogTemp: Display: Loaded TP WindowsServerTargetPlatform
[2018.10.18-03.46.37:300][  0]LogTemp: Display: Loaded TP WindowsTargetPlatform
[2018.10.18-03.46.37:478][  0]LogTemp: Display: Loaded TP AndroidTargetPlatform
[2018.10.18-03.46.37:478][  0]LogTemp: Display: Loaded TP AndroidTargetPlatform
[2018.10.18-03.46.37:478][  0]LogTemp: Display: Loaded TP AndroidTargetPlatform
[2018.10.18-03.46.37:478][  0]LogTemp: Display: Loaded TP AndroidTargetPlatform
[2018.10.18-03.46.37:478][  0]LogTemp: Display: Loaded TP AndroidTargetPlatform
[2018.10.18-03.46.37:478][  0]LogTemp: Display: Loaded TP AndroidTargetPlatform
[2018.10.18-03.46.37:478][  0]LogTemp: Display: Loaded TP AndroidTargetPlatform
[2018.10.18-03.46.37:478][  0]LogTemp: Display: Loaded TP AndroidTargetPlatform
[2018.10.18-03.46.37:478][  0]LogTemp: Display: Loaded TP AndroidTargetPlatform
[2018.10.18-03.46.37:478][  0]LogTemp: Display: Loaded TP AndroidTargetPlatform
[2018.10.18-03.46.37:478][  0]LogTemp: Display: Loaded TP AndroidTargetPlatform
[2018.10.18-03.46.37:478][  0]LogTemp: Display: Loaded TP AndroidTargetPlatform
[2018.10.18-03.46.37:478][  0]LogTemp: Display: Loaded TP AndroidTargetPlatform
[2018.10.18-03.46.37:478][  0]LogTemp: Display: Loaded TP AndroidTargetPlatform
[2018.10.18-03.46.37:478][  0]LogTemp: Display: Loaded TP AndroidTargetPlatform
[2018.10.18-03.46.37:478][  0]LogTemp: Display: Loaded TP AndroidTargetPlatform
[2018.10.18-03.46.37:478][  0]LogTemp: Display: Loaded TP AndroidTargetPlatform
[2018.10.18-03.46.37:478][  0]LogTemp: Display: Loaded TP AndroidTargetPlatform
[2018.10.18-03.46.37:517][  0]LogTemp: Display: Loaded TP HTML5TargetPlatform
[2018.10.18-03.46.37:711][  0]LogTemp: Display: Loaded TP IOSTargetPlatform
[2018.10.18-03.46.37:711][  0]LogTemp: Display: Loaded TP IOSTargetPlatform
[2018.10.18-03.46.37:785][  0]LogTemp: Display: Loaded TP TVOSTargetPlatform
[2018.10.18-03.46.37:785][  0]LogTemp: Display: Loaded TP TVOSTargetPlatform
[2018.10.18-03.46.37:840][  0]LogTemp: Display: Loaded TP LinuxClientTargetPlatform
[2018.10.18-03.46.37:895][  0]LogTemp: Display: Loaded TP LinuxNoEditorTargetPlatform
[2018.10.18-03.46.37:951][  0]LogTemp: Display: Loaded TP LinuxServerTargetPlatform
[2018.10.18-03.46.38:017][  0]LogTemp: Display: Loaded TP LinuxTargetPlatform
[2018.10.18-03.46.38:066][  0]LogTemp: Display: Loaded TP LuminTargetPlatform
[2018.10.18-03.46.38:066][  0]LogTargetPlatformManager: Display: Building Assets For Windows
[2018.10.18-03.46.39:136][  0]LogXGEController: Cleaning working directory: C:/Users/Peter/AppData/Local/Temp/UnrealXGEWorkingDir/
[2018.10.18-03.46.39:137][  0]LogXGEController: Cannot use XGE Controller as Incredibuild is not installed on this machine.
[2018.10.18-03.46.39:137][  0]LogShaderCompilers: Cannot use XGE Shader Compiler as Incredibuild is not installed on this machine.
[2018.10.18-03.46.39:137][  0]LogShaderCompilers: Display: Using Local Shader Compiler.
[2018.10.18-03.46.42:161][  0]LogDerivedDataCache: Display: Max Cache Size: 512 MB
[2018.10.18-03.46.42:691][  0]LogDerivedDataCache: Loaded boot cache 0.53s 74MB C:/Users/Peter/AppData/Local/UnrealEngine/4.20/DerivedDataCache/Boot.ddc.
[2018.10.18-03.46.42:691][  0]LogDerivedDataCache: Display: Loaded Boot cache: C:/Users/Peter/AppData/Local/UnrealEngine/4.20/DerivedDataCache/Boot.ddc
[2018.10.18-03.46.42:691][  0]LogDerivedDataCache: FDerivedDataBackendGraph:  Pak pak cache file ../../../../../../Users/Peter/Documents/GitHub/Playground/UE4Playground/DerivedDataCache/DDC.ddp not found, will not use a pak cache.
[2018.10.18-03.46.42:691][  0]LogDerivedDataCache: Unable to find inner node Pak for hierarchical cache Hierarchy.
[2018.10.18-03.46.42:691][  0]LogDerivedDataCache: FDerivedDataBackendGraph:  CompressedPak pak cache file ../../../../../../Users/Peter/Documents/GitHub/Playground/UE4Playground/DerivedDataCache/Compressed.ddp not found, will not use a pak cache.
[2018.10.18-03.46.42:691][  0]LogDerivedDataCache: Unable to find inner node CompressedPak for hierarchical cache Hierarchy.
[2018.10.18-03.46.42:725][  0]LogDerivedDataCache: Display: Pak cache opened for reading ../../../Engine/DerivedDataCache/Compressed.ddp.
[2018.10.18-03.46.42:738][  0]LogDerivedDataCache: Using Local data cache path C:/Users/Peter/AppData/Local/UnrealEngine/Common/DerivedDataCache: Writable
[2018.10.18-03.46.42:738][  0]LogDerivedDataCache: Shared data cache path not found in *engine.ini, will not use an Shared cache.
[2018.10.18-03.46.42:738][  0]LogDerivedDataCache: Unable to find inner node Shared for hierarchical cache Hierarchy.
[2018.10.18-03.46.42:771][  0]LogMaterial: Verifying Global Shaders for PCD3D_SM5
[2018.10.18-03.46.42:773][  0]LogSlate: Using FreeType 2.6.0
[2018.10.18-03.46.42:790][  0]LogSlate: SlateFontServices - WITH_FREETYPE: 1, WITH_HARFBUZZ: 1
[2018.10.18-03.46.43:098][  0]LogAssetRegistry: FAssetRegistry took 0.0293 seconds to start up
[2018.10.18-03.46.43:739][  0]LogInit: Selected Device Profile: [Windows]
[2018.10.18-03.46.44:674][  0]LogSimplygon: Simplygon DLL not present - disabling.
[2018.10.18-03.46.44:797][  0]LogMeshReduction: Using SimplygonSwarm for distributed automatic mesh merging
[2018.10.18-03.46.44:797][  0]LogMeshReduction: Using ProxyLODMeshReduction for automatic mesh merging
[2018.10.18-03.46.44:797][  0]LogMeshReduction: Using QuadricMeshReduction for automatic static mesh reduction
[2018.10.18-03.46.44:797][  0]LogMeshReduction: No automatic skeletal mesh reduction module available
[2018.10.18-03.46.44:873][  0]LogNetVersion: UE4Playground 1.0.0, NetCL: 4212847, EngineNetVer: 5, GameNetVer: 0 (Checksum: 3127828240)
[2018.10.18-03.46.46:552][  0]LogPackageLocalizationCache: Processed 11 localized package path(s) for 2 prioritized culture(s) in 0.258880 seconds
[2018.10.18-03.46.46:564][  0]LogUObjectArray: 38425 objects as part of root set at end of initial load.
[2018.10.18-03.46.46:564][  0]LogUObjectAllocator: 6690872 out of 0 bytes used by permanent object pool.
[2018.10.18-03.46.46:564][  0]LogUObjectArray: CloseDisregardForGC: 0/0 objects in disregard for GC pool
[2018.10.18-03.46.52:349][  0]LogTcpMessaging: Initializing TcpMessaging bridge
[2018.10.18-03.46.52:409][  0]LogUdpMessaging: Initializing bridge on interface 0.0.0.0:0 to multicast group 230.0.0.1:6666.
[2018.10.18-03.46.54:358][  0]SourceControl: Source control is disabled
[2018.10.18-03.46.54:358][  0]SourceControl: Source control is disabled
[2018.10.18-03.46.54:442][  0]SourceControl: Source control is disabled
[2018.10.18-03.46.54:489][  0]SourceControl: Source control is disabled
[2018.10.18-03.46.56:351][  0]LogAndroidPermission: UAndroidPermissionCallbackProxy::GetInstance
[2018.10.18-03.46.56:674][  0]LogOcInput: OculusInput pre-init called
[2018.10.18-03.46.57:005][  0]LogEngine: Initializing Engine...
[2018.10.18-03.46.57:007][  0]LogHMD: Failed to initialize OpenVR with code 110
[2018.10.18-03.46.57:010][  0]LogStats: UGameplayTagsManager::ConstructGameplayTagTree: ImportINI prefixes -  0.000 s
[2018.10.18-03.46.57:010][  0]LogStats: UGameplayTagsManager::ConstructGameplayTagTree: Construct from data asset -  0.000 s
[2018.10.18-03.46.57:010][  0]LogStats: UGameplayTagsManager::ConstructGameplayTagTree: ImportINI -  0.000 s
[2018.10.18-03.46.57:010][  0]LogStats: UGameplayTagsManager::ConstructGameplayTagTree: GameplayTagTreeChangedEvent.Broadcast -  0.000 s
[2018.10.18-03.46.57:595][  0]LogInit: Initializing FReadOnlyCVARCache
[2018.10.18-03.46.57:665][  0]LogAIModule: Creating AISystem for world Untitled
[2018.10.18-03.46.57:716][  0]LogInit: XAudio2 using 'Speakers (2- High Definition Audio Device)' : 2 channels at 44.1 kHz using 16 bits per sample (channel mask 0x3)
[2018.10.18-03.46.57:730][  0]LogInit: FAudioDevice initialized.
[2018.10.18-03.46.57:730][  0]LogNetVersion: Set ProjectVersion to 1.0.0.0. Version Checksum will be recalculated on next use.
[2018.10.18-03.46.57:892][  0]LogDerivedDataCache: Saved boot cache 0.16s 74MB C:/Users/Peter/AppData/Local/UnrealEngine/4.20/DerivedDataCache/Boot.ddc.
[2018.10.18-03.46.57:898][  0]LogInit: Texture streaming: Enabled
[2018.10.18-03.46.58:071][  0]LogEngineSessionManager: EngineSessionManager initialized
[2018.10.18-03.46.58:128][  0]LogInit: Transaction tracking system initialized
[2018.10.18-03.46.58:372][  0]BlueprintLog: New page: Editor Load
[2018.10.18-03.46.59:613][  0]LocalizationService: Localization service is disabled
[2018.10.18-03.47.01:051][  0]LogCook: Display: Max memory allowance for cook 16384mb min free memory 0mb
[2018.10.18-03.47.01:051][  0]LogCook: Display: Mobile HDR setting 1
[2018.10.18-03.47.01:052][  0]LogGameplayTags: Display: UGameplayTagsManager::DoneAddingNativeTags. DelegateIsBound: 0
[2018.10.18-03.47.01:052][  0]LogStats: UGameplayTagsManager::ConstructGameplayTagTree: ImportINI prefixes -  0.000 s
[2018.10.18-03.47.01:052][  0]LogStats: UGameplayTagsManager::ConstructGameplayTagTree: Construct from data asset -  0.000 s
[2018.10.18-03.47.01:052][  0]LogStats: UGameplayTagsManager::ConstructGameplayTagTree: ImportINI -  0.000 s
[2018.10.18-03.47.01:052][  0]LogStats: UGameplayTagsManager::ConstructGameplayTagTree: GameplayTagTreeChangedEvent.Broadcast -  0.000 s
[2018.10.18-03.47.01:444][  0]LogFileCache: Scanning file cache for directory 'C:/Users/Peter/Documents/GitHub/Playground/UE4Playground/Content/' took 0.03s
[2018.10.18-03.47.02:442][  0]SourceControl: Source control is disabled
[2018.10.18-03.47.02:442][  0]Cmd: MAP LOAD FILE="../../../../../../Users/Peter/Documents/GitHub/Playground/UE4Playground/Content/FirstPersonCPP/Maps/FirstPersonExampleMap.umap" TEMPLATE=0 SHOWPROGRESS=1 FEATURELEVEL=3
[2018.10.18-03.47.02:451][  0]LightingResults: New page: Lighting Build
[2018.10.18-03.47.02:455][  0]MapCheck: New page: Map Check
[2018.10.18-03.47.02:455][  0]LightingResults: New page: Lighting Build
[2018.10.18-03.47.02:944][  0]LogAIModule: Creating AISystem for world FirstPersonExampleMap
[2018.10.18-03.47.02:972][  0]LogEditorServer: Finished looking for orphan Actors (0.000 secs)
[2018.10.18-03.47.03:008][  0]Cmd: MAP CHECKDEP NOCLEARLOG
[2018.10.18-03.47.03:122][  0]MapCheck: Map check complete: 0 Error(s), 0 Warning(s), took 114.285ms to complete.
[2018.10.18-03.47.03:123][  0]LogFileHelpers: Loading map 'FirstPersonExampleMap' took 0.681
[2018.10.18-03.47.03:276][  0]LogSlate: Updating window title bar state: overlay mode, drag disabled, window buttons hidden, title bar hidden
[2018.10.18-03.47.03:287][  0]LogSlate: Updating window title bar state: overlay mode, drag disabled, window buttons hidden, title bar hidden
[2018.10.18-03.47.03:298][  0]LogSlate: Updating window title bar state: overlay mode, drag disabled, window buttons hidden, title bar hidden
[2018.10.18-03.47.03:310][  0]LogSlate: Updating window title bar state: overlay mode, drag disabled, window buttons hidden, title bar hidden
[2018.10.18-03.47.03:369][  0]LogCollectionManager: Loaded 0 collections in 0.002991 seconds
[2018.10.18-03.47.03:427][  0]LogFileCache: Scanning file cache for directory 'C:/Users/Peter/Documents/GitHub/Playground/UE4Playground/Saved/Collections/' took 0.01s
[2018.10.18-03.47.03:427][  0]LogFileCache: Scanning file cache for directory 'C:/Users/Peter/Documents/GitHub/Playground/UE4Playground/Content/Developers/Peter/Collections/' took 0.01s
[2018.10.18-03.47.03:427][  0]LogFileCache: Scanning file cache for directory 'C:/Users/Peter/Documents/GitHub/Playground/UE4Playground/Content/Collections/' took 0.01s
[2018.10.18-03.47.03:427][  0]LogCollectionManager: Rebuilt the GUID cache for 0 collections in 0.000000 seconds
[2018.10.18-03.47.03:448][  0]LogContentBrowser: Native class hierarchy populated in 0.0209 seconds. Added 2577 classes and 605 folders.
[2018.10.18-03.47.03:458][  0]LogContentBrowser: Native class hierarchy updated for 'WidgetCarousel' in 0.0009 seconds. Added 0 classes and 0 folders.
[2018.10.18-03.47.03:950][  0]LogContentBrowser: Native class hierarchy updated for 'AddContentDialog' in 0.0008 seconds. Added 0 classes and 0 folders.
[2018.10.18-03.47.04:008][  0]LogContentBrowser: Native class hierarchy updated for 'SceneOutliner' in 0.0009 seconds. Added 1 classes and 2 folders.
[2018.10.18-03.47.04:050][  0]LogSlate: Took 0.009451 seconds to synchronously load lazily loaded font '../../../Engine/Content/Slate/Fonts/Roboto-Regular.ttf' (155K)
[2018.10.18-03.47.04:060][  0]LogSlate: Took 0.007979 seconds to synchronously load lazily loaded font '../../../Engine/Content/Slate/Fonts/Roboto-Bold.ttf' (160K)
[2018.10.18-03.47.04:076][  0]LogSlate: Took 0.007766 seconds to synchronously load lazily loaded font '../../../Engine/Content/Editor/Slate/Fonts/FontAwesome.ttf' (139K)
[2018.10.18-03.47.04:281][  0]LogRenderer: Reallocating scene render targets to support 1208x576 Format 10 NumSamples 1 (Frame:1).
[2018.10.18-03.47.04:521][  0]LogContentBrowser: Native class hierarchy updated for 'HierarchicalLODOutliner' in 0.0010 seconds. Added 0 classes and 0 folders.
[2018.10.18-03.47.04:521][  0]LogLoad: (Engine Initialization) Total time: 40.14 seconds
[2018.10.18-03.47.04:521][  0]LogLoad: (Engine Initialization) Total Blueprint compile time: 0.00 seconds
[2018.10.18-03.47.04:561][  0]LogContentStreaming: Texture pool size now 1000 MB
[2018.10.18-03.47.04:590][  0]LogSlate: Took 0.007289 seconds to synchronously load lazily loaded font '../../../Engine/Content/Slate/Fonts/Roboto-Light.ttf' (167K)
[2018.10.18-03.47.04:697][  2]LogAssetRegistry: Asset discovery search completed in 21.6214 seconds
[2018.10.18-03.47.04:700][  2]LogCollectionManager: Rebuilt the object cache for 0 collections in 0.000001 seconds (found 0 objects)
[2018.10.18-03.47.04:700][  2]LogCollectionManager: Fixed up redirectors for 0 collections in 0.000703 seconds (updated 0 objects)
[2018.10.18-03.47.20:435][ 49]LogSlate: FSceneViewport::OnFocusLost() reason 0
[2018.10.18-03.56.08:900][162]Candidate modules for hot reload:
[2018.10.18-03.56.08:900][162]  UE4Playground
[2018.10.18-03.56.08:900][162]Launching UnrealBuildTool... [C:/Program Files/Epic Games/UE_4.20/Engine/Binaries/DotNET/UnrealBuildTool.exe  -ModuleWithSuffix=UE4Playground,3623 Win64 Development -TargetType=Editor -Project="../../../../../../Users/Peter/Documents/GitHub/Playground/UE4Playground/UE4Playground.uproject" -canskiplink "C:/Users/Peter/Documents/GitHub/Playground/UE4Playground/UE4Playground.uproject" ]
[2018.10.18-03.56.08:910][162]Warning: Starting HotReload took  0.1s.
[2018.10.18-03.57.37:966][256]CompilerResultsLog: New page: Compilation - Oct 17, 2018, 5:57:37 PM
[2018.10.18-03.57.37:966][256]CompilerResultsLog: Using 'git status' to determine working set for adaptive non-unity build.
[2018.10.18-03.57.37:966][256]CompilerResultsLog: Creating makefile for hot reloading UE4PlaygroundEditor (modules to compile have changed)
[2018.10.18-03.57.37:967][256]CompilerResultsLog: Compiling game modules for hot reload
[2018.10.18-03.57.37:967][256]CompilerResultsLog: Using Visual Studio 2015 14.0 toolchain (C:\Program Files (x86)\Microsoft Visual Studio 14.0\VC) and Windows 10.0.14393.0 SDK (C:\Program Files (x86)\Windows Kits\10).
[2018.10.18-03.57.37:967][256]CompilerResultsLog: Parsing headers for UE4PlaygroundEditor
[2018.10.18-03.57.37:967][256]CompilerResultsLog:   Running UnrealHeaderTool "C:\Users\Peter\Documents\GitHub\Playground\UE4Playground\UE4Playground.uproject" "C:\Users\Peter\Documents\GitHub\Playground\UE4Playground\Intermediate\Build\Win64\UE4PlaygroundEditor\Development\UE4PlaygroundEditor.uhtmanifest" -LogCmds="loginit warning, logexit warning, logdatabase error" -Unattended -WarningsAsErrors -installed
[2018.10.18-03.57.37:967][256]CompilerResultsLog: Reflection code generated for UE4PlaygroundEditor in 14.5469733 seconds
[2018.10.18-03.57.37:967][256]CompilerResultsLog: Building 5 actions with 4 processes...
[2018.10.18-03.57.37:967][256]CompilerResultsLog:   [1/5] UE4PlaygroundGameMode.cpp
[2018.10.18-03.57.37:967][256]CompilerResultsLog:   [2/5] UE4PlaygroundCharacter.gen.cpp
[2018.10.18-03.57.37:967][256]CompilerResultsLog:   [3/5] UE4PlaygroundCharacter.cpp
[2018.10.18-03.57.37:967][256]CompilerResultsLog:   [4/5] UE4Editor-UE4Playground-3623.lib
[2018.10.18-03.57.37:967][256]CompilerResultsLog:      Creating library C:\Users\Peter\Documents\GitHub\Playground\UE4Playground\Intermediate\Build\Win64\UE4Editor\Development\UE4Playground\UE4Editor-UE4Playground-3623.lib and object C:\Users\Peter\Documents\GitHub\Playground\UE4Playground\Intermediate\Build\Win64\UE4Editor\Development\UE4Playground\UE4Editor-UE4Playground-3623.exp
[2018.10.18-03.57.37:967][256]CompilerResultsLog:   [5/5] UE4Editor-UE4Playground-3623.dll
[2018.10.18-03.57.37:967][256]CompilerResultsLog:      Creating library C:\Users\Peter\Documents\GitHub\Playground\UE4Playground\Intermediate\Build\Win64\UE4Editor\Development\UE4Playground\UE4Editor-UE4Playground-3623.suppressed.lib and object C:\Users\Peter\Documents\GitHub\Playground\UE4Playground\Intermediate\Build\Win64\UE4Editor\Development\UE4Playground\UE4Editor-UE4Playground-3623.suppressed.exp
[2018.10.18-03.57.37:967][256]CompilerResultsLog: Total build time: 88.35 seconds (Parallel executor: 21.68 seconds)
[2018.10.18-03.57.37:967][256]LogMainFrame: MainFrame: Module compiling took 89.079 seconds
[2018.10.18-03.57.38:063][256]LogClass: Could not find existing class UE4PlaygroundCharacter in package /Script/UE4Playground for HotReload, assuming new class
[2018.10.18-03.57.38:063][256]LogClass: Function OnFire2 is new.
[2018.10.18-03.57.38:066][256]LogClass: Eweapon HotReload.
[2018.10.18-03.57.38:078][256]LogHotReload: Re-instancing UE4PlaygroundCharacter after hot-reload.
[2018.10.18-03.57.38:271][256]LogContentBrowser: Native class hierarchy updated for 'UE4Playground' in 0.0009 seconds. Added 5 classes and 2 folders.
[2018.10.18-03.57.38:275][256]Display: HotReload successful (1 functions remapped  0 scriptstructs remapped)
[2018.10.18-03.57.38:410][256]LogContentBrowser: Native class hierarchy populated in 0.0189 seconds. Added 2578 classes and 607 folders.
[2018.10.18-03.57.38:410][256]Display: HotReload took 89.5s.
[2018.10.18-03.57.50:719][917]LogSlate: Only BGRA pngs, bmps or icos are supported in by External Image Picker
[2018.10.18-03.57.51:036][923]LogTemp: Executing iPhonePackager certificates Engine -bundlename com.YourCompany.UE4Playground
[2018.10.18-03.57.51:036][923]LogTemp: CWD: C:\Program Files\Epic Games\UE_4.20\Engine\Binaries\DotNET\IOS
[2018.10.18-03.57.51:036][923]LogTemp: Initial Dir: C:\Program Files\Epic Games\UE_4.20
[2018.10.18-03.57.51:036][923]LogTemp: Env CWD: C:\Program Files\Epic Games\UE_4.20\Engine\Binaries\DotNET\IOS
[2018.10.18-03.57.51:036][923]LogTemp: BranchPath = PETEPC/C/Program Files/Epic Games/UE_4.20/Engine/Binaries --- GameBranchPath = PETEPC/C/Program Files/Epic Games/UE_4.20/Engine/Binaries
[2018.10.18-03.57.51:067][925]LogTemp: IPP ERROR: Could not find provision directory 'C:\Users\Peter\AppData\Local/Apple Computer/MobileDevice/Provisioning Profiles/'.
[2018.10.18-03.58.13:821][246]LogSlate: Window 'Project Settings' being destroyed
[2018.10.18-03.58.13:824][246]LogSlate: Window 'Project Settings' being destroyed
[2018.10.18-03.58.15:151][396]Candidate modules for hot reload:
[2018.10.18-03.58.15:151][396]  UE4Playground
[2018.10.18-03.58.15:151][396]Launching UnrealBuildTool... [C:/Program Files/Epic Games/UE_4.20/Engine/Binaries/DotNET/UnrealBuildTool.exe  -ModuleWithSuffix=UE4Playground,2193 Win64 Development -TargetType=Editor -Project="../../../../../../Users/Peter/Documents/GitHub/Playground/UE4Playground/UE4Playground.uproject" -canskiplink "C:/Users/Peter/Documents/GitHub/Playground/UE4Playground/UE4Playground.uproject" ]
[2018.10.18-03.58.15:163][396]Warning: Starting HotReload took  0.0s.
[2018.10.18-03.58.25:818][986]CompilerResultsLog: New page: Compilation - Oct 17, 2018, 5:58:25 PM
[2018.10.18-03.58.25:818][986]CompilerResultsLog: Using 'git status' to determine working set for adaptive non-unity build.
[2018.10.18-03.58.25:818][986]CompilerResultsLog: Creating makefile for hot reloading UE4PlaygroundEditor (ini files are newer than UBTMakefile)
[2018.10.18-03.58.25:818][986]CompilerResultsLog: Compiling game modules for hot reload
[2018.10.18-03.58.25:818][986]CompilerResultsLog: Using Visual Studio 2015 14.0 toolchain (C:\Program Files (x86)\Microsoft Visual Studio 14.0\VC) and Windows 10.0.14393.0 SDK (C:\Program Files (x86)\Windows Kits\10).
[2018.10.18-03.58.25:818][986]CompilerResultsLog: Target is up to date
[2018.10.18-03.58.25:818][986]CompilerResultsLog: Total build time: 10.07 seconds (NoActionsToExecute executor: 0.00 seconds)
[2018.10.18-03.58.25:818][986]LogMainFrame: MainFrame: Module compiling took 10.679 seconds
[2018.10.18-03.58.25:881][986]LogContentBrowser: Native class hierarchy populated in 0.0182 seconds. Added 2578 classes and 607 folders.
[2018.10.18-03.58.25:882][986]Display: HotReload took 10.8s.
[2018.10.18-03.58.27:482][175]LogTemp: Repeating last play command: Selected Viewport
[2018.10.18-03.58.27:512][175]LogBlueprintUserMessages: Early PlayInEditor Detection: Level '/Game/FirstPersonCPP/Maps/FirstPersonExampleMap.FirstPersonExampleMap:PersistentLevel' has LevelScriptBlueprint '/Game/FirstPersonCPP/Maps/FirstPersonExampleMap.FirstPersonExampleMap:PersistentLevel.FirstPersonExampleMap' with GeneratedClass '/Game/FirstPersonCPP/Maps/FirstPersonExampleMap.FirstPersonExampleMap_C' with ClassGeneratedBy '/Game/FirstPersonCPP/Maps/FirstPersonExampleMap.FirstPersonExampleMap:PersistentLevel.FirstPersonExampleMap'
[2018.10.18-03.58.27:512][175]LogPlayLevel: PlayLevel: No blueprints needed recompiling
[2018.10.18-03.58.27:525][175]PIE: New page: PIE session: FirstPersonExampleMap (Oct 17, 2018, 5:58:27 PM)
[2018.10.18-03.58.27:525][175]LogPlayLevel: Creating play world package: /Game/FirstPersonCPP/Maps/UEDPIE_0_FirstPersonExampleMap
[2018.10.18-03.58.27:690][175]LogPlayLevel: PIE: StaticDuplicateObject took: (0.165131s)
[2018.10.18-03.58.27:694][175]LogAIModule: Creating AISystem for world FirstPersonExampleMap
[2018.10.18-03.58.27:695][175]LogPlayLevel: PIE: World Init took: (0.003699s)
[2018.10.18-03.58.27:695][175]LogPlayLevel: PIE: Created PIE world by copying editor world from /Game/FirstPersonCPP/Maps/FirstPersonExampleMap.FirstPersonExampleMap to /Game/FirstPersonCPP/Maps/UEDPIE_0_FirstPersonExampleMap.FirstPersonExampleMap (0.169958s)
[2018.10.18-03.58.27:755][175]LogInit: XAudio2 using 'Speakers (2- High Definition Audio Device)' : 2 channels at 44.1 kHz using 16 bits per sample (channel mask 0x3)
[2018.10.18-03.58.27:767][175]LogInit: FAudioDevice initialized.
[2018.10.18-03.58.27:811][175]LogLoad: Game class is 'UE4PlaygroundGameMode'
[2018.10.18-03.58.27:816][175]LogWorld: Bringing World /Game/FirstPersonCPP/Maps/UEDPIE_0_FirstPersonExampleMap.FirstPersonExampleMap up for play (max tick rate 0) at 2018.10.17-22.58.27
[2018.10.18-03.58.27:816][175]LogWorld: Bringing up level for play took: 0.004002
[2018.10.18-03.58.27:859][175]LogContentBrowser: Native class hierarchy updated for 'MovieSceneCapture' in 0.0007 seconds. Added 10 classes and 0 folders.
[2018.10.18-03.58.27:860][175]PIE: Play in editor start time for /Game/FirstPersonCPP/Maps/UEDPIE_0_FirstPersonExampleMap 0.957
[2018.10.18-03.58.27:860][175]LogBlueprintUserMessages: Late PlayInEditor Detection: Level '/Game/FirstPersonCPP/Maps/FirstPersonExampleMap.FirstPersonExampleMap:PersistentLevel' has LevelScriptBlueprint '/Game/FirstPersonCPP/Maps/FirstPersonExampleMap.FirstPersonExampleMap:PersistentLevel.FirstPersonExampleMap' with GeneratedClass '/Game/FirstPersonCPP/Maps/FirstPersonExampleMap.FirstPersonExampleMap_C' with ClassGeneratedBy '/Game/FirstPersonCPP/Maps/FirstPersonExampleMap.FirstPersonExampleMap:PersistentLevel.FirstPersonExampleMap'
[2018.10.18-03.58.40:443][669]LogBlueprintUserMessages: Early EndPlayMap Detection: Level '/Game/FirstPersonCPP/Maps/FirstPersonExampleMap.FirstPersonExampleMap:PersistentLevel' has LevelScriptBlueprint '/Game/FirstPersonCPP/Maps/FirstPersonExampleMap.FirstPersonExampleMap:PersistentLevel.FirstPersonExampleMap' with GeneratedClass '/Game/FirstPersonCPP/Maps/FirstPersonExampleMap.FirstPersonExampleMap_C' with ClassGeneratedBy '/Game/FirstPersonCPP/Maps/FirstPersonExampleMap.FirstPersonExampleMap:PersistentLevel.FirstPersonExampleMap'
[2018.10.18-03.58.40:444][669]LogSlate: Updating window title bar state: overlay mode, drag disabled, window buttons hidden, title bar hidden
[2018.10.18-03.58.40:479][669]LogPlayLevel: Display: Shutting down PIE online subsystems
[2018.10.18-03.58.40:479][669]LogBlueprintUserMessages: Late EndPlayMap Detection: Level '/Game/FirstPersonCPP/Maps/FirstPersonExampleMap.FirstPersonExampleMap:PersistentLevel' has LevelScriptBlueprint '/Game/FirstPersonCPP/Maps/FirstPersonExampleMap.FirstPersonExampleMap:PersistentLevel.FirstPersonExampleMap' with GeneratedClass '/Game/FirstPersonCPP/Maps/FirstPersonExampleMap.FirstPersonExampleMap_C' with ClassGeneratedBy '/Game/FirstPersonCPP/Maps/FirstPersonExampleMap.FirstPersonExampleMap:PersistentLevel.FirstPersonExampleMap'
[2018.10.18-03.58.40:520][669]LogSlate: Updating window title bar state: overlay mode, drag disabled, window buttons hidden, title bar hidden
[2018.10.18-03.58.40:548][670]LogPlayLevel: Display: Destroying online subsystem :Context_2
[2018.10.18-04.06.20:106][298]LogSlate: FSceneViewport::OnFocusLost() reason 0
[2018.10.18-04.06.20:240][302]Candidate modules for hot reload:
[2018.10.18-04.06.20:240][302]  UE4Playground
[2018.10.18-04.06.20:240][302]Launching UnrealBuildTool... [C:/Program Files/Epic Games/UE_4.20/Engine/Binaries/DotNET/UnrealBuildTool.exe  -ModuleWithSuffix=UE4Playground,3826 Win64 Development -TargetType=Editor -Project="../../../../../../Users/Peter/Documents/GitHub/Playground/UE4Playground/UE4Playground.uproject" -canskiplink "C:/Users/Peter/Documents/GitHub/Playground/UE4Playground/UE4Playground.uproject" ]
[2018.10.18-04.06.20:252][302]Warning: Starting HotReload took  0.0s.
[2018.10.18-04.07.12:065][316]CompilerResultsLog: New page: Compilation - Oct 17, 2018, 6:07:12 PM
[2018.10.18-04.07.12:065][316]CompilerResultsLog: Using 'git status' to determine working set for adaptive non-unity build.
[2018.10.18-04.07.12:065][316]CompilerResultsLog: Compiling game modules for hot reload
[2018.10.18-04.07.12:065][316]CompilerResultsLog: Parsing headers for UE4PlaygroundEditor
[2018.10.18-04.07.12:065][316]CompilerResultsLog:   Running UnrealHeaderTool "C:\Users\Peter\Documents\GitHub\Playground\UE4Playground\UE4Playground.uproject" "C:\Users\Peter\Documents\GitHub\Playground\UE4Playground\Intermediate\Build\Win64\UE4PlaygroundEditor\Development\UE4PlaygroundEditor.uhtmanifest" -LogCmds="loginit warning, logexit warning, logdatabase error" -Unattended -WarningsAsErrors -installed
[2018.10.18-04.07.12:065][316]CompilerResultsLog: Reflection code generated for UE4PlaygroundEditor in 18.589516 seconds
[2018.10.18-04.07.12:065][316]CompilerResultsLog: Building 5 actions with 4 processes...
[2018.10.18-04.07.12:065][316]CompilerResultsLog:   [1/5] UE4PlaygroundCharacter.gen.cpp
[2018.10.18-04.07.12:065][316]CompilerResultsLog:   [2/5] UE4PlaygroundGameMode.cpp
[2018.10.18-04.07.12:065][316]CompilerResultsLog:   [3/5] UE4PlaygroundCharacter.cpp
[2018.10.18-04.07.12:065][316]CompilerResultsLog:   [4/5] UE4Editor-UE4Playground-3826.lib
[2018.10.18-04.07.12:066][316]CompilerResultsLog:      Creating library C:\Users\Peter\Documents\GitHub\Playground\UE4Playground\Intermediate\Build\Win64\UE4Editor\Development\UE4Playground\UE4Editor-UE4Playground-3826.lib and object C:\Users\Peter\Documents\GitHub\Playground\UE4Playground\Intermediate\Build\Win64\UE4Editor\Development\UE4Playground\UE4Editor-UE4Playground-3826.exp
[2018.10.18-04.07.12:066][316]CompilerResultsLog:   [5/5] UE4Editor-UE4Playground-3826.dll
[2018.10.18-04.07.12:066][316]CompilerResultsLog:      Creating library C:\Users\Peter\Documents\GitHub\Playground\UE4Playground\Intermediate\Build\Win64\UE4Editor\Development\UE4Playground\UE4Editor-UE4Playground-3826.suppressed.lib and object C:\Users\Peter\Documents\GitHub\Playground\UE4Playground\Intermediate\Build\Win64\UE4Editor\Development\UE4Playground\UE4Editor-UE4Playground-3826.suppressed.exp
[2018.10.18-04.07.12:066][316]CompilerResultsLog: Total build time: 51.26 seconds (Parallel executor: 28.52 seconds)
[2018.10.18-04.07.12:066][316]LogMainFrame: MainFrame: Module compiling took 51.839 seconds
[2018.10.18-04.07.12:258][316]LogClass: Could not find existing class UE4PlaygroundCharacter in package /Script/UE4Playground for HotReload, assuming new class
[2018.10.18-04.07.12:258][316]LogClass: Function OnFire2 is new.
[2018.10.18-04.07.12:262][316]LogClass: Eweapon HotReload.
[2018.10.18-04.07.12:271][316]LogHotReload: Re-instancing UE4PlaygroundCharacter after hot-reload.
[2018.10.18-04.07.12:443][316]LogContentBrowser: Native class hierarchy updated for 'UE4Playground' in 0.0010 seconds. Added 5 classes and 2 folders.
[2018.10.18-04.07.12:447][316]Display: HotReload successful (1 functions remapped  0 scriptstructs remapped)
[2018.10.18-04.07.12:568][316]LogContentBrowser: Native class hierarchy populated in 0.0178 seconds. Added 2578 classes and 607 folders.
[2018.10.18-04.07.12:568][316]Display: HotReload took 52.4s.
[2018.10.18-04.07.18:579][ 34]LogTemp: Repeating last play command: Selected Viewport
[2018.10.18-04.07.18:609][ 34]LogBlueprintUserMessages: Early PlayInEditor Detection: Level '/Game/FirstPersonCPP/Maps/FirstPersonExampleMap.FirstPersonExampleMap:PersistentLevel' has LevelScriptBlueprint '/Game/FirstPersonCPP/Maps/FirstPersonExampleMap.FirstPersonExampleMap:PersistentLevel.FirstPersonExampleMap' with GeneratedClass '/Game/FirstPersonCPP/Maps/FirstPersonExampleMap.FirstPersonExampleMap_C' with ClassGeneratedBy '/Game/FirstPersonCPP/Maps/FirstPersonExampleMap.FirstPersonExampleMap:PersistentLevel.FirstPersonExampleMap'
[2018.10.18-04.07.18:609][ 34]LogPlayLevel: PlayLevel: No blueprints needed recompiling
[2018.10.18-04.07.18:609][ 34]PIE: New page: PIE session: FirstPersonExampleMap (Oct 17, 2018, 6:07:18 PM)
[2018.10.18-04.07.18:610][ 34]LogPlayLevel: Creating play world package: /Game/FirstPersonCPP/Maps/UEDPIE_0_FirstPersonExampleMap
[2018.10.18-04.07.18:634][ 34]LogPlayLevel: PIE: StaticDuplicateObject took: (0.023945s)
[2018.10.18-04.07.18:635][ 34]LogAIModule: Creating AISystem for world FirstPersonExampleMap
[2018.10.18-04.07.18:635][ 34]LogPlayLevel: PIE: World Init took: (0.001355s)
[2018.10.18-04.07.18:635][ 34]LogPlayLevel: PIE: Created PIE world by copying editor world from /Game/FirstPersonCPP/Maps/FirstPersonExampleMap.FirstPersonExampleMap to /Game/FirstPersonCPP/Maps/UEDPIE_0_FirstPersonExampleMap.FirstPersonExampleMap (0.025578s)
[2018.10.18-04.07.18:685][ 34]LogInit: XAudio2 using 'Speakers (2- High Definition Audio Device)' : 2 channels at 44.1 kHz using 16 bits per sample (channel mask 0x3)
[2018.10.18-04.07.18:697][ 34]LogInit: FAudioDevice initialized.
[2018.10.18-04.07.18:731][ 34]LogLoad: Game class is 'UE4PlaygroundGameMode'
[2018.10.18-04.07.18:734][ 34]LogWorld: Bringing World /Game/FirstPersonCPP/Maps/UEDPIE_0_FirstPersonExampleMap.FirstPersonExampleMap up for play (max tick rate 0) at 2018.10.17-23.07.18
[2018.10.18-04.07.18:734][ 34]LogWorld: Bringing up level for play took: 0.002525
[2018.10.18-04.07.18:748][ 34]PIE: Play in editor start time for /Game/FirstPersonCPP/Maps/UEDPIE_0_FirstPersonExampleMap -0.154
[2018.10.18-04.07.18:749][ 34]LogBlueprintUserMessages: Late PlayInEditor Detection: Level '/Game/FirstPersonCPP/Maps/FirstPersonExampleMap.FirstPersonExampleMap:PersistentLevel' has LevelScriptBlueprint '/Game/FirstPersonCPP/Maps/FirstPersonExampleMap.FirstPersonExampleMap:PersistentLevel.FirstPersonExampleMap' with GeneratedClass '/Game/FirstPersonCPP/Maps/FirstPersonExampleMap.FirstPersonExampleMap_C' with ClassGeneratedBy '/Game/FirstPersonCPP/Maps/FirstPersonExampleMap.FirstPersonExampleMap:PersistentLevel.FirstPersonExampleMap'
[2018.10.18-04.07.33:086][730]LogBlueprintUserMessages: Early EndPlayMap Detection: Level '/Game/FirstPersonCPP/Maps/FirstPersonExampleMap.FirstPersonExampleMap:PersistentLevel' has LevelScriptBlueprint '/Game/FirstPersonCPP/Maps/FirstPersonExampleMap.FirstPersonExampleMap:PersistentLevel.FirstPersonExampleMap' with GeneratedClass '/Game/FirstPersonCPP/Maps/FirstPersonExampleMap.FirstPersonExampleMap_C' with ClassGeneratedBy '/Game/FirstPersonCPP/Maps/FirstPersonExampleMap.FirstPersonExampleMap:PersistentLevel.FirstPersonExampleMap'
[2018.10.18-04.07.33:086][730]LogSlate: Updating window title bar state: overlay mode, drag disabled, window buttons hidden, title bar hidden
[2018.10.18-04.07.33:121][730]LogPlayLevel: Display: Shutting down PIE online subsystems
[2018.10.18-04.07.33:122][730]LogBlueprintUserMessages: Late EndPlayMap Detection: Level '/Game/FirstPersonCPP/Maps/FirstPersonExampleMap.FirstPersonExampleMap:PersistentLevel' has LevelScriptBlueprint '/Game/FirstPersonCPP/Maps/FirstPersonExampleMap.FirstPersonExampleMap:PersistentLevel.FirstPersonExampleMap' with GeneratedClass '/Game/FirstPersonCPP/Maps/FirstPersonExampleMap.FirstPersonExampleMap_C' with ClassGeneratedBy '/Game/FirstPersonCPP/Maps/FirstPersonExampleMap.FirstPersonExampleMap:PersistentLevel.FirstPersonExampleMap'
[2018.10.18-04.07.33:159][730]LogSlate: Updating window title bar state: overlay mode, drag disabled, window buttons hidden, title bar hidden
[2018.10.18-04.07.33:188][731]LogPlayLevel: Display: Destroying online subsystem :Context_3
[2018.10.18-04.08.30:105][ 28]LogSlate: FSceneViewport::OnFocusLost() reason 0
[2018.10.18-04.08.30:323][ 28]Candidate modules for hot reload:
[2018.10.18-04.08.30:323][ 28]  UE4Playground
[2018.10.18-04.08.30:323][ 28]Launching UnrealBuildTool... [C:/Program Files/Epic Games/UE_4.20/Engine/Binaries/DotNET/UnrealBuildTool.exe  -ModuleWithSuffix=UE4Playground,1672 Win64 Development -TargetType=Editor -Project="../../../../../../Users/Peter/Documents/GitHub/Playground/UE4Playground/UE4Playground.uproject" -canskiplink "C:/Users/Peter/Documents/GitHub/Playground/UE4Playground/UE4Playground.uproject" ]
[2018.10.18-04.08.30:334][ 28]Warning: Starting HotReload took  0.0s.
[2018.10.18-04.09.01:832][689]CompilerResultsLog: New page: Compilation - Oct 17, 2018, 6:09:01 PM
[2018.10.18-04.09.01:832][689]CompilerResultsLog: Using 'git status' to determine working set for adaptive non-unity build.
[2018.10.18-04.09.01:832][689]CompilerResultsLog: Compiling game modules for hot reload
[2018.10.18-04.09.01:832][689]CompilerResultsLog: Building 3 actions with 4 processes...
[2018.10.18-04.09.01:832][689]CompilerResultsLog:   [1/3] UE4PlaygroundCharacter.cpp
[2018.10.18-04.09.01:832][689]CompilerResultsLog:   [2/3] UE4Editor-UE4Playground-1672.lib
[2018.10.18-04.09.01:832][689]CompilerResultsLog:      Creating library C:\Users\Peter\Documents\GitHub\Playground\UE4Playground\Intermediate\Build\Win64\UE4Editor\Development\UE4Playground\UE4Editor-UE4Playground-1672.lib and object C:\Users\Peter\Documents\GitHub\Playground\UE4Playground\Intermediate\Build\Win64\UE4Editor\Development\UE4Playground\UE4Editor-UE4Playground-1672.exp
[2018.10.18-04.09.01:832][689]CompilerResultsLog:   [3/3] UE4Editor-UE4Playground-1672.dll
[2018.10.18-04.09.01:832][689]CompilerResultsLog:      Creating library C:\Users\Peter\Documents\GitHub\Playground\UE4Playground\Intermediate\Build\Win64\UE4Editor\Development\UE4Playground\UE4Editor-UE4Playground-1672.suppressed.lib and object C:\Users\Peter\Documents\GitHub\Playground\UE4Playground\Intermediate\Build\Win64\UE4Editor\Development\UE4Playground\UE4Editor-UE4Playground-1672.suppressed.exp
[2018.10.18-04.09.01:833][689]CompilerResultsLog: Total build time: 30.92 seconds (Parallel executor: 27.30 seconds)
[2018.10.18-04.09.01:833][689]LogMainFrame: MainFrame: Module compiling took 31.523 seconds
[2018.10.18-04.09.01:930][689]LogClass: Eweapon HotReload.
[2018.10.18-04.09.01:939][689]LogContentBrowser: Native class hierarchy updated for 'UE4Playground' in 0.0008 seconds. Added 5 classes and 2 folders.
[2018.10.18-04.09.01:942][689]Display: HotReload successful (2 functions remapped  0 scriptstructs remapped)
[2018.10.18-04.09.02:073][689]LogContentBrowser: Native class hierarchy populated in 0.0218 seconds. Added 2578 classes and 607 folders.
[2018.10.18-04.09.02:074][689]Display: HotReload took 31.8s.
[2018.10.18-04.09.10:340][675]LogTemp: Repeating last play command: Selected Viewport
[2018.10.18-04.09.10:371][675]LogBlueprintUserMessages: Early PlayInEditor Detection: Level '/Game/FirstPersonCPP/Maps/FirstPersonExampleMap.FirstPersonExampleMap:PersistentLevel' has LevelScriptBlueprint '/Game/FirstPersonCPP/Maps/FirstPersonExampleMap.FirstPersonExampleMap:PersistentLevel.FirstPersonExampleMap' with GeneratedClass '/Game/FirstPersonCPP/Maps/FirstPersonExampleMap.FirstPersonExampleMap_C' with ClassGeneratedBy '/Game/FirstPersonCPP/Maps/FirstPersonExampleMap.FirstPersonExampleMap:PersistentLevel.FirstPersonExampleMap'
[2018.10.18-04.09.10:371][675]LogPlayLevel: PlayLevel: No blueprints needed recompiling
[2018.10.18-04.09.10:371][675]PIE: New page: PIE session: FirstPersonExampleMap (Oct 17, 2018, 6:09:10 PM)
[2018.10.18-04.09.10:371][675]LogPlayLevel: Creating play world package: /Game/FirstPersonCPP/Maps/UEDPIE_0_FirstPersonExampleMap
[2018.10.18-04.09.10:395][675]LogPlayLevel: PIE: StaticDuplicateObject took: (0.024025s)
[2018.10.18-04.09.10:397][675]LogAIModule: Creating AISystem for world FirstPersonExampleMap
[2018.10.18-04.09.10:397][675]LogPlayLevel: PIE: World Init took: (0.001324s)
[2018.10.18-04.09.10:397][675]LogPlayLevel: PIE: Created PIE world by copying editor world from /Game/FirstPersonCPP/Maps/FirstPersonExampleMap.FirstPersonExampleMap to /Game/FirstPersonCPP/Maps/UEDPIE_0_FirstPersonExampleMap.FirstPersonExampleMap (0.025638s)
[2018.10.18-04.09.10:453][675]LogInit: XAudio2 using 'Speakers (2- High Definition Audio Device)' : 2 channels at 44.1 kHz using 16 bits per sample (channel mask 0x3)
[2018.10.18-04.09.10:466][675]LogInit: FAudioDevice initialized.
[2018.10.18-04.09.10:497][675]LogLoad: Game class is 'UE4PlaygroundGameMode'
[2018.10.18-04.09.10:500][675]LogWorld: Bringing World /Game/FirstPersonCPP/Maps/UEDPIE_0_FirstPersonExampleMap.FirstPersonExampleMap up for play (max tick rate 0) at 2018.10.17-23.09.10
[2018.10.18-04.09.10:500][675]LogWorld: Bringing up level for play took: 0.002505
[2018.10.18-04.09.10:514][675]PIE: Play in editor start time for /Game/FirstPersonCPP/Maps/UEDPIE_0_FirstPersonExampleMap -0.389
[2018.10.18-04.09.10:514][675]LogBlueprintUserMessages: Late PlayInEditor Detection: Level '/Game/FirstPersonCPP/Maps/FirstPersonExampleMap.FirstPersonExampleMap:PersistentLevel' has LevelScriptBlueprint '/Game/FirstPersonCPP/Maps/FirstPersonExampleMap.FirstPersonExampleMap:PersistentLevel.FirstPersonExampleMap' with GeneratedClass '/Game/FirstPersonCPP/Maps/FirstPersonExampleMap.FirstPersonExampleMap_C' with ClassGeneratedBy '/Game/FirstPersonCPP/Maps/FirstPersonExampleMap.FirstPersonExampleMap:PersistentLevel.FirstPersonExampleMap'
[2018.10.18-04.10.04:048][ 72]LogBlueprintUserMessages: Early EndPlayMap Detection: Level '/Game/FirstPersonCPP/Maps/FirstPersonExampleMap.FirstPersonExampleMap:PersistentLevel' has LevelScriptBlueprint '/Game/FirstPersonCPP/Maps/FirstPersonExampleMap.FirstPersonExampleMap:PersistentLevel.FirstPersonExampleMap' with GeneratedClass '/Game/FirstPersonCPP/Maps/FirstPersonExampleMap.FirstPersonExampleMap_C' with ClassGeneratedBy '/Game/FirstPersonCPP/Maps/FirstPersonExampleMap.FirstPersonExampleMap:PersistentLevel.FirstPersonExampleMap'
[2018.10.18-04.10.04:048][ 72]LogSlate: Updating window title bar state: overlay mode, drag disabled, window buttons hidden, title bar hidden
[2018.10.18-04.10.04:083][ 72]LogPlayLevel: Display: Shutting down PIE online subsystems
[2018.10.18-04.10.04:083][ 72]LogBlueprintUserMessages: Late EndPlayMap Detection: Level '/Game/FirstPersonCPP/Maps/FirstPersonExampleMap.FirstPersonExampleMap:PersistentLevel' has LevelScriptBlueprint '/Game/FirstPersonCPP/Maps/FirstPersonExampleMap.FirstPersonExampleMap:PersistentLevel.FirstPersonExampleMap' with GeneratedClass '/Game/FirstPersonCPP/Maps/FirstPersonExampleMap.FirstPersonExampleMap_C' with ClassGeneratedBy '/Game/FirstPersonCPP/Maps/FirstPersonExampleMap.FirstPersonExampleMap:PersistentLevel.FirstPersonExampleMap'
[2018.10.18-04.10.04:121][ 72]LogSlate: Updating window title bar state: overlay mode, drag disabled, window buttons hidden, title bar hidden
[2018.10.18-04.10.04:148][ 74]LogPlayLevel: Display: Destroying online subsystem :Context_4
[2018.10.18-04.10.54:450][952]LogSlate: FSceneViewport::OnFocusLost() reason 0
[2018.10.18-04.10.54:736][952]Candidate modules for hot reload:
[2018.10.18-04.10.54:736][952]  UE4Playground
[2018.10.18-04.10.54:736][952]Launching UnrealBuildTool... [C:/Program Files/Epic Games/UE_4.20/Engine/Binaries/DotNET/UnrealBuildTool.exe  -ModuleWithSuffix=UE4Playground,419 Win64 Development -TargetType=Editor -Project="../../../../../../Users/Peter/Documents/GitHub/Playground/UE4Playground/UE4Playground.uproject" -canskiplink "C:/Users/Peter/Documents/GitHub/Playground/UE4Playground/UE4Playground.uproject" ]
[2018.10.18-04.10.54:750][952]Warning: Starting HotReload took  0.0s.
[2018.10.18-04.11.17:642][525]CompilerResultsLog: New page: Compilation - Oct 17, 2018, 6:11:17 PM
[2018.10.18-04.11.17:642][525]CompilerResultsLog: Using 'git status' to determine working set for adaptive non-unity build.
[2018.10.18-04.11.17:642][525]CompilerResultsLog: Compiling game modules for hot reload
[2018.10.18-04.11.17:642][525]CompilerResultsLog: Parsing headers for UE4PlaygroundEditor
[2018.10.18-04.11.17:642][525]CompilerResultsLog:   Running UnrealHeaderTool "C:\Users\Peter\Documents\GitHub\Playground\UE4Playground\UE4Playground.uproject" "C:\Users\Peter\Documents\GitHub\Playground\UE4Playground\Intermediate\Build\Win64\UE4PlaygroundEditor\Development\UE4PlaygroundEditor.uhtmanifest" -LogCmds="loginit warning, logexit warning, logdatabase error" -Unattended -WarningsAsErrors -installed
[2018.10.18-04.11.17:642][525]CompilerResultsLog: Error: C:/Users/Peter/Documents/GitHub/Playground/UE4Playground/Source/UE4Playground/UE4PlaygroundCharacter.h(137)  : Error: Const properties are not supported.
[2018.10.18-04.11.17:642][525]CompilerResultsLog: UnrealHeaderTool failed for target 'UE4PlaygroundEditor' (platform: Win64, module info: C:\Users\Peter\Documents\GitHub\Playground\UE4Playground\Intermediate\Build\Win64\UE4PlaygroundEditor\Development\UE4PlaygroundEditor.uhtmanifest).
[2018.10.18-04.11.17:642][525]LogMainFrame: MainFrame: Module compiling took 22.919 seconds
[2018.10.18-04.11.17:642][525]Warning: HotReload failed, recompile failed
[2018.10.18-04.16.20:180][100]LogEditorViewport: Clicking on Actor (LMB): StaticMeshActor (Wall3)
[2018.10.18-04.19.51:491][757]LogSlate: FSceneViewport::OnFocusLost() reason 2
[2018.10.18-04.19.53:337][910]LogSlate: Window 'UE4Playground - Unreal Editor' being destroyed
[2018.10.18-04.19.53:339][910]LogWindowsTextInputMethodSystem: Display: IME system now deactivated.
[2018.10.18-04.19.53:550][911]Cmd: QUIT_EDITOR
[2018.10.18-04.19.54:067][911]LogExit: Preparing to exit.
[2018.10.18-04.19.55:043][911]LogExit: Editor shut down
[2018.10.18-04.19.55:044][911]LogExit: Transaction tracking system shut down
[2018.10.18-04.19.55:684][911]LogExit: Object subsystem successfully closed.
[2018.10.18-04.19.55:703][911]LogShaderCompilers: Display: Shaders left to compile 0
[2018.10.18-04.19.55:707][911]LogD3D11RHI: Shutdown
[2018.10.18-04.19.55:708][911]LogD3D11RHI: CleanupD3DDevice
[2018.10.18-04.19.55:711][911]LogD3D11RHI: ~FD3D11DynamicRHI
[2018.10.18-04.19.55:747][911]LogModuleManager: Shutting down and abandoning module UE4Playground (621)
[2018.10.18-04.19.55:747][911]LogModuleManager: Shutting down and abandoning module MovieSceneCapture (619)
[2018.10.18-04.19.55:747][911]LogModuleManager: Shutting down and abandoning module Voice (617)
[2018.10.18-04.19.55:747][911]LogModuleManager: Shutting down and abandoning module ExternalImagePicker (615)
[2018.10.18-04.19.55:747][911]LogModuleManager: Shutting down and abandoning module HierarchicalLODOutliner (612)
[2018.10.18-04.19.55:747][911]LogModuleManager: Shutting down and abandoning module SceneOutliner (610)
[2018.10.18-04.19.55:747][911]LogModuleManager: Shutting down and abandoning module AddContentDialog (608)
[2018.10.18-04.19.55:747][911]LogModuleManager: Shutting down and abandoning module WidgetCarousel (607)
[2018.10.18-04.19.55:747][911]LogModuleManager: Shutting down and abandoning module EditorWidgets (604)
[2018.10.18-04.19.55:747][911]LogModuleManager: Shutting down and abandoning module CollectionManager (602)
[2018.10.18-04.19.55:748][911]LogModuleManager: Shutting down and abandoning module StatsViewer (600)
[2018.10.18-04.19.55:748][911]LogModuleManager: Shutting down and abandoning module FoliageEdit (598)
[2018.10.18-04.19.55:748][911]LogModuleManager: Shutting down and abandoning module LandscapeEditor (596)
[2018.10.18-04.19.55:748][911]LogModuleManager: Shutting down and abandoning module MeshPaintMode (594)
[2018.10.18-04.19.55:748][911]LogModuleManager: Shutting down and abandoning module SceneDepthPickerMode (592)
[2018.10.18-04.19.55:748][911]LogModuleManager: Shutting down and abandoning module ActorPickerMode (590)
[2018.10.18-04.19.55:748][911]LogModuleManager: Shutting down and abandoning module GeometryMode (588)
[2018.10.18-04.19.55:748][911]LogModuleManager: Shutting down and abandoning module TextureAlignMode (586)
[2018.10.18-04.19.55:748][911]LogModuleManager: Shutting down and abandoning module BspMode (584)
[2018.10.18-04.19.55:748][911]LogModuleManager: Shutting down and abandoning module PIEPreviewDeviceProfileSelector (582)
[2018.10.18-04.19.55:748][911]LogModuleManager: Shutting down and abandoning module SequenceRecorderSections (580)
[2018.10.18-04.19.55:748][911]LogModuleManager: Shutting down and abandoning module AutomationWorker (578)
[2018.10.18-04.19.55:748][911]LogModuleManager: Shutting down and abandoning module AudioCaptureEditor (576)
[2018.10.18-04.19.55:748][911]LogModuleManager: Shutting down and abandoning module SequenceRecorder (575)
[2018.10.18-04.19.55:748][911]LogModuleManager: Shutting down and abandoning module MatineeToLevelSequence (572)
[2018.10.18-04.19.55:748][911]LogModuleManager: Shutting down and abandoning module LevelSequenceEditor (570)
[2018.10.18-04.19.55:748][911]LogModuleManager: Shutting down and abandoning module PlacementMode (569)
[2018.10.18-04.19.55:748][911]LogModuleManager: Shutting down and abandoning module MaterialEditor (568)
[2018.10.18-04.19.55:749][911]LogModuleManager: Shutting down and abandoning module WmfMediaFactory (564)
[2018.10.18-04.19.55:749][911]LogModuleManager: Shutting down and abandoning module WmfMediaEditor (562)
[2018.10.18-04.19.55:749][911]LogModuleManager: Shutting down and abandoning module MediaPlayerEditor (560)
[2018.10.18-04.19.55:749][911]LogModuleManager: Shutting down and abandoning module OpenExrWrapper (558)
[2018.10.18-04.19.55:749][911]LogModuleManager: Shutting down and abandoning module ImgMediaFactory (556)
[2018.10.18-04.19.55:749][911]LogModuleManager: Shutting down and abandoning module ImgMediaEditor (554)
[2018.10.18-04.19.55:749][911]LogModuleManager: Shutting down and abandoning module AvfMediaFactory (552)
[2018.10.18-04.19.55:749][911]LogModuleManager: Shutting down and abandoning module AvfMediaEditor (550)
[2018.10.18-04.19.55:749][911]LogModuleManager: Shutting down and abandoning module AndroidMediaFactory (548)
[2018.10.18-04.19.55:749][911]LogModuleManager: Shutting down and abandoning module AndroidMediaEditor (546)
[2018.10.18-04.19.55:749][911]LogModuleManager: Shutting down and abandoning module MagicLeapCameraPreviewFactory (544)
[2018.10.18-04.19.55:749][911]LogModuleManager: Shutting down and abandoning module MagicLeapMediaFactory (542)
[2018.10.18-04.19.55:749][911]LogModuleManager: Shutting down and abandoning module MagicLeapMediaEditor (540)
[2018.10.18-04.19.55:749][911]LogModuleManager: Shutting down and abandoning module CharacterAI (538)
[2018.10.18-04.19.55:749][911]LogModuleManager: Shutting down and abandoning module SmartSnapping (536)
[2018.10.18-04.19.55:749][911]LogModuleManager: Shutting down and abandoning module SessionServices (534)
[2018.10.18-04.19.55:749][911]LogModuleManager: Shutting down and abandoning module ViewportSnapping (532)
[2018.10.18-04.19.55:749][911]LogModuleManager: Shutting down and abandoning module ViewportInteraction (530)
[2018.10.18-04.19.55:749][911]LogModuleManager: Shutting down and abandoning module ClothPainter (528)
[2018.10.18-04.19.55:749][911]LogModuleManager: Shutting down and abandoning module SkeletalMeshEditor (527)
[2018.10.18-04.19.55:749][911]LogModuleManager: Shutting down and abandoning module LogVisualizer (524)
[2018.10.18-04.19.55:750][911]LogModuleManager: Shutting down and abandoning module IntroTutorials (522)
[2018.10.18-04.19.55:750][911]LogModuleManager: Shutting down and abandoning module GameProjectGeneration (521)
[2018.10.18-04.19.55:750][911]LogModuleManager: Shutting down and abandoning module LuminPlatformEditor (518)
[2018.10.18-04.19.55:750][911]LogModuleManager: Shutting down and abandoning module IOSPlatformEditor (516)
[2018.10.18-04.19.55:750][911]LogModuleManager: Shutting down and abandoning module HTML5PlatformEditor (514)
[2018.10.18-04.19.55:750][911]LogModuleManager: Shutting down and abandoning module AndroidPlatformEditor (512)
[2018.10.18-04.19.55:750][911]LogModuleManager: Shutting down and abandoning module AndroidDeviceDetection (511)
[2018.10.18-04.19.56:868][911]LogModuleManager: Shutting down and abandoning module WindowsPlatformEditor (508)
[2018.10.18-04.19.56:869][911]LogModuleManager: Shutting down and abandoning module LuminRuntimeSettings (506)
[2018.10.18-04.19.56:869][911]LogModuleManager: Shutting down and abandoning module IOSRuntimeSettings (504)
[2018.10.18-04.19.56:869][911]LogModuleManager: Shutting down and abandoning module AndroidRuntimeSettings (502)
[2018.10.18-04.19.56:869][911]LogModuleManager: Shutting down and abandoning module InputBindingEditor (500)
[2018.10.18-04.19.56:869][911]LogModuleManager: Shutting down and abandoning module MergeActors (498)
[2018.10.18-04.19.56:869][911]LogModuleManager: Shutting down and abandoning module LocalizationDashboard (496)
[2018.10.18-04.19.56:869][911]LogModuleManager: Shutting down and abandoning module LocalizationService (495)
[2018.10.18-04.19.56:869][911]LogModuleManager: Shutting down and abandoning module HardwareTargeting (492)
[2018.10.18-04.19.56:869][911]LogModuleManager: Shutting down and abandoning module DeviceProfileEditor (490)
[2018.10.18-04.19.56:869][911]LogModuleManager: Shutting down and abandoning module UndoHistory (488)
[2018.10.18-04.19.56:869][911]LogModuleManager: Shutting down and abandoning module XmlParser (486)
[2018.10.18-04.19.56:869][911]LogModuleManager: Shutting down and abandoning module Blutility (484)
[2018.10.18-04.19.56:869][911]LogModuleManager: Shutting down and abandoning module ProjectSettingsViewer (482)
[2018.10.18-04.19.56:869][911]LogModuleManager: Shutting down and abandoning module ProjectTargetPlatformEditor (481)
[2018.10.18-04.19.56:869][911]LogModuleManager: Shutting down and abandoning module EditorSettingsViewer (478)
[2018.10.18-04.19.56:869][911]LogModuleManager: Shutting down and abandoning module SettingsEditor (476)
[2018.10.18-04.19.56:869][911]LogModuleManager: Shutting down and abandoning module ProjectLauncher (474)
[2018.10.18-04.19.56:869][911]LogModuleManager: Shutting down and abandoning module SessionFrontend (472)
[2018.10.18-04.19.56:869][911]LogModuleManager: Shutting down and abandoning module ProfilerClient (470)
[2018.10.18-04.19.56:869][911]LogModuleManager: Shutting down and abandoning module DeviceManager (468)
[2018.10.18-04.19.56:869][911]LogModuleManager: Shutting down and abandoning module TargetDeviceServices (467)
[2018.10.18-04.19.56:914][911]LogModuleManager: Shutting down and abandoning module AutomationController (464)
[2018.10.18-04.19.56:914][911]LogModuleManager: Shutting down and abandoning module AutomationWindow (462)
[2018.10.18-04.19.56:914][911]LogModuleManager: Shutting down and abandoning module Layers (460)
[2018.10.18-04.19.56:914][911]LogModuleManager: Shutting down and abandoning module ComponentVisualizers (458)
[2018.10.18-04.19.56:914][911]LogModuleManager: Shutting down and abandoning module DetailCustomizations (456)
[2018.10.18-04.19.56:914][911]LogModuleManager: Shutting down and abandoning module PackagesDialog (454)
[2018.10.18-04.19.56:914][911]LogModuleManager: Shutting down and abandoning module Persona (452)
[2018.10.18-04.19.56:914][911]LogModuleManager: Shutting down and abandoning module AdvancedPreviewScene (451)
[2018.10.18-04.19.56:914][911]LogModuleManager: Shutting down and abandoning module AnimGraph (449)
[2018.10.18-04.19.56:914][911]LogModuleManager: Shutting down and abandoning module Kismet (446)
[2018.10.18-04.19.56:915][911]LogModuleManager: Shutting down and abandoning module GraphEditor (444)
[2018.10.18-04.19.56:915][911]LogModuleManager: Shutting down and abandoning module ClassViewer (442)
[2018.10.18-04.19.56:915][911]LogModuleManager: Shutting down and abandoning module Toolbox (440)
[2018.10.18-04.19.56:915][911]LogModuleManager: Shutting down and abandoning module DesktopPlatform (439)
[2018.10.18-04.19.56:915][911]LogModuleManager: Shutting down and abandoning module ModuleUI (436)
[2018.10.18-04.19.56:915][911]LogModuleManager: Shutting down and abandoning module MovieSceneTools (434)
[2018.10.18-04.19.56:915][911]LogModuleManager: Shutting down and abandoning module OutputLog (432)
[2018.10.18-04.19.56:915][911]LogModuleManager: Shutting down and abandoning module GammaUI (430)
[2018.10.18-04.19.56:915][911]LogModuleManager: Shutting down and abandoning module Documentation (428)
[2018.10.18-04.19.56:915][911]LogModuleManager: Shutting down and abandoning module MovieSceneTracks (426)
[2018.10.18-04.19.56:915][911]LogModuleManager: Shutting down and abandoning module MovieScene (424)
[2018.10.18-04.19.56:915][911]LogModuleManager: Shutting down and abandoning module StreamingPauseRendering (422)
[2018.10.18-04.19.56:915][911]LogModuleManager: Shutting down and abandoning module LauncherPlatform (420)
[2018.10.18-04.19.56:915][911]LogModuleManager: Shutting down and abandoning module AnalyticsET (418)
[2018.10.18-04.19.56:915][911]LogModuleManager: Shutting down and abandoning module PortalServices (416)
[2018.10.18-04.19.56:915][911]LogModuleManager: Shutting down and abandoning module PortalRpc (414)
[2018.10.18-04.19.56:916][911]LogModuleManager: Shutting down and abandoning module MessagingRpc (412)
[2018.10.18-04.19.56:916][911]LogModuleManager: Shutting down and abandoning module AIModule (410)
[2018.10.18-04.19.56:916][911]LogModuleManager: Shutting down and abandoning module GameplayDebugger (409)
[2018.10.18-04.19.56:916][911]LogModuleManager: Shutting down and abandoning module AITestSuite (407)
[2018.10.18-04.19.56:916][911]LogModuleManager: Shutting down and abandoning module NavigationSystem (405)
[2018.10.18-04.19.56:916][911]LogModuleManager: Shutting down and abandoning module ProfilerService (402)
[2018.10.18-04.19.56:937][911]LogModuleManager: Shutting down and abandoning module TaskGraph (400)
[2018.10.18-04.19.56:938][911]LogModuleManager: Shutting down and abandoning module SteamVRController (398)
[2018.10.18-04.19.56:938][911]LogModuleManager: Shutting down and abandoning module ProceduralMeshComponentEditor (396)
[2018.10.18-04.19.56:938][911]LogModuleManager: Shutting down and abandoning module ProceduralMeshComponent (394)
[2018.10.18-04.19.56:938][911]LogModuleManager: Shutting down and abandoning module OculusInput (392)
[2018.10.18-04.19.56:938][911]LogModuleManager: Shutting down and abandoning module MobilePatchingUtils (390)
[2018.10.18-04.19.56:938][911]LogModuleManager: Shutting down and abandoning module EditableMesh (388)
[2018.10.18-04.19.56:938][911]LogModuleManager: Shutting down and abandoning module CustomMeshComponent (386)
[2018.10.18-04.19.56:938][911]LogModuleManager: Shutting down and abandoning module CableComponent (384)
[2018.10.18-04.19.56:938][911]LogModuleManager: Shutting down and abandoning module AudioCapture (382)
[2018.10.18-04.19.56:938][911]LogModuleManager: Shutting down and abandoning module ArchVisCharacter (380)
[2018.10.18-04.19.56:938][911]LogModuleManager: Shutting down and abandoning module AndroidPermission (378)
[2018.10.18-04.19.56:938][911]LogModuleManager: Shutting down and abandoning module NUTUnrealEngine4 (376)
[2018.10.18-04.19.56:938][911]LogModuleManager: Shutting down and abandoning module NetcodeUnitTest (374)
[2018.10.18-04.19.56:938][911]LogModuleManager: Shutting down and abandoning module MediaCompositingEditor (372)
[2018.10.18-04.19.56:938][911]LogModuleManager: Shutting down and abandoning module MediaCompositing (370)
[2018.10.18-04.19.56:938][911]LogModuleManager: Shutting down and abandoning module LinearTimecode (368)
[2018.10.18-04.19.56:938][911]LogModuleManager: Shutting down and abandoning module ImgMedia (366)
[2018.10.18-04.19.56:942][911]LogModuleManager: Shutting down and abandoning module HTML5Networking (364)
[2018.10.18-04.19.56:942][911]LogModuleManager: Shutting down and abandoning module GeometryCacheTracks (362)
[2018.10.18-04.19.56:942][911]LogModuleManager: Shutting down and abandoning module GeometryCacheSequencer (360)
[2018.10.18-04.19.56:942][911]LogModuleManager: Shutting down and abandoning module BackChannel (358)
[2018.10.18-04.19.56:942][911]LogModuleManager: Shutting down and abandoning module AppleVision (356)
[2018.10.18-04.19.56:942][911]LogModuleManager: Shutting down and abandoning module AppleImageUtils (354)
[2018.10.18-04.19.56:942][911]LogModuleManager: Shutting down and abandoning module AlembicImporter (352)
[2018.10.18-04.19.56:942][911]LogModuleManager: Shutting down and abandoning module AlembicLibrary (351)
[2018.10.18-04.19.56:943][911]LogModuleManager: Shutting down and abandoning module GeometryCache (350)
[2018.10.18-04.19.56:943][911]LogModuleManager: Shutting down and abandoning module GeometryCacheEd (349)
[2018.10.18-04.19.56:943][911]LogModuleManager: Shutting down and abandoning module DatasmithContentEditor (344)
[2018.10.18-04.19.56:943][911]LogModuleManager: Shutting down and abandoning module DatasmithContent (342)
[2018.10.18-04.19.56:944][911]LogModuleManager: Shutting down and abandoning module SpeedTreeImporter (340)
[2018.10.18-04.19.56:944][911]LogModuleManager: Shutting down and abandoning module PluginBrowser (338)
[2018.10.18-04.19.56:944][911]LogModuleManager: Shutting down and abandoning module MobileLauncherProfileWizard (336)
[2018.10.18-04.19.56:944][911]LogModuleManager: Shutting down and abandoning module PolygonModeling (334)
[2018.10.18-04.19.56:944][911]LogModuleManager: Shutting down and abandoning module MeshEditor (332)
[2018.10.18-04.19.56:944][911]LogModuleManager: Shutting down and abandoning module CryptoKeysOpenSSL (330)
[2018.10.18-04.19.56:944][911]LogModuleManager: Shutting down and abandoning module CryptoKeys (328)
[2018.10.18-04.19.56:944][911]LogModuleManager: Shutting down and abandoning module VisualStudioSourceCodeAccess (326)
[2018.10.18-04.19.56:944][911]LogModuleManager: Shutting down and abandoning module VisualStudioCodeSourceCodeAccess (324)
[2018.10.18-04.19.56:944][911]LogModuleManager: Shutting down and abandoning module UObjectPlugin (322)
[2018.10.18-04.19.56:944][911]LogModuleManager: Shutting down and abandoning module SubversionSourceControl (320)
[2018.10.18-04.19.56:944][911]LogModuleManager: Shutting down and abandoning module PerforceSourceControl (318)
[2018.10.18-04.19.56:944][911]LogModuleManager: Shutting down and abandoning module GitSourceControl (316)
[2018.10.18-04.19.56:944][911]LogModuleManager: Shutting down and abandoning module SourceControl (315)
[2018.10.18-04.19.56:945][911]LogModuleManager: Shutting down and abandoning module CLionSourceCodeAccess (312)
[2018.10.18-04.19.56:945][911]LogModuleManager: Shutting down and abandoning module LightPropagationVolumeEditor (310)
[2018.10.18-04.19.56:945][911]LogModuleManager: Shutting down and abandoning module PaperTiledImporter (308)
[2018.10.18-04.19.56:945][911]LogModuleManager: Shutting down and abandoning module PaperSpriteSheetImporter (306)
[2018.10.18-04.19.56:945][911]LogModuleManager: Shutting down and abandoning module Paper2DEditor (304)
[2018.10.18-04.19.56:945][911]LogModuleManager: Shutting down and abandoning module MeshPaint (303)
[2018.10.18-04.19.56:945][911]LogModuleManager: Shutting down and abandoning module RuntimePhysXCooking (298)
[2018.10.18-04.19.56:945][911]LogModuleManager: Shutting down and abandoning module PhysXVehiclesEditor (296)
[2018.10.18-04.19.56:945][911]LogModuleManager: Shutting down and abandoning module PhysXVehicles (294)
[2018.10.18-04.19.56:945][911]LogModuleManager: Shutting down and abandoning module OculusEditor (292)
[2018.10.18-04.19.56:945][911]LogModuleManager: Shutting down and abandoning module LocationServicesBPLibrary (290)
[2018.10.18-04.19.56:945][911]LogModuleManager: Shutting down and abandoning module ImmediatePhysicsEditor (288)
[2018.10.18-04.19.56:945][911]LogModuleManager: Shutting down and abandoning module ImmediatePhysics (286)
[2018.10.18-04.19.56:945][911]LogModuleManager: Shutting down and abandoning module ActorSequence (284)
[2018.10.18-04.19.56:945][911]LogModuleManager: Shutting down and abandoning module UdpMessaging (282)
[2018.10.18-04.19.57:046][911]LogModuleManager: Shutting down and abandoning module TcpMessaging (280)
[2018.10.18-04.19.57:147][911]LogModuleManager: Shutting down and abandoning module MagicLeapAudio (278)
[2018.10.18-04.19.57:147][911]LogModuleManager: Shutting down and abandoning module GameplayTagsEditor (276)
[2018.10.18-04.19.57:147][911]LogModuleManager: Shutting down and abandoning module FacialAnimationEditor (274)
[2018.10.18-04.19.57:147][911]LogModuleManager: Shutting down and abandoning module FacialAnimation (272)
[2018.10.18-04.19.57:147][911]LogModuleManager: Shutting down and abandoning module DataValidation (270)
[2018.10.18-04.19.57:147][911]LogModuleManager: Shutting down and abandoning module AssetManagerEditor (268)
[2018.10.18-04.19.57:147][911]LogModuleManager: Shutting down and abandoning module LevelEditor (267)
[2018.10.18-04.19.57:148][911]LogModuleManager: Shutting down and abandoning module PixelInspectorModule (266)
[2018.10.18-04.19.57:148][911]LogModuleManager: Shutting down and abandoning module CommonMenuExtensions (264)
[2018.10.18-04.19.57:149][911]LogModuleManager: Shutting down and abandoning module MainFrame (262)
[2018.10.18-04.19.57:149][911]LogModuleManager: Shutting down and abandoning module HotReload (261)
[2018.10.18-04.19.57:151][911]LogModuleManager: Shutting down and abandoning module ContentBrowser (257)
[2018.10.18-04.19.57:152][911]LogModuleManager: Shutting down and abandoning module TreeMap (255)
[2018.10.18-04.19.57:153][911]LogModuleManager: Shutting down and abandoning module LightPropagationVolumeRuntime (252)
[2018.10.18-04.19.57:153][911]LogModuleManager: Shutting down and abandoning module AISupportModule (250)
[2018.10.18-04.19.57:153][911]LogModuleManager: Shutting down and abandoning module Paper2D (248)
[2018.10.18-04.19.57:153][911]LogModuleManager: Shutting down and abandoning module WindowsMoviePlayer (246)
[2018.10.18-04.19.57:153][911]LogModuleManager: Shutting down and abandoning module WmfMedia (244)
[2018.10.18-04.19.57:153][911]LogModuleManager: Shutting down and abandoning module Media (243)
[2018.10.18-04.19.57:160][911]LogModuleManager: Shutting down and abandoning module PacketHandler (240)
[2018.10.18-04.19.57:160][911]LogModuleManager: Shutting down and abandoning module ClothingSystemEditor (238)
[2018.10.18-04.19.57:160][911]LogModuleManager: Shutting down and abandoning module ClothingSystemRuntime (236)
[2018.10.18-04.19.57:160][911]LogModuleManager: Shutting down and abandoning module MediaAssets (234)
[2018.10.18-04.19.57:160][911]LogModuleManager: Shutting down and abandoning module Overlay (232)
[2018.10.18-04.19.57:160][911]LogModuleManager: Shutting down and abandoning module OverlayEditor (231)
[2018.10.18-04.19.57:160][911]LogModuleManager: Shutting down and abandoning module VREditor (228)
[2018.10.18-04.19.57:161][911]LogModuleManager: Shutting down and abandoning module StringTableEditor (226)
[2018.10.18-04.19.57:161][911]LogModuleManager: Shutting down and abandoning module GameplayTasksEditor (224)
[2018.10.18-04.19.57:161][911]LogModuleManager: Shutting down and abandoning module BehaviorTreeEditor (222)
[2018.10.18-04.19.57:161][911]LogModuleManager: Shutting down and abandoning module FunctionalTesting (220)
[2018.10.18-04.19.57:161][911]LogModuleManager: Shutting down and abandoning module CollisionAnalyzer (218)
[2018.10.18-04.19.57:161][911]LogModuleManager: Shutting down and abandoning module WorkspaceMenuStructure (217)
[2018.10.18-04.19.57:161][911]LogModuleManager: Shutting down and abandoning module UMG (214)
[2018.10.18-04.19.57:161][911]LogModuleManager: Shutting down and abandoning module UMGEditor (213)
[2018.10.18-04.19.57:161][911]LogModuleManager: Shutting down and abandoning module Sequencer (212)
[2018.10.18-04.19.57:161][911]LogModuleManager: Shutting down and abandoning module MessageLog (209)
[2018.10.18-04.19.57:161][911]LogModuleManager: Shutting down and abandoning module SlateReflector (204)
[2018.10.18-04.19.57:161][911]LogModuleManager: Shutting down and abandoning module Slate (202)
[2018.10.18-04.19.57:161][911]LogModuleManager: Shutting down and abandoning module EditorStyle (200)
[2018.10.18-04.19.57:165][911]LogModuleManager: Shutting down and abandoning module MRMesh (198)
[2018.10.18-04.19.57:165][911]LogModuleManager: Shutting down and abandoning module SourceCodeAccess (196)
[2018.10.18-04.19.57:165][911]LogModuleManager: Shutting down and abandoning module HeadMountedDisplay (194)
[2018.10.18-04.19.57:165][911]LogModuleManager: Shutting down and abandoning module XAudio2 (192)
[2018.10.18-04.19.57:165][911]LogModuleManager: Shutting down and abandoning module Networking (190)
[2018.10.18-04.19.57:165][911]LogModuleManager: Shutting down and abandoning module Core (188)
[2018.10.18-04.19.57:165][911]LogModuleManager: Shutting down and abandoning module LevelSequence (186)
[2018.10.18-04.19.57:165][911]LogModuleManager: Shutting down and abandoning module KismetCompiler (184)
[2018.10.18-04.19.57:165][911]LogModuleManager: Shutting down and abandoning module MeshUtilities (182)
[2018.10.18-04.19.57:165][911]LogModuleManager: Shutting down and abandoning module MeshMergeUtilities (181)
[2018.10.18-04.19.57:165][911]LogModuleManager: Shutting down and abandoning module MeshReductionInterface (180)
[2018.10.18-04.19.57:165][911]LogModuleManager: Shutting down and abandoning module SimplygonSwarm (179)
[2018.10.18-04.19.57:165][911]LogModuleManager: Shutting down and abandoning module ProxyLODMeshReduction (177)
[2018.10.18-04.19.57:165][911]LogModuleManager: Shutting down and abandoning module SimplygonMeshReduction (175)
[2018.10.18-04.19.57:166][911]LogModuleManager: Shutting down and abandoning module QuadricMeshReduction (173)
[2018.10.18-04.19.57:166][911]LogModuleManager: Shutting down and abandoning module MaterialBaking (169)
[2018.10.18-04.19.57:166][911]LogModuleManager: Shutting down and abandoning module DirectoryWatcher (165)
[2018.10.18-04.19.57:166][911]LogModuleManager: Shutting down and abandoning module DerivedDataCache (162)
[2018.10.18-04.19.57:177][911]LogDerivedDataCache: Shutdown
[2018.10.18-04.19.57:177][911]LogModuleManager: Shutting down and abandoning module XGEController (160)
[2018.10.18-04.19.57:177][911]LogXGEController: Cleaning working directory: C:/Users/Peter/AppData/Local/Temp/UnrealXGEWorkingDir/
[2018.10.18-04.19.57:178][911]LogModuleManager: Shutting down and abandoning module TargetPlatform (158)
[2018.10.18-04.19.57:178][911]LogModuleManager: Shutting down and abandoning module VulkanShaderFormat (157)
[2018.10.18-04.19.57:178][911]LogModuleManager: Shutting down and abandoning module ShaderFormatVectorVM (155)
[2018.10.18-04.19.57:178][911]LogModuleManager: Shutting down and abandoning module ShaderFormatOpenGL (153)
[2018.10.18-04.19.57:178][911]LogModuleManager: Shutting down and abandoning module ShaderFormatD3D (151)
[2018.10.18-04.19.57:178][911]LogModuleManager: Shutting down and abandoning module MetalShaderFormat (149)
[2018.10.18-04.19.57:178][911]LogModuleManager: Shutting down and abandoning module TextureFormatUncompressed (147)
[2018.10.18-04.19.57:178][911]LogModuleManager: Shutting down and abandoning module TextureFormatPVR (145)
[2018.10.18-04.19.57:178][911]LogModuleManager: Shutting down and abandoning module TextureFormatDXT (143)
[2018.10.18-04.19.57:178][911]LogModuleManager: Shutting down and abandoning module TextureFormatIntelISPCTexComp (141)
[2018.10.18-04.19.57:178][911]LogModuleManager: Shutting down and abandoning module TextureFormatASTC (139)
[2018.10.18-04.19.57:178][911]LogModuleManager: Shutting down and abandoning module ImageWrapper (138)
[2018.10.18-04.19.57:178][911]LogModuleManager: Shutting down and abandoning module TextureFormatAndroid (135)
[2018.10.18-04.19.57:178][911]LogModuleManager: Shutting down and abandoning module AudioFormatOpus (133)
[2018.10.18-04.19.57:178][911]LogModuleManager: Shutting down and abandoning module AudioFormatOgg (131)
[2018.10.18-04.19.57:178][911]LogModuleManager: Shutting down and abandoning module AudioFormatADPCM (129)
[2018.10.18-04.19.57:178][911]LogModuleManager: Shutting down and abandoning module LuminTargetPlatform (127)
[2018.10.18-04.19.57:178][911]LogModuleManager: Shutting down and abandoning module LinuxTargetPlatform (125)
[2018.10.18-04.19.57:178][911]LogModuleManager: Shutting down and abandoning module LinuxServerTargetPlatform (123)
[2018.10.18-04.19.57:178][911]LogModuleManager: Shutting down and abandoning module LinuxNoEditorTargetPlatform (121)
[2018.10.18-04.19.57:178][911]LogModuleManager: Shutting down and abandoning module LinuxClientTargetPlatform (119)
[2018.10.18-04.19.57:178][911]LogModuleManager: Shutting down and abandoning module TVOSTargetPlatform (117)
[2018.10.18-04.19.57:179][911]LogModuleManager: Shutting down and abandoning module Messaging (115)
[2018.10.18-04.19.57:179][911]LogModuleManager: Shutting down and abandoning module IOSTargetPlatform (113)
[2018.10.18-04.19.57:180][911]LogModuleManager: Shutting down and abandoning module HTML5TargetPlatform (111)
[2018.10.18-04.19.57:180][911]LogModuleManager: Shutting down and abandoning module AndroidTargetPlatform (109)
[2018.10.18-04.19.57:188][911]LogModuleManager: Shutting down and abandoning module WindowsTargetPlatform (107)
[2018.10.18-04.19.57:188][911]LogModuleManager: Shutting down and abandoning module WindowsServerTargetPlatform (105)
[2018.10.18-04.19.57:188][911]LogModuleManager: Shutting down and abandoning module WindowsNoEditorTargetPlatform (103)
[2018.10.18-04.19.57:188][911]LogModuleManager: Shutting down and abandoning module WindowsClientTargetPlatform (101)
[2018.10.18-04.19.57:188][911]LogModuleManager: Shutting down and abandoning module MacTargetPlatform (99)
[2018.10.18-04.19.57:188][911]LogModuleManager: Shutting down and abandoning module MacServerTargetPlatform (97)
[2018.10.18-04.19.57:188][911]LogModuleManager: Shutting down and abandoning module MacNoEditorTargetPlatform (95)
[2018.10.18-04.19.57:188][911]LogModuleManager: Shutting down and abandoning module MacClientTargetPlatform (93)
[2018.10.18-04.19.57:188][911]LogModuleManager: Shutting down and abandoning module AllDesktopTargetPlatform (91)
[2018.10.18-04.19.57:188][911]LogModuleManager: Shutting down and abandoning module InputCore (88)
[2018.10.18-04.19.57:188][911]LogModuleManager: Shutting down and abandoning module Settings (86)
[2018.10.18-04.19.57:188][911]LogModuleManager: Shutting down and abandoning module PhysXCooking (84)
[2018.10.18-04.19.57:189][911]LogModuleManager: Shutting down and abandoning module SteamVR (82)
[2018.10.18-04.19.57:189][911]LogModuleManager: Shutting down and abandoning module OculusHMD (80)
[2018.10.18-04.19.57:189][911]LogModuleManager: Shutting down and abandoning module ExampleDeviceProfileSelector (78)
[2018.10.18-04.19.57:189][911]LogModuleManager: Shutting down and abandoning module LauncherChunkInstaller (76)
[2018.10.18-04.19.57:189][911]LogModuleManager: Shutting down and abandoning module OnlineBlueprintSupport (74)
[2018.10.18-04.19.57:189][911]LogModuleManager: Shutting down and abandoning module OnlineSubsystem (70)
[2018.10.18-04.19.57:190][911]LogModuleManager: Shutting down and abandoning module XMPP (65)
[2018.10.18-04.19.57:190][911]LogModuleManager: Shutting down and abandoning module WebSockets (64)
[2018.10.18-04.19.57:206][911]LogModuleManager: Shutting down and abandoning module HTTP (61)
[2018.10.18-04.19.57:206][911]LogHttp: Display: Http module shutting down, but needs to wait on 1 outstanding Http requests:
[2018.10.18-04.19.57:206][911]LogHttp: Display: 	verb=[POST] url=[https://datarouter.ol.epicgames.com/datarouter/api/v1/public/data?SessionID=%7BFB5AFE20-40ED-76BC-C903-B1A85C7781EF%7D&AppID=UEEditor.Rocket.Release&AppVersion=4.20.3-4369336%2B%2B%2BUE4%2BRelease-4.20&UserID=15b52cc9472a2ea98d32dc90de97a0b4%7Ca6bb9a295af146eeb619cdf8ccea1563%7C1f176c5f-cff4-4457-b55a-dac67387f93b&AppEnvironment=datacollector-binary&UploadType=eteventstream] status=Processing
[2018.10.18-04.19.57:228][911]LogModuleManager: Shutting down and abandoning module SSL (60)
[2018.10.18-04.19.57:230][911]LogModuleManager: Shutting down and abandoning module MagicLeapEmulator (56)
[2018.10.18-04.19.57:230][911]LogModuleManager: Shutting down and abandoning module MagicLeapPrivileges (54)
[2018.10.18-04.19.57:230][911]LogModuleManager: Shutting down and abandoning module MagicLeapIdentity (52)
[2018.10.18-04.19.57:230][911]LogModuleManager: Shutting down and abandoning module MagicLeapHelperVulkan (50)
[2018.10.18-04.19.57:230][911]LogModuleManager: Shutting down and abandoning module MagicLeapHelperOpenGL (48)
[2018.10.18-04.19.57:230][911]LogModuleManager: Shutting down and abandoning module MagicLeapSecureStorage (46)
[2018.10.18-04.19.57:230][911]LogModuleManager: Shutting down and abandoning module MagicLeapGestures (44)
[2018.10.18-04.19.57:230][911]LogModuleManager: Shutting down and abandoning module MagicLeapEyeTracker (42)
[2018.10.18-04.19.57:230][911]LogModuleManager: Shutting down and abandoning module MagicLeapController (40)
[2018.10.18-04.19.57:230][911]LogSlate: Slate User Destroyed.  User Index 0, Is Virtual User: 0
[2018.10.18-04.19.57:230][911]LogModuleManager: Shutting down and abandoning module MagicLeap (38)
[2018.10.18-04.19.57:230][911]LogModuleManager: Shutting down and abandoning module AnimationModifiers (36)
[2018.10.18-04.19.57:230][911]LogModuleManager: Shutting down and abandoning module PropertyEditor (35)
[2018.10.18-04.19.57:230][911]LogModuleManager: Shutting down and abandoning module AudioEditor (32)
[2018.10.18-04.19.57:231][911]LogModuleManager: Shutting down and abandoning module TextureCompressor (30)
[2018.10.18-04.19.57:231][911]LogModuleManager: Shutting down and abandoning module ShaderCore (28)
[2018.10.18-04.19.57:231][911]LogModuleManager: Shutting down and abandoning module Landscape (26)
[2018.10.18-04.19.57:231][911]LogModuleManager: Shutting down and abandoning module SlateRHIRenderer (24)
[2018.10.18-04.19.57:231][911]LogModuleManager: Shutting down and abandoning module OpenGLDrv (22)
[2018.10.18-04.19.57:231][911]LogModuleManager: Shutting down and abandoning module D3D11RHI (20)
[2018.10.18-04.19.57:231][911]LogModuleManager: Shutting down and abandoning module AnimGraphRuntime (18)
[2018.10.18-04.19.57:231][911]LogModuleManager: Shutting down and abandoning module Renderer (16)
[2018.10.18-04.19.57:231][911]LogModuleManager: Shutting down and abandoning module Engine (14)
[2018.10.18-04.19.57:231][911]LogModuleManager: Shutting down and abandoning module CoreUObject (12)
[2018.10.18-04.19.57:232][911]LogModuleManager: Shutting down and abandoning module NetworkFile (10)
[2018.10.18-04.19.57:232][911]LogModuleManager: Shutting down and abandoning module CookedIterativeFile (8)
[2018.10.18-04.19.57:232][911]LogModuleManager: Shutting down and abandoning module StreamingFile (6)
[2018.10.18-04.19.57:232][911]LogModuleManager: Shutting down and abandoning module SandboxFile (4)
[2018.10.18-04.19.57:232][911]LogModuleManager: Shutting down and abandoning module PakFile (2)
[2018.10.18-04.19.57:235][911]LogExit: Exiting.
[2018.10.18-04.19.57:240][911]Log file closed, 10/17/18 23:19:57
