Log file open, 12/04/18 23:29:31
LogWindows: Failed to load 'aqProf.dll' (GetLastError=126)
LogWindows: File 'aqProf.dll' does not exist
LogWindows: Failed to load 'VtuneApi.dll' (GetLastError=126)
LogWindows: File 'VtuneApi.dll' does not exist
LogWindows: Failed to load 'VtuneApi32e.dll' (GetLastError=126)
LogWindows: File 'VtuneApi32e.dll' does not exist
LogInit: Display: Running engine for game: UE4Playground
LogPlatformFile: Not using cached read wrapper
LogTaskGraph: Started task graph with 5 named threads and 11 total threads with 3 sets of task threads.
LogStats: Stats thread started at 0.177035
LogD3D11RHI: Loaded GFSDK_Aftermath_Lib.x64.dll
LogICUInternationalization: Display: ICU TimeZone Detection - Raw Offset: -6:00, Platform Override: ''
LogPluginManager: Mounting plugin Paper2D
LogPluginManager: Mounting plugin AISupport
LogPluginManager: Mounting plugin LightPropagationVolume
LogPluginManager: Mounting plugin CLionSourceCodeAccess
LogPluginManager: Mounting plugin CodeLiteSourceCodeAccess
LogPluginManager: Mounting plugin GitSourceControl
LogPluginManager: Mounting plugin KDevelopSourceCodeAccess
LogPluginManager: Mounting plugin NullSourceCodeAccess
LogPluginManager: Mounting plugin PerforceSourceControl
LogPluginManager: Mounting plugin SubversionSourceControl
LogPluginManager: Mounting plugin UObjectPlugin
LogPluginManager: Mounting plugin VisualStudioCodeSourceCodeAccess
LogPluginManager: Mounting plugin VisualStudioSourceCodeAccess
LogPluginManager: Mounting plugin XCodeSourceCodeAccess
LogPluginManager: Mounting plugin AssetManagerEditor
LogPluginManager: Mounting plugin CryptoKeys
LogPluginManager: Mounting plugin DataValidation
LogPluginManager: Mounting plugin FacialAnimation
LogPluginManager: Mounting plugin GameplayTagsEditor
LogPluginManager: Mounting plugin MacGraphicsSwitching
LogPluginManager: Mounting plugin MeshEditor
LogPluginManager: Mounting plugin MobileLauncherProfileWizard
LogPluginManager: Mounting plugin PluginBrowser
LogPluginManager: Mounting plugin SpeedTreeImporter
LogPluginManager: Mounting plugin DatasmithContent
LogPluginManager: Mounting plugin AlembicImporter
LogPluginManager: Mounting plugin AppleImageUtils
LogPluginManager: Mounting plugin AppleVision
LogPluginManager: Mounting plugin BackChannel
LogPluginManager: Mounting plugin CharacterAI
LogPluginManager: Mounting plugin GeometryCache
LogPluginManager: Mounting plugin HTML5Networking
LogPluginManager: Mounting plugin ProxyLODPlugin
LogPluginManager: Mounting plugin MagicLeap
LogPluginManager: Mounting plugin MagicLeapEmulator
LogPluginManager: Mounting plugin MagicLeapMedia
LogPluginManager: Mounting plugin AndroidMedia
LogPluginManager: Mounting plugin AvfMedia
LogPluginManager: Mounting plugin ImgMedia
LogPluginManager: Mounting plugin LinearTimecode
LogPluginManager: Mounting plugin MediaCompositing
LogPluginManager: Mounting plugin MediaPlayerEditor
LogPluginManager: Mounting plugin WmfMedia
LogPluginManager: Mounting plugin TcpMessaging
LogPluginManager: Mounting plugin UdpMessaging
LogPluginManager: Mounting plugin ActorSequence
LogPluginManager: Mounting plugin LevelSequenceEditor
LogPluginManager: Mounting plugin MatineeToLevelSequence
LogPluginManager: Mounting plugin NetcodeUnitTest
LogPluginManager: Mounting plugin NUTUnrealEngine4
LogPluginManager: Mounting plugin OnlineSubsystemGooglePlay
LogPluginManager: Mounting plugin OnlineSubsystemIOS
LogPluginManager: Mounting plugin OnlineSubsystem
LogPluginManager: Mounting plugin OnlineSubsystemNull
LogPluginManager: Mounting plugin OnlineSubsystemUtils
LogPluginManager: Mounting plugin LauncherChunkInstaller
LogPluginManager: Mounting plugin AndroidDeviceProfileSelector
LogPluginManager: Mounting plugin AndroidMoviePlayer
LogPluginManager: Mounting plugin AndroidPermission
LogPluginManager: Mounting plugin AppleMoviePlayer
LogPluginManager: Mounting plugin ArchVisCharacter
LogPluginManager: Mounting plugin AudioCapture
LogPluginManager: Mounting plugin CableComponent
LogPluginManager: Mounting plugin CustomMeshComponent
LogPluginManager: Mounting plugin EditableMesh
LogPluginManager: Mounting plugin ExampleDeviceProfileSelector
LogPluginManager: Mounting plugin GoogleCloudMessaging
LogPluginManager: Mounting plugin ImmediatePhysics
LogPluginManager: Mounting plugin IOSDeviceProfileSelector
LogPluginManager: Mounting plugin LinuxDeviceProfileSelector
LogPluginManager: Mounting plugin LocationServicesBPLibrary
LogPluginManager: Mounting plugin MobilePatchingUtils
LogPluginManager: Mounting plugin OculusVR
LogPluginManager: Plugin shader directory ../../../Engine/Plugins/Runtime/Oculus/OculusVR/Shaders found
LogPluginManager: Mapping shader source directory ../../../Engine/Plugins/Runtime/Oculus/OculusVR/Shaders to virtual directory /Plugin/OculusVR
LogPluginManager: Mounting plugin PhysXVehicles
LogPluginManager: Mounting plugin ProceduralMeshComponent
LogPluginManager: Mounting plugin RuntimePhysXCooking
LogPluginManager: Mounting plugin SteamVR
LogPluginManager: Mounting plugin WindowsMoviePlayer
LogStreaming: Display: Took  0.129s to configure plugins.
LogInit: Using libcurl 7.55.1-DEV
LogInit:  - built for x86_64-pc-win32
LogInit:  - supports SSL with OpenSSL/1.0.2h
LogInit:  - supports HTTP deflate (compression) using libz 1.2.8
LogInit:  - other features:
LogInit:      CURL_VERSION_SSL
LogInit:      CURL_VERSION_LIBZ
LogInit:      CURL_VERSION_IPV6
LogInit:      CURL_VERSION_ASYNCHDNS
LogInit:      CURL_VERSION_LARGEFILE
LogInit:      CURL_VERSION_IDN
LogInit:  CurlRequestOptions (configurable via config and command line):
LogInit:  - bVerifyPeer = false  - Libcurl will NOT verify peer certificate
LogInit:  - bUseHttpProxy = false  - Libcurl will NOT use HTTP proxy
LogInit:  - bDontReuseConnections = false  - Libcurl will reuse connections
LogInit:  - CertBundlePath = nullptr  - Libcurl will use whatever was configured at build time.
LogInit:  - MaxHostConnections = 16  - Libcurl will limit the number of connections to a host
LogInit:  - LocalHostAddr = Default
LogInit:  - BufferSize = 65536
LogInit: WinSock: version 1.1 (2.2), MaxSocks=32767, MaxUdp=65467
LogInit: Build: ++UE4+Release-4.20-CL-4369336
LogInit: Engine Version: 4.20.3-4369336+++UE4+Release-4.20
LogInit: Compatible Engine Version: 4.20.0-4212847+++UE4+Release-4.20
LogInit: Net CL: 4212847
LogInit: OS: Windows 8.1 (), CPU: AMD FX(tm)-4300 Quad-Core Processor            , GPU: NVIDIA GeForce GTX 970
LogInit: Compiled (64-bit): Sep 17 2018 12:26:19
LogInit: Compiled with Visual C++: 19.13.26129.00
LogInit: Build Configuration: Development
LogInit: Branch Name: ++UE4+Release-4.20
LogInit: Command Line:  
LogInit: Base Directory: C:/Program Files/Epic Games/UE_4.20/Engine/Binaries/Win64/
LogInit: Installed Engine Build: 1
LogDevObjectVersion: Number of dev versions registered: 20
LogDevObjectVersion:   Dev-Blueprints (B0D832E4-1F89-4F0D-ACCF-7EB736FD4AA2): 10
LogDevObjectVersion:   Dev-Build (E1C64328-A22C-4D53-A36C-8E866417BD8C): 0
LogDevObjectVersion:   Dev-Core (375EC13C-06E4-48FB-B500-84F0262A717E): 2
LogDevObjectVersion:   Dev-Editor (E4B068ED-F494-42E9-A231-DA0B2E46BB41): 24
LogDevObjectVersion:   Dev-Framework (CFFC743F-43B0-4480-9391-14DF171D2073): 34
LogDevObjectVersion:   Dev-Mobile (B02B49B5-BB20-44E9-A304-32B752E40360): 2
LogDevObjectVersion:   Dev-Networking (A4E4105C-59A1-49B5-A7C5-40C4547EDFEE): 0
LogDevObjectVersion:   Dev-Online (39C831C9-5AE6-47DC-9A44-9C173E1C8E7C): 0
LogDevObjectVersion:   Dev-Physics (78F01B33-EBEA-4F98-B9B4-84EACCB95AA2): 0
LogDevObjectVersion:   Dev-Platform (6631380F-2D4D-43E0-8009-CF276956A95A): 0
LogDevObjectVersion:   Dev-Rendering (12F88B9F-8875-4AFC-A67C-D90C383ABD29): 26
LogDevObjectVersion:   Dev-Sequencer (7B5AE74C-D270-4C10-A958-57980B212A5A): 9
LogDevObjectVersion:   Dev-VR (D7296918-1DD6-4BDD-9DE2-64A83CC13884): 2
LogDevObjectVersion:   Dev-LoadTimes (C2A15278-BFE7-4AFE-6C17-90FF531DF755): 1
LogDevObjectVersion:   Private-Geometry (6EACA3D4-40EC-4CC1-B786-8BED09428FC5): 3
LogDevObjectVersion:   Dev-AnimPhys (29E575DD-E0A3-4627-9D10-D276232CDCEA): 17
LogDevObjectVersion:   Dev-ReflectionCapture (6B266CEC-1EC7-4B8F-A30B-E4D90942FC07): 1
LogDevObjectVersion:   Dev-Automation (0DF73D61-A23F-47EA-B727-89E90C41499A): 1
LogDevObjectVersion:   FortniteMain (601D1886-AC64-4F84-AA16-D3DE0DEAC7D6): 12
LogDevObjectVersion:   Dev-Enterprise (9DFFBCD6-494F-0158-E221-12823C92A888): 1
LogStreaming: Display: Took  0.000s to delete old logs.
LogInit: Presizing for max 8388607 objects, including 0 objects not considered by GC, pre-allocating 0 bytes for permanent pool.
LogInit: Object subsystem initialized
[2018.12.05-05.29.31:602][  0]LogInit: Selected Device Profile: [Windows]
[2018.12.05-05.29.31:603][  0]LogInit: Applying CVar settings loaded from the selected device profile: [Windows]
[2018.12.05-05.29.31:623][  0]LogHAL: Display: Platform has ~ 16 GB [17160523776 / 17179869184 / 16], which maps to Larger [LargestMinGB=32, LargerMinGB=12, DefaultMinGB=8, SmallerMinGB=6, SmallestMinGB=0)
[2018.12.05-05.29.31:624][  0]LogInit: Setting Device Profile CVar: [[r.Vulkan.UseRealUBs:1]]
[2018.12.05-05.29.31:624][  0]LogInit: Going up to parent DeviceProfile []
[2018.12.05-05.29.31:624][  0]LogInit: Computer: PETEPC
[2018.12.05-05.29.31:624][  0]LogInit: User: Peter
[2018.12.05-05.29.31:624][  0]LogInit: CPU Page size=4096, Cores=2
[2018.12.05-05.29.31:624][  0]LogInit: High frequency timer resolution =3.727424 MHz
[2018.12.05-05.29.31:624][  0]LogMemory: Memory total: Physical=16.0GB (16GB approx)
[2018.12.05-05.29.31:624][  0]LogMemory: Platform Memory Stats for Windows
[2018.12.05-05.29.31:624][  0]LogMemory: Process Physical Memory: 98.16 MB used, 98.16 MB peak
[2018.12.05-05.29.31:624][  0]LogMemory: Process Virtual Memory: 84.23 MB used, 84.23 MB peak
[2018.12.05-05.29.31:624][  0]LogMemory: Physical Memory: 4778.77 MB used,  11586.79 MB free, 16365.55 MB total
[2018.12.05-05.29.31:624][  0]LogMemory: Virtual Memory: 466.43 MB used,  11586.79 MB free, 134217728.00 MB total
[2018.12.05-05.29.31:651][  0]LogInit: Using OS detected language (en-GB).
[2018.12.05-05.29.31:651][  0]LogInit: Using OS detected locale (en-US).
[2018.12.05-05.29.31:652][  0]LogTextLocalizationManager: No specific localization for 'en-GB' exists, so the 'en' localization will be used.
[2018.12.05-05.29.32:143][  0]LogStreaming: Display: Took  0.492s to InitEngineTextLocalization.
[2018.12.05-05.29.32:143][  0]LogInit: Setting process to per monitor DPI aware
[2018.12.05-05.29.32:189][  0]LogSlate: New Slate User Created.  User Index 0, Is Virtual User: 0
[2018.12.05-05.29.32:189][  0]LogSlate: Slate User Registered.  User Index 0, Is Virtual User: 0
[2018.12.05-05.29.32:451][  0]LogHMD: Failed to initialize OpenVR with code 110
[2018.12.05-05.29.32:451][  0]LogD3D11RHI: D3D11 adapters:
[2018.12.05-05.29.32:492][  0]LogD3D11RHI:    0. 'NVIDIA GeForce GTX 970' (Feature Level 11_0)
[2018.12.05-05.29.32:492][  0]LogD3D11RHI:       3992/0/8182 MB DedicatedVideo/DedicatedSystem/SharedSystem, Outputs:2, VendorId:0x10de
[2018.12.05-05.29.32:494][  0]LogD3D11RHI:    1. 'Microsoft Basic Render Driver' (Feature Level 11_0)
[2018.12.05-05.29.32:494][  0]LogD3D11RHI:       0/0/256 MB DedicatedVideo/DedicatedSystem/SharedSystem, Outputs:0, VendorId:0x1414
[2018.12.05-05.29.32:494][  0]LogD3D11RHI: Chosen D3D11 Adapter: 0
[2018.12.05-05.29.32:499][  0]LogD3D11RHI: Creating new Direct3DDevice
[2018.12.05-05.29.32:499][  0]LogD3D11RHI:     GPU DeviceId: 0x13c2 (for the marketing name, search the web for "GPU Device Id")
[2018.12.05-05.29.32:499][  0]LogWindows: EnumDisplayDevices:
[2018.12.05-05.29.32:499][  0]LogWindows:    0. 'NVIDIA GeForce GTX 970' (P:0 D:1)
[2018.12.05-05.29.32:499][  0]LogWindows:    1. 'NVIDIA GeForce GTX 970' (P:1 D:1)
[2018.12.05-05.29.32:499][  0]LogWindows:    2. 'NVIDIA GeForce GTX 970' (P:0 D:0)
[2018.12.05-05.29.32:500][  0]LogWindows:    3. 'NVIDIA GeForce GTX 970' (P:0 D:0)
[2018.12.05-05.29.32:500][  0]LogWindows: DebugString: FoundDriverCount:4 
[2018.12.05-05.29.32:500][  0]LogD3D11RHI:     Adapter Name: NVIDIA GeForce GTX 970
[2018.12.05-05.29.32:500][  0]LogD3D11RHI:   Driver Version: 391.35 (internal:23.21.13.9135, unified:391.35)
[2018.12.05-05.29.32:500][  0]LogD3D11RHI:      Driver Date: 3-23-2018
[2018.12.05-05.29.32:500][  0]LogRHI: Texture pool is 2794 MB (70% of 3992 MB)
[2018.12.05-05.29.32:524][  0]LogD3D11RHI: Async texture creation enabled
[2018.12.05-05.29.32:544][  0]LogD3D11RHI: GPU Timing Frequency: 1000.000000 (Debug: 2 2)
[2018.12.05-05.29.32:594][  0]LogShaderCompilers: Guid format shader working directory is -25 characters bigger than the processId version (../../../../../../Users/Peter/Documents/GitHub/Playground/UE4Playground/Intermediate/Shaders/WorkingDirectory/3628/).
[2018.12.05-05.29.32:594][  0]LogShaderCompilers: Cleaned the shader compiler working directory 'C:/Users/Peter/AppData/Local/Temp/UnrealShaderWorkingDir/2220C0E1422F9D3D51640A8E3351630B/'.
[2018.12.05-05.29.32:956][  0]LogTemp: Display: Loaded TP AllDesktopTargetPlatform
[2018.12.05-05.29.32:981][  0]LogTemp: Display: Loaded TP MacClientTargetPlatform
[2018.12.05-05.29.33:008][  0]LogTemp: Display: Loaded TP MacNoEditorTargetPlatform
[2018.12.05-05.29.33:030][  0]LogTemp: Display: Loaded TP MacServerTargetPlatform
[2018.12.05-05.29.33:052][  0]LogTemp: Display: Loaded TP MacTargetPlatform
[2018.12.05-05.29.33:073][  0]LogTemp: Display: Loaded TP WindowsClientTargetPlatform
[2018.12.05-05.29.33:098][  0]LogTemp: Display: Loaded TP WindowsNoEditorTargetPlatform
[2018.12.05-05.29.33:120][  0]LogTemp: Display: Loaded TP WindowsServerTargetPlatform
[2018.12.05-05.29.33:129][  0]LogTemp: Display: Loaded TP WindowsTargetPlatform
[2018.12.05-05.29.33:257][  0]LogTemp: Display: Loaded TP AndroidTargetPlatform
[2018.12.05-05.29.33:257][  0]LogTemp: Display: Loaded TP AndroidTargetPlatform
[2018.12.05-05.29.33:257][  0]LogTemp: Display: Loaded TP AndroidTargetPlatform
[2018.12.05-05.29.33:257][  0]LogTemp: Display: Loaded TP AndroidTargetPlatform
[2018.12.05-05.29.33:257][  0]LogTemp: Display: Loaded TP AndroidTargetPlatform
[2018.12.05-05.29.33:257][  0]LogTemp: Display: Loaded TP AndroidTargetPlatform
[2018.12.05-05.29.33:257][  0]LogTemp: Display: Loaded TP AndroidTargetPlatform
[2018.12.05-05.29.33:257][  0]LogTemp: Display: Loaded TP AndroidTargetPlatform
[2018.12.05-05.29.33:257][  0]LogTemp: Display: Loaded TP AndroidTargetPlatform
[2018.12.05-05.29.33:257][  0]LogTemp: Display: Loaded TP AndroidTargetPlatform
[2018.12.05-05.29.33:257][  0]LogTemp: Display: Loaded TP AndroidTargetPlatform
[2018.12.05-05.29.33:257][  0]LogTemp: Display: Loaded TP AndroidTargetPlatform
[2018.12.05-05.29.33:257][  0]LogTemp: Display: Loaded TP AndroidTargetPlatform
[2018.12.05-05.29.33:257][  0]LogTemp: Display: Loaded TP AndroidTargetPlatform
[2018.12.05-05.29.33:257][  0]LogTemp: Display: Loaded TP AndroidTargetPlatform
[2018.12.05-05.29.33:257][  0]LogTemp: Display: Loaded TP AndroidTargetPlatform
[2018.12.05-05.29.33:257][  0]LogTemp: Display: Loaded TP AndroidTargetPlatform
[2018.12.05-05.29.33:257][  0]LogTemp: Display: Loaded TP AndroidTargetPlatform
[2018.12.05-05.29.33:259][  0]LogTemp: Display: Loaded TP HTML5TargetPlatform
[2018.12.05-05.29.33:335][  0]LogTemp: Display: Loaded TP IOSTargetPlatform
[2018.12.05-05.29.33:335][  0]LogTemp: Display: Loaded TP IOSTargetPlatform
[2018.12.05-05.29.33:377][  0]LogTemp: Display: Loaded TP TVOSTargetPlatform
[2018.12.05-05.29.33:377][  0]LogTemp: Display: Loaded TP TVOSTargetPlatform
[2018.12.05-05.29.33:398][  0]LogTemp: Display: Loaded TP LinuxClientTargetPlatform
[2018.12.05-05.29.33:419][  0]LogTemp: Display: Loaded TP LinuxNoEditorTargetPlatform
[2018.12.05-05.29.33:440][  0]LogTemp: Display: Loaded TP LinuxServerTargetPlatform
[2018.12.05-05.29.33:461][  0]LogTemp: Display: Loaded TP LinuxTargetPlatform
[2018.12.05-05.29.33:475][  0]LogTemp: Display: Loaded TP LuminTargetPlatform
[2018.12.05-05.29.33:476][  0]LogTargetPlatformManager: Display: Building Assets For Windows
[2018.12.05-05.29.33:542][  0]LogXGEController: Cleaning working directory: C:/Users/Peter/AppData/Local/Temp/UnrealXGEWorkingDir/
[2018.12.05-05.29.33:542][  0]LogXGEController: Cannot use XGE Controller as Incredibuild is not installed on this machine.
[2018.12.05-05.29.33:542][  0]LogShaderCompilers: Cannot use XGE Shader Compiler as Incredibuild is not installed on this machine.
[2018.12.05-05.29.33:542][  0]LogShaderCompilers: Display: Using Local Shader Compiler.
[2018.12.05-05.29.34:711][  0]LogDerivedDataCache: Display: Max Cache Size: 512 MB
[2018.12.05-05.29.34:828][  0]LogDerivedDataCache: Loaded boot cache 0.12s 74MB C:/Users/Peter/AppData/Local/UnrealEngine/4.20/DerivedDataCache/Boot.ddc.
[2018.12.05-05.29.34:829][  0]LogDerivedDataCache: Display: Loaded Boot cache: C:/Users/Peter/AppData/Local/UnrealEngine/4.20/DerivedDataCache/Boot.ddc
[2018.12.05-05.29.34:829][  0]LogDerivedDataCache: FDerivedDataBackendGraph:  Pak pak cache file ../../../../../../Users/Peter/Documents/GitHub/Playground/UE4Playground/DerivedDataCache/DDC.ddp not found, will not use a pak cache.
[2018.12.05-05.29.34:829][  0]LogDerivedDataCache: Unable to find inner node Pak for hierarchical cache Hierarchy.
[2018.12.05-05.29.34:829][  0]LogDerivedDataCache: FDerivedDataBackendGraph:  CompressedPak pak cache file ../../../../../../Users/Peter/Documents/GitHub/Playground/UE4Playground/DerivedDataCache/Compressed.ddp not found, will not use a pak cache.
[2018.12.05-05.29.34:829][  0]LogDerivedDataCache: Unable to find inner node CompressedPak for hierarchical cache Hierarchy.
[2018.12.05-05.29.34:850][  0]LogDerivedDataCache: Display: Pak cache opened for reading ../../../Engine/DerivedDataCache/Compressed.ddp.
[2018.12.05-05.29.34:862][  0]LogDerivedDataCache: Using Local data cache path C:/Users/Peter/AppData/Local/UnrealEngine/Common/DerivedDataCache: Writable
[2018.12.05-05.29.34:862][  0]LogDerivedDataCache: Shared data cache path not found in *engine.ini, will not use an Shared cache.
[2018.12.05-05.29.34:862][  0]LogDerivedDataCache: Unable to find inner node Shared for hierarchical cache Hierarchy.
[2018.12.05-05.29.34:893][  0]LogMaterial: Verifying Global Shaders for PCD3D_SM5
[2018.12.05-05.29.34:895][  0]LogSlate: Using FreeType 2.6.0
[2018.12.05-05.29.34:896][  0]LogSlate: SlateFontServices - WITH_FREETYPE: 1, WITH_HARFBUZZ: 1
[2018.12.05-05.29.34:986][  0]LogAssetRegistry: FAssetRegistry took 0.0286 seconds to start up
[2018.12.05-05.29.35:499][  0]LogInit: Selected Device Profile: [Windows]
[2018.12.05-05.29.35:665][  0]LogSimplygon: Simplygon DLL not present - disabling.
[2018.12.05-05.29.35:668][  0]LogMeshReduction: Using SimplygonSwarm for distributed automatic mesh merging
[2018.12.05-05.29.35:668][  0]LogMeshReduction: Using ProxyLODMeshReduction for automatic mesh merging
[2018.12.05-05.29.35:668][  0]LogMeshReduction: Using QuadricMeshReduction for automatic static mesh reduction
[2018.12.05-05.29.35:668][  0]LogMeshReduction: No automatic skeletal mesh reduction module available
[2018.12.05-05.29.35:699][  0]LogNetVersion: UE4Playground 1.0.0, NetCL: 4212847, EngineNetVer: 5, GameNetVer: 0 (Checksum: 3127828240)
[2018.12.05-05.29.36:353][  0]LogPackageLocalizationCache: Processed 11 localized package path(s) for 2 prioritized culture(s) in 0.134773 seconds
[2018.12.05-05.29.36:362][  0]LogUObjectArray: 38425 objects as part of root set at end of initial load.
[2018.12.05-05.29.36:362][  0]LogUObjectAllocator: 6690864 out of 0 bytes used by permanent object pool.
[2018.12.05-05.29.36:362][  0]LogUObjectArray: CloseDisregardForGC: 0/0 objects in disregard for GC pool
[2018.12.05-05.29.37:351][  0]LogTcpMessaging: Initializing TcpMessaging bridge
[2018.12.05-05.29.37:365][  0]LogUdpMessaging: Initializing bridge on interface 0.0.0.0:0 to multicast group 230.0.0.1:6666.
[2018.12.05-05.29.37:895][  0]SourceControl: Source control is disabled
[2018.12.05-05.29.37:896][  0]SourceControl: Source control is disabled
[2018.12.05-05.29.37:897][  0]SourceControl: Source control is disabled
[2018.12.05-05.29.37:898][  0]SourceControl: Source control is disabled
[2018.12.05-05.29.38:083][  0]LogAndroidPermission: UAndroidPermissionCallbackProxy::GetInstance
[2018.12.05-05.29.38:140][  0]LogOcInput: OculusInput pre-init called
[2018.12.05-05.29.38:213][  0]LogEngine: Initializing Engine...
[2018.12.05-05.29.38:214][  0]LogHMD: Failed to initialize OpenVR with code 110
[2018.12.05-05.29.38:217][  0]LogStats: UGameplayTagsManager::ConstructGameplayTagTree: ImportINI prefixes -  0.000 s
[2018.12.05-05.29.38:217][  0]LogStats: UGameplayTagsManager::ConstructGameplayTagTree: Construct from data asset -  0.000 s
[2018.12.05-05.29.38:217][  0]LogStats: UGameplayTagsManager::ConstructGameplayTagTree: ImportINI -  0.000 s
[2018.12.05-05.29.38:217][  0]LogStats: UGameplayTagsManager::ConstructGameplayTagTree: GameplayTagTreeChangedEvent.Broadcast -  0.000 s
[2018.12.05-05.29.38:496][  0]LogInit: Initializing FReadOnlyCVARCache
[2018.12.05-05.29.38:523][  0]LogAIModule: Creating AISystem for world Untitled
[2018.12.05-05.29.38:543][  0]LogInit: XAudio2 using 'Speakers (2- High Definition Audio Device)' : 2 channels at 44.1 kHz using 16 bits per sample (channel mask 0x3)
[2018.12.05-05.29.38:558][  0]LogInit: FAudioDevice initialized.
[2018.12.05-05.29.38:558][  0]LogNetVersion: Set ProjectVersion to 1.0.0.0. Version Checksum will be recalculated on next use.
[2018.12.05-05.29.38:787][  0]LogDerivedDataCache: Saved boot cache 0.23s 74MB C:/Users/Peter/AppData/Local/UnrealEngine/4.20/DerivedDataCache/Boot.ddc.
[2018.12.05-05.29.38:818][  0]LogInit: Texture streaming: Enabled
[2018.12.05-05.29.38:848][  0]LogEngineSessionManager: EngineSessionManager initialized
[2018.12.05-05.29.38:862][  0]LogInit: Transaction tracking system initialized
[2018.12.05-05.29.38:889][  0]BlueprintLog: New page: Editor Load
[2018.12.05-05.29.39:063][  0]LocalizationService: Localization service is disabled
[2018.12.05-05.29.39:379][  0]LogCook: Display: Max memory allowance for cook 16384mb min free memory 0mb
[2018.12.05-05.29.39:379][  0]LogCook: Display: Mobile HDR setting 1
[2018.12.05-05.29.39:379][  0]LogGameplayTags: Display: UGameplayTagsManager::DoneAddingNativeTags. DelegateIsBound: 0
[2018.12.05-05.29.39:379][  0]LogStats: UGameplayTagsManager::ConstructGameplayTagTree: ImportINI prefixes -  0.000 s
[2018.12.05-05.29.39:379][  0]LogStats: UGameplayTagsManager::ConstructGameplayTagTree: Construct from data asset -  0.000 s
[2018.12.05-05.29.39:379][  0]LogStats: UGameplayTagsManager::ConstructGameplayTagTree: ImportINI -  0.000 s
[2018.12.05-05.29.39:379][  0]LogStats: UGameplayTagsManager::ConstructGameplayTagTree: GameplayTagTreeChangedEvent.Broadcast -  0.000 s
[2018.12.05-05.29.39:529][  0]LogFileCache: Scanning file cache for directory 'C:/Users/Peter/Documents/GitHub/Playground/UE4Playground/Content/' took 0.01s
[2018.12.05-05.29.39:529][  0]SourceControl: Source control is disabled
[2018.12.05-05.29.39:530][  0]Cmd: MAP LOAD FILE="../../../../../../Users/Peter/Documents/GitHub/Playground/UE4Playground/Content/FirstPersonCPP/Maps/FirstPersonExampleMap.umap" TEMPLATE=0 SHOWPROGRESS=1 FEATURELEVEL=3
[2018.12.05-05.29.39:530][  0]LightingResults: New page: Lighting Build
[2018.12.05-05.29.39:533][  0]MapCheck: New page: Map Check
[2018.12.05-05.29.39:533][  0]LightingResults: New page: Lighting Build
[2018.12.05-05.29.39:863][  0]LogAIModule: Creating AISystem for world FirstPersonExampleMap
[2018.12.05-05.29.39:878][  0]LogEditorServer: Finished looking for orphan Actors (0.000 secs)
[2018.12.05-05.29.39:917][  0]Cmd: MAP CHECKDEP NOCLEARLOG
[2018.12.05-05.29.40:011][  0]MapCheck: Map check complete: 0 Error(s), 0 Warning(s), took 93.176ms to complete.
[2018.12.05-05.29.40:011][  0]LogFileHelpers: Loading map 'FirstPersonExampleMap' took 0.481
[2018.12.05-05.29.40:121][  0]LogSlate: Updating window title bar state: overlay mode, drag disabled, window buttons hidden, title bar hidden
[2018.12.05-05.29.40:131][  0]LogSlate: Updating window title bar state: overlay mode, drag disabled, window buttons hidden, title bar hidden
[2018.12.05-05.29.40:141][  0]LogSlate: Updating window title bar state: overlay mode, drag disabled, window buttons hidden, title bar hidden
[2018.12.05-05.29.40:152][  0]LogSlate: Updating window title bar state: overlay mode, drag disabled, window buttons hidden, title bar hidden
[2018.12.05-05.29.40:160][  0]LogCollectionManager: Loaded 0 collections in 0.001739 seconds
[2018.12.05-05.29.40:210][  0]LogFileCache: Scanning file cache for directory 'C:/Users/Peter/Documents/GitHub/Playground/UE4Playground/Saved/Collections/' took 0.01s
[2018.12.05-05.29.40:210][  0]LogFileCache: Scanning file cache for directory 'C:/Users/Peter/Documents/GitHub/Playground/UE4Playground/Content/Developers/Peter/Collections/' took 0.01s
[2018.12.05-05.29.40:210][  0]LogFileCache: Scanning file cache for directory 'C:/Users/Peter/Documents/GitHub/Playground/UE4Playground/Content/Collections/' took 0.01s
[2018.12.05-05.29.40:210][  0]LogCollectionManager: Rebuilt the GUID cache for 0 collections in 0.000001 seconds
[2018.12.05-05.29.40:228][  0]LogContentBrowser: Native class hierarchy populated in 0.0173 seconds. Added 2578 classes and 605 folders.
[2018.12.05-05.29.40:236][  0]LogContentBrowser: Native class hierarchy updated for 'WidgetCarousel' in 0.0004 seconds. Added 0 classes and 0 folders.
[2018.12.05-05.29.40:283][  0]LogContentBrowser: Native class hierarchy updated for 'AddContentDialog' in 0.0004 seconds. Added 0 classes and 0 folders.
[2018.12.05-05.29.40:289][  0]LogContentBrowser: Native class hierarchy updated for 'SceneOutliner' in 0.0005 seconds. Added 1 classes and 2 folders.
[2018.12.05-05.29.40:308][  0]LogSlate: Took 0.000260 seconds to synchronously load lazily loaded font '../../../Engine/Content/Slate/Fonts/Roboto-Regular.ttf' (155K)
[2018.12.05-05.29.40:311][  0]LogSlate: Took 0.000230 seconds to synchronously load lazily loaded font '../../../Engine/Content/Slate/Fonts/Roboto-Bold.ttf' (160K)
[2018.12.05-05.29.40:318][  0]LogSlate: Took 0.000226 seconds to synchronously load lazily loaded font '../../../Engine/Content/Editor/Slate/Fonts/FontAwesome.ttf' (139K)
[2018.12.05-05.29.40:428][  0]LogRenderer: Reallocating scene render targets to support 1208x576 Format 10 NumSamples 1 (Frame:1).
[2018.12.05-05.29.40:602][  0]LogContentBrowser: Native class hierarchy updated for 'HierarchicalLODOutliner' in 0.0005 seconds. Added 0 classes and 0 folders.
[2018.12.05-05.29.40:603][  0]LogLoad: (Engine Initialization) Total time: 10.65 seconds
[2018.12.05-05.29.40:603][  0]LogLoad: (Engine Initialization) Total Blueprint compile time: 0.00 seconds
[2018.12.05-05.29.40:640][  0]LogContentStreaming: Texture pool size now 1000 MB
[2018.12.05-05.29.40:654][  0]LogSlate: Took 0.000216 seconds to synchronously load lazily loaded font '../../../Engine/Content/Slate/Fonts/Roboto-Light.ttf' (167K)
[2018.12.05-05.29.40:706][  1]LogAssetRegistry: Asset discovery search completed in 5.7423 seconds
[2018.12.05-05.29.40:708][  1]LogCollectionManager: Rebuilt the object cache for 0 collections in 0.000000 seconds (found 0 objects)
[2018.12.05-05.29.40:708][  1]LogCollectionManager: Fixed up redirectors for 0 collections in 0.000053 seconds (updated 0 objects)
[2018.12.05-05.30.02:069][221]LogSlate: FSceneViewport::OnFocusLost() reason 2
[2018.12.05-05.30.09:679][ 93]LogSlate: FSceneViewport::OnFocusLost() reason 0
[2018.12.05-05.31.51:846][984]LogSlate: FSceneViewport::OnFocusLost() reason 0
[2018.12.05-05.33.23:938][679]LogMaterial: Display: Missing cached shader map for material Material_0, compiling. 
[2018.12.05-05.33.24:054][680]LogShaderCompilers: Display: Shaders left to compile 44
[2018.12.05-05.33.24:054][680]LogShaderCompilers: Display: Shaders left to compile 34
[2018.12.05-05.33.24:054][680]LogShaderCompilers: Display: Shaders left to compile 24
[2018.12.05-05.33.27:849][101]LogMaterial: Display: Missing cached shader map for material Material_1, compiling. 
[2018.12.05-05.33.27:915][102]LogMaterial: Display: Missing cached shader map for material Material_2, compiling. 
[2018.12.05-05.33.27:972][103]LogMaterial: Display: Missing cached shader map for material Material_3, compiling. 
[2018.12.05-05.33.31:357][441]LogShaderCompilers: Display: Shaders left to compile 146
[2018.12.05-05.33.31:378][443]LogShaderCompilers: Display: Shaders left to compile 136
[2018.12.05-05.33.32:949][618]LogShaderCompilers: Display: Shaders left to compile 126
[2018.12.05-05.33.38:703][163]LogShaderCompilers: Display: Shaders left to compile 116
[2018.12.05-05.33.39:076][174]LogShaderCompilers: Display: Shaders left to compile 106
[2018.12.05-05.33.41:208][239]LogShaderCompilers: Display: Shaders left to compile 96
[2018.12.05-05.33.41:856][261]LogShaderCompilers: Display: Shaders left to compile 86
[2018.12.05-05.33.44:324][339]LogShaderCompilers: Display: Shaders left to compile 76
[2018.12.05-05.33.44:586][347]LogShaderCompilers: Display: Shaders left to compile 66
[2018.12.05-05.33.45:148][362]LogShaderCompilers: Display: Shaders left to compile 56
[2018.12.05-05.33.47:370][428]LogShaderCompilers: Display: Shaders left to compile 46
[2018.12.05-05.33.48:247][455]LogShaderCompilers: Display: Shaders left to compile 36
[2018.12.05-05.33.50:155][506]LogShaderCompilers: Display: Shaders left to compile 26
[2018.12.05-05.33.50:599][520]LogShaderCompilers: Display: Shaders left to compile 16
[2018.12.05-05.33.51:021][532]LogShaderCompilers: Display: Shaders left to compile 6
[2018.12.05-05.35.22:526][ 41]LogHotReload: New module detected: UE4Editor-UE4Playground-6741.dll
[2018.12.05-05.35.23:872][ 46]LogHotReload: Starting Hot-Reload from IDE
[2018.12.05-05.35.23:885][ 46]LogSlate: Took 0.000249 seconds to synchronously load lazily loaded font '../../../Engine/Content/Slate/Fonts/Roboto-Light.ttf' (167K)
[2018.12.05-05.35.24:023][ 46]LogClass: Eweapon HotReload.
[2018.12.05-05.35.24:025][ 46]LogHotReload: Re-instancing Target after hot-reload.
[2018.12.05-05.35.24:115][ 46]LogContentBrowser: Native class hierarchy updated for 'UE4Playground' in 0.0007 seconds. Added 6 classes and 2 folders.
[2018.12.05-05.35.24:119][ 46]Display: HotReload successful (5 functions remapped  0 scriptstructs remapped)
[2018.12.05-05.35.24:256][ 46]LogContentBrowser: Native class hierarchy populated in 0.0173 seconds. Added 2579 classes and 607 folders.
[2018.12.05-05.35.24:268][ 46]Display: HotReload took  0.4s.
[2018.12.05-05.35.37:747][285]LogAssetEditorManager: Opening Asset editor for Blueprint /Game/FirstPersonCPP/Blueprints/TargetBP.TargetBP
[2018.12.05-05.35.38:561][285]LogContentBrowser: Native class hierarchy updated for 'BlueprintGraph' in 0.0012 seconds. Added 116 classes and 0 folders.
[2018.12.05-05.35.42:300][512]LogSlate: Window 'TargetBP' being destroyed
[2018.12.05-05.35.42:400][512]LogAssetEditorManager: Opening Asset editor for Blueprint /Game/FirstPersonCPP/Blueprints/TargetBP.TargetBP
[2018.12.05-05.35.42:916][512]LogSlate: Took 0.000254 seconds to synchronously load lazily loaded font '../../../Engine/Content/Slate/Fonts/Roboto-BoldCondensed.ttf' (158K)
[2018.12.05-05.35.43:794][567]LogSlate: Took 0.000264 seconds to synchronously load lazily loaded font '../../../Engine/Content/Slate/Fonts/Roboto-Italic.ttf' (157K)
[2018.12.05-05.36.33:335][720]LogEditorTransaction: Undo Modify Component(s)
[2018.12.05-05.36.36:150][961]LogSlate: FSceneViewport::OnFocusLost() reason 0
[2018.12.05-05.37.33:218][536]LogSlate: FSceneViewport::OnFocusLost() reason 0
[2018.12.05-05.37.55:006][315]LogSlate: FSceneViewport::OnFocusLost() reason 0
[2018.12.05-05.38.35:464][649]BlueprintLog: New page: Compile TargetBP
[2018.12.05-05.38.40:844][141]LogSlate: FSceneViewport::OnFocusLost() reason 0
[2018.12.05-05.39.02:474][527]LogSavePackage: Moving '../../../../../../Users/Peter/Documents/GitHub/Playground/UE4Playground/Saved/TargetBPF4B36916424662D9C5E954A705A79544.tmp' to '../../../../../../Users/Peter/Documents/GitHub/Playground/UE4Playground/Content/FirstPersonCPP/Blueprints/TargetBP.uasset'
[2018.12.05-05.39.05:031][708]LogSlate: Window 'TargetBP' being destroyed
[2018.12.05-05.39.05:034][708]LogSlate: Window 'TargetBP' being destroyed
[2018.12.05-05.39.08:777][ 85]LogAssetEditorManager: Opening Asset editor for Blueprint /Game/FirstPersonCPP/Blueprints/TargetBP.TargetBP
[2018.12.05-05.39.21:946][  5]LogSavePackage: Moving '../../../../../../Users/Peter/Documents/GitHub/Playground/UE4Playground/Saved/TargetBPF5E491524A6C528B338E4F8505B94553.tmp' to '../../../../../../Users/Peter/Documents/GitHub/Playground/UE4Playground/Content/FirstPersonCPP/Blueprints/TargetBP.uasset'
[2018.12.05-05.39.23:485][120]LogSlate: Window 'TargetBP' being destroyed
[2018.12.05-05.39.23:488][120]LogSlate: Window 'TargetBP' being destroyed
[2018.12.05-05.39.37:462][406]LogSlate: FSceneViewport::OnFocusLost() reason 0
[2018.12.05-05.39.37:665][412]LogAssetEditorManager: Opening Asset editor for Blueprint /Game/FirstPersonCPP/Blueprints/TargetBP.TargetBP
[2018.12.05-05.40.01:004][919]BlueprintLog: New page: Compile TargetBP
[2018.12.05-05.40.02:689][ 24]LogSlate: Window 'TargetBP*' being destroyed
[2018.12.05-05.40.02:692][ 24]LogSlate: Window 'TargetBP*' being destroyed
[2018.12.05-05.40.03:991][133]LogTemp: Repeating last play command: Selected Viewport
[2018.12.05-05.40.04:033][133]LogBlueprintUserMessages: Early PlayInEditor Detection: Level '/Game/FirstPersonCPP/Maps/FirstPersonExampleMap.FirstPersonExampleMap:PersistentLevel' has LevelScriptBlueprint '/Game/FirstPersonCPP/Maps/FirstPersonExampleMap.FirstPersonExampleMap:PersistentLevel.FirstPersonExampleMap' with GeneratedClass '/Game/FirstPersonCPP/Maps/FirstPersonExampleMap.FirstPersonExampleMap_C' with ClassGeneratedBy '/Game/FirstPersonCPP/Maps/FirstPersonExampleMap.FirstPersonExampleMap:PersistentLevel.FirstPersonExampleMap'
[2018.12.05-05.40.04:034][133]LogPlayLevel: PlayLevel: No blueprints needed recompiling
[2018.12.05-05.40.04:050][133]PIE: New page: PIE session: FirstPersonExampleMap (Dec 4, 2018, 5:40:04 PM)
[2018.12.05-05.40.04:051][133]LogPlayLevel: Creating play world package: /Game/FirstPersonCPP/Maps/UEDPIE_0_FirstPersonExampleMap
[2018.12.05-05.40.04:076][133]LogPlayLevel: PIE: StaticDuplicateObject took: (0.024608s)
[2018.12.05-05.40.04:077][133]LogAIModule: Creating AISystem for world FirstPersonExampleMap
[2018.12.05-05.40.04:077][133]LogPlayLevel: PIE: World Init took: (0.001333s)
[2018.12.05-05.40.04:077][133]LogPlayLevel: PIE: Created PIE world by copying editor world from /Game/FirstPersonCPP/Maps/FirstPersonExampleMap.FirstPersonExampleMap to /Game/FirstPersonCPP/Maps/UEDPIE_0_FirstPersonExampleMap.FirstPersonExampleMap (0.026306s)
[2018.12.05-05.40.04:135][133]LogInit: XAudio2 using 'Speakers (2- High Definition Audio Device)' : 2 channels at 44.1 kHz using 16 bits per sample (channel mask 0x3)
[2018.12.05-05.40.04:144][133]LogInit: FAudioDevice initialized.
[2018.12.05-05.40.04:196][133]LogLoad: Game class is 'UE4PlaygroundGameMode'
[2018.12.05-05.40.04:208][133]LogWorld: Bringing World /Game/FirstPersonCPP/Maps/UEDPIE_0_FirstPersonExampleMap.FirstPersonExampleMap up for play (max tick rate 0) at 2018.12.04-23.40.04
[2018.12.05-05.40.04:210][133]LogWorld: Bringing up level for play took: 0.005919
[2018.12.05-05.40.04:243][133]LogContentBrowser: Native class hierarchy updated for 'MovieSceneCapture' in 0.0006 seconds. Added 10 classes and 0 folders.
[2018.12.05-05.40.04:254][133]PIE: Play in editor start time for /Game/FirstPersonCPP/Maps/UEDPIE_0_FirstPersonExampleMap 0.849
[2018.12.05-05.40.04:254][133]LogBlueprintUserMessages: Late PlayInEditor Detection: Level '/Game/FirstPersonCPP/Maps/FirstPersonExampleMap.FirstPersonExampleMap:PersistentLevel' has LevelScriptBlueprint '/Game/FirstPersonCPP/Maps/FirstPersonExampleMap.FirstPersonExampleMap:PersistentLevel.FirstPersonExampleMap' with GeneratedClass '/Game/FirstPersonCPP/Maps/FirstPersonExampleMap.FirstPersonExampleMap_C' with ClassGeneratedBy '/Game/FirstPersonCPP/Maps/FirstPersonExampleMap.FirstPersonExampleMap:PersistentLevel.FirstPersonExampleMap'
[2018.12.05-05.40.14:906][361]LogBlueprintUserMessages: Early EndPlayMap Detection: Level '/Game/FirstPersonCPP/Maps/FirstPersonExampleMap.FirstPersonExampleMap:PersistentLevel' has LevelScriptBlueprint '/Game/FirstPersonCPP/Maps/FirstPersonExampleMap.FirstPersonExampleMap:PersistentLevel.FirstPersonExampleMap' with GeneratedClass '/Game/FirstPersonCPP/Maps/FirstPersonExampleMap.FirstPersonExampleMap_C' with ClassGeneratedBy '/Game/FirstPersonCPP/Maps/FirstPersonExampleMap.FirstPersonExampleMap:PersistentLevel.FirstPersonExampleMap'
[2018.12.05-05.40.14:908][361]LogSlate: Updating window title bar state: overlay mode, drag disabled, window buttons hidden, title bar hidden
[2018.12.05-05.40.14:944][361]LogPlayLevel: Display: Shutting down PIE online subsystems
[2018.12.05-05.40.14:945][361]LogBlueprintUserMessages: Late EndPlayMap Detection: Level '/Game/FirstPersonCPP/Maps/FirstPersonExampleMap.FirstPersonExampleMap:PersistentLevel' has LevelScriptBlueprint '/Game/FirstPersonCPP/Maps/FirstPersonExampleMap.FirstPersonExampleMap:PersistentLevel.FirstPersonExampleMap' with GeneratedClass '/Game/FirstPersonCPP/Maps/FirstPersonExampleMap.FirstPersonExampleMap_C' with ClassGeneratedBy '/Game/FirstPersonCPP/Maps/FirstPersonExampleMap.FirstPersonExampleMap:PersistentLevel.FirstPersonExampleMap'
[2018.12.05-05.40.14:987][361]LogSlate: Updating window title bar state: overlay mode, drag disabled, window buttons hidden, title bar hidden
[2018.12.05-05.40.15:019][362]LogPlayLevel: Display: Destroying online subsystem :Context_20
[2018.12.05-05.40.19:760][909]LogEditorViewport: Clicking on Actor (LMB): TargetBP_C (TargetBP)
[2018.12.05-05.40.31:235][100]LogEditorViewport: Clicking on Actor (LMB): StaticMeshActor (Wall1)
[2018.12.05-05.40.32:347][206]LogEditorViewport: Clicking on Actor (LMB): TargetBP_C (TargetBP)
[2018.12.05-05.40.34:504][403]LogSlate: FSceneViewport::OnFocusLost() reason 0
[2018.12.05-05.40.34:676][415]LogAssetEditorManager: Opening Asset editor for Blueprint /Game/FirstPersonCPP/Blueprints/TargetBP.TargetBP
[2018.12.05-05.40.46:351][135]LogSlate: FSceneViewport::OnFocusLost() reason 0
[2018.12.05-05.41.02:489][336]LogSlate: FSceneViewport::OnFocusLost() reason 0
[2018.12.05-05.41.05:337][532]BlueprintLog: New page: Compile TargetBP
[2018.12.05-05.41.06:394][590]LogSavePackage: Moving '../../../../../../Users/Peter/Documents/GitHub/Playground/UE4Playground/Saved/TargetBP3A2509474C462159E8C429B3361B5BF7.tmp' to '../../../../../../Users/Peter/Documents/GitHub/Playground/UE4Playground/Content/FirstPersonCPP/Blueprints/TargetBP.uasset'
[2018.12.05-05.41.08:040][709]LogSlate: Window 'TargetBP' being destroyed
[2018.12.05-05.41.08:044][709]LogSlate: Window 'TargetBP' being destroyed
[2018.12.05-05.41.31:562][271]LogWindows: LaunchURL http://docs.unrealengine.com/latest/INT/Engine/Actors/StaticMeshActor/index.html?utm_source=editor&utm_medium=docs&utm_campaign=rich_tooltips
[2018.12.05-05.42.36:321][438]LogSavePackage: Moving '../../../../../../Users/Peter/Documents/GitHub/Playground/UE4Playground/Saved/FirstPersonExampleMap_Auto1FF0E14B142BBDE1EEF1717BAA47D816E.tmp' to '../../../../../../Users/Peter/Documents/GitHub/Playground/UE4Playground/Saved/Autosaves/Game/FirstPersonCPP/Maps/FirstPersonExampleMap_Auto1.umap'
[2018.12.05-05.42.36:332][438]LogFileHelpers: Editor autosave (incl. sublevels) for '/Game/FirstPersonCPP/Maps/FirstPersonExampleMap' took 0.348
[2018.12.05-05.42.36:332][438]LogFileHelpers: Editor autosave (incl. sublevels) for all levels took 0.348
[2018.12.05-05.51.30:322][826]LogHotReload: New module detected: UE4Editor-UE4Playground-4455.dll
[2018.12.05-05.51.31:671][831]LogHotReload: Starting Hot-Reload from IDE
[2018.12.05-05.51.31:879][831]LogClass: Eweapon HotReload.
[2018.12.05-05.51.31:883][831]LogHotReload: Re-instancing Target after hot-reload.
[2018.12.05-05.51.31:889][831]LogActor: Warning: TargetBP_C /Game/FirstPersonCPP/Maps/FirstPersonExampleMap.FirstPersonExampleMap:PersistentLevel.TargetBP_2 has natively added scene component(s), but none of them were set as the actor's RootComponent - picking one arbitrarily
[2018.12.05-05.51.31:890][831]LogActor: Warning: TargetBP_C /Engine/Transient.World_16:PersistentLevel.TargetBP_C_2 has natively added scene component(s), but none of them were set as the actor's RootComponent - picking one arbitrarily
[2018.12.05-05.51.32:230][831]LogContentBrowser: Native class hierarchy updated for 'UE4Playground' in 0.0006 seconds. Added 6 classes and 2 folders.
[2018.12.05-05.51.32:235][831]Display: HotReload successful (5 functions remapped  0 scriptstructs remapped)
[2018.12.05-05.51.32:856][831]LogContentBrowser: Native class hierarchy populated in 0.0213 seconds. Added 2579 classes and 607 folders.
[2018.12.05-05.51.32:872][831]Display: HotReload took  1.2s.
[2018.12.05-05.51.42:816][646]LogSlate: FSceneViewport::OnFocusLost() reason 0
[2018.12.05-05.51.53:364][679]LogActor: Warning: TargetBP_C /Engine/Transient.World_16:PersistentLevel.TargetBP_C_3 has natively added scene component(s), but none of them were set as the actor's RootComponent - picking one arbitrarily
[2018.12.05-05.51.55:556][834]LogAssetEditorManager: Opening Asset editor for Blueprint /Game/FirstPersonCPP/Blueprints/TargetBP.TargetBP
[2018.12.05-05.51.56:235][834]LogActor: Warning: TargetBP_C /Engine/Transient.World_20:PersistentLevel.TargetBP_C_0 has natively added scene component(s), but none of them were set as the actor's RootComponent - picking one arbitrarily
[2018.12.05-05.52.00:845][154]LogSlate: FSceneViewport::OnFocusLost() reason 0
[2018.12.05-05.52.04:250][404]LogSlate: Window 'TargetBP' being destroyed
[2018.12.05-05.52.04:254][404]LogSlate: Window 'TargetBP' being destroyed
[2018.12.05-05.52.22:335][233]LogSlate: FSceneViewport::OnFocusLost() reason 2
[2018.12.05-05.52.22:777][233]LogSavePackage: Moving '../../../../../../Users/Peter/Documents/GitHub/Playground/UE4Playground/Saved/FirstPersonExampleMap620C764741543FA7882A6D8B7317CED7.tmp' to '../../../../../../Users/Peter/Documents/GitHub/Playground/UE4Playground/Content/FirstPersonCPP/Maps/FirstPersonExampleMap.umap'
[2018.12.05-05.52.26:665][233]LogSavePackage: Moving '../../../../../../Users/Peter/Documents/GitHub/Playground/UE4Playground/Saved/FirstPersonExampleMap_BuiltData7BF67A814D5A3E3A497387B501331932.tmp' to '../../../../../../Users/Peter/Documents/GitHub/Playground/UE4Playground/Content/FirstPersonCPP/Maps/FirstPersonExampleMap_BuiltData.uasset'
[2018.12.05-05.52.39:036][805]LogSlate: FSceneViewport::OnFocusLost() reason 0
[2018.12.05-05.52.39:524][805]LogSlate: Window 'UE4Playground - Unreal Editor' being destroyed
[2018.12.05-05.52.39:525][805]LogWindowsTextInputMethodSystem: Display: IME system now deactivated.
[2018.12.05-05.52.39:741][806]Cmd: QUIT_EDITOR
[2018.12.05-05.52.40:070][806]LogExit: Preparing to exit.
[2018.12.05-05.52.40:807][806]LogExit: Editor shut down
[2018.12.05-05.52.40:808][806]LogExit: Transaction tracking system shut down
[2018.12.05-05.52.41:482][806]LogExit: Object subsystem successfully closed.
[2018.12.05-05.52.41:538][806]LogShaderCompilers: Display: Shaders left to compile 0
[2018.12.05-05.52.41:544][806]LogD3D11RHI: Shutdown
[2018.12.05-05.52.41:544][806]LogD3D11RHI: CleanupD3DDevice
[2018.12.05-05.52.41:548][806]LogD3D11RHI: ~FD3D11DynamicRHI
[2018.12.05-05.52.41:576][806]LogModuleManager: Shutting down and abandoning module UE4Playground (622)
[2018.12.05-05.52.41:576][806]LogModuleManager: Shutting down and abandoning module MovieSceneCapture (621)
[2018.12.05-05.52.41:576][806]LogModuleManager: Shutting down and abandoning module Voice (619)
[2018.12.05-05.52.41:576][806]LogModuleManager: Shutting down and abandoning module HierarchicalLODUtilities (617)
[2018.12.05-05.52.41:576][806]LogModuleManager: Shutting down and abandoning module BlueprintGraph (615)
[2018.12.05-05.52.41:577][806]LogModuleManager: Shutting down and abandoning module HierarchicalLODOutliner (612)
[2018.12.05-05.52.41:577][806]LogModuleManager: Shutting down and abandoning module SceneOutliner (610)
[2018.12.05-05.52.41:577][806]LogModuleManager: Shutting down and abandoning module AddContentDialog (608)
[2018.12.05-05.52.41:577][806]LogModuleManager: Shutting down and abandoning module WidgetCarousel (607)
[2018.12.05-05.52.41:577][806]LogModuleManager: Shutting down and abandoning module EditorWidgets (604)
[2018.12.05-05.52.41:577][806]LogModuleManager: Shutting down and abandoning module CollectionManager (602)
[2018.12.05-05.52.41:577][806]LogModuleManager: Shutting down and abandoning module StatsViewer (600)
[2018.12.05-05.52.41:577][806]LogModuleManager: Shutting down and abandoning module FoliageEdit (598)
[2018.12.05-05.52.41:577][806]LogModuleManager: Shutting down and abandoning module LandscapeEditor (596)
[2018.12.05-05.52.41:578][806]LogModuleManager: Shutting down and abandoning module MeshPaintMode (594)
[2018.12.05-05.52.41:578][806]LogModuleManager: Shutting down and abandoning module SceneDepthPickerMode (592)
[2018.12.05-05.52.41:578][806]LogModuleManager: Shutting down and abandoning module ActorPickerMode (590)
[2018.12.05-05.52.41:578][806]LogModuleManager: Shutting down and abandoning module GeometryMode (588)
[2018.12.05-05.52.41:578][806]LogModuleManager: Shutting down and abandoning module TextureAlignMode (586)
[2018.12.05-05.52.41:578][806]LogModuleManager: Shutting down and abandoning module BspMode (584)
[2018.12.05-05.52.41:578][806]LogModuleManager: Shutting down and abandoning module PIEPreviewDeviceProfileSelector (582)
[2018.12.05-05.52.41:578][806]LogModuleManager: Shutting down and abandoning module SequenceRecorderSections (580)
[2018.12.05-05.52.41:578][806]LogModuleManager: Shutting down and abandoning module AutomationWorker (578)
[2018.12.05-05.52.41:578][806]LogModuleManager: Shutting down and abandoning module AudioCaptureEditor (576)
[2018.12.05-05.52.41:578][806]LogModuleManager: Shutting down and abandoning module SequenceRecorder (575)
[2018.12.05-05.52.41:578][806]LogModuleManager: Shutting down and abandoning module MatineeToLevelSequence (572)
[2018.12.05-05.52.41:578][806]LogModuleManager: Shutting down and abandoning module LevelSequenceEditor (570)
[2018.12.05-05.52.41:578][806]LogModuleManager: Shutting down and abandoning module PlacementMode (569)
[2018.12.05-05.52.41:578][806]LogModuleManager: Shutting down and abandoning module MaterialEditor (568)
[2018.12.05-05.52.41:578][806]LogModuleManager: Shutting down and abandoning module WmfMediaFactory (564)
[2018.12.05-05.52.41:578][806]LogModuleManager: Shutting down and abandoning module WmfMediaEditor (562)
[2018.12.05-05.52.41:578][806]LogModuleManager: Shutting down and abandoning module MediaPlayerEditor (560)
[2018.12.05-05.52.41:578][806]LogModuleManager: Shutting down and abandoning module OpenExrWrapper (558)
[2018.12.05-05.52.41:578][806]LogModuleManager: Shutting down and abandoning module ImgMediaFactory (556)
[2018.12.05-05.52.41:578][806]LogModuleManager: Shutting down and abandoning module ImgMediaEditor (554)
[2018.12.05-05.52.41:578][806]LogModuleManager: Shutting down and abandoning module AvfMediaFactory (552)
[2018.12.05-05.52.41:578][806]LogModuleManager: Shutting down and abandoning module AvfMediaEditor (550)
[2018.12.05-05.52.41:578][806]LogModuleManager: Shutting down and abandoning module AndroidMediaFactory (548)
[2018.12.05-05.52.41:579][806]LogModuleManager: Shutting down and abandoning module AndroidMediaEditor (546)
[2018.12.05-05.52.41:579][806]LogModuleManager: Shutting down and abandoning module MagicLeapCameraPreviewFactory (544)
[2018.12.05-05.52.41:579][806]LogModuleManager: Shutting down and abandoning module MagicLeapMediaFactory (542)
[2018.12.05-05.52.41:579][806]LogModuleManager: Shutting down and abandoning module MagicLeapMediaEditor (540)
[2018.12.05-05.52.41:579][806]LogModuleManager: Shutting down and abandoning module CharacterAI (538)
[2018.12.05-05.52.41:579][806]LogModuleManager: Shutting down and abandoning module SmartSnapping (536)
[2018.12.05-05.52.41:579][806]LogModuleManager: Shutting down and abandoning module SessionServices (534)
[2018.12.05-05.52.41:579][806]LogModuleManager: Shutting down and abandoning module ViewportSnapping (532)
[2018.12.05-05.52.41:579][806]LogModuleManager: Shutting down and abandoning module ViewportInteraction (530)
[2018.12.05-05.52.41:579][806]LogModuleManager: Shutting down and abandoning module ClothPainter (528)
[2018.12.05-05.52.41:579][806]LogModuleManager: Shutting down and abandoning module SkeletalMeshEditor (527)
[2018.12.05-05.52.41:579][806]LogModuleManager: Shutting down and abandoning module LogVisualizer (524)
[2018.12.05-05.52.41:579][806]LogModuleManager: Shutting down and abandoning module IntroTutorials (522)
[2018.12.05-05.52.41:579][806]LogModuleManager: Shutting down and abandoning module GameProjectGeneration (521)
[2018.12.05-05.52.41:579][806]LogModuleManager: Shutting down and abandoning module LuminPlatformEditor (518)
[2018.12.05-05.52.41:579][806]LogModuleManager: Shutting down and abandoning module IOSPlatformEditor (516)
[2018.12.05-05.52.41:579][806]LogModuleManager: Shutting down and abandoning module HTML5PlatformEditor (514)
[2018.12.05-05.52.41:579][806]LogModuleManager: Shutting down and abandoning module AndroidPlatformEditor (512)
[2018.12.05-05.52.41:579][806]LogModuleManager: Shutting down and abandoning module AndroidDeviceDetection (511)
[2018.12.05-05.52.42:555][806]LogModuleManager: Shutting down and abandoning module WindowsPlatformEditor (508)
[2018.12.05-05.52.42:555][806]LogModuleManager: Shutting down and abandoning module LuminRuntimeSettings (506)
[2018.12.05-05.52.42:555][806]LogModuleManager: Shutting down and abandoning module IOSRuntimeSettings (504)
[2018.12.05-05.52.42:555][806]LogModuleManager: Shutting down and abandoning module AndroidRuntimeSettings (502)
[2018.12.05-05.52.42:555][806]LogModuleManager: Shutting down and abandoning module InputBindingEditor (500)
[2018.12.05-05.52.42:556][806]LogModuleManager: Shutting down and abandoning module MergeActors (498)
[2018.12.05-05.52.42:556][806]LogModuleManager: Shutting down and abandoning module LocalizationDashboard (496)
[2018.12.05-05.52.42:556][806]LogModuleManager: Shutting down and abandoning module LocalizationService (495)
[2018.12.05-05.52.42:556][806]LogModuleManager: Shutting down and abandoning module HardwareTargeting (492)
[2018.12.05-05.52.42:556][806]LogModuleManager: Shutting down and abandoning module DeviceProfileEditor (490)
[2018.12.05-05.52.42:556][806]LogModuleManager: Shutting down and abandoning module UndoHistory (488)
[2018.12.05-05.52.42:556][806]LogModuleManager: Shutting down and abandoning module XmlParser (486)
[2018.12.05-05.52.42:556][806]LogModuleManager: Shutting down and abandoning module Blutility (484)
[2018.12.05-05.52.42:556][806]LogModuleManager: Shutting down and abandoning module ProjectSettingsViewer (482)
[2018.12.05-05.52.42:556][806]LogModuleManager: Shutting down and abandoning module ProjectTargetPlatformEditor (481)
[2018.12.05-05.52.42:556][806]LogModuleManager: Shutting down and abandoning module EditorSettingsViewer (478)
[2018.12.05-05.52.42:556][806]LogModuleManager: Shutting down and abandoning module SettingsEditor (476)
[2018.12.05-05.52.42:556][806]LogModuleManager: Shutting down and abandoning module ProjectLauncher (474)
[2018.12.05-05.52.42:556][806]LogModuleManager: Shutting down and abandoning module SessionFrontend (472)
[2018.12.05-05.52.42:556][806]LogModuleManager: Shutting down and abandoning module ProfilerClient (470)
[2018.12.05-05.52.42:556][806]LogModuleManager: Shutting down and abandoning module DeviceManager (468)
[2018.12.05-05.52.42:556][806]LogModuleManager: Shutting down and abandoning module TargetDeviceServices (467)
[2018.12.05-05.52.42:600][806]LogModuleManager: Shutting down and abandoning module AutomationController (464)
[2018.12.05-05.52.42:600][806]LogModuleManager: Shutting down and abandoning module AutomationWindow (462)
[2018.12.05-05.52.42:600][806]LogModuleManager: Shutting down and abandoning module Layers (460)
[2018.12.05-05.52.42:600][806]LogModuleManager: Shutting down and abandoning module ComponentVisualizers (458)
[2018.12.05-05.52.42:600][806]LogModuleManager: Shutting down and abandoning module DetailCustomizations (456)
[2018.12.05-05.52.42:600][806]LogModuleManager: Shutting down and abandoning module PackagesDialog (454)
[2018.12.05-05.52.42:600][806]LogModuleManager: Shutting down and abandoning module Persona (452)
[2018.12.05-05.52.42:600][806]LogModuleManager: Shutting down and abandoning module AdvancedPreviewScene (451)
[2018.12.05-05.52.42:600][806]LogModuleManager: Shutting down and abandoning module AnimGraph (449)
[2018.12.05-05.52.42:600][806]LogModuleManager: Shutting down and abandoning module Kismet (446)
[2018.12.05-05.52.42:614][806]LogModuleManager: Shutting down and abandoning module GraphEditor (444)
[2018.12.05-05.52.42:614][806]LogModuleManager: Shutting down and abandoning module ClassViewer (442)
[2018.12.05-05.52.42:614][806]LogModuleManager: Shutting down and abandoning module Toolbox (440)
[2018.12.05-05.52.42:614][806]LogModuleManager: Shutting down and abandoning module DesktopPlatform (439)
[2018.12.05-05.52.42:614][806]LogModuleManager: Shutting down and abandoning module ModuleUI (436)
[2018.12.05-05.52.42:614][806]LogModuleManager: Shutting down and abandoning module MovieSceneTools (434)
[2018.12.05-05.52.42:614][806]LogModuleManager: Shutting down and abandoning module OutputLog (432)
[2018.12.05-05.52.42:614][806]LogModuleManager: Shutting down and abandoning module GammaUI (430)
[2018.12.05-05.52.42:614][806]LogModuleManager: Shutting down and abandoning module Documentation (428)
[2018.12.05-05.52.42:614][806]LogModuleManager: Shutting down and abandoning module MovieSceneTracks (426)
[2018.12.05-05.52.42:614][806]LogModuleManager: Shutting down and abandoning module MovieScene (424)
[2018.12.05-05.52.42:614][806]LogModuleManager: Shutting down and abandoning module StreamingPauseRendering (422)
[2018.12.05-05.52.42:614][806]LogModuleManager: Shutting down and abandoning module LauncherPlatform (420)
[2018.12.05-05.52.42:614][806]LogModuleManager: Shutting down and abandoning module AnalyticsET (418)
[2018.12.05-05.52.42:614][806]LogModuleManager: Shutting down and abandoning module PortalServices (416)
[2018.12.05-05.52.42:614][806]LogModuleManager: Shutting down and abandoning module PortalRpc (414)
[2018.12.05-05.52.42:614][806]LogModuleManager: Shutting down and abandoning module MessagingRpc (412)
[2018.12.05-05.52.42:614][806]LogModuleManager: Shutting down and abandoning module AIModule (410)
[2018.12.05-05.52.42:615][806]LogModuleManager: Shutting down and abandoning module GameplayDebugger (409)
[2018.12.05-05.52.42:615][806]LogModuleManager: Shutting down and abandoning module AITestSuite (407)
[2018.12.05-05.52.42:615][806]LogModuleManager: Shutting down and abandoning module NavigationSystem (405)
[2018.12.05-05.52.42:615][806]LogModuleManager: Shutting down and abandoning module ProfilerService (402)
[2018.12.05-05.52.42:707][806]LogModuleManager: Shutting down and abandoning module TaskGraph (400)
[2018.12.05-05.52.42:707][806]LogModuleManager: Shutting down and abandoning module SteamVRController (398)
[2018.12.05-05.52.42:707][806]LogModuleManager: Shutting down and abandoning module ProceduralMeshComponentEditor (396)
[2018.12.05-05.52.42:707][806]LogModuleManager: Shutting down and abandoning module ProceduralMeshComponent (394)
[2018.12.05-05.52.42:707][806]LogModuleManager: Shutting down and abandoning module OculusInput (392)
[2018.12.05-05.52.42:707][806]LogModuleManager: Shutting down and abandoning module MobilePatchingUtils (390)
[2018.12.05-05.52.42:707][806]LogModuleManager: Shutting down and abandoning module EditableMesh (388)
[2018.12.05-05.52.42:708][806]LogModuleManager: Shutting down and abandoning module CustomMeshComponent (386)
[2018.12.05-05.52.42:708][806]LogModuleManager: Shutting down and abandoning module CableComponent (384)
[2018.12.05-05.52.42:708][806]LogModuleManager: Shutting down and abandoning module AudioCapture (382)
[2018.12.05-05.52.42:708][806]LogModuleManager: Shutting down and abandoning module ArchVisCharacter (380)
[2018.12.05-05.52.42:708][806]LogModuleManager: Shutting down and abandoning module AndroidPermission (378)
[2018.12.05-05.52.42:708][806]LogModuleManager: Shutting down and abandoning module NUTUnrealEngine4 (376)
[2018.12.05-05.52.42:708][806]LogModuleManager: Shutting down and abandoning module NetcodeUnitTest (374)
[2018.12.05-05.52.42:708][806]LogModuleManager: Shutting down and abandoning module MediaCompositingEditor (372)
[2018.12.05-05.52.42:708][806]LogModuleManager: Shutting down and abandoning module MediaCompositing (370)
[2018.12.05-05.52.42:708][806]LogModuleManager: Shutting down and abandoning module LinearTimecode (368)
[2018.12.05-05.52.42:708][806]LogModuleManager: Shutting down and abandoning module ImgMedia (366)
[2018.12.05-05.52.42:711][806]LogModuleManager: Shutting down and abandoning module HTML5Networking (364)
[2018.12.05-05.52.42:711][806]LogModuleManager: Shutting down and abandoning module GeometryCacheTracks (362)
[2018.12.05-05.52.42:711][806]LogModuleManager: Shutting down and abandoning module GeometryCacheSequencer (360)
[2018.12.05-05.52.42:712][806]LogModuleManager: Shutting down and abandoning module BackChannel (358)
[2018.12.05-05.52.42:712][806]LogModuleManager: Shutting down and abandoning module AppleVision (356)
[2018.12.05-05.52.42:712][806]LogModuleManager: Shutting down and abandoning module AppleImageUtils (354)
[2018.12.05-05.52.42:712][806]LogModuleManager: Shutting down and abandoning module AlembicImporter (352)
[2018.12.05-05.52.42:712][806]LogModuleManager: Shutting down and abandoning module AlembicLibrary (351)
[2018.12.05-05.52.42:712][806]LogModuleManager: Shutting down and abandoning module GeometryCache (350)
[2018.12.05-05.52.42:712][806]LogModuleManager: Shutting down and abandoning module GeometryCacheEd (349)
[2018.12.05-05.52.42:712][806]LogModuleManager: Shutting down and abandoning module DatasmithContentEditor (344)
[2018.12.05-05.52.42:712][806]LogModuleManager: Shutting down and abandoning module DatasmithContent (342)
[2018.12.05-05.52.42:713][806]LogModuleManager: Shutting down and abandoning module SpeedTreeImporter (340)
[2018.12.05-05.52.42:713][806]LogModuleManager: Shutting down and abandoning module PluginBrowser (338)
[2018.12.05-05.52.42:713][806]LogModuleManager: Shutting down and abandoning module MobileLauncherProfileWizard (336)
[2018.12.05-05.52.42:713][806]LogModuleManager: Shutting down and abandoning module PolygonModeling (334)
[2018.12.05-05.52.42:713][806]LogModuleManager: Shutting down and abandoning module MeshEditor (332)
[2018.12.05-05.52.42:713][806]LogModuleManager: Shutting down and abandoning module CryptoKeysOpenSSL (330)
[2018.12.05-05.52.42:713][806]LogModuleManager: Shutting down and abandoning module CryptoKeys (328)
[2018.12.05-05.52.42:713][806]LogModuleManager: Shutting down and abandoning module VisualStudioSourceCodeAccess (326)
[2018.12.05-05.52.42:713][806]LogModuleManager: Shutting down and abandoning module VisualStudioCodeSourceCodeAccess (324)
[2018.12.05-05.52.42:713][806]LogModuleManager: Shutting down and abandoning module UObjectPlugin (322)
[2018.12.05-05.52.42:713][806]LogModuleManager: Shutting down and abandoning module SubversionSourceControl (320)
[2018.12.05-05.52.42:713][806]LogModuleManager: Shutting down and abandoning module PerforceSourceControl (318)
[2018.12.05-05.52.42:713][806]LogModuleManager: Shutting down and abandoning module GitSourceControl (316)
[2018.12.05-05.52.42:713][806]LogModuleManager: Shutting down and abandoning module SourceControl (315)
[2018.12.05-05.52.42:713][806]LogModuleManager: Shutting down and abandoning module CLionSourceCodeAccess (312)
[2018.12.05-05.52.42:713][806]LogModuleManager: Shutting down and abandoning module LightPropagationVolumeEditor (310)
[2018.12.05-05.52.42:713][806]LogModuleManager: Shutting down and abandoning module PaperTiledImporter (308)
[2018.12.05-05.52.42:713][806]LogModuleManager: Shutting down and abandoning module PaperSpriteSheetImporter (306)
[2018.12.05-05.52.42:713][806]LogModuleManager: Shutting down and abandoning module Paper2DEditor (304)
[2018.12.05-05.52.42:713][806]LogModuleManager: Shutting down and abandoning module MeshPaint (303)
[2018.12.05-05.52.42:713][806]LogModuleManager: Shutting down and abandoning module RuntimePhysXCooking (298)
[2018.12.05-05.52.42:713][806]LogModuleManager: Shutting down and abandoning module PhysXVehiclesEditor (296)
[2018.12.05-05.52.42:713][806]LogModuleManager: Shutting down and abandoning module PhysXVehicles (294)
[2018.12.05-05.52.42:714][806]LogModuleManager: Shutting down and abandoning module OculusEditor (292)
[2018.12.05-05.52.42:714][806]LogModuleManager: Shutting down and abandoning module LocationServicesBPLibrary (290)
[2018.12.05-05.52.42:714][806]LogModuleManager: Shutting down and abandoning module ImmediatePhysicsEditor (288)
[2018.12.05-05.52.42:714][806]LogModuleManager: Shutting down and abandoning module ImmediatePhysics (286)
[2018.12.05-05.52.42:714][806]LogModuleManager: Shutting down and abandoning module ActorSequence (284)
[2018.12.05-05.52.42:714][806]LogModuleManager: Shutting down and abandoning module UdpMessaging (282)
[2018.12.05-05.52.42:815][806]LogModuleManager: Shutting down and abandoning module TcpMessaging (280)
[2018.12.05-05.52.42:916][806]LogModuleManager: Shutting down and abandoning module MagicLeapAudio (278)
[2018.12.05-05.52.42:916][806]LogModuleManager: Shutting down and abandoning module GameplayTagsEditor (276)
[2018.12.05-05.52.42:916][806]LogModuleManager: Shutting down and abandoning module FacialAnimationEditor (274)
[2018.12.05-05.52.42:916][806]LogModuleManager: Shutting down and abandoning module FacialAnimation (272)
[2018.12.05-05.52.42:916][806]LogModuleManager: Shutting down and abandoning module DataValidation (270)
[2018.12.05-05.52.42:916][806]LogModuleManager: Shutting down and abandoning module AssetManagerEditor (268)
[2018.12.05-05.52.42:916][806]LogModuleManager: Shutting down and abandoning module LevelEditor (267)
[2018.12.05-05.52.42:917][806]LogModuleManager: Shutting down and abandoning module PixelInspectorModule (266)
[2018.12.05-05.52.42:917][806]LogModuleManager: Shutting down and abandoning module CommonMenuExtensions (264)
[2018.12.05-05.52.42:917][806]LogModuleManager: Shutting down and abandoning module MainFrame (262)
[2018.12.05-05.52.42:917][806]LogModuleManager: Shutting down and abandoning module HotReload (261)
[2018.12.05-05.52.42:918][806]LogModuleManager: Shutting down and abandoning module ContentBrowser (257)
[2018.12.05-05.52.42:920][806]LogModuleManager: Shutting down and abandoning module TreeMap (255)
[2018.12.05-05.52.42:920][806]LogModuleManager: Shutting down and abandoning module LightPropagationVolumeRuntime (252)
[2018.12.05-05.52.42:920][806]LogModuleManager: Shutting down and abandoning module AISupportModule (250)
[2018.12.05-05.52.42:920][806]LogModuleManager: Shutting down and abandoning module Paper2D (248)
[2018.12.05-05.52.42:920][806]LogModuleManager: Shutting down and abandoning module WindowsMoviePlayer (246)
[2018.12.05-05.52.42:920][806]LogModuleManager: Shutting down and abandoning module WmfMedia (244)
[2018.12.05-05.52.42:921][806]LogModuleManager: Shutting down and abandoning module Media (243)
[2018.12.05-05.52.42:927][806]LogModuleManager: Shutting down and abandoning module PacketHandler (240)
[2018.12.05-05.52.42:927][806]LogModuleManager: Shutting down and abandoning module ClothingSystemEditor (238)
[2018.12.05-05.52.42:927][806]LogModuleManager: Shutting down and abandoning module ClothingSystemRuntime (236)
[2018.12.05-05.52.42:927][806]LogModuleManager: Shutting down and abandoning module MediaAssets (234)
[2018.12.05-05.52.42:927][806]LogModuleManager: Shutting down and abandoning module Overlay (232)
[2018.12.05-05.52.42:927][806]LogModuleManager: Shutting down and abandoning module OverlayEditor (231)
[2018.12.05-05.52.42:927][806]LogModuleManager: Shutting down and abandoning module VREditor (228)
[2018.12.05-05.52.42:927][806]LogModuleManager: Shutting down and abandoning module StringTableEditor (226)
[2018.12.05-05.52.42:927][806]LogModuleManager: Shutting down and abandoning module GameplayTasksEditor (224)
[2018.12.05-05.52.42:928][806]LogModuleManager: Shutting down and abandoning module BehaviorTreeEditor (222)
[2018.12.05-05.52.42:928][806]LogModuleManager: Shutting down and abandoning module FunctionalTesting (220)
[2018.12.05-05.52.42:928][806]LogModuleManager: Shutting down and abandoning module CollisionAnalyzer (218)
[2018.12.05-05.52.42:928][806]LogModuleManager: Shutting down and abandoning module WorkspaceMenuStructure (217)
[2018.12.05-05.52.42:928][806]LogModuleManager: Shutting down and abandoning module UMG (214)
[2018.12.05-05.52.42:928][806]LogModuleManager: Shutting down and abandoning module UMGEditor (213)
[2018.12.05-05.52.42:928][806]LogModuleManager: Shutting down and abandoning module Sequencer (212)
[2018.12.05-05.52.42:928][806]LogModuleManager: Shutting down and abandoning module MessageLog (209)
[2018.12.05-05.52.42:928][806]LogModuleManager: Shutting down and abandoning module SlateReflector (204)
[2018.12.05-05.52.42:928][806]LogModuleManager: Shutting down and abandoning module Slate (202)
[2018.12.05-05.52.42:928][806]LogModuleManager: Shutting down and abandoning module EditorStyle (200)
[2018.12.05-05.52.42:931][806]LogModuleManager: Shutting down and abandoning module MRMesh (198)
[2018.12.05-05.52.42:931][806]LogModuleManager: Shutting down and abandoning module SourceCodeAccess (196)
[2018.12.05-05.52.42:931][806]LogModuleManager: Shutting down and abandoning module HeadMountedDisplay (194)
[2018.12.05-05.52.42:931][806]LogModuleManager: Shutting down and abandoning module XAudio2 (192)
[2018.12.05-05.52.42:931][806]LogModuleManager: Shutting down and abandoning module Networking (190)
[2018.12.05-05.52.42:931][806]LogModuleManager: Shutting down and abandoning module Core (188)
[2018.12.05-05.52.42:931][806]LogModuleManager: Shutting down and abandoning module LevelSequence (186)
[2018.12.05-05.52.42:931][806]LogModuleManager: Shutting down and abandoning module KismetCompiler (184)
[2018.12.05-05.52.42:931][806]LogModuleManager: Shutting down and abandoning module MeshUtilities (182)
[2018.12.05-05.52.42:931][806]LogModuleManager: Shutting down and abandoning module MeshMergeUtilities (181)
[2018.12.05-05.52.42:931][806]LogModuleManager: Shutting down and abandoning module MeshReductionInterface (180)
[2018.12.05-05.52.42:931][806]LogModuleManager: Shutting down and abandoning module SimplygonSwarm (179)
[2018.12.05-05.52.42:931][806]LogModuleManager: Shutting down and abandoning module ProxyLODMeshReduction (177)
[2018.12.05-05.52.42:931][806]LogModuleManager: Shutting down and abandoning module SimplygonMeshReduction (175)
[2018.12.05-05.52.42:931][806]LogModuleManager: Shutting down and abandoning module QuadricMeshReduction (173)
[2018.12.05-05.52.42:931][806]LogModuleManager: Shutting down and abandoning module MaterialBaking (169)
[2018.12.05-05.52.42:932][806]LogModuleManager: Shutting down and abandoning module DirectoryWatcher (165)
[2018.12.05-05.52.42:932][806]LogModuleManager: Shutting down and abandoning module DerivedDataCache (162)
[2018.12.05-05.52.43:029][806]LogDerivedDataCache: Shutdown
[2018.12.05-05.52.43:029][806]LogModuleManager: Shutting down and abandoning module XGEController (160)
[2018.12.05-05.52.43:029][806]LogXGEController: Cleaning working directory: C:/Users/Peter/AppData/Local/Temp/UnrealXGEWorkingDir/
[2018.12.05-05.52.43:030][806]LogModuleManager: Shutting down and abandoning module TargetPlatform (158)
[2018.12.05-05.52.43:030][806]LogModuleManager: Shutting down and abandoning module VulkanShaderFormat (157)
[2018.12.05-05.52.43:030][806]LogModuleManager: Shutting down and abandoning module ShaderFormatVectorVM (155)
[2018.12.05-05.52.43:030][806]LogModuleManager: Shutting down and abandoning module ShaderFormatOpenGL (153)
[2018.12.05-05.52.43:030][806]LogModuleManager: Shutting down and abandoning module ShaderFormatD3D (151)
[2018.12.05-05.52.43:030][806]LogModuleManager: Shutting down and abandoning module MetalShaderFormat (149)
[2018.12.05-05.52.43:030][806]LogModuleManager: Shutting down and abandoning module TextureFormatUncompressed (147)
[2018.12.05-05.52.43:030][806]LogModuleManager: Shutting down and abandoning module TextureFormatPVR (145)
[2018.12.05-05.52.43:030][806]LogModuleManager: Shutting down and abandoning module TextureFormatDXT (143)
[2018.12.05-05.52.43:030][806]LogModuleManager: Shutting down and abandoning module TextureFormatIntelISPCTexComp (141)
[2018.12.05-05.52.43:030][806]LogModuleManager: Shutting down and abandoning module TextureFormatASTC (139)
[2018.12.05-05.52.43:030][806]LogModuleManager: Shutting down and abandoning module ImageWrapper (138)
[2018.12.05-05.52.43:030][806]LogModuleManager: Shutting down and abandoning module TextureFormatAndroid (135)
[2018.12.05-05.52.43:030][806]LogModuleManager: Shutting down and abandoning module AudioFormatOpus (133)
[2018.12.05-05.52.43:030][806]LogModuleManager: Shutting down and abandoning module AudioFormatOgg (131)
[2018.12.05-05.52.43:030][806]LogModuleManager: Shutting down and abandoning module AudioFormatADPCM (129)
[2018.12.05-05.52.43:030][806]LogModuleManager: Shutting down and abandoning module LuminTargetPlatform (127)
[2018.12.05-05.52.43:030][806]LogModuleManager: Shutting down and abandoning module LinuxTargetPlatform (125)
[2018.12.05-05.52.43:030][806]LogModuleManager: Shutting down and abandoning module LinuxServerTargetPlatform (123)
[2018.12.05-05.52.43:030][806]LogModuleManager: Shutting down and abandoning module LinuxNoEditorTargetPlatform (121)
[2018.12.05-05.52.43:030][806]LogModuleManager: Shutting down and abandoning module LinuxClientTargetPlatform (119)
[2018.12.05-05.52.43:030][806]LogModuleManager: Shutting down and abandoning module TVOSTargetPlatform (117)
[2018.12.05-05.52.43:031][806]LogModuleManager: Shutting down and abandoning module Messaging (115)
[2018.12.05-05.52.43:031][806]LogModuleManager: Shutting down and abandoning module IOSTargetPlatform (113)
[2018.12.05-05.52.43:032][806]LogModuleManager: Shutting down and abandoning module HTML5TargetPlatform (111)
[2018.12.05-05.52.43:032][806]LogModuleManager: Shutting down and abandoning module AndroidTargetPlatform (109)
[2018.12.05-05.52.43:043][806]LogModuleManager: Shutting down and abandoning module WindowsTargetPlatform (107)
[2018.12.05-05.52.43:043][806]LogModuleManager: Shutting down and abandoning module WindowsServerTargetPlatform (105)
[2018.12.05-05.52.43:043][806]LogModuleManager: Shutting down and abandoning module WindowsNoEditorTargetPlatform (103)
[2018.12.05-05.52.43:043][806]LogModuleManager: Shutting down and abandoning module WindowsClientTargetPlatform (101)
[2018.12.05-05.52.43:043][806]LogModuleManager: Shutting down and abandoning module MacTargetPlatform (99)
[2018.12.05-05.52.43:043][806]LogModuleManager: Shutting down and abandoning module MacServerTargetPlatform (97)
[2018.12.05-05.52.43:043][806]LogModuleManager: Shutting down and abandoning module MacNoEditorTargetPlatform (95)
[2018.12.05-05.52.43:043][806]LogModuleManager: Shutting down and abandoning module MacClientTargetPlatform (93)
[2018.12.05-05.52.43:043][806]LogModuleManager: Shutting down and abandoning module AllDesktopTargetPlatform (91)
[2018.12.05-05.52.43:043][806]LogModuleManager: Shutting down and abandoning module InputCore (88)
[2018.12.05-05.52.43:043][806]LogModuleManager: Shutting down and abandoning module Settings (86)
[2018.12.05-05.52.43:043][806]LogModuleManager: Shutting down and abandoning module PhysXCooking (84)
[2018.12.05-05.52.43:043][806]LogModuleManager: Shutting down and abandoning module SteamVR (82)
[2018.12.05-05.52.43:043][806]LogModuleManager: Shutting down and abandoning module OculusHMD (80)
[2018.12.05-05.52.43:044][806]LogModuleManager: Shutting down and abandoning module ExampleDeviceProfileSelector (78)
[2018.12.05-05.52.43:044][806]LogModuleManager: Shutting down and abandoning module LauncherChunkInstaller (76)
[2018.12.05-05.52.43:044][806]LogModuleManager: Shutting down and abandoning module OnlineBlueprintSupport (74)
[2018.12.05-05.52.43:044][806]LogModuleManager: Shutting down and abandoning module OnlineSubsystem (70)
[2018.12.05-05.52.43:044][806]LogModuleManager: Shutting down and abandoning module XMPP (65)
[2018.12.05-05.52.43:044][806]LogModuleManager: Shutting down and abandoning module WebSockets (64)
[2018.12.05-05.52.43:070][806]LogModuleManager: Shutting down and abandoning module HTTP (61)
[2018.12.05-05.52.43:070][806]LogHttp: Display: Http module shutting down, but needs to wait on 1 outstanding Http requests:
[2018.12.05-05.52.43:070][806]LogHttp: Display: 	verb=[POST] url=[https://datarouter.ol.epicgames.com/datarouter/api/v1/public/data?SessionID=%7BE9C10132-455B-646F-253B-DDA00BA4215F%7D&AppID=UEEditor.Rocket.Release&AppVersion=4.20.3-4369336%2B%2B%2BUE4%2BRelease-4.20&UserID=15b52cc9472a2ea98d32dc90de97a0b4%7Ca6bb9a295af146eeb619cdf8ccea1563%7C1f176c5f-cff4-4457-b55a-dac67387f93b&AppEnvironment=datacollector-binary&UploadType=eteventstream] status=Processing
[2018.12.05-05.52.43:093][806]LogModuleManager: Shutting down and abandoning module SSL (60)
[2018.12.05-05.52.43:096][806]LogModuleManager: Shutting down and abandoning module MagicLeapEmulator (56)
[2018.12.05-05.52.43:096][806]LogModuleManager: Shutting down and abandoning module MagicLeapPrivileges (54)
[2018.12.05-05.52.43:096][806]LogModuleManager: Shutting down and abandoning module MagicLeapIdentity (52)
[2018.12.05-05.52.43:096][806]LogModuleManager: Shutting down and abandoning module MagicLeapHelperVulkan (50)
[2018.12.05-05.52.43:096][806]LogModuleManager: Shutting down and abandoning module MagicLeapHelperOpenGL (48)
[2018.12.05-05.52.43:096][806]LogModuleManager: Shutting down and abandoning module MagicLeapSecureStorage (46)
[2018.12.05-05.52.43:096][806]LogModuleManager: Shutting down and abandoning module MagicLeapGestures (44)
[2018.12.05-05.52.43:096][806]LogModuleManager: Shutting down and abandoning module MagicLeapEyeTracker (42)
[2018.12.05-05.52.43:096][806]LogModuleManager: Shutting down and abandoning module MagicLeapController (40)
[2018.12.05-05.52.43:096][806]LogSlate: Slate User Destroyed.  User Index 0, Is Virtual User: 0
[2018.12.05-05.52.43:096][806]LogModuleManager: Shutting down and abandoning module MagicLeap (38)
[2018.12.05-05.52.43:097][806]LogModuleManager: Shutting down and abandoning module AnimationModifiers (36)
[2018.12.05-05.52.43:097][806]LogModuleManager: Shutting down and abandoning module PropertyEditor (35)
[2018.12.05-05.52.43:097][806]LogModuleManager: Shutting down and abandoning module AudioEditor (32)
[2018.12.05-05.52.43:097][806]LogModuleManager: Shutting down and abandoning module TextureCompressor (30)
[2018.12.05-05.52.43:097][806]LogModuleManager: Shutting down and abandoning module ShaderCore (28)
[2018.12.05-05.52.43:097][806]LogModuleManager: Shutting down and abandoning module Landscape (26)
[2018.12.05-05.52.43:097][806]LogModuleManager: Shutting down and abandoning module SlateRHIRenderer (24)
[2018.12.05-05.52.43:098][806]LogModuleManager: Shutting down and abandoning module OpenGLDrv (22)
[2018.12.05-05.52.43:098][806]LogModuleManager: Shutting down and abandoning module D3D11RHI (20)
[2018.12.05-05.52.43:098][806]LogModuleManager: Shutting down and abandoning module AnimGraphRuntime (18)
[2018.12.05-05.52.43:098][806]LogModuleManager: Shutting down and abandoning module Renderer (16)
[2018.12.05-05.52.43:098][806]LogModuleManager: Shutting down and abandoning module Engine (14)
[2018.12.05-05.52.43:098][806]LogModuleManager: Shutting down and abandoning module CoreUObject (12)
[2018.12.05-05.52.43:098][806]LogModuleManager: Shutting down and abandoning module NetworkFile (10)
[2018.12.05-05.52.43:098][806]LogModuleManager: Shutting down and abandoning module CookedIterativeFile (8)
[2018.12.05-05.52.43:098][806]LogModuleManager: Shutting down and abandoning module StreamingFile (6)
[2018.12.05-05.52.43:098][806]LogModuleManager: Shutting down and abandoning module SandboxFile (4)
[2018.12.05-05.52.43:098][806]LogModuleManager: Shutting down and abandoning module PakFile (2)
[2018.12.05-05.52.43:102][806]LogExit: Exiting.
[2018.12.05-05.52.43:134][806]Log file closed, 12/04/18 23:52:43
